[0.065s] Invoking command in '/home/joonmo/ws_moveit/build/moveit_task_constructor_visualization': AMENT_PREFIX_PATH=/home/joonmo/ws_moveit/install/moveit_task_constructor_core:/home/joonmo/ws_moveit/install/moveit_planners:/home/joonmo/ws_moveit/install/pilz_industrial_motion_planner:/home/joonmo/ws_moveit/install/moveit_ros_visualization:/home/joonmo/ws_moveit/install/moveit_resources_prbt_pg70_support:/home/joonmo/ws_moveit/install/moveit_ros_planning_interface:/home/joonmo/ws_moveit/install/moveit_resources_prbt_moveit_config:/home/joonmo/ws_moveit/install/moveit_ros_move_group:/home/joonmo/ws_moveit/install/moveit_ros_warehouse:/home/joonmo/ws_moveit/install/moveit_ros_robot_interaction:/home/joonmo/ws_moveit/install/moveit_planners_ompl:/home/joonmo/ws_moveit/install/moveit_kinematics:/home/joonmo/ws_moveit/install/moveit_ros_planning:/home/joonmo/ws_moveit/install/moveit_planners_chomp:/home/joonmo/ws_moveit/install/pilz_industrial_motion_planner_testutils:/home/joonmo/ws_moveit/install/moveit_simple_controller_manager:/home/joonmo/ws_moveit/install/moveit_ros_occupancy_map_monitor:/home/joonmo/ws_moveit/install/moveit_resources_prbt_ikfast_manipulator_plugin:/home/joonmo/ws_moveit/install/chomp_motion_planner:/home/joonmo/ws_moveit/install/moveit_core:/home/joonmo/ws_moveit/install/rviz_marker_tools:/home/joonmo/ws_moveit/install/moveit_resources_panda_moveit_config:/home/joonmo/ws_moveit/install/moveit_resources_fanuc_moveit_config:/home/joonmo/ws_moveit/install/moveit_configs_utils:/home/joonmo/ws_moveit/install/srdfdom:/home/joonmo/ws_moveit/install/moveit_task_constructor_msgs:/home/joonmo/ws_moveit/install/moveit_resources_prbt_support:/home/joonmo/ws_moveit/install/moveit_resources_pr2_description:/home/joonmo/ws_moveit/install/moveit_resources_panda_description:/home/joonmo/ws_moveit/install/moveit_resources_fanuc_description:/home/joonmo/ws_moveit/install/moveit_common:/home/joonmo/ws_moveit/install/launch_param_builder:${AMENT_PREFIX_PATH} CMAKE_MODULE_PATH=/home/joonmo/ws_moveit/install/moveit_task_constructor_core/share/moveit_task_constructor_core/cmake CMAKE_PREFIX_PATH=/home/joonmo/ws_moveit/install/moveit_task_constructor_core:/home/joonmo/ws_moveit/install/moveit_planners:/home/joonmo/ws_moveit/install/pilz_industrial_motion_planner:/home/joonmo/ws_moveit/install/moveit_ros_visualization:/home/joonmo/ws_moveit/install/moveit_resources_prbt_pg70_support:/home/joonmo/ws_moveit/install/moveit_ros_planning_interface:/home/joonmo/ws_moveit/install/moveit_resources_prbt_moveit_config:/home/joonmo/ws_moveit/install/moveit_ros_move_group:/home/joonmo/ws_moveit/install/moveit_ros_warehouse:/home/joonmo/ws_moveit/install/moveit_ros_robot_interaction:/home/joonmo/ws_moveit/install/moveit_planners_ompl:/home/joonmo/ws_moveit/install/moveit_kinematics:/home/joonmo/ws_moveit/install/moveit_ros_planning:/home/joonmo/ws_moveit/install/moveit_planners_chomp:/home/joonmo/ws_moveit/install/pilz_industrial_motion_planner_testutils:/home/joonmo/ws_moveit/install/moveit_simple_controller_manager:/home/joonmo/ws_moveit/install/moveit_ros_occupancy_map_monitor:/home/joonmo/ws_moveit/install/moveit_resources_prbt_ikfast_manipulator_plugin:/home/joonmo/ws_moveit/install/chomp_motion_planner:/home/joonmo/ws_moveit/install/moveit_core:/home/joonmo/ws_moveit/install/rviz_marker_tools:/home/joonmo/ws_moveit/install/moveit_resources_panda_moveit_config:/home/joonmo/ws_moveit/install/moveit_resources_fanuc_moveit_config:/home/joonmo/ws_moveit/install/srdfdom:/home/joonmo/ws_moveit/install/moveit_task_constructor_msgs:/home/joonmo/ws_moveit/install/moveit_resources_prbt_support:/home/joonmo/ws_moveit/install/moveit_resources_pr2_description:/home/joonmo/ws_moveit/install/moveit_resources_panda_description:/home/joonmo/ws_moveit/install/moveit_resources_fanuc_description:/home/joonmo/ws_moveit/install/moveit_common:/opt/ros/humble LD_LIBRARY_PATH=/home/joonmo/ws_moveit/install/moveit_task_constructor_core/lib:/home/joonmo/ws_moveit/install/pilz_industrial_motion_planner/lib:/home/joonmo/ws_moveit/install/moveit_ros_visualization/lib:/home/joonmo/ws_moveit/install/moveit_ros_planning_interface/lib:/home/joonmo/ws_moveit/install/moveit_ros_move_group/lib:/home/joonmo/ws_moveit/install/moveit_ros_warehouse/lib:/home/joonmo/ws_moveit/install/moveit_ros_robot_interaction/lib:/home/joonmo/ws_moveit/install/moveit_planners_ompl/lib:/home/joonmo/ws_moveit/install/moveit_kinematics/lib:/home/joonmo/ws_moveit/install/moveit_ros_planning/lib:/home/joonmo/ws_moveit/install/moveit_planners_chomp/lib:/home/joonmo/ws_moveit/install/pilz_industrial_motion_planner_testutils/lib:/home/joonmo/ws_moveit/install/moveit_simple_controller_manager/lib:/home/joonmo/ws_moveit/install/moveit_ros_occupancy_map_monitor/lib:/home/joonmo/ws_moveit/install/moveit_resources_prbt_ikfast_manipulator_plugin/lib:/home/joonmo/ws_moveit/install/chomp_motion_planner/lib:/home/joonmo/ws_moveit/install/moveit_core/lib:/home/joonmo/ws_moveit/install/rviz_marker_tools/lib:/home/joonmo/ws_moveit/install/srdfdom/lib:/home/joonmo/ws_moveit/install/moveit_task_constructor_msgs/lib:${LD_LIBRARY_PATH} PATH=/home/joonmo/ws_moveit/install/moveit_core/bin:${PATH} PYTHONPATH=/home/joonmo/ws_moveit/install/moveit_task_constructor_core/local/lib/python3.10/dist-packages:/home/joonmo/ws_moveit/install/moveit_configs_utils/lib/python3.10/site-packages:/home/joonmo/ws_moveit/install/srdfdom/local/lib/python3.10/dist-packages:/home/joonmo/ws_moveit/install/moveit_task_constructor_msgs/local/lib/python3.10/dist-packages:/home/joonmo/ws_moveit/install/launch_param_builder/lib/python3.10/site-packages:${PYTHONPATH} /usr/bin/cmake /home/joonmo/ws_moveit/src/moveit_task_constructor/visualization -DCMAKE_BUILD_TYPE=Release -DCMAKE_INSTALL_PREFIX=/home/joonmo/ws_moveit/install/moveit_task_constructor_visualization
[0.134s] -- The C compiler identification is GNU 11.4.0
[0.204s] -- The CXX compiler identification is GNU 11.4.0
[0.213s] -- Detecting C compiler ABI info
[0.296s] -- Detecting C compiler ABI info - done
[0.311s] -- Check for working C compiler: /usr/bin/cc - skipped
[0.311s] -- Detecting C compile features
[0.312s] -- Detecting C compile features - done
[0.315s] -- Detecting CXX compiler ABI info
[0.416s] -- Detecting CXX compiler ABI info - done
[0.424s] -- Check for working CXX compiler: /usr/bin/c++ - skipped
[0.425s] -- Detecting CXX compile features
[0.425s] -- Detecting CXX compile features - done
[0.430s] -- Found ament_cmake: 1.3.11 (/opt/ros/humble/share/ament_cmake/cmake)
[0.631s] -- Found Python3: /usr/bin/python3 (found version "3.10.12") found components: Interpreter 
[0.783s] -- Found Boost: /usr/lib/x86_64-linux-gnu/cmake/Boost-1.74.0/BoostConfig.cmake (found version "1.74.0")  
[0.787s] -- Found moveit_common: 2.5.7 (/home/joonmo/ws_moveit/install/moveit_common/share/moveit_common/cmake)
[0.873s] -- Found moveit_core: 2.5.7 (/home/joonmo/ws_moveit/install/moveit_core/share/moveit_core/cmake)
[1.185s] -- Found Boost: /usr/lib/x86_64-linux-gnu/cmake/Boost-1.74.0/BoostConfig.cmake (found version "1.74.0") found components: chrono date_time filesystem iostreams program_options regex serialization system thread 
[1.259s] -- Found parameter_traits: 0.4.0 (/opt/ros/humble/share/parameter_traits/cmake)
[1.322s] -- Found rosidl_generator_c: 3.1.6 (/opt/ros/humble/share/rosidl_generator_c/cmake)
[1.331s] -- Found rosidl_adapter: 3.1.6 (/opt/ros/humble/share/rosidl_adapter/cmake)
[1.344s] -- Found rosidl_generator_cpp: 3.1.6 (/opt/ros/humble/share/rosidl_generator_cpp/cmake)
[1.362s] -- Using all available rosidl_typesupport_c: rosidl_typesupport_fastrtps_c;rosidl_typesupport_introspection_c
[1.386s] -- Using all available rosidl_typesupport_cpp: rosidl_typesupport_fastrtps_cpp;rosidl_typesupport_introspection_cpp
[1.453s] -- Found rmw_implementation_cmake: 6.1.2 (/opt/ros/humble/share/rmw_implementation_cmake/cmake)
[1.459s] -- Found rmw_fastrtps_cpp: 6.2.7 (/opt/ros/humble/share/rmw_fastrtps_cpp/cmake)
[1.576s] -- Found OpenSSL: /usr/lib/x86_64-linux-gnu/libcrypto.so (found version "3.0.2")  
[1.615s] -- Found FastRTPS: /opt/ros/humble/include  
[1.662s] -- Using RMW implementation 'rmw_fastrtps_cpp' as default
[1.676s] -- Found Threads: TRUE  
[1.745s] -- Found Eigen3: TRUE (found version "3.4.0") 
[1.750s] -- Found rclcpp_lifecycle: 16.0.11 (/opt/ros/humble/share/rclcpp_lifecycle/cmake)
[1.780s] -- Found Boost: /usr/lib/x86_64-linux-gnu/cmake/Boost-1.74.0/BoostConfig.cmake (found version "1.74.0") found components: filesystem 
[1.916s] -- library: /usr/lib/x86_64-linux-gnu/libcurl.so
[1.998s] -- Ensuring Eigen3 include directory is part of orocos-kdl CMake target
[2.288s] -- Found moveit_ros_visualization: 2.5.7 (/home/joonmo/ws_moveit/install/moveit_ros_visualization/share/moveit_ros_visualization/cmake)
[2.293s] -- Found Boost: /usr/lib/x86_64-linux-gnu/cmake/Boost-1.74.0/BoostConfig.cmake (found version "1.74.0") found components: thread date_time system filesystem 
[2.309s] -- Found Boost: /usr/lib/x86_64-linux-gnu/cmake/Boost-1.74.0/BoostConfig.cmake (found version "1.74.0") found components: system filesystem date_time program_options thread chrono 
[2.342s] -- Found Boost: /usr/lib/x86_64-linux-gnu/cmake/Boost-1.74.0/BoostConfig.cmake (found version "1.74.0") found components: date_time filesystem program_options system thread 
[2.357s] -- Found Boost: /usr/lib/x86_64-linux-gnu/cmake/Boost-1.74.0/BoostConfig.cmake (found version "1.74.0") found components: thread system filesystem regex date_time program_options 
[2.382s] -- Found Boost: /usr/lib/x86_64-linux-gnu/cmake/Boost-1.74.0/BoostConfig.cmake (found version "1.74.0") found components: system filesystem date_time program_options thread 
[2.450s] -- Setting OGRE_DIR to: '/opt/ros/humble/share/rviz_ogre_vendor/cmake/../../../opt/rviz_ogre_vendor/lib/OGRE/cmake'
[2.451s] -- Found OGRE
[2.451s] --   static     : OFF
[2.451s] --   components : HLMS;MeshLodGenerator;Overlay;Paging;Property;RTShaderSystem;Terrain;Volume
[2.451s] --   plugins    : Plugin_BSPSceneManager;Plugin_OctreeSceneManager;Plugin_PCZSceneManager;Plugin_ParticleFX;RenderSystem_GL;RenderSystem_GL3Plus;Codec_STBI
[2.451s] --   media      : /opt/ros/humble/opt/rviz_ogre_vendor/share/OGRE/Media
[2.452s] -- OGRE_LIBRARIES: OgreHLMS;OgreMeshLodGenerator;OgreOverlay;OgrePaging;OgreProperty;OgreRTShaderSystem;OgreTerrain;OgreVolume;OgreMain
[2.452s] -- OGRE_LIBRARY_DIRS: /opt/ros/humble/opt/rviz_ogre_vendor/lib
[2.452s] -- OGRE_PLUGINS: Plugin_BSPSceneManager;Plugin_OctreeSceneManager;Plugin_PCZSceneManager;Plugin_ParticleFX;RenderSystem_GL;RenderSystem_GL3Plus;Codec_STBI
[2.452s] -- OGRE_PLUGIN_DIR: /opt/ros/humble/opt/rviz_ogre_vendor/lib/OGRE
[2.452s] -- rviz_ogre_vendor::OgreOverlay for IMPORTED_LOCATION_RELEASE: /opt/ros/humble/opt/rviz_ogre_vendor/lib/libOgreOverlay.so
[2.452s] -- rviz_ogre_vendor::OgreOverlay for IMPORTED_LOCATION_DEBUG: /opt/ros/humble/opt/rviz_ogre_vendor/lib/libOgreOverlay.so
[2.452s] -- rviz_ogre_vendor::OgreMain for IMPORTED_LOCATION_RELEASE: /opt/ros/humble/opt/rviz_ogre_vendor/lib/libOgreMain.so
[2.452s] -- rviz_ogre_vendor::OgreMain for IMPORTED_LOCATION_DEBUG: /opt/ros/humble/opt/rviz_ogre_vendor/lib/libOgreMain.so
[2.453s] -- Could not find freeimage library
[2.474s] -- Found ZLIB: /usr/lib/x86_64-linux-gnu/libz.so (found version "1.2.11") 
[2.481s] -- Found OpenGL: /usr/lib/x86_64-linux-gnu/libOpenGL.so   
[2.597s] -- Found X11: /usr/include   
[2.598s] -- Looking for XOpenDisplay in /usr/lib/x86_64-linux-gnu/libX11.so;/usr/lib/x86_64-linux-gnu/libXext.so
[2.713s] -- Looking for XOpenDisplay in /usr/lib/x86_64-linux-gnu/libX11.so;/usr/lib/x86_64-linux-gnu/libXext.so - found
[2.713s] -- Looking for gethostbyname
[2.823s] -- Looking for gethostbyname - found
[2.823s] -- Looking for connect
[2.934s] -- Looking for connect - found
[2.934s] -- Looking for remove
[3.050s] -- Looking for remove - found
[3.050s] -- Looking for shmat
[3.163s] -- Looking for shmat - found
[3.163s] -- Looking for IceConnectionNumber in ICE
[3.276s] -- Looking for IceConnectionNumber in ICE - found
[3.306s] -- Setting assimp_DIR to: '/opt/ros/humble/share/rviz_assimp_vendor/cmake/../../../opt/rviz_assimp_vendor/lib/cmake/assimp-4.1'
[3.412s] -- Found moveit_task_constructor_core: 0.1.3 (/home/joonmo/ws_moveit/install/moveit_task_constructor_core/share/moveit_task_constructor_core/cmake)
[3.505s] -- Found PkgConfig: /usr/bin/pkg-config (found version "0.29.2") 
[3.506s] -- Checking for module 'yaml-0.1'
[3.526s] --   Found yaml-0.1, version 0.2.2
[3.587s] -- Found ament_cmake_gtest: 1.3.11 (/opt/ros/humble/share/ament_cmake_gtest/cmake)
[3.591s] -- Found ament_cmake_gmock: 1.3.11 (/opt/ros/humble/share/ament_cmake_gmock/cmake)
[3.595s] -- Found launch_testing_ament_cmake: 1.0.7 (/opt/ros/humble/share/launch_testing_ament_cmake/cmake)
[3.598s] -- Found python_cmake_module: 0.10.0 (/opt/ros/humble/share/python_cmake_module/cmake)
[3.625s] -- Found PythonInterp: /usr/bin/python3 (found suitable version "3.10.12", minimum required is "3.6") 
[3.632s] -- Found PythonLibs: /usr/lib/x86_64-linux-gnu/libpython3.10.so (found suitable version "3.10.12", minimum required is "3.5") 
[3.632s] -- Using PYTHON_EXECUTABLE: /usr/bin/python3
[3.632s] -- Using PYTHON_INCLUDE_DIRS: /usr/include/python3.10
[3.632s] -- Using PYTHON_LIBRARIES: /usr/lib/x86_64-linux-gnu/libpython3.10.so
[3.661s] -- Found PythonExtra: .so  
[3.667s] -- Found gtest sources under '/opt/ros/humble/src/gtest_vendor': C++ tests using 'Google Test' will be built
[3.678s] -- Found gmock sources under '/opt/ros/humble/src/gmock_vendor': C++ tests using 'Google Mock' will be built
[3.692s] -- Configuring done
[3.965s] -- Generating done
[4.009s] -- Build files have been written to: /home/joonmo/ws_moveit/build/moveit_task_constructor_visualization
[4.042s] Invoked command in '/home/joonmo/ws_moveit/build/moveit_task_constructor_visualization' returned '0': AMENT_PREFIX_PATH=/home/joonmo/ws_moveit/install/moveit_task_constructor_core:/home/joonmo/ws_moveit/install/moveit_planners:/home/joonmo/ws_moveit/install/pilz_industrial_motion_planner:/home/joonmo/ws_moveit/install/moveit_ros_visualization:/home/joonmo/ws_moveit/install/moveit_resources_prbt_pg70_support:/home/joonmo/ws_moveit/install/moveit_ros_planning_interface:/home/joonmo/ws_moveit/install/moveit_resources_prbt_moveit_config:/home/joonmo/ws_moveit/install/moveit_ros_move_group:/home/joonmo/ws_moveit/install/moveit_ros_warehouse:/home/joonmo/ws_moveit/install/moveit_ros_robot_interaction:/home/joonmo/ws_moveit/install/moveit_planners_ompl:/home/joonmo/ws_moveit/install/moveit_kinematics:/home/joonmo/ws_moveit/install/moveit_ros_planning:/home/joonmo/ws_moveit/install/moveit_planners_chomp:/home/joonmo/ws_moveit/install/pilz_industrial_motion_planner_testutils:/home/joonmo/ws_moveit/install/moveit_simple_controller_manager:/home/joonmo/ws_moveit/install/moveit_ros_occupancy_map_monitor:/home/joonmo/ws_moveit/install/moveit_resources_prbt_ikfast_manipulator_plugin:/home/joonmo/ws_moveit/install/chomp_motion_planner:/home/joonmo/ws_moveit/install/moveit_core:/home/joonmo/ws_moveit/install/rviz_marker_tools:/home/joonmo/ws_moveit/install/moveit_resources_panda_moveit_config:/home/joonmo/ws_moveit/install/moveit_resources_fanuc_moveit_config:/home/joonmo/ws_moveit/install/moveit_configs_utils:/home/joonmo/ws_moveit/install/srdfdom:/home/joonmo/ws_moveit/install/moveit_task_constructor_msgs:/home/joonmo/ws_moveit/install/moveit_resources_prbt_support:/home/joonmo/ws_moveit/install/moveit_resources_pr2_description:/home/joonmo/ws_moveit/install/moveit_resources_panda_description:/home/joonmo/ws_moveit/install/moveit_resources_fanuc_description:/home/joonmo/ws_moveit/install/moveit_common:/home/joonmo/ws_moveit/install/launch_param_builder:${AMENT_PREFIX_PATH} CMAKE_MODULE_PATH=/home/joonmo/ws_moveit/install/moveit_task_constructor_core/share/moveit_task_constructor_core/cmake CMAKE_PREFIX_PATH=/home/joonmo/ws_moveit/install/moveit_task_constructor_core:/home/joonmo/ws_moveit/install/moveit_planners:/home/joonmo/ws_moveit/install/pilz_industrial_motion_planner:/home/joonmo/ws_moveit/install/moveit_ros_visualization:/home/joonmo/ws_moveit/install/moveit_resources_prbt_pg70_support:/home/joonmo/ws_moveit/install/moveit_ros_planning_interface:/home/joonmo/ws_moveit/install/moveit_resources_prbt_moveit_config:/home/joonmo/ws_moveit/install/moveit_ros_move_group:/home/joonmo/ws_moveit/install/moveit_ros_warehouse:/home/joonmo/ws_moveit/install/moveit_ros_robot_interaction:/home/joonmo/ws_moveit/install/moveit_planners_ompl:/home/joonmo/ws_moveit/install/moveit_kinematics:/home/joonmo/ws_moveit/install/moveit_ros_planning:/home/joonmo/ws_moveit/install/moveit_planners_chomp:/home/joonmo/ws_moveit/install/pilz_industrial_motion_planner_testutils:/home/joonmo/ws_moveit/install/moveit_simple_controller_manager:/home/joonmo/ws_moveit/install/moveit_ros_occupancy_map_monitor:/home/joonmo/ws_moveit/install/moveit_resources_prbt_ikfast_manipulator_plugin:/home/joonmo/ws_moveit/install/chomp_motion_planner:/home/joonmo/ws_moveit/install/moveit_core:/home/joonmo/ws_moveit/install/rviz_marker_tools:/home/joonmo/ws_moveit/install/moveit_resources_panda_moveit_config:/home/joonmo/ws_moveit/install/moveit_resources_fanuc_moveit_config:/home/joonmo/ws_moveit/install/srdfdom:/home/joonmo/ws_moveit/install/moveit_task_constructor_msgs:/home/joonmo/ws_moveit/install/moveit_resources_prbt_support:/home/joonmo/ws_moveit/install/moveit_resources_pr2_description:/home/joonmo/ws_moveit/install/moveit_resources_panda_description:/home/joonmo/ws_moveit/install/moveit_resources_fanuc_description:/home/joonmo/ws_moveit/install/moveit_common:/opt/ros/humble LD_LIBRARY_PATH=/home/joonmo/ws_moveit/install/moveit_task_constructor_core/lib:/home/joonmo/ws_moveit/install/pilz_industrial_motion_planner/lib:/home/joonmo/ws_moveit/install/moveit_ros_visualization/lib:/home/joonmo/ws_moveit/install/moveit_ros_planning_interface/lib:/home/joonmo/ws_moveit/install/moveit_ros_move_group/lib:/home/joonmo/ws_moveit/install/moveit_ros_warehouse/lib:/home/joonmo/ws_moveit/install/moveit_ros_robot_interaction/lib:/home/joonmo/ws_moveit/install/moveit_planners_ompl/lib:/home/joonmo/ws_moveit/install/moveit_kinematics/lib:/home/joonmo/ws_moveit/install/moveit_ros_planning/lib:/home/joonmo/ws_moveit/install/moveit_planners_chomp/lib:/home/joonmo/ws_moveit/install/pilz_industrial_motion_planner_testutils/lib:/home/joonmo/ws_moveit/install/moveit_simple_controller_manager/lib:/home/joonmo/ws_moveit/install/moveit_ros_occupancy_map_monitor/lib:/home/joonmo/ws_moveit/install/moveit_resources_prbt_ikfast_manipulator_plugin/lib:/home/joonmo/ws_moveit/install/chomp_motion_planner/lib:/home/joonmo/ws_moveit/install/moveit_core/lib:/home/joonmo/ws_moveit/install/rviz_marker_tools/lib:/home/joonmo/ws_moveit/install/srdfdom/lib:/home/joonmo/ws_moveit/install/moveit_task_constructor_msgs/lib:${LD_LIBRARY_PATH} PATH=/home/joonmo/ws_moveit/install/moveit_core/bin:${PATH} PYTHONPATH=/home/joonmo/ws_moveit/install/moveit_task_constructor_core/local/lib/python3.10/dist-packages:/home/joonmo/ws_moveit/install/moveit_configs_utils/lib/python3.10/site-packages:/home/joonmo/ws_moveit/install/srdfdom/local/lib/python3.10/dist-packages:/home/joonmo/ws_moveit/install/moveit_task_constructor_msgs/local/lib/python3.10/dist-packages:/home/joonmo/ws_moveit/install/launch_param_builder/lib/python3.10/site-packages:${PYTHONPATH} /usr/bin/cmake /home/joonmo/ws_moveit/src/moveit_task_constructor/visualization -DCMAKE_BUILD_TYPE=Release -DCMAKE_INSTALL_PREFIX=/home/joonmo/ws_moveit/install/moveit_task_constructor_visualization
[4.045s] Invoking command in '/home/joonmo/ws_moveit/build/moveit_task_constructor_visualization': AMENT_PREFIX_PATH=/home/joonmo/ws_moveit/install/moveit_task_constructor_core:/home/joonmo/ws_moveit/install/moveit_planners:/home/joonmo/ws_moveit/install/pilz_industrial_motion_planner:/home/joonmo/ws_moveit/install/moveit_ros_visualization:/home/joonmo/ws_moveit/install/moveit_resources_prbt_pg70_support:/home/joonmo/ws_moveit/install/moveit_ros_planning_interface:/home/joonmo/ws_moveit/install/moveit_resources_prbt_moveit_config:/home/joonmo/ws_moveit/install/moveit_ros_move_group:/home/joonmo/ws_moveit/install/moveit_ros_warehouse:/home/joonmo/ws_moveit/install/moveit_ros_robot_interaction:/home/joonmo/ws_moveit/install/moveit_planners_ompl:/home/joonmo/ws_moveit/install/moveit_kinematics:/home/joonmo/ws_moveit/install/moveit_ros_planning:/home/joonmo/ws_moveit/install/moveit_planners_chomp:/home/joonmo/ws_moveit/install/pilz_industrial_motion_planner_testutils:/home/joonmo/ws_moveit/install/moveit_simple_controller_manager:/home/joonmo/ws_moveit/install/moveit_ros_occupancy_map_monitor:/home/joonmo/ws_moveit/install/moveit_resources_prbt_ikfast_manipulator_plugin:/home/joonmo/ws_moveit/install/chomp_motion_planner:/home/joonmo/ws_moveit/install/moveit_core:/home/joonmo/ws_moveit/install/rviz_marker_tools:/home/joonmo/ws_moveit/install/moveit_resources_panda_moveit_config:/home/joonmo/ws_moveit/install/moveit_resources_fanuc_moveit_config:/home/joonmo/ws_moveit/install/moveit_configs_utils:/home/joonmo/ws_moveit/install/srdfdom:/home/joonmo/ws_moveit/install/moveit_task_constructor_msgs:/home/joonmo/ws_moveit/install/moveit_resources_prbt_support:/home/joonmo/ws_moveit/install/moveit_resources_pr2_description:/home/joonmo/ws_moveit/install/moveit_resources_panda_description:/home/joonmo/ws_moveit/install/moveit_resources_fanuc_description:/home/joonmo/ws_moveit/install/moveit_common:/home/joonmo/ws_moveit/install/launch_param_builder:${AMENT_PREFIX_PATH} CMAKE_MODULE_PATH=/home/joonmo/ws_moveit/install/moveit_task_constructor_core/share/moveit_task_constructor_core/cmake CMAKE_PREFIX_PATH=/home/joonmo/ws_moveit/install/moveit_task_constructor_core:/home/joonmo/ws_moveit/install/moveit_planners:/home/joonmo/ws_moveit/install/pilz_industrial_motion_planner:/home/joonmo/ws_moveit/install/moveit_ros_visualization:/home/joonmo/ws_moveit/install/moveit_resources_prbt_pg70_support:/home/joonmo/ws_moveit/install/moveit_ros_planning_interface:/home/joonmo/ws_moveit/install/moveit_resources_prbt_moveit_config:/home/joonmo/ws_moveit/install/moveit_ros_move_group:/home/joonmo/ws_moveit/install/moveit_ros_warehouse:/home/joonmo/ws_moveit/install/moveit_ros_robot_interaction:/home/joonmo/ws_moveit/install/moveit_planners_ompl:/home/joonmo/ws_moveit/install/moveit_kinematics:/home/joonmo/ws_moveit/install/moveit_ros_planning:/home/joonmo/ws_moveit/install/moveit_planners_chomp:/home/joonmo/ws_moveit/install/pilz_industrial_motion_planner_testutils:/home/joonmo/ws_moveit/install/moveit_simple_controller_manager:/home/joonmo/ws_moveit/install/moveit_ros_occupancy_map_monitor:/home/joonmo/ws_moveit/install/moveit_resources_prbt_ikfast_manipulator_plugin:/home/joonmo/ws_moveit/install/chomp_motion_planner:/home/joonmo/ws_moveit/install/moveit_core:/home/joonmo/ws_moveit/install/rviz_marker_tools:/home/joonmo/ws_moveit/install/moveit_resources_panda_moveit_config:/home/joonmo/ws_moveit/install/moveit_resources_fanuc_moveit_config:/home/joonmo/ws_moveit/install/srdfdom:/home/joonmo/ws_moveit/install/moveit_task_constructor_msgs:/home/joonmo/ws_moveit/install/moveit_resources_prbt_support:/home/joonmo/ws_moveit/install/moveit_resources_pr2_description:/home/joonmo/ws_moveit/install/moveit_resources_panda_description:/home/joonmo/ws_moveit/install/moveit_resources_fanuc_description:/home/joonmo/ws_moveit/install/moveit_common:/opt/ros/humble LD_LIBRARY_PATH=/home/joonmo/ws_moveit/install/moveit_task_constructor_core/lib:/home/joonmo/ws_moveit/install/pilz_industrial_motion_planner/lib:/home/joonmo/ws_moveit/install/moveit_ros_visualization/lib:/home/joonmo/ws_moveit/install/moveit_ros_planning_interface/lib:/home/joonmo/ws_moveit/install/moveit_ros_move_group/lib:/home/joonmo/ws_moveit/install/moveit_ros_warehouse/lib:/home/joonmo/ws_moveit/install/moveit_ros_robot_interaction/lib:/home/joonmo/ws_moveit/install/moveit_planners_ompl/lib:/home/joonmo/ws_moveit/install/moveit_kinematics/lib:/home/joonmo/ws_moveit/install/moveit_ros_planning/lib:/home/joonmo/ws_moveit/install/moveit_planners_chomp/lib:/home/joonmo/ws_moveit/install/pilz_industrial_motion_planner_testutils/lib:/home/joonmo/ws_moveit/install/moveit_simple_controller_manager/lib:/home/joonmo/ws_moveit/install/moveit_ros_occupancy_map_monitor/lib:/home/joonmo/ws_moveit/install/moveit_resources_prbt_ikfast_manipulator_plugin/lib:/home/joonmo/ws_moveit/install/chomp_motion_planner/lib:/home/joonmo/ws_moveit/install/moveit_core/lib:/home/joonmo/ws_moveit/install/rviz_marker_tools/lib:/home/joonmo/ws_moveit/install/srdfdom/lib:/home/joonmo/ws_moveit/install/moveit_task_constructor_msgs/lib:${LD_LIBRARY_PATH} PATH=/home/joonmo/ws_moveit/install/moveit_core/bin:${PATH} PYTHONPATH=/home/joonmo/ws_moveit/install/moveit_task_constructor_core/local/lib/python3.10/dist-packages:/home/joonmo/ws_moveit/install/moveit_configs_utils/lib/python3.10/site-packages:/home/joonmo/ws_moveit/install/srdfdom/local/lib/python3.10/dist-packages:/home/joonmo/ws_moveit/install/moveit_task_constructor_msgs/local/lib/python3.10/dist-packages:/home/joonmo/ws_moveit/install/launch_param_builder/lib/python3.10/site-packages:${PYTHONPATH} /usr/bin/cmake --build /home/joonmo/ws_moveit/build/moveit_task_constructor_visualization -- -j8 -l8
[4.130s] [  1%] [34m[1mAutomatic MOC for target gtest[0m
[4.131s] [  3%] [34m[1mAutomatic MOC for target moveit_task_visualization_tools[0m
[4.134s] [  4%] [34m[1mAutomatic MOC for target gtest_main[0m
[4.135s] [  6%] [34m[1mAutomatic MOC for target gmock_main[0m
[4.135s] [  7%] [34m[1mAutomatic MOC for target motion_planning_tasks_properties[0m
[4.139s] [  9%] [34m[1mAutomatic MOC for target motion_planning_tasks_utils[0m
[4.143s] [ 10%] [34m[1mAutomatic MOC for target gmock[0m
[4.195s] [ 10%] Built target gtest_main_autogen
[4.203s] [ 10%] Built target gmock_main_autogen
[4.203s] [ 10%] Built target gtest_autogen
[4.212s] [ 10%] Built target motion_planning_tasks_properties_autogen
[4.220s] [ 10%] Built target gmock_autogen
[4.268s] [ 12%] [32mBuilding CXX object gtest/CMakeFiles/gtest.dir/gtest_autogen/mocs_compilation.cpp.o[0m
[4.277s] [ 13%] [32mBuilding CXX object gmock/CMakeFiles/gmock_main.dir/gmock_main_autogen/mocs_compilation.cpp.o[0m
[4.277s] [ 15%] [32mBuilding CXX object gtest/CMakeFiles/gtest_main.dir/gtest_main_autogen/mocs_compilation.cpp.o[0m
[4.281s] [ 16%] [32mBuilding CXX object gmock/CMakeFiles/gmock_main.dir/src/gmock_main.cc.o[0m
[4.293s] [ 18%] [32mBuilding CXX object gmock/CMakeFiles/gmock.dir/gmock_autogen/mocs_compilation.cpp.o[0m
[4.325s] [ 20%] [32mBuilding CXX object motion_planning_tasks/properties/CMakeFiles/motion_planning_tasks_properties.dir/motion_planning_tasks_properties_autogen/mocs_compilation.cpp.o[0m
[4.355s] [ 21%] [32mBuilding CXX object gtest/CMakeFiles/gtest.dir/src/gtest-all.cc.o[0m
[4.361s] [ 23%] [32mBuilding CXX object gtest/CMakeFiles/gtest_main.dir/src/gtest_main.cc.o[0m
[4.369s] [ 24%] [32mBuilding CXX object motion_planning_tasks/properties/CMakeFiles/motion_planning_tasks_properties.dir/property_factory.cpp.o[0m
[4.388s] [ 26%] [32mBuilding CXX object gmock/CMakeFiles/gmock.dir/opt/ros/humble/src/gtest_vendor/src/gtest-all.cc.o[0m
[4.429s] [ 27%] [32mBuilding CXX object motion_planning_tasks/properties/CMakeFiles/motion_planning_tasks_properties.dir/property_from_yaml.cpp.o[0m
[4.599s] [ 27%] Built target motion_planning_tasks_utils_autogen
[4.632s] [ 29%] [32mBuilding CXX object gmock/CMakeFiles/gmock.dir/src/gmock-all.cc.o[0m
[4.909s] [ 29%] Built target moveit_task_visualization_tools_autogen
[4.996s] [ 30%] [32mBuilding CXX object motion_planning_tasks/utils/CMakeFiles/motion_planning_tasks_utils.dir/motion_planning_tasks_utils_autogen/mocs_compilation.cpp.o[0m
[5.077s] [ 32%] [32mBuilding CXX object motion_planning_tasks/utils/CMakeFiles/motion_planning_tasks_utils.dir/flat_merge_proxy_model.cpp.o[0m
[6.260s] [ 33%] [32m[1mLinking CXX static library libgtest_main.a[0m
[6.359s] [ 33%] Built target gtest_main
[6.377s] [ 35%] [32mBuilding CXX object motion_planning_tasks/utils/CMakeFiles/motion_planning_tasks_utils.dir/tree_merge_proxy_model.cpp.o[0m
[6.934s] [ 36%] [32m[1mLinking CXX static library libgmock_main.a[0m
[7.067s] [ 36%] Built target gmock_main
[7.154s] [ 38%] [32mBuilding CXX object visualization_tools/CMakeFiles/moveit_task_visualization_tools.dir/moveit_task_visualization_tools_autogen/mocs_compilation.cpp.o[0m
[8.694s] [ 40%] [32mBuilding CXX object visualization_tools/CMakeFiles/moveit_task_visualization_tools.dir/src/display_solution.cpp.o[0m
[9.979s] [ 41%] [32mBuilding CXX object visualization_tools/CMakeFiles/moveit_task_visualization_tools.dir/src/marker_visualization.cpp.o[0m
[10.902s] [ 43%] [32mBuilding CXX object motion_planning_tasks/utils/CMakeFiles/motion_planning_tasks_utils.dir/icon.cpp.o[0m
[11.968s] [ 44%] [32mBuilding CXX object visualization_tools/CMakeFiles/moveit_task_visualization_tools.dir/src/task_solution_panel.cpp.o[0m
[14.225s] [ 46%] [32m[1mLinking CXX shared library libmotion_planning_tasks_utils.so[0m
[14.369s] [ 47%] [32m[1mLinking CXX shared library libmotion_planning_tasks_properties.so[0m
[14.852s] [ 47%] Built target motion_planning_tasks_utils
[14.886s] [ 49%] [32mBuilding CXX object visualization_tools/CMakeFiles/moveit_task_visualization_tools.dir/src/task_solution_visualization.cpp.o[0m
[15.868s] [ 49%] Built target motion_planning_tasks_properties
[20.789s] [ 50%] [32m[1mLinking CXX static library libgmock.a[0m
[20.843s] [ 50%] Built target gmock
[20.970s] [ 52%] [32m[1mLinking CXX static library libgtest.a[0m
[21.023s] [ 52%] Built target gtest
[21.052s] [ 53%] [34m[1mAutomatic MOC for target moveit_task_constructor_visualization-test-merge-models[0m
[21.092s] [ 53%] Built target moveit_task_constructor_visualization-test-merge-models_autogen
[21.125s] [ 55%] [32mBuilding CXX object motion_planning_tasks/test/CMakeFiles/moveit_task_constructor_visualization-test-merge-models.dir/moveit_task_constructor_visualization-test-merge-models_autogen/mocs_compilation.cpp.o[0m
[21.126s] [ 56%] [32mBuilding CXX object motion_planning_tasks/test/CMakeFiles/moveit_task_constructor_visualization-test-merge-models.dir/test_merge_models.cpp.o[0m
[30.399s] [ 58%] [32m[1mLinking CXX executable moveit_task_constructor_visualization-test-merge-models[0m
[31.483s] [ 58%] Built target moveit_task_constructor_visualization-test-merge-models
[48.392s] [ 60%] [32m[1mLinking CXX shared library libmoveit_task_visualization_tools.so[0m
[54.854s] [ 60%] Built target moveit_task_visualization_tools
[54.883s] [ 61%] [34m[1mAutomatic MOC for target motion_planning_tasks_rviz_plugin[0m
[56.545s] [ 61%] Built target motion_planning_tasks_rviz_plugin_autogen
[56.562s] [ 63%] [34m[1mGenerating ui_task_view.h[0m
[56.584s] [ 64%] [34m[1mGenerating ui_task_panel.h[0m
[56.605s] [ 66%] [34m[1mGenerating ui_global_settings.h[0m
[56.629s] [ 67%] [34m[1mAutomatic RCC for resources.qrc[0m
[56.678s] [ 69%] [32mBuilding CXX object motion_planning_tasks/src/CMakeFiles/motion_planning_tasks_rviz_plugin.dir/motion_planning_tasks_rviz_plugin_autogen/mocs_compilation.cpp.o[0m
[64.699s] [ 70%] [32mBuilding CXX object motion_planning_tasks/src/CMakeFiles/motion_planning_tasks_rviz_plugin.dir/remote_task_model.cpp.o[0m
[64.703s] [ 72%] [32mBuilding CXX object motion_planning_tasks/src/CMakeFiles/motion_planning_tasks_rviz_plugin.dir/plugin_init.cpp.o[0m
[65.728s] [ 73%] [32mBuilding CXX object motion_planning_tasks/src/CMakeFiles/motion_planning_tasks_rviz_plugin.dir/meta_task_list_model.cpp.o[0m
[66.212s] [ 75%] [32mBuilding CXX object motion_planning_tasks/src/CMakeFiles/motion_planning_tasks_rviz_plugin.dir/local_task_model.cpp.o[0m
[67.256s] [ 76%] [32mBuilding CXX object motion_planning_tasks/src/CMakeFiles/motion_planning_tasks_rviz_plugin.dir/task_display.cpp.o[0m
[68.299s] [ 78%] [32mBuilding CXX object motion_planning_tasks/src/CMakeFiles/motion_planning_tasks_rviz_plugin.dir/job_queue.cpp.o[0m
[69.344s] [ 80%] [32mBuilding CXX object motion_planning_tasks/src/CMakeFiles/motion_planning_tasks_rviz_plugin.dir/icons.cpp.o[0m
[71.391s] [ 81%] [32mBuilding CXX object motion_planning_tasks/src/CMakeFiles/motion_planning_tasks_rviz_plugin.dir/factory_model.cpp.o[0m
[71.614s] [ 83%] [32mBuilding CXX object motion_planning_tasks/src/CMakeFiles/motion_planning_tasks_rviz_plugin.dir/task_list_model.cpp.o[0m
[113.453s] [ 84%] [32mBuilding CXX object motion_planning_tasks/src/CMakeFiles/motion_planning_tasks_rviz_plugin.dir/task_panel.cpp.o[0m
[113.458s] [ 86%] [32mBuilding CXX object motion_planning_tasks/src/CMakeFiles/motion_planning_tasks_rviz_plugin.dir/motion_planning_tasks_rviz_plugin_autogen/EWIEGA46WW/qrc_resources.cpp.o[0m
[124.010s] [ 87%] [32m[1mLinking CXX shared library libmotion_planning_tasks_rviz_plugin.so[0m
[126.553s] [ 87%] Built target motion_planning_tasks_rviz_plugin
[126.575s] [ 90%] [34m[1mAutomatic MOC for target moveit_task_constructor_visualization-test-task_model[0m
[126.575s] [ 90%] [34m[1mAutomatic MOC for target moveit_task_constructor_visualization-test-solution-models[0m
[126.601s] [ 90%] Built target moveit_task_constructor_visualization-test-solution-models_autogen
[126.601s] [ 90%] Built target moveit_task_constructor_visualization-test-task_model_autogen
[126.622s] [ 96%] [32mBuilding CXX object motion_planning_tasks/test/CMakeFiles/moveit_task_constructor_visualization-test-task_model.dir/moveit_task_constructor_visualization-test-task_model_autogen/mocs_compilation.cpp.o[0m
[126.622s] [ 96%] [32mBuilding CXX object motion_planning_tasks/test/CMakeFiles/moveit_task_constructor_visualization-test-task_model.dir/test_task_model.cpp.o[0m
[126.622s] [ 96%] [32mBuilding CXX object motion_planning_tasks/test/CMakeFiles/moveit_task_constructor_visualization-test-solution-models.dir/moveit_task_constructor_visualization-test-solution-models_autogen/mocs_compilation.cpp.o[0m
[126.622s] [ 96%] [32mBuilding CXX object motion_planning_tasks/test/CMakeFiles/moveit_task_constructor_visualization-test-solution-models.dir/test_solution_models.cpp.o[0m
[131.627s] [ 98%] [32m[1mLinking CXX executable moveit_task_constructor_visualization-test-solution-models[0m
[132.017s] [100%] [32m[1mLinking CXX executable moveit_task_constructor_visualization-test-task_model[0m
[132.288s] [100%] Built target moveit_task_constructor_visualization-test-solution-models
[132.703s] [100%] Built target moveit_task_constructor_visualization-test-task_model
[132.714s] Invoked command in '/home/joonmo/ws_moveit/build/moveit_task_constructor_visualization' returned '0': AMENT_PREFIX_PATH=/home/joonmo/ws_moveit/install/moveit_task_constructor_core:/home/joonmo/ws_moveit/install/moveit_planners:/home/joonmo/ws_moveit/install/pilz_industrial_motion_planner:/home/joonmo/ws_moveit/install/moveit_ros_visualization:/home/joonmo/ws_moveit/install/moveit_resources_prbt_pg70_support:/home/joonmo/ws_moveit/install/moveit_ros_planning_interface:/home/joonmo/ws_moveit/install/moveit_resources_prbt_moveit_config:/home/joonmo/ws_moveit/install/moveit_ros_move_group:/home/joonmo/ws_moveit/install/moveit_ros_warehouse:/home/joonmo/ws_moveit/install/moveit_ros_robot_interaction:/home/joonmo/ws_moveit/install/moveit_planners_ompl:/home/joonmo/ws_moveit/install/moveit_kinematics:/home/joonmo/ws_moveit/install/moveit_ros_planning:/home/joonmo/ws_moveit/install/moveit_planners_chomp:/home/joonmo/ws_moveit/install/pilz_industrial_motion_planner_testutils:/home/joonmo/ws_moveit/install/moveit_simple_controller_manager:/home/joonmo/ws_moveit/install/moveit_ros_occupancy_map_monitor:/home/joonmo/ws_moveit/install/moveit_resources_prbt_ikfast_manipulator_plugin:/home/joonmo/ws_moveit/install/chomp_motion_planner:/home/joonmo/ws_moveit/install/moveit_core:/home/joonmo/ws_moveit/install/rviz_marker_tools:/home/joonmo/ws_moveit/install/moveit_resources_panda_moveit_config:/home/joonmo/ws_moveit/install/moveit_resources_fanuc_moveit_config:/home/joonmo/ws_moveit/install/moveit_configs_utils:/home/joonmo/ws_moveit/install/srdfdom:/home/joonmo/ws_moveit/install/moveit_task_constructor_msgs:/home/joonmo/ws_moveit/install/moveit_resources_prbt_support:/home/joonmo/ws_moveit/install/moveit_resources_pr2_description:/home/joonmo/ws_moveit/install/moveit_resources_panda_description:/home/joonmo/ws_moveit/install/moveit_resources_fanuc_description:/home/joonmo/ws_moveit/install/moveit_common:/home/joonmo/ws_moveit/install/launch_param_builder:${AMENT_PREFIX_PATH} CMAKE_MODULE_PATH=/home/joonmo/ws_moveit/install/moveit_task_constructor_core/share/moveit_task_constructor_core/cmake CMAKE_PREFIX_PATH=/home/joonmo/ws_moveit/install/moveit_task_constructor_core:/home/joonmo/ws_moveit/install/moveit_planners:/home/joonmo/ws_moveit/install/pilz_industrial_motion_planner:/home/joonmo/ws_moveit/install/moveit_ros_visualization:/home/joonmo/ws_moveit/install/moveit_resources_prbt_pg70_support:/home/joonmo/ws_moveit/install/moveit_ros_planning_interface:/home/joonmo/ws_moveit/install/moveit_resources_prbt_moveit_config:/home/joonmo/ws_moveit/install/moveit_ros_move_group:/home/joonmo/ws_moveit/install/moveit_ros_warehouse:/home/joonmo/ws_moveit/install/moveit_ros_robot_interaction:/home/joonmo/ws_moveit/install/moveit_planners_ompl:/home/joonmo/ws_moveit/install/moveit_kinematics:/home/joonmo/ws_moveit/install/moveit_ros_planning:/home/joonmo/ws_moveit/install/moveit_planners_chomp:/home/joonmo/ws_moveit/install/pilz_industrial_motion_planner_testutils:/home/joonmo/ws_moveit/install/moveit_simple_controller_manager:/home/joonmo/ws_moveit/install/moveit_ros_occupancy_map_monitor:/home/joonmo/ws_moveit/install/moveit_resources_prbt_ikfast_manipulator_plugin:/home/joonmo/ws_moveit/install/chomp_motion_planner:/home/joonmo/ws_moveit/install/moveit_core:/home/joonmo/ws_moveit/install/rviz_marker_tools:/home/joonmo/ws_moveit/install/moveit_resources_panda_moveit_config:/home/joonmo/ws_moveit/install/moveit_resources_fanuc_moveit_config:/home/joonmo/ws_moveit/install/srdfdom:/home/joonmo/ws_moveit/install/moveit_task_constructor_msgs:/home/joonmo/ws_moveit/install/moveit_resources_prbt_support:/home/joonmo/ws_moveit/install/moveit_resources_pr2_description:/home/joonmo/ws_moveit/install/moveit_resources_panda_description:/home/joonmo/ws_moveit/install/moveit_resources_fanuc_description:/home/joonmo/ws_moveit/install/moveit_common:/opt/ros/humble LD_LIBRARY_PATH=/home/joonmo/ws_moveit/install/moveit_task_constructor_core/lib:/home/joonmo/ws_moveit/install/pilz_industrial_motion_planner/lib:/home/joonmo/ws_moveit/install/moveit_ros_visualization/lib:/home/joonmo/ws_moveit/install/moveit_ros_planning_interface/lib:/home/joonmo/ws_moveit/install/moveit_ros_move_group/lib:/home/joonmo/ws_moveit/install/moveit_ros_warehouse/lib:/home/joonmo/ws_moveit/install/moveit_ros_robot_interaction/lib:/home/joonmo/ws_moveit/install/moveit_planners_ompl/lib:/home/joonmo/ws_moveit/install/moveit_kinematics/lib:/home/joonmo/ws_moveit/install/moveit_ros_planning/lib:/home/joonmo/ws_moveit/install/moveit_planners_chomp/lib:/home/joonmo/ws_moveit/install/pilz_industrial_motion_planner_testutils/lib:/home/joonmo/ws_moveit/install/moveit_simple_controller_manager/lib:/home/joonmo/ws_moveit/install/moveit_ros_occupancy_map_monitor/lib:/home/joonmo/ws_moveit/install/moveit_resources_prbt_ikfast_manipulator_plugin/lib:/home/joonmo/ws_moveit/install/chomp_motion_planner/lib:/home/joonmo/ws_moveit/install/moveit_core/lib:/home/joonmo/ws_moveit/install/rviz_marker_tools/lib:/home/joonmo/ws_moveit/install/srdfdom/lib:/home/joonmo/ws_moveit/install/moveit_task_constructor_msgs/lib:${LD_LIBRARY_PATH} PATH=/home/joonmo/ws_moveit/install/moveit_core/bin:${PATH} PYTHONPATH=/home/joonmo/ws_moveit/install/moveit_task_constructor_core/local/lib/python3.10/dist-packages:/home/joonmo/ws_moveit/install/moveit_configs_utils/lib/python3.10/site-packages:/home/joonmo/ws_moveit/install/srdfdom/local/lib/python3.10/dist-packages:/home/joonmo/ws_moveit/install/moveit_task_constructor_msgs/local/lib/python3.10/dist-packages:/home/joonmo/ws_moveit/install/launch_param_builder/lib/python3.10/site-packages:${PYTHONPATH} /usr/bin/cmake --build /home/joonmo/ws_moveit/build/moveit_task_constructor_visualization -- -j8 -l8
[132.715s] Invoking command in '/home/joonmo/ws_moveit/build/moveit_task_constructor_visualization': AMENT_PREFIX_PATH=/home/joonmo/ws_moveit/install/moveit_task_constructor_core:/home/joonmo/ws_moveit/install/moveit_planners:/home/joonmo/ws_moveit/install/pilz_industrial_motion_planner:/home/joonmo/ws_moveit/install/moveit_ros_visualization:/home/joonmo/ws_moveit/install/moveit_resources_prbt_pg70_support:/home/joonmo/ws_moveit/install/moveit_ros_planning_interface:/home/joonmo/ws_moveit/install/moveit_resources_prbt_moveit_config:/home/joonmo/ws_moveit/install/moveit_ros_move_group:/home/joonmo/ws_moveit/install/moveit_ros_warehouse:/home/joonmo/ws_moveit/install/moveit_ros_robot_interaction:/home/joonmo/ws_moveit/install/moveit_planners_ompl:/home/joonmo/ws_moveit/install/moveit_kinematics:/home/joonmo/ws_moveit/install/moveit_ros_planning:/home/joonmo/ws_moveit/install/moveit_planners_chomp:/home/joonmo/ws_moveit/install/pilz_industrial_motion_planner_testutils:/home/joonmo/ws_moveit/install/moveit_simple_controller_manager:/home/joonmo/ws_moveit/install/moveit_ros_occupancy_map_monitor:/home/joonmo/ws_moveit/install/moveit_resources_prbt_ikfast_manipulator_plugin:/home/joonmo/ws_moveit/install/chomp_motion_planner:/home/joonmo/ws_moveit/install/moveit_core:/home/joonmo/ws_moveit/install/rviz_marker_tools:/home/joonmo/ws_moveit/install/moveit_resources_panda_moveit_config:/home/joonmo/ws_moveit/install/moveit_resources_fanuc_moveit_config:/home/joonmo/ws_moveit/install/moveit_configs_utils:/home/joonmo/ws_moveit/install/srdfdom:/home/joonmo/ws_moveit/install/moveit_task_constructor_msgs:/home/joonmo/ws_moveit/install/moveit_resources_prbt_support:/home/joonmo/ws_moveit/install/moveit_resources_pr2_description:/home/joonmo/ws_moveit/install/moveit_resources_panda_description:/home/joonmo/ws_moveit/install/moveit_resources_fanuc_description:/home/joonmo/ws_moveit/install/moveit_common:/home/joonmo/ws_moveit/install/launch_param_builder:${AMENT_PREFIX_PATH} CMAKE_MODULE_PATH=/home/joonmo/ws_moveit/install/moveit_task_constructor_core/share/moveit_task_constructor_core/cmake CMAKE_PREFIX_PATH=/home/joonmo/ws_moveit/install/moveit_task_constructor_core:/home/joonmo/ws_moveit/install/moveit_planners:/home/joonmo/ws_moveit/install/pilz_industrial_motion_planner:/home/joonmo/ws_moveit/install/moveit_ros_visualization:/home/joonmo/ws_moveit/install/moveit_resources_prbt_pg70_support:/home/joonmo/ws_moveit/install/moveit_ros_planning_interface:/home/joonmo/ws_moveit/install/moveit_resources_prbt_moveit_config:/home/joonmo/ws_moveit/install/moveit_ros_move_group:/home/joonmo/ws_moveit/install/moveit_ros_warehouse:/home/joonmo/ws_moveit/install/moveit_ros_robot_interaction:/home/joonmo/ws_moveit/install/moveit_planners_ompl:/home/joonmo/ws_moveit/install/moveit_kinematics:/home/joonmo/ws_moveit/install/moveit_ros_planning:/home/joonmo/ws_moveit/install/moveit_planners_chomp:/home/joonmo/ws_moveit/install/pilz_industrial_motion_planner_testutils:/home/joonmo/ws_moveit/install/moveit_simple_controller_manager:/home/joonmo/ws_moveit/install/moveit_ros_occupancy_map_monitor:/home/joonmo/ws_moveit/install/moveit_resources_prbt_ikfast_manipulator_plugin:/home/joonmo/ws_moveit/install/chomp_motion_planner:/home/joonmo/ws_moveit/install/moveit_core:/home/joonmo/ws_moveit/install/rviz_marker_tools:/home/joonmo/ws_moveit/install/moveit_resources_panda_moveit_config:/home/joonmo/ws_moveit/install/moveit_resources_fanuc_moveit_config:/home/joonmo/ws_moveit/install/srdfdom:/home/joonmo/ws_moveit/install/moveit_task_constructor_msgs:/home/joonmo/ws_moveit/install/moveit_resources_prbt_support:/home/joonmo/ws_moveit/install/moveit_resources_pr2_description:/home/joonmo/ws_moveit/install/moveit_resources_panda_description:/home/joonmo/ws_moveit/install/moveit_resources_fanuc_description:/home/joonmo/ws_moveit/install/moveit_common:/opt/ros/humble LD_LIBRARY_PATH=/home/joonmo/ws_moveit/install/moveit_task_constructor_core/lib:/home/joonmo/ws_moveit/install/pilz_industrial_motion_planner/lib:/home/joonmo/ws_moveit/install/moveit_ros_visualization/lib:/home/joonmo/ws_moveit/install/moveit_ros_planning_interface/lib:/home/joonmo/ws_moveit/install/moveit_ros_move_group/lib:/home/joonmo/ws_moveit/install/moveit_ros_warehouse/lib:/home/joonmo/ws_moveit/install/moveit_ros_robot_interaction/lib:/home/joonmo/ws_moveit/install/moveit_planners_ompl/lib:/home/joonmo/ws_moveit/install/moveit_kinematics/lib:/home/joonmo/ws_moveit/install/moveit_ros_planning/lib:/home/joonmo/ws_moveit/install/moveit_planners_chomp/lib:/home/joonmo/ws_moveit/install/pilz_industrial_motion_planner_testutils/lib:/home/joonmo/ws_moveit/install/moveit_simple_controller_manager/lib:/home/joonmo/ws_moveit/install/moveit_ros_occupancy_map_monitor/lib:/home/joonmo/ws_moveit/install/moveit_resources_prbt_ikfast_manipulator_plugin/lib:/home/joonmo/ws_moveit/install/chomp_motion_planner/lib:/home/joonmo/ws_moveit/install/moveit_core/lib:/home/joonmo/ws_moveit/install/rviz_marker_tools/lib:/home/joonmo/ws_moveit/install/srdfdom/lib:/home/joonmo/ws_moveit/install/moveit_task_constructor_msgs/lib:${LD_LIBRARY_PATH} PATH=/home/joonmo/ws_moveit/install/moveit_core/bin:${PATH} PYTHONPATH=/home/joonmo/ws_moveit/install/moveit_task_constructor_core/local/lib/python3.10/dist-packages:/home/joonmo/ws_moveit/install/moveit_configs_utils/lib/python3.10/site-packages:/home/joonmo/ws_moveit/install/srdfdom/local/lib/python3.10/dist-packages:/home/joonmo/ws_moveit/install/moveit_task_constructor_msgs/local/lib/python3.10/dist-packages:/home/joonmo/ws_moveit/install/launch_param_builder/lib/python3.10/site-packages:${PYTHONPATH} /usr/bin/cmake --install /home/joonmo/ws_moveit/build/moveit_task_constructor_visualization
[132.725s] -- Install configuration: "Release"
[132.725s] -- Installing: /home/joonmo/ws_moveit/install/moveit_task_constructor_visualization/include
[132.725s] -- Installing: /home/joonmo/ws_moveit/install/moveit_task_constructor_visualization/include/moveit
[132.725s] -- Installing: /home/joonmo/ws_moveit/install/moveit_task_constructor_visualization/include/moveit/visualization_tools
[132.725s] -- Installing: /home/joonmo/ws_moveit/install/moveit_task_constructor_visualization/include/moveit/visualization_tools/task_solution_visualization.h
[132.725s] -- Installing: /home/joonmo/ws_moveit/install/moveit_task_constructor_visualization/include/moveit/visualization_tools/display_solution.h
[132.725s] -- Installing: /home/joonmo/ws_moveit/install/moveit_task_constructor_visualization/include/moveit/visualization_tools/task_solution_panel.h
[132.725s] -- Installing: /home/joonmo/ws_moveit/install/moveit_task_constructor_visualization/include/moveit/visualization_tools/marker_visualization.h
[132.726s] -- Installing: /home/joonmo/ws_moveit/install/moveit_task_constructor_visualization/lib/libmoveit_task_visualization_tools.so.0.1.3
[132.726s] -- Set runtime path of "/home/joonmo/ws_moveit/install/moveit_task_constructor_visualization/lib/libmoveit_task_visualization_tools.so.0.1.3" to ""
[132.726s] -- Installing: /home/joonmo/ws_moveit/install/moveit_task_constructor_visualization/lib/libmoveit_task_visualization_tools.so
[132.726s] -- Installing: /home/joonmo/ws_moveit/install/moveit_task_constructor_visualization/lib/libmotion_planning_tasks_utils.so
[132.727s] -- Installing: /home/joonmo/ws_moveit/install/moveit_task_constructor_visualization/lib/libmotion_planning_tasks_properties.so
[132.727s] -- Set runtime path of "/home/joonmo/ws_moveit/install/moveit_task_constructor_visualization/lib/libmotion_planning_tasks_properties.so" to ""
[132.727s] -- Installing: /home/joonmo/ws_moveit/install/moveit_task_constructor_visualization/lib/libmotion_planning_tasks_rviz_plugin.so.0.1.3
[132.729s] -- Set runtime path of "/home/joonmo/ws_moveit/install/moveit_task_constructor_visualization/lib/libmotion_planning_tasks_rviz_plugin.so.0.1.3" to ""
[132.729s] -- Installing: /home/joonmo/ws_moveit/install/moveit_task_constructor_visualization/lib/libmotion_planning_tasks_rviz_plugin.so
[132.729s] -- Installing: /home/joonmo/ws_moveit/install/moveit_task_constructor_visualization/share/icons
[132.729s] -- Installing: /home/joonmo/ws_moveit/install/moveit_task_constructor_visualization/share/icons/classes
[132.729s] -- Installing: /home/joonmo/ws_moveit/install/moveit_task_constructor_visualization/share/icons/classes/Motion Planning Tasks.svg
[132.730s] -- Installing: /home/joonmo/ws_moveit/install/moveit_task_constructor_visualization/share/moveit_task_constructor_visualization/motion_planning_tasks_rviz_plugin_description.xml
[132.730s] -- Installing: /home/joonmo/ws_moveit/install/moveit_task_constructor_visualization/share/moveit_task_constructor_visualization/environment/library_path.sh
[132.730s] -- Installing: /home/joonmo/ws_moveit/install/moveit_task_constructor_visualization/share/moveit_task_constructor_visualization/environment/library_path.dsv
[132.730s] -- Installing: /home/joonmo/ws_moveit/install/moveit_task_constructor_visualization/share/ament_index/resource_index/package_run_dependencies/moveit_task_constructor_visualization
[132.730s] -- Installing: /home/joonmo/ws_moveit/install/moveit_task_constructor_visualization/share/ament_index/resource_index/parent_prefix_path/moveit_task_constructor_visualization
[132.730s] -- Installing: /home/joonmo/ws_moveit/install/moveit_task_constructor_visualization/share/moveit_task_constructor_visualization/environment/ament_prefix_path.sh
[132.730s] -- Installing: /home/joonmo/ws_moveit/install/moveit_task_constructor_visualization/share/moveit_task_constructor_visualization/environment/ament_prefix_path.dsv
[132.730s] -- Installing: /home/joonmo/ws_moveit/install/moveit_task_constructor_visualization/share/moveit_task_constructor_visualization/environment/path.sh
[132.730s] -- Installing: /home/joonmo/ws_moveit/install/moveit_task_constructor_visualization/share/moveit_task_constructor_visualization/environment/path.dsv
[132.730s] -- Installing: /home/joonmo/ws_moveit/install/moveit_task_constructor_visualization/share/moveit_task_constructor_visualization/local_setup.bash
[132.731s] -- Installing: /home/joonmo/ws_moveit/install/moveit_task_constructor_visualization/share/moveit_task_constructor_visualization/local_setup.sh
[132.731s] -- Installing: /home/joonmo/ws_moveit/install/moveit_task_constructor_visualization/share/moveit_task_constructor_visualization/local_setup.zsh
[132.731s] -- Installing: /home/joonmo/ws_moveit/install/moveit_task_constructor_visualization/share/moveit_task_constructor_visualization/local_setup.dsv
[132.731s] -- Installing: /home/joonmo/ws_moveit/install/moveit_task_constructor_visualization/share/moveit_task_constructor_visualization/package.dsv
[132.731s] -- Installing: /home/joonmo/ws_moveit/install/moveit_task_constructor_visualization/share/ament_index/resource_index/packages/moveit_task_constructor_visualization
[132.731s] -- Installing: /home/joonmo/ws_moveit/install/moveit_task_constructor_visualization/share/ament_index/resource_index/rviz_common__pluginlib__plugin/moveit_task_constructor_visualization
[132.731s] -- Installing: /home/joonmo/ws_moveit/install/moveit_task_constructor_visualization/share/moveit_task_constructor_visualization/cmake/ament_cmake_export_include_directories-extras.cmake
[132.731s] -- Installing: /home/joonmo/ws_moveit/install/moveit_task_constructor_visualization/share/moveit_task_constructor_visualization/cmake/ament_cmake_export_libraries-extras.cmake
[132.731s] -- Installing: /home/joonmo/ws_moveit/install/moveit_task_constructor_visualization/share/moveit_task_constructor_visualization/cmake/ament_cmake_export_dependencies-extras.cmake
[132.731s] -- Installing: /home/joonmo/ws_moveit/install/moveit_task_constructor_visualization/share/moveit_task_constructor_visualization/cmake/moveit_task_constructor_visualizationConfig.cmake
[132.731s] -- Installing: /home/joonmo/ws_moveit/install/moveit_task_constructor_visualization/share/moveit_task_constructor_visualization/cmake/moveit_task_constructor_visualizationConfig-version.cmake
[132.731s] -- Installing: /home/joonmo/ws_moveit/install/moveit_task_constructor_visualization/share/moveit_task_constructor_visualization/package.xml
[132.733s] Invoked command in '/home/joonmo/ws_moveit/build/moveit_task_constructor_visualization' returned '0': AMENT_PREFIX_PATH=/home/joonmo/ws_moveit/install/moveit_task_constructor_core:/home/joonmo/ws_moveit/install/moveit_planners:/home/joonmo/ws_moveit/install/pilz_industrial_motion_planner:/home/joonmo/ws_moveit/install/moveit_ros_visualization:/home/joonmo/ws_moveit/install/moveit_resources_prbt_pg70_support:/home/joonmo/ws_moveit/install/moveit_ros_planning_interface:/home/joonmo/ws_moveit/install/moveit_resources_prbt_moveit_config:/home/joonmo/ws_moveit/install/moveit_ros_move_group:/home/joonmo/ws_moveit/install/moveit_ros_warehouse:/home/joonmo/ws_moveit/install/moveit_ros_robot_interaction:/home/joonmo/ws_moveit/install/moveit_planners_ompl:/home/joonmo/ws_moveit/install/moveit_kinematics:/home/joonmo/ws_moveit/install/moveit_ros_planning:/home/joonmo/ws_moveit/install/moveit_planners_chomp:/home/joonmo/ws_moveit/install/pilz_industrial_motion_planner_testutils:/home/joonmo/ws_moveit/install/moveit_simple_controller_manager:/home/joonmo/ws_moveit/install/moveit_ros_occupancy_map_monitor:/home/joonmo/ws_moveit/install/moveit_resources_prbt_ikfast_manipulator_plugin:/home/joonmo/ws_moveit/install/chomp_motion_planner:/home/joonmo/ws_moveit/install/moveit_core:/home/joonmo/ws_moveit/install/rviz_marker_tools:/home/joonmo/ws_moveit/install/moveit_resources_panda_moveit_config:/home/joonmo/ws_moveit/install/moveit_resources_fanuc_moveit_config:/home/joonmo/ws_moveit/install/moveit_configs_utils:/home/joonmo/ws_moveit/install/srdfdom:/home/joonmo/ws_moveit/install/moveit_task_constructor_msgs:/home/joonmo/ws_moveit/install/moveit_resources_prbt_support:/home/joonmo/ws_moveit/install/moveit_resources_pr2_description:/home/joonmo/ws_moveit/install/moveit_resources_panda_description:/home/joonmo/ws_moveit/install/moveit_resources_fanuc_description:/home/joonmo/ws_moveit/install/moveit_common:/home/joonmo/ws_moveit/install/launch_param_builder:${AMENT_PREFIX_PATH} CMAKE_MODULE_PATH=/home/joonmo/ws_moveit/install/moveit_task_constructor_core/share/moveit_task_constructor_core/cmake CMAKE_PREFIX_PATH=/home/joonmo/ws_moveit/install/moveit_task_constructor_core:/home/joonmo/ws_moveit/install/moveit_planners:/home/joonmo/ws_moveit/install/pilz_industrial_motion_planner:/home/joonmo/ws_moveit/install/moveit_ros_visualization:/home/joonmo/ws_moveit/install/moveit_resources_prbt_pg70_support:/home/joonmo/ws_moveit/install/moveit_ros_planning_interface:/home/joonmo/ws_moveit/install/moveit_resources_prbt_moveit_config:/home/joonmo/ws_moveit/install/moveit_ros_move_group:/home/joonmo/ws_moveit/install/moveit_ros_warehouse:/home/joonmo/ws_moveit/install/moveit_ros_robot_interaction:/home/joonmo/ws_moveit/install/moveit_planners_ompl:/home/joonmo/ws_moveit/install/moveit_kinematics:/home/joonmo/ws_moveit/install/moveit_ros_planning:/home/joonmo/ws_moveit/install/moveit_planners_chomp:/home/joonmo/ws_moveit/install/pilz_industrial_motion_planner_testutils:/home/joonmo/ws_moveit/install/moveit_simple_controller_manager:/home/joonmo/ws_moveit/install/moveit_ros_occupancy_map_monitor:/home/joonmo/ws_moveit/install/moveit_resources_prbt_ikfast_manipulator_plugin:/home/joonmo/ws_moveit/install/chomp_motion_planner:/home/joonmo/ws_moveit/install/moveit_core:/home/joonmo/ws_moveit/install/rviz_marker_tools:/home/joonmo/ws_moveit/install/moveit_resources_panda_moveit_config:/home/joonmo/ws_moveit/install/moveit_resources_fanuc_moveit_config:/home/joonmo/ws_moveit/install/srdfdom:/home/joonmo/ws_moveit/install/moveit_task_constructor_msgs:/home/joonmo/ws_moveit/install/moveit_resources_prbt_support:/home/joonmo/ws_moveit/install/moveit_resources_pr2_description:/home/joonmo/ws_moveit/install/moveit_resources_panda_description:/home/joonmo/ws_moveit/install/moveit_resources_fanuc_description:/home/joonmo/ws_moveit/install/moveit_common:/opt/ros/humble LD_LIBRARY_PATH=/home/joonmo/ws_moveit/install/moveit_task_constructor_core/lib:/home/joonmo/ws_moveit/install/pilz_industrial_motion_planner/lib:/home/joonmo/ws_moveit/install/moveit_ros_visualization/lib:/home/joonmo/ws_moveit/install/moveit_ros_planning_interface/lib:/home/joonmo/ws_moveit/install/moveit_ros_move_group/lib:/home/joonmo/ws_moveit/install/moveit_ros_warehouse/lib:/home/joonmo/ws_moveit/install/moveit_ros_robot_interaction/lib:/home/joonmo/ws_moveit/install/moveit_planners_ompl/lib:/home/joonmo/ws_moveit/install/moveit_kinematics/lib:/home/joonmo/ws_moveit/install/moveit_ros_planning/lib:/home/joonmo/ws_moveit/install/moveit_planners_chomp/lib:/home/joonmo/ws_moveit/install/pilz_industrial_motion_planner_testutils/lib:/home/joonmo/ws_moveit/install/moveit_simple_controller_manager/lib:/home/joonmo/ws_moveit/install/moveit_ros_occupancy_map_monitor/lib:/home/joonmo/ws_moveit/install/moveit_resources_prbt_ikfast_manipulator_plugin/lib:/home/joonmo/ws_moveit/install/chomp_motion_planner/lib:/home/joonmo/ws_moveit/install/moveit_core/lib:/home/joonmo/ws_moveit/install/rviz_marker_tools/lib:/home/joonmo/ws_moveit/install/srdfdom/lib:/home/joonmo/ws_moveit/install/moveit_task_constructor_msgs/lib:${LD_LIBRARY_PATH} PATH=/home/joonmo/ws_moveit/install/moveit_core/bin:${PATH} PYTHONPATH=/home/joonmo/ws_moveit/install/moveit_task_constructor_core/local/lib/python3.10/dist-packages:/home/joonmo/ws_moveit/install/moveit_configs_utils/lib/python3.10/site-packages:/home/joonmo/ws_moveit/install/srdfdom/local/lib/python3.10/dist-packages:/home/joonmo/ws_moveit/install/moveit_task_constructor_msgs/local/lib/python3.10/dist-packages:/home/joonmo/ws_moveit/install/launch_param_builder/lib/python3.10/site-packages:${PYTHONPATH} /usr/bin/cmake --install /home/joonmo/ws_moveit/build/moveit_task_constructor_visualization
