[0.262s] Invoking command in '/home/joonmo/ws_moveit/build/moveit_resources_prbt_support': CMAKE_PREFIX_PATH=/opt/ros/humble /usr/bin/cmake /home/joonmo/ws_moveit/src/moveit2/moveit_planners/test_configs/prbt_support -DCMAKE_BUILD_TYPE=Release -DCMAKE_INSTALL_PREFIX=/home/joonmo/ws_moveit/install/moveit_resources_prbt_support
[0.324s] -- The C compiler identification is GNU 11.4.0
[0.400s] -- The CXX compiler identification is GNU 11.4.0
[0.409s] -- Detecting C compiler ABI info
[0.502s] -- Detecting C compiler ABI info - done
[0.511s] -- Check for working C compiler: /usr/bin/cc - skipped
[0.511s] -- Detecting C compile features
[0.511s] -- Detecting C compile features - done
[0.512s] -- Detecting CXX compiler ABI info
[0.596s] -- Detecting CXX compiler ABI info - done
[0.606s] -- Check for working CXX compiler: /usr/bin/c++ - skipped
[0.606s] -- Detecting CXX compile features
[0.607s] -- Detecting CXX compile features - done
[0.609s] -- Found ament_cmake: 1.3.11 (/opt/ros/humble/share/ament_cmake/cmake)
[0.779s] -- Found Python3: /usr/bin/python3 (found version "3.10.12") found components: Interpreter 
[0.969s] -- Configuring done
[0.971s] -- Generating done
[0.972s] -- Build files have been written to: /home/joonmo/ws_moveit/build/moveit_resources_prbt_support
[0.980s] Invoked command in '/home/joonmo/ws_moveit/build/moveit_resources_prbt_support' returned '0': CMAKE_PREFIX_PATH=/opt/ros/humble /usr/bin/cmake /home/joonmo/ws_moveit/src/moveit2/moveit_planners/test_configs/prbt_support -DCMAKE_BUILD_TYPE=Release -DCMAKE_INSTALL_PREFIX=/home/joonmo/ws_moveit/install/moveit_resources_prbt_support
[0.983s] Invoking command in '/home/joonmo/ws_moveit/build/moveit_resources_prbt_support': CMAKE_PREFIX_PATH=/opt/ros/humble /usr/bin/cmake --build /home/joonmo/ws_moveit/build/moveit_resources_prbt_support -- -j8 -l8
[1.188s] Invoked command in '/home/joonmo/ws_moveit/build/moveit_resources_prbt_support' returned '0': CMAKE_PREFIX_PATH=/opt/ros/humble /usr/bin/cmake --build /home/joonmo/ws_moveit/build/moveit_resources_prbt_support -- -j8 -l8
[1.190s] Invoking command in '/home/joonmo/ws_moveit/build/moveit_resources_prbt_support': CMAKE_PREFIX_PATH=/opt/ros/humble /usr/bin/cmake --install /home/joonmo/ws_moveit/build/moveit_resources_prbt_support
[1.200s] -- Install configuration: "Release"
[1.200s] -- Installing: /home/joonmo/ws_moveit/install/moveit_resources_prbt_support/share/ament_index/resource_index/package_run_dependencies/moveit_resources_prbt_support
[1.200s] -- Installing: /home/joonmo/ws_moveit/install/moveit_resources_prbt_support/share/ament_index/resource_index/parent_prefix_path/moveit_resources_prbt_support
[1.200s] -- Installing: /home/joonmo/ws_moveit/install/moveit_resources_prbt_support/share/moveit_resources_prbt_support/environment/ament_prefix_path.sh
[1.200s] -- Installing: /home/joonmo/ws_moveit/install/moveit_resources_prbt_support/share/moveit_resources_prbt_support/environment/ament_prefix_path.dsv
[1.200s] -- Installing: /home/joonmo/ws_moveit/install/moveit_resources_prbt_support/share/moveit_resources_prbt_support/environment/path.sh
[1.200s] -- Installing: /home/joonmo/ws_moveit/install/moveit_resources_prbt_support/share/moveit_resources_prbt_support/environment/path.dsv
[1.200s] -- Installing: /home/joonmo/ws_moveit/install/moveit_resources_prbt_support/share/moveit_resources_prbt_support/local_setup.bash
[1.200s] -- Installing: /home/joonmo/ws_moveit/install/moveit_resources_prbt_support/share/moveit_resources_prbt_support/local_setup.sh
[1.200s] -- Installing: /home/joonmo/ws_moveit/install/moveit_resources_prbt_support/share/moveit_resources_prbt_support/local_setup.zsh
[1.203s] -- Installing: /home/joonmo/ws_moveit/install/moveit_resources_prbt_support/share/moveit_resources_prbt_support/local_setup.dsv
[1.203s] -- Installing: /home/joonmo/ws_moveit/install/moveit_resources_prbt_support/share/moveit_resources_prbt_support/package.dsv
[1.203s] -- Installing: /home/joonmo/ws_moveit/install/moveit_resources_prbt_support/share/ament_index/resource_index/packages/moveit_resources_prbt_support
[1.203s] -- Installing: /home/joonmo/ws_moveit/install/moveit_resources_prbt_support/share/moveit_resources_prbt_support/cmake/moveit_resources_prbt_supportConfig.cmake
[1.203s] -- Installing: /home/joonmo/ws_moveit/install/moveit_resources_prbt_support/share/moveit_resources_prbt_support/cmake/moveit_resources_prbt_supportConfig-version.cmake
[1.203s] -- Installing: /home/joonmo/ws_moveit/install/moveit_resources_prbt_support/share/moveit_resources_prbt_support/package.xml
[1.203s] -- Installing: /home/joonmo/ws_moveit/install/moveit_resources_prbt_support/share/moveit_resources_prbt_support/urdf
[1.203s] -- Installing: /home/joonmo/ws_moveit/install/moveit_resources_prbt_support/share/moveit_resources_prbt_support/urdf/prbt_macro.xacro
[1.204s] -- Installing: /home/joonmo/ws_moveit/install/moveit_resources_prbt_support/share/moveit_resources_prbt_support/urdf/simple_gripper_brackets.urdf.xacro
[1.204s] -- Installing: /home/joonmo/ws_moveit/install/moveit_resources_prbt_support/share/moveit_resources_prbt_support/urdf/prbt.ros2_control.xacro
[1.204s] -- Installing: /home/joonmo/ws_moveit/install/moveit_resources_prbt_support/share/moveit_resources_prbt_support/urdf/prbt.xacro
[1.204s] -- Installing: /home/joonmo/ws_moveit/install/moveit_resources_prbt_support/share/moveit_resources_prbt_support/meshes
[1.204s] -- Installing: /home/joonmo/ws_moveit/install/moveit_resources_prbt_support/share/moveit_resources_prbt_support/meshes/link_1.stl
[1.204s] -- Installing: /home/joonmo/ws_moveit/install/moveit_resources_prbt_support/share/moveit_resources_prbt_support/meshes/link_3.stl
[1.204s] -- Installing: /home/joonmo/ws_moveit/install/moveit_resources_prbt_support/share/moveit_resources_prbt_support/meshes/link_2.stl
[1.204s] -- Installing: /home/joonmo/ws_moveit/install/moveit_resources_prbt_support/share/moveit_resources_prbt_support/meshes/flange.dae
[1.204s] -- Installing: /home/joonmo/ws_moveit/install/moveit_resources_prbt_support/share/moveit_resources_prbt_support/meshes/foot.stl
[1.204s] -- Installing: /home/joonmo/ws_moveit/install/moveit_resources_prbt_support/share/moveit_resources_prbt_support/meshes/link_4.stl
[1.204s] -- Installing: /home/joonmo/ws_moveit/install/moveit_resources_prbt_support/share/moveit_resources_prbt_support/meshes/flange.stl
[1.204s] -- Installing: /home/joonmo/ws_moveit/install/moveit_resources_prbt_support/share/moveit_resources_prbt_support/meshes/foot.dae
[1.204s] -- Installing: /home/joonmo/ws_moveit/install/moveit_resources_prbt_support/share/moveit_resources_prbt_support/meshes/link_1.dae
[1.204s] -- Installing: /home/joonmo/ws_moveit/install/moveit_resources_prbt_support/share/moveit_resources_prbt_support/meshes/link_3.dae
[1.204s] -- Installing: /home/joonmo/ws_moveit/install/moveit_resources_prbt_support/share/moveit_resources_prbt_support/meshes/link_4.dae
[1.204s] -- Installing: /home/joonmo/ws_moveit/install/moveit_resources_prbt_support/share/moveit_resources_prbt_support/meshes/link_5.dae
[1.205s] -- Installing: /home/joonmo/ws_moveit/install/moveit_resources_prbt_support/share/moveit_resources_prbt_support/meshes/link_2.dae
[1.205s] -- Installing: /home/joonmo/ws_moveit/install/moveit_resources_prbt_support/share/moveit_resources_prbt_support/meshes/link_5.stl
[1.205s] -- Installing: /home/joonmo/ws_moveit/install/moveit_resources_prbt_support/share/moveit_resources_prbt_support/config
[1.206s] -- Installing: /home/joonmo/ws_moveit/install/moveit_resources_prbt_support/share/moveit_resources_prbt_support/config/prbt_0_1.dcf
[1.206s] -- Installing: /home/joonmo/ws_moveit/install/moveit_resources_prbt_support/share/moveit_resources_prbt_support/config/manipulator_controller.yaml
[1.206s] -- Installing: /home/joonmo/ws_moveit/install/moveit_resources_prbt_support/share/moveit_resources_prbt_support/config/manipulator_driver.yaml
[1.209s] Invoked command in '/home/joonmo/ws_moveit/build/moveit_resources_prbt_support' returned '0': CMAKE_PREFIX_PATH=/opt/ros/humble /usr/bin/cmake --install /home/joonmo/ws_moveit/build/moveit_resources_prbt_support
