[0.022s] Invoking command in '/home/joonmo/ws_moveit/build/moveit_ros_planning': AMENT_PREFIX_PATH=/home/joonmo/ws_moveit/install/moveit_ros_occupancy_map_monitor:/home/joonmo/ws_moveit/install/moveit_core:/home/joonmo/ws_moveit/install/moveit_resources_panda_moveit_config:/home/joonmo/ws_moveit/install/moveit_configs_utils:/home/joonmo/ws_moveit/install/srdfdom:/home/joonmo/ws_moveit/install/moveit_resources_pr2_description:/home/joonmo/ws_moveit/install/moveit_resources_panda_description:/home/joonmo/ws_moveit/install/moveit_common:/home/joonmo/ws_moveit/install/launch_param_builder:${AMENT_PREFIX_PATH} CMAKE_PREFIX_PATH=/home/joonmo/ws_moveit/install/moveit_ros_occupancy_map_monitor:/home/joonmo/ws_moveit/install/moveit_core:/home/joonmo/ws_moveit/install/moveit_resources_panda_moveit_config:/home/joonmo/ws_moveit/install/srdfdom:/home/joonmo/ws_moveit/install/moveit_resources_pr2_description:/home/joonmo/ws_moveit/install/moveit_resources_panda_description:/home/joonmo/ws_moveit/install/moveit_common:/opt/ros/humble LD_LIBRARY_PATH=/home/joonmo/ws_moveit/install/moveit_ros_occupancy_map_monitor/lib:/home/joonmo/ws_moveit/install/moveit_core/lib:/home/joonmo/ws_moveit/install/srdfdom/lib:${LD_LIBRARY_PATH} PATH=/home/joonmo/ws_moveit/install/moveit_core/bin:${PATH} PYTHONPATH=/home/joonmo/ws_moveit/install/moveit_configs_utils/lib/python3.10/site-packages:/home/joonmo/ws_moveit/install/srdfdom/local/lib/python3.10/dist-packages:/home/joonmo/ws_moveit/install/launch_param_builder/lib/python3.10/site-packages:${PYTHONPATH} /usr/bin/cmake /home/joonmo/ws_moveit/src/moveit2/moveit_ros/planning -DCMAKE_BUILD_TYPE=Release -DCMAKE_INSTALL_PREFIX=/home/joonmo/ws_moveit/install/moveit_ros_planning
[0.092s] -- The C compiler identification is GNU 11.4.0
[0.166s] -- The CXX compiler identification is GNU 11.4.0
[0.177s] -- Detecting C compiler ABI info
[0.257s] -- Detecting C compiler ABI info - done
[0.272s] -- Check for working C compiler: /usr/bin/cc - skipped
[0.273s] -- Detecting C compile features
[0.274s] -- Detecting C compile features - done
[0.279s] -- Detecting CXX compiler ABI info
[0.374s] -- Detecting CXX compiler ABI info - done
[0.390s] -- Check for working CXX compiler: /usr/bin/c++ - skipped
[0.390s] -- Detecting CXX compile features
[0.391s] -- Detecting CXX compile features - done
[0.393s] -- Found moveit_common: 2.5.7 (/home/joonmo/ws_moveit/install/moveit_common/share/moveit_common/cmake)
[0.397s] -- Found ament_cmake: 1.3.11 (/opt/ros/humble/share/ament_cmake/cmake)
[0.589s] -- Found Python3: /usr/bin/python3 (found version "3.10.12") found components: Interpreter 
[0.802s] -- Found moveit_msgs: 2.2.1 (/opt/ros/humble/share/moveit_msgs/cmake)
[0.870s] -- Found rosidl_generator_c: 3.1.6 (/opt/ros/humble/share/rosidl_generator_c/cmake)
[0.880s] -- Found rosidl_adapter: 3.1.6 (/opt/ros/humble/share/rosidl_adapter/cmake)
[0.896s] -- Found rosidl_generator_cpp: 3.1.6 (/opt/ros/humble/share/rosidl_generator_cpp/cmake)
[0.920s] -- Using all available rosidl_typesupport_c: rosidl_typesupport_fastrtps_c;rosidl_typesupport_introspection_c
[0.952s] -- Using all available rosidl_typesupport_cpp: rosidl_typesupport_fastrtps_cpp;rosidl_typesupport_introspection_cpp
[1.336s] -- Found pluginlib: 5.1.0 (/opt/ros/humble/share/pluginlib/cmake)
[1.386s] -- Found rclcpp: 16.0.11 (/opt/ros/humble/share/rclcpp/cmake)
[1.463s] -- Found rmw_implementation_cmake: 6.1.2 (/opt/ros/humble/share/rmw_implementation_cmake/cmake)
[1.469s] -- Found rmw_fastrtps_cpp: 6.2.7 (/opt/ros/humble/share/rmw_fastrtps_cpp/cmake)
[1.522s] -- Found TinyXML2 via Config file: TinyXML2_DIR-NOTFOUND
[1.626s] -- Found OpenSSL: /usr/lib/x86_64-linux-gnu/libcrypto.so (found version "3.0.2")  
[1.633s] -- Found TinyXML2 via Config file: TinyXML2_DIR-NOTFOUND
[1.665s] -- Found FastRTPS: /opt/ros/humble/include  
[1.672s] -- Found TinyXML2 via Config file: TinyXML2_DIR-NOTFOUND
[1.688s] -- Found TinyXML2 via Config file: TinyXML2_DIR-NOTFOUND
[1.711s] -- Using RMW implementation 'rmw_fastrtps_cpp' as default
[1.728s] -- Looking for pthread.h
[1.916s] -- Looking for pthread.h - found
[1.917s] -- Performing Test CMAKE_HAVE_LIBC_PTHREAD
[2.107s] -- Performing Test CMAKE_HAVE_LIBC_PTHREAD - Success
[2.109s] -- Found Threads: TRUE  
[2.183s] -- Found message_filters: 4.3.5 (/opt/ros/humble/share/message_filters/cmake)
[2.188s] -- Found srdfdom: 2.0.7 (/home/joonmo/ws_moveit/install/srdfdom/share/srdfdom/cmake)
[2.213s] -- Found tf2: 0.25.11 (/opt/ros/humble/share/tf2/cmake)
[2.222s] -- Found tf2_geometry_msgs: 0.25.11 (/opt/ros/humble/share/tf2_geometry_msgs/cmake)
[2.246s] -- Found eigen3_cmake_module: 0.1.1 (/opt/ros/humble/share/eigen3_cmake_module/cmake)
[2.249s] -- Found Eigen3: TRUE (found version "3.4.0") 
[2.249s] -- Ensuring Eigen3 include directory is part of orocos-kdl CMake target
[2.366s] -- Found tf2_eigen: 0.25.11 (/opt/ros/humble/share/tf2_eigen/cmake)
[2.373s] -- Found moveit_core: 2.5.7 (/home/joonmo/ws_moveit/install/moveit_core/share/moveit_core/cmake)
[2.429s] -- Found Boost: /usr/lib/x86_64-linux-gnu/cmake/Boost-1.74.0/BoostConfig.cmake (found version "1.74.0") found components: chrono date_time filesystem iostreams program_options regex serialization system thread 
[2.511s] -- Found parameter_traits: 0.4.0 (/opt/ros/humble/share/parameter_traits/cmake)
[2.534s] -- Found rclcpp_lifecycle: 16.0.11 (/opt/ros/humble/share/rclcpp_lifecycle/cmake)
[2.574s] -- Found Boost: /usr/lib/x86_64-linux-gnu/cmake/Boost-1.74.0/BoostConfig.cmake (found version "1.74.0") found components: filesystem 
[2.735s] -- library: /usr/lib/x86_64-linux-gnu/libcurl.so
[2.839s] -- Found moveit_ros_occupancy_map_monitor: 2.5.7 (/home/joonmo/ws_moveit/install/moveit_ros_occupancy_map_monitor/share/moveit_ros_occupancy_map_monitor/cmake)
[2.869s] -- Found Boost: /usr/lib/x86_64-linux-gnu/cmake/Boost-1.74.0/BoostConfig.cmake (found version "1.74.0") found components: system filesystem date_time program_options thread chrono 
[2.939s] -- Performing Test COMPILER_HAS_HIDDEN_VISIBILITY
[3.146s] -- Performing Test COMPILER_HAS_HIDDEN_VISIBILITY - Success
[3.147s] -- Performing Test COMPILER_HAS_HIDDEN_INLINE_VISIBILITY
[3.353s] -- Performing Test COMPILER_HAS_HIDDEN_INLINE_VISIBILITY - Success
[3.353s] -- Performing Test COMPILER_HAS_DEPRECATED_ATTR
[3.560s] -- Performing Test COMPILER_HAS_DEPRECATED_ATTR - Success
[3.622s] -- Found ament_cmake_gtest: 1.3.11 (/opt/ros/humble/share/ament_cmake_gtest/cmake)
[3.625s] -- Found ament_cmake_gmock: 1.3.11 (/opt/ros/humble/share/ament_cmake_gmock/cmake)
[3.629s] -- Found ros_testing: 0.4.0 (/opt/ros/humble/share/ros_testing/cmake)
[3.631s] -- Found launch_testing_ament_cmake: 1.0.7 (/opt/ros/humble/share/launch_testing_ament_cmake/cmake)
[3.634s] -- Found python_cmake_module: 0.10.0 (/opt/ros/humble/share/python_cmake_module/cmake)
[3.675s] -- Found PythonInterp: /usr/bin/python3 (found suitable version "3.10.12", minimum required is "3.6") 
[3.685s] -- Found PythonLibs: /usr/lib/x86_64-linux-gnu/libpython3.10.so (found suitable version "3.10.12", minimum required is "3.5") 
[3.685s] -- Using PYTHON_EXECUTABLE: /usr/bin/python3
[3.685s] -- Using PYTHON_INCLUDE_DIRS: /usr/include/python3.10
[3.686s] -- Using PYTHON_LIBRARIES: /usr/lib/x86_64-linux-gnu/libpython3.10.so
[3.728s] -- Found PythonExtra: .so  
[3.732s] -- Found gmock sources under '/opt/ros/humble/src/gmock_vendor': C++ tests using 'Google Mock' will be built
[3.742s] -- Found gtest sources under '/opt/ros/humble/src/gtest_vendor': C++ tests using 'Google Test' will be built
[3.819s] -- Found ament_lint_auto: 0.12.11 (/opt/ros/humble/share/ament_lint_auto/cmake)
[3.860s] -- Found launch_testing_ament_cmake: 1.0.7 (/opt/ros/humble/share/launch_testing_ament_cmake/cmake)
[3.861s] -- Found python_cmake_module: 0.10.0 (/opt/ros/humble/share/python_cmake_module/cmake)
[3.906s] -- Using PYTHON_EXECUTABLE: /usr/bin/python3
[3.906s] -- Using PYTHON_INCLUDE_DIRS: /usr/include/python3.10
[3.906s] -- Using PYTHON_LIBRARIES: /usr/lib/x86_64-linux-gnu/libpython3.10.so
[3.928s] -- Added test 'cppcheck' to perform static code analysis on C / C++ code
[3.928s] -- Configured cppcheck include dirs: /home/joonmo/ws_moveit/src/moveit2/moveit_ros/planning/rdf_loader/include;/home/joonmo/ws_moveit/src/moveit2/moveit_ros/planning/kinematics_plugin_loader/include;/home/joonmo/ws_moveit/src/moveit2/moveit_ros/planning/robot_model_loader/include;/home/joonmo/ws_moveit/src/moveit2/moveit_ros/planning/constraint_sampler_manager_loader/include;/home/joonmo/ws_moveit/src/moveit2/moveit_ros/planning/planning_pipeline/include;/home/joonmo/ws_moveit/src/moveit2/moveit_ros/planning/planning_scene_monitor/include;/home/joonmo/ws_moveit/src/moveit2/moveit_ros/planning/trajectory_execution_manager/include;/home/joonmo/ws_moveit/src/moveit2/moveit_ros/planning/plan_execution/include;/home/joonmo/ws_moveit/src/moveit2/moveit_ros/planning/collision_plugin_loader/include;/home/joonmo/ws_moveit/src/moveit2/moveit_ros/planning/moveit_cpp/include
[3.929s] -- Configured cppcheck exclude dirs and/or files: 
[3.932s] -- Added test 'lint_cmake' to check CMake code style
[3.935s] -- Added test 'pep257' to check Python code against some of the docstring style conventions in PEP 257
[3.938s] -- Added test 'xmllint' to check XML markup files
[3.942s] -- Configuring done
[4.586s] -- Generating done
[4.756s] -- Build files have been written to: /home/joonmo/ws_moveit/build/moveit_ros_planning
[4.785s] Invoked command in '/home/joonmo/ws_moveit/build/moveit_ros_planning' returned '0': AMENT_PREFIX_PATH=/home/joonmo/ws_moveit/install/moveit_ros_occupancy_map_monitor:/home/joonmo/ws_moveit/install/moveit_core:/home/joonmo/ws_moveit/install/moveit_resources_panda_moveit_config:/home/joonmo/ws_moveit/install/moveit_configs_utils:/home/joonmo/ws_moveit/install/srdfdom:/home/joonmo/ws_moveit/install/moveit_resources_pr2_description:/home/joonmo/ws_moveit/install/moveit_resources_panda_description:/home/joonmo/ws_moveit/install/moveit_common:/home/joonmo/ws_moveit/install/launch_param_builder:${AMENT_PREFIX_PATH} CMAKE_PREFIX_PATH=/home/joonmo/ws_moveit/install/moveit_ros_occupancy_map_monitor:/home/joonmo/ws_moveit/install/moveit_core:/home/joonmo/ws_moveit/install/moveit_resources_panda_moveit_config:/home/joonmo/ws_moveit/install/srdfdom:/home/joonmo/ws_moveit/install/moveit_resources_pr2_description:/home/joonmo/ws_moveit/install/moveit_resources_panda_description:/home/joonmo/ws_moveit/install/moveit_common:/opt/ros/humble LD_LIBRARY_PATH=/home/joonmo/ws_moveit/install/moveit_ros_occupancy_map_monitor/lib:/home/joonmo/ws_moveit/install/moveit_core/lib:/home/joonmo/ws_moveit/install/srdfdom/lib:${LD_LIBRARY_PATH} PATH=/home/joonmo/ws_moveit/install/moveit_core/bin:${PATH} PYTHONPATH=/home/joonmo/ws_moveit/install/moveit_configs_utils/lib/python3.10/site-packages:/home/joonmo/ws_moveit/install/srdfdom/local/lib/python3.10/dist-packages:/home/joonmo/ws_moveit/install/launch_param_builder/lib/python3.10/site-packages:${PYTHONPATH} /usr/bin/cmake /home/joonmo/ws_moveit/src/moveit2/moveit_ros/planning -DCMAKE_BUILD_TYPE=Release -DCMAKE_INSTALL_PREFIX=/home/joonmo/ws_moveit/install/moveit_ros_planning
[4.788s] Invoking command in '/home/joonmo/ws_moveit/build/moveit_ros_planning': AMENT_PREFIX_PATH=/home/joonmo/ws_moveit/install/moveit_ros_occupancy_map_monitor:/home/joonmo/ws_moveit/install/moveit_core:/home/joonmo/ws_moveit/install/moveit_resources_panda_moveit_config:/home/joonmo/ws_moveit/install/moveit_configs_utils:/home/joonmo/ws_moveit/install/srdfdom:/home/joonmo/ws_moveit/install/moveit_resources_pr2_description:/home/joonmo/ws_moveit/install/moveit_resources_panda_description:/home/joonmo/ws_moveit/install/moveit_common:/home/joonmo/ws_moveit/install/launch_param_builder:${AMENT_PREFIX_PATH} CMAKE_PREFIX_PATH=/home/joonmo/ws_moveit/install/moveit_ros_occupancy_map_monitor:/home/joonmo/ws_moveit/install/moveit_core:/home/joonmo/ws_moveit/install/moveit_resources_panda_moveit_config:/home/joonmo/ws_moveit/install/srdfdom:/home/joonmo/ws_moveit/install/moveit_resources_pr2_description:/home/joonmo/ws_moveit/install/moveit_resources_panda_description:/home/joonmo/ws_moveit/install/moveit_common:/opt/ros/humble LD_LIBRARY_PATH=/home/joonmo/ws_moveit/install/moveit_ros_occupancy_map_monitor/lib:/home/joonmo/ws_moveit/install/moveit_core/lib:/home/joonmo/ws_moveit/install/srdfdom/lib:${LD_LIBRARY_PATH} PATH=/home/joonmo/ws_moveit/install/moveit_core/bin:${PATH} PYTHONPATH=/home/joonmo/ws_moveit/install/moveit_configs_utils/lib/python3.10/site-packages:/home/joonmo/ws_moveit/install/srdfdom/local/lib/python3.10/dist-packages:/home/joonmo/ws_moveit/install/launch_param_builder/lib/python3.10/site-packages:${PYTHONPATH} /usr/bin/cmake --build /home/joonmo/ws_moveit/build/moveit_ros_planning -- -j8 -l8
[4.850s] [  1%] [32mBuilding CXX object rdf_loader/CMakeFiles/moveit_rdf_loader.dir/src/rdf_loader.cpp.o[0m
[4.861s] [  4%] [32mBuilding CXX object planning_pipeline/CMakeFiles/moveit_planning_pipeline.dir/src/planning_pipeline.cpp.o[0m
[4.861s] [  4%] [32mBuilding CXX object collision_plugin_loader/CMakeFiles/moveit_collision_plugin_loader.dir/src/collision_plugin_loader.cpp.o[0m
[5.877s] [  5%] [32mBuilding CXX object gtest/CMakeFiles/gtest_main.dir/src/gtest_main.cc.o[0m
[5.877s] [  7%] [32mBuilding CXX object gmock/CMakeFiles/gmock.dir/opt/ros/humble/src/gtest_vendor/src/gtest-all.cc.o[0m
[6.901s] [  8%] [32mBuilding CXX object gmock/CMakeFiles/gmock_main.dir/src/gmock_main.cc.o[0m
[6.901s] [ 10%] [32mBuilding CXX object planning_request_adapter_plugins/CMakeFiles/moveit_list_request_adapter_plugins.dir/src/list.cpp.o[0m
[7.661s] [ 11%] [32m[1mLinking CXX static library libgtest_main.a[0m
[7.712s] [ 11%] Built target gtest_main
[7.765s] [ 13%] [32mBuilding CXX object planning_request_adapter_plugins/CMakeFiles/moveit_default_planning_request_adapter_plugins.dir/src/empty.cpp.o[0m
[7.791s] [ 14%] [32mBuilding CXX object gtest/CMakeFiles/gtest.dir/src/gtest-all.cc.o[0m
[9.598s] [ 16%] [32m[1mLinking CXX static library libgmock_main.a[0m
[9.708s] [ 16%] Built target gmock_main
[9.741s] [ 17%] [32mBuilding CXX object gmock/CMakeFiles/gmock.dir/src/gmock-all.cc.o[0m
[12.487s] [ 19%] [32mBuilding CXX object rdf_loader/CMakeFiles/moveit_rdf_loader.dir/src/synchronized_string_parameter.cpp.o[0m
[16.241s] [ 20%] [32mBuilding CXX object planning_request_adapter_plugins/CMakeFiles/moveit_default_planning_request_adapter_plugins.dir/src/fix_start_state_bounds.cpp.o[0m
[21.026s] [ 22%] [32m[1mLinking CXX shared library libmoveit_collision_plugin_loader.so[0m
[21.405s] [ 22%] Built target moveit_collision_plugin_loader
[21.427s] [ 23%] [32mBuilding CXX object planning_request_adapter_plugins/CMakeFiles/moveit_default_planning_request_adapter_plugins.dir/src/fix_start_state_collision.cpp.o[0m
[23.634s] [ 25%] [32m[1mLinking CXX static library libgmock.a[0m
[23.785s] [ 25%] Built target gmock
[23.824s] [ 26%] [32mBuilding CXX object planning_request_adapter_plugins/CMakeFiles/moveit_default_planning_request_adapter_plugins.dir/src/fix_start_state_path_constraints.cpp.o[0m
[23.941s] [ 27%] [32mBuilding CXX object planning_request_adapter_plugins/CMakeFiles/moveit_default_planning_request_adapter_plugins.dir/src/fix_workspace_bounds.cpp.o[0m
[24.128s] [ 29%] [32m[1mLinking CXX static library libgtest.a[0m
[24.272s] [ 29%] Built target gtest
[24.302s] [ 30%] [32mBuilding CXX object planning_request_adapter_plugins/CMakeFiles/moveit_default_planning_request_adapter_plugins.dir/src/add_time_parameterization.cpp.o[0m
[35.259s] [ 32%] [32m[1mLinking CXX executable moveit_list_request_adapter_plugins[0m
[35.813s] [ 32%] Built target moveit_list_request_adapter_plugins
[38.920s] [ 33%] [32m[1mLinking CXX shared library libmoveit_rdf_loader.so[0m
[39.364s] [ 33%] Built target moveit_rdf_loader
[40.972s] [ 35%] [32mBuilding CXX object kinematics_plugin_loader/CMakeFiles/moveit_kinematics_plugin_loader.dir/src/kinematics_plugin_loader.cpp.o[0m
[41.098s] [ 36%] [32mBuilding CXX object planning_request_adapter_plugins/CMakeFiles/moveit_default_planning_request_adapter_plugins.dir/src/resolve_constraint_frames.cpp.o[0m
[41.771s] [ 38%] [32mBuilding CXX object planning_request_adapter_plugins/CMakeFiles/moveit_default_planning_request_adapter_plugins.dir/src/add_time_optimal_parameterization.cpp.o[0m
[42.628s] [ 39%] [32m[1mLinking CXX shared library libmoveit_planning_pipeline.so[0m
[42.908s] [ 39%] Built target moveit_planning_pipeline
[42.933s] [ 41%] [32mBuilding CXX object constraint_sampler_manager_loader/CMakeFiles/moveit_constraint_sampler_manager_loader.dir/src/constraint_sampler_manager_loader.cpp.o[0m
[50.295s] [ 44%] [32mBuilding CXX object planning_request_adapter_plugins/CMakeFiles/moveit_default_planning_request_adapter_plugins.dir/src/add_iterative_spline_parameterization.cpp.o[0m
[50.295s] [ 44%] [32mBuilding CXX object planning_request_adapter_plugins/CMakeFiles/moveit_default_planning_request_adapter_plugins.dir/src/add_ruckig_traj_smoothing.cpp.o[0m
[55.426s] [ 45%] [32m[1mLinking CXX shared library libmoveit_kinematics_plugin_loader.so[0m
[55.665s] [ 45%] Built target moveit_kinematics_plugin_loader
[55.688s] [ 47%] [32mBuilding CXX object robot_model_loader/CMakeFiles/moveit_robot_model_loader.dir/src/robot_model_loader.cpp.o[0m
[57.989s] [ 48%] [32m[1mLinking CXX shared library libmoveit_constraint_sampler_manager_loader.so[0m
[58.274s] [ 48%] Built target moveit_constraint_sampler_manager_loader
[58.620s] [ 50%] [32m[1mLinking CXX shared library libmoveit_default_planning_request_adapter_plugins.so[0m
[58.822s] [ 50%] Built target moveit_default_planning_request_adapter_plugins
[61.344s] [ 51%] [32m[1mLinking CXX shared library libmoveit_robot_model_loader.so[0m
[61.489s] [ 51%] Built target moveit_robot_model_loader
[61.505s] [ 54%] [32mBuilding CXX object planning_scene_monitor/CMakeFiles/moveit_planning_scene_monitor.dir/src/trajectory_monitor_middleware_handle.cpp.o[0m
[61.505s] [ 54%] [32mBuilding CXX object planning_scene_monitor/CMakeFiles/moveit_planning_scene_monitor.dir/src/current_state_monitor_middleware_handle.cpp.o[0m
[61.505s] [ 57%] [32mBuilding CXX object planning_components_tools/CMakeFiles/moveit_print_planning_model_info.dir/src/print_planning_model_info.cpp.o[0m
[61.505s] [ 57%] [32mBuilding CXX object planning_scene_monitor/CMakeFiles/moveit_planning_scene_monitor.dir/src/planning_scene_monitor.cpp.o[0m
[61.505s] [ 58%] [32mBuilding CXX object planning_scene_monitor/CMakeFiles/moveit_planning_scene_monitor.dir/src/current_state_monitor.cpp.o[0m
[61.506s] [ 60%] [32mBuilding CXX object planning_scene_monitor/CMakeFiles/moveit_planning_scene_monitor.dir/src/trajectory_monitor.cpp.o[0m
[71.533s] [ 61%] [32m[1mLinking CXX executable moveit_print_planning_model_info[0m
[72.002s] [ 61%] Built target moveit_print_planning_model_info
[93.413s] [ 63%] [32m[1mLinking CXX shared library libmoveit_planning_scene_monitor.so[0m
[93.741s] [ 63%] Built target moveit_planning_scene_monitor
[93.764s] [ 70%] [32mBuilding CXX object planning_components_tools/CMakeFiles/moveit_evaluate_collision_checking_speed.dir/src/evaluate_collision_checking_speed.cpp.o[0m
[93.764s] [ 70%] [32mBuilding CXX object planning_scene_monitor/CMakeFiles/demo_scene.dir/demos/demo_scene.cpp.o[0m
[93.764s] [ 70%] [32mBuilding CXX object planning_scene_monitor/CMakeFiles/current_state_monitor_tests.dir/test/current_state_monitor_tests.cpp.o[0m
[93.764s] [ 70%] [32mBuilding CXX object planning_components_tools/CMakeFiles/moveit_display_random_state.dir/src/display_random_state.cpp.o[0m
[93.764s] [ 75%] [32mBuilding CXX object planning_scene_monitor/CMakeFiles/planning_scene_monitor_test.dir/test/planning_scene_monitor_test.cpp.o[0m
[93.764s] [ 75%] [32mBuilding CXX object planning_components_tools/CMakeFiles/moveit_visualize_robot_collision_volume.dir/src/visualize_robot_collision_volume.cpp.o[0m
[93.764s] [ 75%] [32mBuilding CXX object planning_components_tools/CMakeFiles/moveit_print_planning_scene_info.dir/src/print_planning_scene_info.cpp.o[0m
[93.765s] [ 75%] [32mBuilding CXX object planning_scene_monitor/CMakeFiles/trajectory_monitor_tests.dir/test/trajectory_monitor_tests.cpp.o[0m
[111.640s] [ 76%] [32m[1mLinking CXX executable moveit_print_planning_scene_info[0m
[112.300s] [ 76%] Built target moveit_print_planning_scene_info
[112.339s] [ 77%] [32mBuilding CXX object planning_components_tools/CMakeFiles/moveit_publish_scene_from_text.dir/src/publish_scene_from_text.cpp.o[0m
[115.733s] [ 79%] [32m[1mLinking CXX executable moveit_evaluate_collision_checking_speed[0m
[115.920s] [ 80%] [32m[1mLinking CXX executable current_state_monitor_tests[0m
[115.985s] [ 82%] [32m[1mLinking CXX executable trajectory_monitor_tests[0m
[116.528s] [ 82%] Built target moveit_evaluate_collision_checking_speed
[116.569s] [ 83%] [32mBuilding CXX object trajectory_execution_manager/CMakeFiles/moveit_trajectory_execution_manager.dir/src/trajectory_execution_manager.cpp.o[0m
[116.889s] [ 83%] Built target current_state_monitor_tests
[116.916s] [ 83%] Built target trajectory_monitor_tests
[116.921s] [ 85%] [32m[1mLinking CXX executable planning_scene_monitor_test[0m
[116.929s] [ 86%] [32m[1mLinking CXX executable demo_scene[0m
[117.182s] [ 88%] [32m[1mLinking CXX executable moveit_visualize_robot_collision_volume[0m
[117.306s] [ 88%] Built target demo_scene
[117.404s] [ 89%] [32m[1mLinking CXX executable moveit_display_random_state[0m
[117.583s] [ 89%] Built target planning_scene_monitor_test
[117.633s] [ 89%] Built target moveit_visualize_robot_collision_volume
[117.832s] [ 89%] Built target moveit_display_random_state
[127.258s] [ 91%] [32m[1mLinking CXX executable moveit_publish_scene_from_text[0m
[127.567s] [ 91%] Built target moveit_publish_scene_from_text
[137.925s] [ 92%] [32m[1mLinking CXX shared library libmoveit_trajectory_execution_manager.so[0m
[138.151s] [ 92%] Built target moveit_trajectory_execution_manager
[138.167s] [ 97%] [32mBuilding CXX object plan_execution/CMakeFiles/moveit_plan_execution.dir/src/plan_execution.cpp.o[0m
[138.168s] [ 97%] [32mBuilding CXX object moveit_cpp/CMakeFiles/moveit_cpp.dir/src/moveit_cpp.cpp.o[0m
[138.168s] [ 97%] [32mBuilding CXX object moveit_cpp/CMakeFiles/moveit_cpp.dir/src/planning_component.cpp.o[0m
[148.786s] [ 98%] [32m[1mLinking CXX shared library libmoveit_plan_execution.so[0m
[149.059s] [ 98%] Built target moveit_plan_execution
[152.592s] [100%] [32m[1mLinking CXX shared library libmoveit_cpp.so[0m
[152.811s] [100%] Built target moveit_cpp
[152.822s] Invoked command in '/home/joonmo/ws_moveit/build/moveit_ros_planning' returned '0': AMENT_PREFIX_PATH=/home/joonmo/ws_moveit/install/moveit_ros_occupancy_map_monitor:/home/joonmo/ws_moveit/install/moveit_core:/home/joonmo/ws_moveit/install/moveit_resources_panda_moveit_config:/home/joonmo/ws_moveit/install/moveit_configs_utils:/home/joonmo/ws_moveit/install/srdfdom:/home/joonmo/ws_moveit/install/moveit_resources_pr2_description:/home/joonmo/ws_moveit/install/moveit_resources_panda_description:/home/joonmo/ws_moveit/install/moveit_common:/home/joonmo/ws_moveit/install/launch_param_builder:${AMENT_PREFIX_PATH} CMAKE_PREFIX_PATH=/home/joonmo/ws_moveit/install/moveit_ros_occupancy_map_monitor:/home/joonmo/ws_moveit/install/moveit_core:/home/joonmo/ws_moveit/install/moveit_resources_panda_moveit_config:/home/joonmo/ws_moveit/install/srdfdom:/home/joonmo/ws_moveit/install/moveit_resources_pr2_description:/home/joonmo/ws_moveit/install/moveit_resources_panda_description:/home/joonmo/ws_moveit/install/moveit_common:/opt/ros/humble LD_LIBRARY_PATH=/home/joonmo/ws_moveit/install/moveit_ros_occupancy_map_monitor/lib:/home/joonmo/ws_moveit/install/moveit_core/lib:/home/joonmo/ws_moveit/install/srdfdom/lib:${LD_LIBRARY_PATH} PATH=/home/joonmo/ws_moveit/install/moveit_core/bin:${PATH} PYTHONPATH=/home/joonmo/ws_moveit/install/moveit_configs_utils/lib/python3.10/site-packages:/home/joonmo/ws_moveit/install/srdfdom/local/lib/python3.10/dist-packages:/home/joonmo/ws_moveit/install/launch_param_builder/lib/python3.10/site-packages:${PYTHONPATH} /usr/bin/cmake --build /home/joonmo/ws_moveit/build/moveit_ros_planning -- -j8 -l8
[152.824s] Invoking command in '/home/joonmo/ws_moveit/build/moveit_ros_planning': AMENT_PREFIX_PATH=/home/joonmo/ws_moveit/install/moveit_ros_occupancy_map_monitor:/home/joonmo/ws_moveit/install/moveit_core:/home/joonmo/ws_moveit/install/moveit_resources_panda_moveit_config:/home/joonmo/ws_moveit/install/moveit_configs_utils:/home/joonmo/ws_moveit/install/srdfdom:/home/joonmo/ws_moveit/install/moveit_resources_pr2_description:/home/joonmo/ws_moveit/install/moveit_resources_panda_description:/home/joonmo/ws_moveit/install/moveit_common:/home/joonmo/ws_moveit/install/launch_param_builder:${AMENT_PREFIX_PATH} CMAKE_PREFIX_PATH=/home/joonmo/ws_moveit/install/moveit_ros_occupancy_map_monitor:/home/joonmo/ws_moveit/install/moveit_core:/home/joonmo/ws_moveit/install/moveit_resources_panda_moveit_config:/home/joonmo/ws_moveit/install/srdfdom:/home/joonmo/ws_moveit/install/moveit_resources_pr2_description:/home/joonmo/ws_moveit/install/moveit_resources_panda_description:/home/joonmo/ws_moveit/install/moveit_common:/opt/ros/humble LD_LIBRARY_PATH=/home/joonmo/ws_moveit/install/moveit_ros_occupancy_map_monitor/lib:/home/joonmo/ws_moveit/install/moveit_core/lib:/home/joonmo/ws_moveit/install/srdfdom/lib:${LD_LIBRARY_PATH} PATH=/home/joonmo/ws_moveit/install/moveit_core/bin:${PATH} PYTHONPATH=/home/joonmo/ws_moveit/install/moveit_configs_utils/lib/python3.10/site-packages:/home/joonmo/ws_moveit/install/srdfdom/local/lib/python3.10/dist-packages:/home/joonmo/ws_moveit/install/launch_param_builder/lib/python3.10/site-packages:${PYTHONPATH} /usr/bin/cmake --install /home/joonmo/ws_moveit/build/moveit_ros_planning
[152.832s] -- Install configuration: "Release"
[152.832s] -- Installing: /home/joonmo/ws_moveit/install/moveit_ros_planning/include
[152.832s] -- Installing: /home/joonmo/ws_moveit/install/moveit_ros_planning/include/moveit
[152.832s] -- Installing: /home/joonmo/ws_moveit/install/moveit_ros_planning/include/moveit/rdf_loader
[152.833s] -- Installing: /home/joonmo/ws_moveit/install/moveit_ros_planning/include/moveit/rdf_loader/rdf_loader.h
[152.833s] -- Installing: /home/joonmo/ws_moveit/install/moveit_ros_planning/include/moveit/rdf_loader/synchronized_string_parameter.h
[152.833s] -- Installing: /home/joonmo/ws_moveit/install/moveit_ros_planning/share/moveit_ros_planning/rdf_loader/test/data
[152.833s] -- Installing: /home/joonmo/ws_moveit/install/moveit_ros_planning/share/moveit_ros_planning/rdf_loader/test/data/gonzo.urdf
[152.833s] -- Installing: /home/joonmo/ws_moveit/install/moveit_ros_planning/share/moveit_ros_planning/rdf_loader/test/data/kermit.srdf
[152.833s] -- Installing: /home/joonmo/ws_moveit/install/moveit_ros_planning/share/moveit_ros_planning/rdf_loader/test/data/robin.srdf.xacro
[152.833s] -- Installing: /home/joonmo/ws_moveit/install/moveit_ros_planning/share/moveit_ros_planning/rdf_loader/test/data/kermit.urdf
[152.833s] -- Installing: /home/joonmo/ws_moveit/install/moveit_ros_planning/share/moveit_ros_planning/rdf_loader/test/data/gonzo.srdf
[152.833s] -- Installing: /home/joonmo/ws_moveit/install/moveit_ros_planning/share/moveit_ros_planning/rdf_loader/test/launch
[152.833s] -- Installing: /home/joonmo/ws_moveit/install/moveit_ros_planning/share/moveit_ros_planning/rdf_loader/test/launch/test_rdf_integration.test.py
[152.833s] -- Up-to-date: /home/joonmo/ws_moveit/install/moveit_ros_planning/include
[152.833s] -- Up-to-date: /home/joonmo/ws_moveit/install/moveit_ros_planning/include/moveit
[152.833s] -- Installing: /home/joonmo/ws_moveit/install/moveit_ros_planning/include/moveit/collision_plugin_loader
[152.833s] -- Installing: /home/joonmo/ws_moveit/install/moveit_ros_planning/include/moveit/collision_plugin_loader/collision_plugin_loader.h
[152.833s] -- Up-to-date: /home/joonmo/ws_moveit/install/moveit_ros_planning/include
[152.833s] -- Up-to-date: /home/joonmo/ws_moveit/install/moveit_ros_planning/include/moveit
[152.833s] -- Installing: /home/joonmo/ws_moveit/install/moveit_ros_planning/include/moveit/kinematics_plugin_loader
[152.833s] -- Installing: /home/joonmo/ws_moveit/install/moveit_ros_planning/include/moveit/kinematics_plugin_loader/kinematics_plugin_loader.h
[152.833s] -- Up-to-date: /home/joonmo/ws_moveit/install/moveit_ros_planning/include
[152.834s] -- Up-to-date: /home/joonmo/ws_moveit/install/moveit_ros_planning/include/moveit
[152.834s] -- Installing: /home/joonmo/ws_moveit/install/moveit_ros_planning/include/moveit/robot_model_loader
[152.834s] -- Installing: /home/joonmo/ws_moveit/install/moveit_ros_planning/include/moveit/robot_model_loader/robot_model_loader.h
[152.834s] -- Up-to-date: /home/joonmo/ws_moveit/install/moveit_ros_planning/include
[152.834s] -- Up-to-date: /home/joonmo/ws_moveit/install/moveit_ros_planning/include/moveit
[152.834s] -- Installing: /home/joonmo/ws_moveit/install/moveit_ros_planning/include/moveit/constraint_sampler_manager_loader
[152.834s] -- Installing: /home/joonmo/ws_moveit/install/moveit_ros_planning/include/moveit/constraint_sampler_manager_loader/constraint_sampler_manager_loader.h
[152.834s] -- Up-to-date: /home/joonmo/ws_moveit/install/moveit_ros_planning/include
[152.834s] -- Up-to-date: /home/joonmo/ws_moveit/install/moveit_ros_planning/include/moveit
[152.834s] -- Installing: /home/joonmo/ws_moveit/install/moveit_ros_planning/include/moveit/planning_pipeline
[152.834s] -- Installing: /home/joonmo/ws_moveit/install/moveit_ros_planning/include/moveit/planning_pipeline/planning_pipeline.h
[152.834s] -- Installing: /home/joonmo/ws_moveit/install/moveit_ros_planning/include/moveit_planning_pipeline_export.h
[152.834s] -- Installing: /home/joonmo/ws_moveit/install/moveit_ros_planning/lib/moveit_ros_planning/moveit_list_request_adapter_plugins
[152.835s] -- Set runtime path of "/home/joonmo/ws_moveit/install/moveit_ros_planning/lib/moveit_ros_planning/moveit_list_request_adapter_plugins" to ""
[152.835s] -- Installing: /home/joonmo/ws_moveit/install/moveit_ros_planning/lib/moveit_ros_planning/demo_scene
[152.835s] -- Set runtime path of "/home/joonmo/ws_moveit/install/moveit_ros_planning/lib/moveit_ros_planning/demo_scene" to ""
[152.835s] -- Up-to-date: /home/joonmo/ws_moveit/install/moveit_ros_planning/include
[152.835s] -- Up-to-date: /home/joonmo/ws_moveit/install/moveit_ros_planning/include/moveit
[152.835s] -- Installing: /home/joonmo/ws_moveit/install/moveit_ros_planning/include/moveit/planning_scene_monitor
[152.835s] -- Installing: /home/joonmo/ws_moveit/install/moveit_ros_planning/include/moveit/planning_scene_monitor/trajectory_monitor_middleware_handle.hpp
[152.835s] -- Installing: /home/joonmo/ws_moveit/install/moveit_ros_planning/include/moveit/planning_scene_monitor/trajectory_monitor.h
[152.835s] -- Installing: /home/joonmo/ws_moveit/install/moveit_ros_planning/include/moveit/planning_scene_monitor/current_state_monitor_middleware_handle.hpp
[152.835s] -- Installing: /home/joonmo/ws_moveit/install/moveit_ros_planning/include/moveit/planning_scene_monitor/planning_scene_monitor.h
[152.835s] -- Installing: /home/joonmo/ws_moveit/install/moveit_ros_planning/include/moveit/planning_scene_monitor/current_state_monitor.h
[152.835s] -- Installing: /home/joonmo/ws_moveit/install/moveit_ros_planning/include/moveit_planning_scene_monitor_export.h
[152.836s] -- Installing: /home/joonmo/ws_moveit/install/moveit_ros_planning/lib/moveit_ros_planning/moveit_print_planning_model_info
[152.836s] -- Set runtime path of "/home/joonmo/ws_moveit/install/moveit_ros_planning/lib/moveit_ros_planning/moveit_print_planning_model_info" to ""
[152.836s] -- Installing: /home/joonmo/ws_moveit/install/moveit_ros_planning/lib/moveit_ros_planning/moveit_print_planning_scene_info
[152.836s] -- Set runtime path of "/home/joonmo/ws_moveit/install/moveit_ros_planning/lib/moveit_ros_planning/moveit_print_planning_scene_info" to ""
[152.836s] -- Installing: /home/joonmo/ws_moveit/install/moveit_ros_planning/lib/moveit_ros_planning/moveit_display_random_state
[152.837s] -- Set runtime path of "/home/joonmo/ws_moveit/install/moveit_ros_planning/lib/moveit_ros_planning/moveit_display_random_state" to ""
[152.837s] -- Installing: /home/joonmo/ws_moveit/install/moveit_ros_planning/lib/moveit_ros_planning/moveit_visualize_robot_collision_volume
[152.837s] -- Set runtime path of "/home/joonmo/ws_moveit/install/moveit_ros_planning/lib/moveit_ros_planning/moveit_visualize_robot_collision_volume" to ""
[152.837s] -- Installing: /home/joonmo/ws_moveit/install/moveit_ros_planning/lib/moveit_ros_planning/moveit_evaluate_collision_checking_speed
[152.837s] -- Set runtime path of "/home/joonmo/ws_moveit/install/moveit_ros_planning/lib/moveit_ros_planning/moveit_evaluate_collision_checking_speed" to ""
[152.837s] -- Installing: /home/joonmo/ws_moveit/install/moveit_ros_planning/lib/moveit_ros_planning/moveit_publish_scene_from_text
[152.838s] -- Set runtime path of "/home/joonmo/ws_moveit/install/moveit_ros_planning/lib/moveit_ros_planning/moveit_publish_scene_from_text" to ""
[152.838s] -- Up-to-date: /home/joonmo/ws_moveit/install/moveit_ros_planning/include
[152.838s] -- Up-to-date: /home/joonmo/ws_moveit/install/moveit_ros_planning/include/moveit
[152.838s] -- Installing: /home/joonmo/ws_moveit/install/moveit_ros_planning/include/moveit/trajectory_execution_manager
[152.838s] -- Installing: /home/joonmo/ws_moveit/install/moveit_ros_planning/include/moveit/trajectory_execution_manager/trajectory_execution_manager.h
[152.838s] -- Installing: /home/joonmo/ws_moveit/install/moveit_ros_planning/include/moveit_trajectory_execution_manager_export.h
[152.838s] -- Up-to-date: /home/joonmo/ws_moveit/install/moveit_ros_planning/include
[152.838s] -- Up-to-date: /home/joonmo/ws_moveit/install/moveit_ros_planning/include/moveit
[152.838s] -- Installing: /home/joonmo/ws_moveit/install/moveit_ros_planning/include/moveit/plan_execution
[152.838s] -- Installing: /home/joonmo/ws_moveit/install/moveit_ros_planning/include/moveit/plan_execution/plan_representation.h
[152.838s] -- Installing: /home/joonmo/ws_moveit/install/moveit_ros_planning/include/moveit/plan_execution/plan_execution.h
[152.838s] -- Up-to-date: /home/joonmo/ws_moveit/install/moveit_ros_planning/include
[152.838s] -- Up-to-date: /home/joonmo/ws_moveit/install/moveit_ros_planning/include/moveit
[152.838s] -- Installing: /home/joonmo/ws_moveit/install/moveit_ros_planning/include/moveit/moveit_cpp
[152.839s] -- Installing: /home/joonmo/ws_moveit/install/moveit_ros_planning/include/moveit/moveit_cpp/moveit_cpp.h
[152.839s] -- Installing: /home/joonmo/ws_moveit/install/moveit_ros_planning/include/moveit/moveit_cpp/planning_component.h
[152.839s] -- Installing: /home/joonmo/ws_moveit/install/moveit_ros_planning/lib/libmoveit_rdf_loader.so.2.5.7
[152.839s] -- Set runtime path of "/home/joonmo/ws_moveit/install/moveit_ros_planning/lib/libmoveit_rdf_loader.so.2.5.7" to ""
[152.839s] -- Installing: /home/joonmo/ws_moveit/install/moveit_ros_planning/lib/libmoveit_rdf_loader.so
[152.839s] -- Installing: /home/joonmo/ws_moveit/install/moveit_ros_planning/lib/libmoveit_kinematics_plugin_loader.so.2.5.7
[152.840s] -- Set runtime path of "/home/joonmo/ws_moveit/install/moveit_ros_planning/lib/libmoveit_kinematics_plugin_loader.so.2.5.7" to ""
[152.840s] -- Installing: /home/joonmo/ws_moveit/install/moveit_ros_planning/lib/libmoveit_kinematics_plugin_loader.so
[152.840s] -- Installing: /home/joonmo/ws_moveit/install/moveit_ros_planning/lib/libmoveit_robot_model_loader.so.2.5.7
[152.840s] -- Set runtime path of "/home/joonmo/ws_moveit/install/moveit_ros_planning/lib/libmoveit_robot_model_loader.so.2.5.7" to ""
[152.840s] -- Installing: /home/joonmo/ws_moveit/install/moveit_ros_planning/lib/libmoveit_robot_model_loader.so
[152.840s] -- Installing: /home/joonmo/ws_moveit/install/moveit_ros_planning/lib/libmoveit_constraint_sampler_manager_loader.so.2.5.7
[152.841s] -- Set runtime path of "/home/joonmo/ws_moveit/install/moveit_ros_planning/lib/libmoveit_constraint_sampler_manager_loader.so.2.5.7" to ""
[152.841s] -- Installing: /home/joonmo/ws_moveit/install/moveit_ros_planning/lib/libmoveit_constraint_sampler_manager_loader.so
[152.841s] -- Installing: /home/joonmo/ws_moveit/install/moveit_ros_planning/lib/libmoveit_planning_pipeline.so.2.5.7
[152.841s] -- Set runtime path of "/home/joonmo/ws_moveit/install/moveit_ros_planning/lib/libmoveit_planning_pipeline.so.2.5.7" to ""
[152.841s] -- Installing: /home/joonmo/ws_moveit/install/moveit_ros_planning/lib/libmoveit_planning_pipeline.so
[152.841s] -- Installing: /home/joonmo/ws_moveit/install/moveit_ros_planning/lib/libmoveit_trajectory_execution_manager.so.2.5.7
[152.842s] -- Set runtime path of "/home/joonmo/ws_moveit/install/moveit_ros_planning/lib/libmoveit_trajectory_execution_manager.so.2.5.7" to ""
[152.843s] -- Installing: /home/joonmo/ws_moveit/install/moveit_ros_planning/lib/libmoveit_trajectory_execution_manager.so
[152.843s] -- Installing: /home/joonmo/ws_moveit/install/moveit_ros_planning/lib/libmoveit_plan_execution.so.2.5.7
[152.843s] -- Set runtime path of "/home/joonmo/ws_moveit/install/moveit_ros_planning/lib/libmoveit_plan_execution.so.2.5.7" to ""
[152.843s] -- Installing: /home/joonmo/ws_moveit/install/moveit_ros_planning/lib/libmoveit_plan_execution.so
[152.843s] -- Installing: /home/joonmo/ws_moveit/install/moveit_ros_planning/lib/libmoveit_planning_scene_monitor.so.2.5.7
[152.845s] -- Set runtime path of "/home/joonmo/ws_moveit/install/moveit_ros_planning/lib/libmoveit_planning_scene_monitor.so.2.5.7" to ""
[152.845s] -- Installing: /home/joonmo/ws_moveit/install/moveit_ros_planning/lib/libmoveit_planning_scene_monitor.so
[152.845s] -- Installing: /home/joonmo/ws_moveit/install/moveit_ros_planning/lib/libmoveit_collision_plugin_loader.so.2.5.7
[152.846s] -- Set runtime path of "/home/joonmo/ws_moveit/install/moveit_ros_planning/lib/libmoveit_collision_plugin_loader.so.2.5.7" to ""
[152.846s] -- Installing: /home/joonmo/ws_moveit/install/moveit_ros_planning/lib/libmoveit_collision_plugin_loader.so
[152.846s] -- Installing: /home/joonmo/ws_moveit/install/moveit_ros_planning/lib/libmoveit_default_planning_request_adapter_plugins.so.2.5.7
[152.846s] -- Set runtime path of "/home/joonmo/ws_moveit/install/moveit_ros_planning/lib/libmoveit_default_planning_request_adapter_plugins.so.2.5.7" to ""
[152.846s] -- Installing: /home/joonmo/ws_moveit/install/moveit_ros_planning/lib/libmoveit_default_planning_request_adapter_plugins.so
[152.846s] -- Installing: /home/joonmo/ws_moveit/install/moveit_ros_planning/lib/libmoveit_cpp.so.2.5.7
[152.847s] -- Set runtime path of "/home/joonmo/ws_moveit/install/moveit_ros_planning/lib/libmoveit_cpp.so.2.5.7" to ""
[152.847s] -- Installing: /home/joonmo/ws_moveit/install/moveit_ros_planning/lib/libmoveit_cpp.so
[152.847s] -- Installing: /home/joonmo/ws_moveit/install/moveit_ros_planning/share/moveit_ros_planning/environment/library_path.sh
[152.847s] -- Installing: /home/joonmo/ws_moveit/install/moveit_ros_planning/share/moveit_ros_planning/environment/library_path.dsv
[152.847s] -- Installing: /home/joonmo/ws_moveit/install/moveit_ros_planning/share/moveit_ros_planning/planning_request_adapters_plugin_description.xml
[152.847s] -- Installing: /home/joonmo/ws_moveit/install/moveit_ros_planning/share/ament_index/resource_index/package_run_dependencies/moveit_ros_planning
[152.847s] -- Installing: /home/joonmo/ws_moveit/install/moveit_ros_planning/share/ament_index/resource_index/parent_prefix_path/moveit_ros_planning
[152.847s] -- Installing: /home/joonmo/ws_moveit/install/moveit_ros_planning/share/moveit_ros_planning/environment/ament_prefix_path.sh
[152.847s] -- Installing: /home/joonmo/ws_moveit/install/moveit_ros_planning/share/moveit_ros_planning/environment/ament_prefix_path.dsv
[152.847s] -- Installing: /home/joonmo/ws_moveit/install/moveit_ros_planning/share/moveit_ros_planning/environment/path.sh
[152.847s] -- Installing: /home/joonmo/ws_moveit/install/moveit_ros_planning/share/moveit_ros_planning/environment/path.dsv
[152.847s] -- Installing: /home/joonmo/ws_moveit/install/moveit_ros_planning/share/moveit_ros_planning/local_setup.bash
[152.847s] -- Installing: /home/joonmo/ws_moveit/install/moveit_ros_planning/share/moveit_ros_planning/local_setup.sh
[152.847s] -- Installing: /home/joonmo/ws_moveit/install/moveit_ros_planning/share/moveit_ros_planning/local_setup.zsh
[152.847s] -- Installing: /home/joonmo/ws_moveit/install/moveit_ros_planning/share/moveit_ros_planning/local_setup.dsv
[152.848s] -- Installing: /home/joonmo/ws_moveit/install/moveit_ros_planning/share/moveit_ros_planning/package.dsv
[152.848s] -- Installing: /home/joonmo/ws_moveit/install/moveit_ros_planning/share/ament_index/resource_index/packages/moveit_ros_planning
[152.848s] -- Installing: /home/joonmo/ws_moveit/install/moveit_ros_planning/share/ament_index/resource_index/moveit_core__pluginlib__plugin/moveit_ros_planning
[152.848s] -- Installing: /home/joonmo/ws_moveit/install/moveit_ros_planning/share/moveit_ros_planning/cmake/export_moveit_ros_planningExport.cmake
[152.848s] -- Installing: /home/joonmo/ws_moveit/install/moveit_ros_planning/share/moveit_ros_planning/cmake/export_moveit_ros_planningExport-release.cmake
[152.848s] -- Installing: /home/joonmo/ws_moveit/install/moveit_ros_planning/share/moveit_ros_planning/cmake/ConfigExtras.cmake
[152.848s] -- Installing: /home/joonmo/ws_moveit/install/moveit_ros_planning/share/moveit_ros_planning/cmake/ament_cmake_export_targets-extras.cmake
[152.848s] -- Installing: /home/joonmo/ws_moveit/install/moveit_ros_planning/share/moveit_ros_planning/cmake/ament_cmake_export_dependencies-extras.cmake
[152.848s] -- Installing: /home/joonmo/ws_moveit/install/moveit_ros_planning/share/moveit_ros_planning/cmake/moveit_ros_planningConfig.cmake
[152.848s] -- Installing: /home/joonmo/ws_moveit/install/moveit_ros_planning/share/moveit_ros_planning/cmake/moveit_ros_planningConfig-version.cmake
[152.848s] -- Installing: /home/joonmo/ws_moveit/install/moveit_ros_planning/share/moveit_ros_planning/package.xml
[152.850s] Invoked command in '/home/joonmo/ws_moveit/build/moveit_ros_planning' returned '0': AMENT_PREFIX_PATH=/home/joonmo/ws_moveit/install/moveit_ros_occupancy_map_monitor:/home/joonmo/ws_moveit/install/moveit_core:/home/joonmo/ws_moveit/install/moveit_resources_panda_moveit_config:/home/joonmo/ws_moveit/install/moveit_configs_utils:/home/joonmo/ws_moveit/install/srdfdom:/home/joonmo/ws_moveit/install/moveit_resources_pr2_description:/home/joonmo/ws_moveit/install/moveit_resources_panda_description:/home/joonmo/ws_moveit/install/moveit_common:/home/joonmo/ws_moveit/install/launch_param_builder:${AMENT_PREFIX_PATH} CMAKE_PREFIX_PATH=/home/joonmo/ws_moveit/install/moveit_ros_occupancy_map_monitor:/home/joonmo/ws_moveit/install/moveit_core:/home/joonmo/ws_moveit/install/moveit_resources_panda_moveit_config:/home/joonmo/ws_moveit/install/srdfdom:/home/joonmo/ws_moveit/install/moveit_resources_pr2_description:/home/joonmo/ws_moveit/install/moveit_resources_panda_description:/home/joonmo/ws_moveit/install/moveit_common:/opt/ros/humble LD_LIBRARY_PATH=/home/joonmo/ws_moveit/install/moveit_ros_occupancy_map_monitor/lib:/home/joonmo/ws_moveit/install/moveit_core/lib:/home/joonmo/ws_moveit/install/srdfdom/lib:${LD_LIBRARY_PATH} PATH=/home/joonmo/ws_moveit/install/moveit_core/bin:${PATH} PYTHONPATH=/home/joonmo/ws_moveit/install/moveit_configs_utils/lib/python3.10/site-packages:/home/joonmo/ws_moveit/install/srdfdom/local/lib/python3.10/dist-packages:/home/joonmo/ws_moveit/install/launch_param_builder/lib/python3.10/site-packages:${PYTHONPATH} /usr/bin/cmake --install /home/joonmo/ws_moveit/build/moveit_ros_planning
