[0.021s] Invoking command in '/home/joonmo/ws_moveit/build/moveit_core': AMENT_PREFIX_PATH=/home/joonmo/ws_moveit/install/moveit_resources_panda_moveit_config:/home/joonmo/ws_moveit/install/srdfdom:/home/joonmo/ws_moveit/install/moveit_resources_pr2_description:/home/joonmo/ws_moveit/install/moveit_resources_panda_description:/home/joonmo/ws_moveit/install/moveit_common:${AMENT_PREFIX_PATH} CMAKE_PREFIX_PATH=/home/joonmo/ws_moveit/install/moveit_resources_panda_moveit_config:/home/joonmo/ws_moveit/install/srdfdom:/home/joonmo/ws_moveit/install/moveit_resources_pr2_description:/home/joonmo/ws_moveit/install/moveit_resources_panda_description:/home/joonmo/ws_moveit/install/moveit_common:/opt/ros/humble LD_LIBRARY_PATH=/home/joonmo/ws_moveit/install/srdfdom/lib:${LD_LIBRARY_PATH} PYTHONPATH=/home/joonmo/ws_moveit/install/srdfdom/local/lib/python3.10/dist-packages:${PYTHONPATH} /usr/bin/cmake /home/joonmo/ws_moveit/src/moveit2/moveit_core -DCMAKE_BUILD_TYPE=Release -DCMAKE_INSTALL_PREFIX=/home/joonmo/ws_moveit/install/moveit_core
[0.097s] -- The CXX compiler identification is GNU 11.4.0
[0.110s] -- Detecting CXX compiler ABI info
[0.204s] -- Detecting CXX compiler ABI info - done
[0.221s] -- Check for working CXX compiler: /usr/bin/c++ - skipped
[0.221s] -- Detecting CXX compile features
[0.222s] -- Detecting CXX compile features - done
[0.224s] -- Found moveit_common: 2.5.7 (/home/joonmo/ws_moveit/install/moveit_common/share/moveit_common/cmake)
[0.227s] -- Found ament_cmake: 1.3.11 (/opt/ros/humble/share/ament_cmake/cmake)
[0.506s] -- Found Python3: /usr/bin/python3 (found version "3.10.12") found components: Interpreter 
[0.745s] -- Found angles: 1.15.0 (/opt/ros/humble/share/angles/cmake)
[0.772s] -- Found Bullet: /usr/lib/x86_64-linux-gnu/libBulletDynamics.so (Required is at least version "2.87") 
[0.774s] -- Found common_interfaces: 4.2.4 (/opt/ros/humble/share/common_interfaces/cmake)
[0.775s] -- Found eigen_stl_containers: 1.0.0 (/opt/ros/humble/share/eigen_stl_containers/cmake)
[0.785s] -- Found eigen3_cmake_module: 0.1.1 (/opt/ros/humble/share/eigen3_cmake_module/cmake)
[0.789s] -- Found Eigen3: TRUE (found version "3.4.0") 
[0.795s] -- Found generate_parameter_library: 0.4.0 (/opt/ros/humble/share/generate_parameter_library/cmake)
[0.800s] -- Found parameter_traits: 0.4.0 (/opt/ros/humble/share/parameter_traits/cmake)
[0.843s] -- Found rosidl_generator_c: 3.1.6 (/opt/ros/humble/share/rosidl_generator_c/cmake)
[0.848s] -- Found rosidl_adapter: 3.1.6 (/opt/ros/humble/share/rosidl_adapter/cmake)
[0.858s] -- Found rosidl_generator_cpp: 3.1.6 (/opt/ros/humble/share/rosidl_generator_cpp/cmake)
[0.873s] -- Using all available rosidl_typesupport_c: rosidl_typesupport_fastrtps_c;rosidl_typesupport_introspection_c
[0.894s] -- Using all available rosidl_typesupport_cpp: rosidl_typesupport_fastrtps_cpp;rosidl_typesupport_introspection_cpp
[0.945s] -- Found rmw_implementation_cmake: 6.1.2 (/opt/ros/humble/share/rmw_implementation_cmake/cmake)
[0.948s] -- Found rmw_fastrtps_cpp: 6.2.7 (/opt/ros/humble/share/rmw_fastrtps_cpp/cmake)
[1.043s] -- Found OpenSSL: /usr/lib/x86_64-linux-gnu/libcrypto.so (found version "3.0.2")  
[1.069s] -- Found FastRTPS: /opt/ros/humble/include  
[1.117s] -- Using RMW implementation 'rmw_fastrtps_cpp' as default
[1.126s] -- Looking for C++ include pthread.h
[1.255s] -- Looking for C++ include pthread.h - found
[1.255s] -- Performing Test CMAKE_HAVE_LIBC_PTHREAD
[1.391s] -- Performing Test CMAKE_HAVE_LIBC_PTHREAD - Success
[1.392s] -- Found Threads: TRUE  
[1.466s] -- Found rclcpp_lifecycle: 16.0.11 (/opt/ros/humble/share/rclcpp_lifecycle/cmake)
[1.496s] -- Found geometric_shapes: 2.3.1 (/opt/ros/humble/share/geometric_shapes/cmake)
[1.508s] -- Found Boost: /usr/lib/x86_64-linux-gnu/cmake/Boost-1.74.0/BoostConfig.cmake (found version "1.74.0") found components: filesystem 
[1.618s] -- library: /usr/lib/x86_64-linux-gnu/libcurl.so
[1.686s] -- Found kdl_parser: 2.6.4 (/opt/ros/humble/share/kdl_parser/cmake)
[1.695s] -- Ensuring Eigen3 include directory is part of orocos-kdl CMake target
[1.700s] -- Found moveit_msgs: 2.2.1 (/opt/ros/humble/share/moveit_msgs/cmake)
[1.836s] -- Found pluginlib: 5.1.0 (/opt/ros/humble/share/pluginlib/cmake)
[1.857s] -- Found srdfdom: 2.0.7 (/home/joonmo/ws_moveit/install/srdfdom/share/srdfdom/cmake)
[1.870s] -- Found tf2_eigen: 0.25.11 (/opt/ros/humble/share/tf2_eigen/cmake)
[2.000s] -- Found tf2_geometry_msgs: 0.25.11 (/opt/ros/humble/share/tf2_geometry_msgs/cmake)
[2.020s] -- Found tf2_kdl: 0.25.11 (/opt/ros/humble/share/tf2_kdl/cmake)
[2.149s] -- Found Boost: /usr/lib/x86_64-linux-gnu/cmake/Boost-1.74.0/BoostConfig.cmake (found version "1.74.0") found components: chrono date_time filesystem iostreams program_options regex serialization system thread 
[2.153s] --  *** Building MoveIt 2.5.7-Alpha ***
[2.164s] -- Performing Test COMPILER_HAS_HIDDEN_VISIBILITY
[2.424s] -- Performing Test COMPILER_HAS_HIDDEN_VISIBILITY - Success
[2.424s] -- Performing Test COMPILER_HAS_HIDDEN_INLINE_VISIBILITY
[2.568s] -- Performing Test COMPILER_HAS_HIDDEN_INLINE_VISIBILITY - Success
[2.569s] -- Performing Test COMPILER_HAS_DEPRECATED_ATTR
[2.695s] -- Performing Test COMPILER_HAS_DEPRECATED_ATTR - Success
[2.703s] -- Found ament_cmake_gtest: 1.3.11 (/opt/ros/humble/share/ament_cmake_gtest/cmake)
[2.707s] -- Found gtest sources under '/opt/ros/humble/src/gtest_vendor': C++ tests using 'Google Test' will be built
[2.762s] -- The C compiler identification is GNU 11.4.0
[2.774s] -- Detecting C compiler ABI info
[2.893s] -- Detecting C compiler ABI info - done
[2.901s] -- Check for working C compiler: /usr/bin/cc - skipped
[2.901s] -- Detecting C compile features
[2.902s] -- Detecting C compile features - done
[2.914s] -- Found ament_cmake_gmock: 1.3.11 (/opt/ros/humble/share/ament_cmake_gmock/cmake)
[2.920s] -- Found gmock sources under '/opt/ros/humble/src/gmock_vendor': C++ tests using 'Google Mock' will be built
[2.925s] -- Found ament_cmake_gtest: 1.3.11 (/opt/ros/humble/share/ament_cmake_gtest/cmake)
[2.925s] -- Found gtest sources under '/opt/ros/humble/src/gtest_vendor': C++ tests using 'Google Test' will be built
[2.936s] -- Found ament_cmake_gtest: 1.3.11 (/opt/ros/humble/share/ament_cmake_gtest/cmake)
[2.937s] -- Found gtest sources under '/opt/ros/humble/src/gtest_vendor': C++ tests using 'Google Test' will be built
[2.963s] -- Found ament_cmake_gtest: 1.3.11 (/opt/ros/humble/share/ament_cmake_gtest/cmake)
[2.964s] -- Found gtest sources under '/opt/ros/humble/src/gtest_vendor': C++ tests using 'Google Test' will be built
[2.983s] -- Found ament_lint_auto: 0.12.11 (/opt/ros/humble/share/ament_lint_auto/cmake)
[2.984s] -- Found ament_cmake_gtest: 1.3.11 (/opt/ros/humble/share/ament_cmake_gtest/cmake)
[2.984s] -- Found gtest sources under '/opt/ros/humble/src/gtest_vendor': C++ tests using 'Google Test' will be built
[3.004s] -- Found ament_cmake_gtest: 1.3.11 (/opt/ros/humble/share/ament_cmake_gtest/cmake)
[3.005s] -- Found gtest sources under '/opt/ros/humble/src/gtest_vendor': C++ tests using 'Google Test' will be built
[3.019s] -- Found ament_cmake_gtest: 1.3.11 (/opt/ros/humble/share/ament_cmake_gtest/cmake)
[3.020s] -- Found gtest sources under '/opt/ros/humble/src/gtest_vendor': C++ tests using 'Google Test' will be built
[3.030s] -- Found ament_cmake_gtest: 1.3.11 (/opt/ros/humble/share/ament_cmake_gtest/cmake)
[3.032s] -- Found gtest sources under '/opt/ros/humble/src/gtest_vendor': C++ tests using 'Google Test' will be built
[3.047s] -- Found gtest sources under '/opt/ros/humble/src/gtest_vendor': C++ tests using 'Google Test' will be built
[3.059s] -- Found gtest sources under '/opt/ros/humble/src/gtest_vendor': C++ tests using 'Google Test' will be built
[3.073s] -- Found ament_cmake_gtest: 1.3.11 (/opt/ros/humble/share/ament_cmake_gtest/cmake)
[3.074s] -- Found gtest sources under '/opt/ros/humble/src/gtest_vendor': C++ tests using 'Google Test' will be built
[3.097s] -- Found gtest sources under '/opt/ros/humble/src/gtest_vendor': C++ tests using 'Google Test' will be built
[3.114s] -- Found gtest sources under '/opt/ros/humble/src/gtest_vendor': C++ tests using 'Google Test' will be built
[3.129s] -- Found gtest sources under '/opt/ros/humble/src/gtest_vendor': C++ tests using 'Google Test' will be built
[3.138s] -- Found ament_lint_auto: 0.12.11 (/opt/ros/humble/share/ament_lint_auto/cmake)
[3.172s] -- Added test 'cppcheck' to perform static code analysis on C / C++ code
[3.174s] -- Configured cppcheck include dirs: /home/joonmo/ws_moveit/src/moveit2/moveit_core/exceptions/include;/home/joonmo/ws_moveit/src/moveit2/moveit_core/collision_detection/include;/home/joonmo/ws_moveit/src/moveit2/moveit_core/collision_detection_fcl/include;/home/joonmo/ws_moveit/src/moveit2/moveit_core/collision_detection_bullet/include;/home/joonmo/ws_moveit/src/moveit2/moveit_core/constraint_samplers/include;/home/joonmo/ws_moveit/src/moveit2/moveit_core/controller_manager/include;/home/joonmo/ws_moveit/src/moveit2/moveit_core/distance_field/include;/home/joonmo/ws_moveit/src/moveit2/moveit_core/collision_distance_field/include;/home/joonmo/ws_moveit/src/moveit2/moveit_core/dynamics_solver/include;/home/joonmo/ws_moveit/src/moveit2/moveit_core/kinematics_base/include;/home/joonmo/ws_moveit/src/moveit2/moveit_core/kinematics_metrics/include;/home/joonmo/ws_moveit/src/moveit2/moveit_core/robot_model/include;/home/joonmo/ws_moveit/src/moveit2/moveit_core/transforms/include;/home/joonmo/ws_moveit/src/moveit2/moveit_core/robot_state/include;/home/joonmo/ws_moveit/src/moveit2/moveit_core/robot_trajectory/include;/home/joonmo/ws_moveit/src/moveit2/moveit_core/kinematic_constraints/include;/home/joonmo/ws_moveit/src/moveit2/moveit_core/macros/include;/home/joonmo/ws_moveit/src/moveit2/moveit_core/online_signal_smoothing/include;/home/joonmo/ws_moveit/src/moveit2/moveit_core/planning_interface/include;/home/joonmo/ws_moveit/src/moveit2/moveit_core/planning_request_adapter/include;/home/joonmo/ws_moveit/src/moveit2/moveit_core/planning_scene/include;/home/joonmo/ws_moveit/src/moveit2/moveit_core/sensor_manager/include;/home/joonmo/ws_moveit/src/moveit2/moveit_core/trajectory_processing/include;/home/joonmo/ws_moveit/src/moveit2/moveit_core/utils/include
[3.174s] -- Configured cppcheck exclude dirs and/or files: 
[3.176s] -- Added test 'pep257' to check Python code against some of the docstring style conventions in PEP 257
[3.180s] -- Added test 'xmllint' to check XML markup files
[3.184s] -- Configuring done
[3.921s] -- Generating done
[4.127s] -- Build files have been written to: /home/joonmo/ws_moveit/build/moveit_core
[4.167s] Invoked command in '/home/joonmo/ws_moveit/build/moveit_core' returned '0': AMENT_PREFIX_PATH=/home/joonmo/ws_moveit/install/moveit_resources_panda_moveit_config:/home/joonmo/ws_moveit/install/srdfdom:/home/joonmo/ws_moveit/install/moveit_resources_pr2_description:/home/joonmo/ws_moveit/install/moveit_resources_panda_description:/home/joonmo/ws_moveit/install/moveit_common:${AMENT_PREFIX_PATH} CMAKE_PREFIX_PATH=/home/joonmo/ws_moveit/install/moveit_resources_panda_moveit_config:/home/joonmo/ws_moveit/install/srdfdom:/home/joonmo/ws_moveit/install/moveit_resources_pr2_description:/home/joonmo/ws_moveit/install/moveit_resources_panda_description:/home/joonmo/ws_moveit/install/moveit_common:/opt/ros/humble LD_LIBRARY_PATH=/home/joonmo/ws_moveit/install/srdfdom/lib:${LD_LIBRARY_PATH} PYTHONPATH=/home/joonmo/ws_moveit/install/srdfdom/local/lib/python3.10/dist-packages:${PYTHONPATH} /usr/bin/cmake /home/joonmo/ws_moveit/src/moveit2/moveit_core -DCMAKE_BUILD_TYPE=Release -DCMAKE_INSTALL_PREFIX=/home/joonmo/ws_moveit/install/moveit_core
[4.169s] Invoking command in '/home/joonmo/ws_moveit/build/moveit_core': AMENT_PREFIX_PATH=/home/joonmo/ws_moveit/install/moveit_resources_panda_moveit_config:/home/joonmo/ws_moveit/install/srdfdom:/home/joonmo/ws_moveit/install/moveit_resources_pr2_description:/home/joonmo/ws_moveit/install/moveit_resources_panda_description:/home/joonmo/ws_moveit/install/moveit_common:${AMENT_PREFIX_PATH} CMAKE_PREFIX_PATH=/home/joonmo/ws_moveit/install/moveit_resources_panda_moveit_config:/home/joonmo/ws_moveit/install/srdfdom:/home/joonmo/ws_moveit/install/moveit_resources_pr2_description:/home/joonmo/ws_moveit/install/moveit_resources_panda_description:/home/joonmo/ws_moveit/install/moveit_common:/opt/ros/humble LD_LIBRARY_PATH=/home/joonmo/ws_moveit/install/srdfdom/lib:${LD_LIBRARY_PATH} PYTHONPATH=/home/joonmo/ws_moveit/install/srdfdom/local/lib/python3.10/dist-packages:${PYTHONPATH} /usr/bin/cmake --build /home/joonmo/ws_moveit/build/moveit_core -- -j8 -l8
[4.240s] [  2%] [32mBuilding CXX object distance_field/CMakeFiles/moveit_distance_field.dir/src/distance_field.cpp.o[0m
[4.240s] [  2%] [32mBuilding CXX object gtest/CMakeFiles/gtest.dir/src/gtest-all.cc.o[0m
[4.240s] [  2%] [32mBuilding CXX object utils/CMakeFiles/moveit_utils.dir/src/lexical_casts.cpp.o[0m
[4.241s] [  2%] [32mBuilding CXX object gmock/CMakeFiles/gmock.dir/opt/ros/humble/src/gtest_vendor/src/gtest-all.cc.o[0m
[4.241s] [  3%] [32mBuilding CXX object exceptions/CMakeFiles/moveit_exceptions.dir/src/exceptions.cpp.o[0m
[4.241s] [  4%] [32mBuilding CXX object transforms/CMakeFiles/moveit_transforms.dir/src/transforms.cpp.o[0m
[4.241s] [  5%] [32mBuilding CXX object kinematics_base/CMakeFiles/moveit_kinematics_base.dir/src/kinematics_base.cpp.o[0m
[4.244s] [  6%] [32mBuilding CXX object gtest/CMakeFiles/gtest_main.dir/src/gtest_main.cc.o[0m
[5.035s] [  6%] [32mBuilding CXX object utils/CMakeFiles/moveit_utils.dir/src/message_checks.cpp.o[0m
[5.482s] [  6%] [32m[1mLinking CXX shared library libmoveit_exceptions.so[0m
[5.711s] [  6%] Built target moveit_exceptions
[5.729s] [  7%] [32mBuilding CXX object gmock/CMakeFiles/gmock.dir/src/gmock-all.cc.o[0m
[6.133s] [  7%] [32m[1mLinking CXX static library libgtest_main.a[0m
[6.187s] [  7%] Built target gtest_main
[6.204s] [  8%] [32mBuilding CXX object distance_field/CMakeFiles/moveit_distance_field.dir/src/find_internal_points.cpp.o[0m
[7.003s] [  9%] [32mBuilding CXX object utils/CMakeFiles/moveit_utils.dir/src/rclcpp_utils.cpp.o[0m
[7.486s] [ 10%] [32m[1mLinking CXX shared library libmoveit_utils.so[0m
[8.618s] [ 10%] Built target moveit_utils
[8.630s] [ 10%] [32mBuilding CXX object distance_field/CMakeFiles/moveit_distance_field.dir/src/propagation_distance_field.cpp.o[0m
[9.356s] [ 10%] [32mBuilding CXX object gmock/CMakeFiles/gmock_main.dir/src/gmock_main.cc.o[0m
[11.605s] [ 11%] [32mBuilding CXX object online_signal_smoothing/CMakeFiles/moveit_smoothing_base.dir/src/smoothing_base_class.cpp.o[0m
[11.785s] [ 12%] [32m[1mLinking CXX static library libgmock_main.a[0m
[11.836s] [ 12%] Built target gmock_main
[11.877s] [ 13%] [34m[1mRunning `/opt/ros/humble/bin/generate_parameter_library_cpp /home/joonmo/ws_moveit/build/moveit_core/online_signal_smoothing/include/moveit_core/moveit_butterworth_parameters.hpp /home/joonmo/ws_moveit/src/moveit2/moveit_core/online_signal_smoothing/src/butterworth_parameters.yaml `[0m
[12.207s] [ 14%] [34m[1mCreating deprecated header file /home/joonmo/ws_moveit/build/moveit_core/online_signal_smoothing/include/moveit_butterworth_parameters.hpp[0m
[12.285s] [ 14%] Built target moveit_butterworth_parameters
[12.316s] [ 14%] [32mBuilding CXX object version/CMakeFiles/moveit_version.dir/version.cpp.o[0m
[12.383s] [ 15%] [32m[1mLinking CXX executable moveit_version[0m
[12.537s] [ 15%] Built target moveit_version
[13.549s] [ 15%] [32m[1mLinking CXX shared library libmoveit_kinematics_base.so[0m
[13.821s] [ 15%] Built target moveit_kinematics_base
[13.857s] [ 15%] [32mBuilding CXX object robot_model/CMakeFiles/moveit_robot_model.dir/src/aabb.cpp.o[0m
[13.858s] [ 16%] [32mBuilding CXX object robot_model/CMakeFiles/moveit_robot_model.dir/src/fixed_joint_model.cpp.o[0m
[16.669s] [ 16%] [32mBuilding CXX object robot_model/CMakeFiles/moveit_robot_model.dir/src/floating_joint_model.cpp.o[0m
[16.929s] [ 16%] [32m[1mLinking CXX shared library libmoveit_smoothing_base.so[0m
[17.115s] [ 17%] [32mBuilding CXX object robot_model/CMakeFiles/moveit_robot_model.dir/src/joint_model.cpp.o[0m
[17.149s] [ 17%] Built target moveit_smoothing_base
[17.161s] [ 17%] [32mBuilding CXX object robot_model/CMakeFiles/moveit_robot_model.dir/src/joint_model_group.cpp.o[0m
[17.554s] [ 17%] [32m[1mLinking CXX shared library libmoveit_transforms.so[0m
[17.836s] [ 17%] Built target moveit_transforms
[17.850s] [ 18%] [32mBuilding CXX object robot_model/CMakeFiles/moveit_robot_model.dir/src/link_model.cpp.o[0m
[17.880s] [ 19%] [32mBuilding CXX object robot_model/CMakeFiles/moveit_robot_model.dir/src/planar_joint_model.cpp.o[0m
[19.192s] [ 20%] [32m[1mLinking CXX static library libgmock.a[0m
[19.255s] [ 20%] Built target gmock
[19.269s] [ 20%] [32mBuilding CXX object robot_model/CMakeFiles/moveit_robot_model.dir/src/prismatic_joint_model.cpp.o[0m
[19.837s] [ 21%] [32m[1mLinking CXX static library libgtest.a[0m
[19.899s] [ 21%] Built target gtest
[19.914s] [ 22%] [32mBuilding CXX object robot_model/CMakeFiles/moveit_robot_model.dir/src/revolute_joint_model.cpp.o[0m
[22.359s] [ 22%] [32mBuilding CXX object transforms/CMakeFiles/test_transforms.dir/test/test_transforms.cpp.o[0m
[22.842s] [ 22%] [32mBuilding CXX object robot_model/CMakeFiles/moveit_robot_model.dir/src/robot_model.cpp.o[0m
[23.490s] [ 23%] [32m[1mLinking CXX shared library libmoveit_distance_field.so[0m
[23.804s] [ 23%] Built target moveit_distance_field
[23.839s] [ 24%] [32mBuilding CXX object distance_field/CMakeFiles/test_voxel_grid.dir/test/test_voxel_grid.cpp.o[0m
[23.842s] [ 25%] [32mBuilding CXX object distance_field/CMakeFiles/test_distance_field.dir/test/test_distance_field.cpp.o[0m
[28.292s] [ 26%] [32m[1mLinking CXX executable test_transforms[0m
[28.557s] [ 26%] Built target test_transforms
[29.905s] [ 26%] [32m[1mLinking CXX executable test_voxel_grid[0m
[30.107s] [ 26%] Built target test_voxel_grid
[34.657s] [ 27%] [32m[1mLinking CXX shared library libmoveit_robot_model.so[0m
[34.839s] [ 27%] Built target moveit_robot_model
[34.862s] [ 27%] [32mBuilding CXX object robot_state/CMakeFiles/moveit_robot_state.dir/src/conversions.cpp.o[0m
[34.864s] [ 29%] [32mBuilding CXX object utils/CMakeFiles/moveit_test_utils.dir/src/robot_model_test_utils.cpp.o[0m
[34.865s] [ 29%] [32mBuilding CXX object robot_state/CMakeFiles/moveit_robot_state.dir/src/cartesian_interpolator.cpp.o[0m
[34.865s] [ 29%] [32mBuilding CXX object online_signal_smoothing/CMakeFiles/moveit_butterworth_filter.dir/src/butterworth_filter.cpp.o[0m
[34.865s] [ 31%] [32mBuilding CXX object robot_state/CMakeFiles/moveit_robot_state.dir/src/robot_state.cpp.o[0m
[34.865s] [ 31%] [32mBuilding CXX object robot_state/CMakeFiles/moveit_robot_state.dir/src/attached_body.cpp.o[0m
[35.952s] In file included from [01m[K/home/joonmo/ws_moveit/src/moveit2/moveit_core/online_signal_smoothing/include/moveit/online_signal_smoothing/butterworth_filter.h:44[m[K,
[35.953s]                  from [01m[K/home/joonmo/ws_moveit/src/moveit2/moveit_core/online_signal_smoothing/src/butterworth_filter.cpp:39[m[K:
[35.953s] [01m[K/home/joonmo/ws_moveit/build/moveit_core/online_signal_smoothing/include/moveit_butterworth_parameters.hpp:1:150:[m[K [01;36m[Knote: [m[K‘[01m[K#pragma message: #include "moveit_butterworth_parameters.hpp" is deprecated. Use #include <moveit_core/moveit_butterworth_parameters.hpp> instead.[m[K’
[35.953s]     1 | #pragma message("#include \"moveit_butterworth_parameters.hpp\" is deprecated. Use #include <moveit_core/moveit_butterworth_parameters.hpp> instead."[01;36m[K)[m[K
[35.953s]       |                                                                                                                                                      [01;36m[K^[m[K
[36.466s] [ 31%] [32m[1mLinking CXX executable test_distance_field[0m
[36.893s] [ 31%] Built target test_distance_field
[45.482s] [ 31%] [32m[1mLinking CXX shared library libmoveit_butterworth_filter.so[0m
[45.668s] [ 31%] Built target moveit_butterworth_filter
[45.693s] [ 31%] [32mBuilding CXX object online_signal_smoothing/CMakeFiles/test_butterworth_filter.dir/test/test_butterworth_filter.cpp.o[0m
[47.209s] In file included from [01m[K/home/joonmo/ws_moveit/src/moveit2/moveit_core/online_signal_smoothing/include/moveit/online_signal_smoothing/butterworth_filter.h:44[m[K,
[47.210s]                  from [01m[K/home/joonmo/ws_moveit/src/moveit2/moveit_core/online_signal_smoothing/test/test_butterworth_filter.cpp:43[m[K:
[47.210s] [01m[K/home/joonmo/ws_moveit/build/moveit_core/online_signal_smoothing/include/moveit_butterworth_parameters.hpp:1:150:[m[K [01;36m[Knote: [m[K‘[01m[K#pragma message: #include "moveit_butterworth_parameters.hpp" is deprecated. Use #include <moveit_core/moveit_butterworth_parameters.hpp> instead.[m[K’
[47.210s]     1 | #pragma message("#include \"moveit_butterworth_parameters.hpp\" is deprecated. Use #include <moveit_core/moveit_butterworth_parameters.hpp> instead."[01;36m[K)[m[K
[47.210s]       |                                                                                                                                                      [01;36m[K^[m[K
[47.987s] [ 32%] [32m[1mLinking CXX shared library libmoveit_test_utils.so[0m
[48.172s] [ 32%] Built target moveit_test_utils
[48.196s] [ 33%] [32mBuilding CXX object robot_model/CMakeFiles/test_robot_model.dir/test/test.cpp.o[0m
[52.975s] [ 34%] [32m[1mLinking CXX executable test_butterworth_filter[0m
[53.129s] [ 34%] Built target test_butterworth_filter
[54.019s] [ 34%] [32m[1mLinking CXX executable test_robot_model[0m
[54.235s] [ 34%] Built target test_robot_model
[60.169s] [ 35%] [32m[1mLinking CXX shared library libmoveit_robot_state.so[0m
[60.304s] [ 35%] Built target moveit_robot_state
[60.327s] [ 38%] [32mBuilding CXX object collision_detection/CMakeFiles/moveit_collision_detection.dir/src/allvalid/collision_env_allvalid.cpp.o[0m
[60.327s] [ 38%] [32mBuilding CXX object kinematics_metrics/CMakeFiles/moveit_kinematics_metrics.dir/src/kinematics_metrics.cpp.o[0m
[60.327s] [ 38%] [32mBuilding CXX object robot_state/CMakeFiles/test_robot_state_benchmark.dir/test/robot_state_benchmark.cpp.o[0m
[60.327s] [ 38%] [32mBuilding CXX object robot_state/CMakeFiles/test_robot_state_complex.dir/test/test_kinematic_complex.cpp.o[0m
[60.327s] [ 38%] [32mBuilding CXX object robot_state/CMakeFiles/test_robot_state.dir/test/robot_state_test.cpp.o[0m
[60.327s] [ 38%] [32mBuilding CXX object robot_trajectory/CMakeFiles/moveit_robot_trajectory.dir/src/robot_trajectory.cpp.o[0m
[60.327s] [ 38%] [32mBuilding CXX object robot_state/CMakeFiles/test_aabb.dir/test/test_aabb.cpp.o[0m
[60.327s] [ 38%] [32mBuilding CXX object dynamics_solver/CMakeFiles/moveit_dynamics_solver.dir/src/dynamics_solver.cpp.o[0m
[70.812s] [ 39%] [32mBuilding CXX object collision_detection/CMakeFiles/moveit_collision_detection.dir/src/collision_common.cpp.o[0m
[72.143s] [ 40%] [32m[1mLinking CXX shared library libmoveit_dynamics_solver.so[0m
[72.474s] [ 40%] Built target moveit_dynamics_solver
[72.489s] [ 40%] [32mBuilding CXX object collision_detection/CMakeFiles/moveit_collision_detection.dir/src/collision_matrix.cpp.o[0m
[73.720s] [ 41%] [32m[1mLinking CXX executable test_robot_state_benchmark[0m
[74.223s] [ 41%] Built target test_robot_state_benchmark
[74.236s] [ 42%] [32mBuilding CXX object collision_detection/CMakeFiles/moveit_collision_detection.dir/src/collision_octomap_filter.cpp.o[0m
[75.594s] [ 43%] [32m[1mLinking CXX executable test_aabb[0m
[76.084s] [ 43%] Built target test_aabb
[76.099s] [ 44%] [32mBuilding CXX object collision_detection/CMakeFiles/moveit_collision_detection.dir/src/collision_tools.cpp.o[0m
[77.206s] [ 45%] [32m[1mLinking CXX executable test_robot_state_complex[0m
[77.730s] [ 45%] Built target test_robot_state_complex
[77.746s] [ 45%] [32mBuilding CXX object collision_detection/CMakeFiles/moveit_collision_detection.dir/src/world.cpp.o[0m
[78.217s] [ 45%] [32m[1mLinking CXX shared library libmoveit_robot_trajectory.so[0m
[78.554s] [ 45%] Built target moveit_robot_trajectory
[78.570s] [ 46%] [32mBuilding CXX object collision_detection/CMakeFiles/moveit_collision_detection.dir/src/world_diff.cpp.o[0m
[79.711s] [ 47%] [32mBuilding CXX object robot_state/CMakeFiles/test_cartesian_interpolator.dir/test/test_cartesian_interpolator.cpp.o[0m
[80.460s] [ 48%] [32m[1mLinking CXX executable test_robot_state[0m
[80.955s] [ 48%] Built target test_robot_state
[80.970s] [ 48%] [32mBuilding CXX object collision_detection/CMakeFiles/moveit_collision_detection.dir/src/collision_env.cpp.o[0m
[82.752s] [ 49%] [32mBuilding CXX object robot_trajectory/CMakeFiles/test_robot_trajectory.dir/test/test_robot_trajectory.cpp.o[0m
[84.082s] [ 50%] [32mBuilding CXX object collision_detection/CMakeFiles/moveit_collision_detection.dir/src/collision_plugin_cache.cpp.o[0m
[89.650s] [ 50%] [32m[1mLinking CXX executable test_cartesian_interpolator[0m
[89.940s] [ 50%] Built target test_cartesian_interpolator
[89.972s] [ 52%] [32mBuilding CXX object planning_interface/CMakeFiles/moveit_planning_interface.dir/src/planning_interface.cpp.o[0m
[89.974s] [ 52%] [32mBuilding CXX object planning_interface/CMakeFiles/moveit_planning_interface.dir/src/planning_response.cpp.o[0m
[89.976s] [ 52%] [32mBuilding CXX object trajectory_processing/CMakeFiles/moveit_trajectory_processing.dir/src/iterative_time_parameterization.cpp.o[0m
[90.569s] [ 53%] [32mBuilding CXX object trajectory_processing/CMakeFiles/moveit_trajectory_processing.dir/src/iterative_spline_parameterization.cpp.o[0m
[92.236s] [ 53%] [32mBuilding CXX object trajectory_processing/CMakeFiles/moveit_trajectory_processing.dir/src/ruckig_traj_smoothing.cpp.o[0m
[95.544s] [ 53%] [32m[1mLinking CXX shared library libmoveit_kinematics_metrics.so[0m
[95.871s] [ 53%] Built target moveit_kinematics_metrics
[95.885s] [ 54%] [32mBuilding CXX object trajectory_processing/CMakeFiles/moveit_trajectory_processing.dir/src/trajectory_tools.cpp.o[0m
[97.215s] [ 54%] [32mBuilding CXX object trajectory_processing/CMakeFiles/moveit_trajectory_processing.dir/src/time_optimal_trajectory_generation.cpp.o[0m
[99.383s] [ 54%] [32m[1mLinking CXX executable test_robot_trajectory[0m
[99.931s] [ 54%] Built target test_robot_trajectory
[105.881s] [ 54%] [32m[1mLinking CXX shared library libmoveit_planning_interface.so[0m
[106.060s] [ 54%] Built target moveit_planning_interface
[106.519s] [ 54%] [32m[1mLinking CXX shared library libmoveit_collision_detection.so[0m
[106.745s] [ 54%] Built target moveit_collision_detection
[106.781s] [ 55%] [32mBuilding CXX object collision_detection/CMakeFiles/test_world_diff.dir/test/test_world_diff.cpp.o[0m
[106.781s] [ 57%] [32mBuilding CXX object collision_detection/CMakeFiles/test_all_valid.dir/test/test_all_valid.cpp.o[0m
[106.781s] [ 57%] [32mBuilding CXX object collision_detection_fcl/CMakeFiles/moveit_collision_detection_fcl.dir/src/collision_common.cpp.o[0m
[106.781s] [ 57%] [32mBuilding CXX object collision_detection_fcl/CMakeFiles/moveit_collision_detection_fcl.dir/src/collision_env_fcl.cpp.o[0m
[106.782s] [ 58%] [32mBuilding CXX object collision_detection/CMakeFiles/test_world.dir/test/test_world.cpp.o[0m
[106.783s] [ 59%] [32mBuilding CXX object collision_detection_bullet/CMakeFiles/moveit_collision_detection_bullet.dir/src/bullet_integration/bullet_utils.cpp.o[0m
[107.255s] [ 60%] [32mBuilding CXX object collision_detection_bullet/CMakeFiles/moveit_collision_detection_bullet.dir/src/bullet_integration/bullet_discrete_bvh_manager.cpp.o[0m
[111.864s] [ 61%] [32m[1mLinking CXX shared library libmoveit_trajectory_processing.so[0m
[112.199s] [ 61%] Built target moveit_trajectory_processing
[112.209s] [ 61%] [32mBuilding CXX object collision_detection_bullet/CMakeFiles/moveit_collision_detection_bullet.dir/src/bullet_integration/bullet_cast_bvh_manager.cpp.o[0m
[116.457s] [ 62%] [32m[1mLinking CXX executable test_world_diff[0m
[116.929s] [ 62%] Built target test_world_diff
[116.945s] [ 63%] [32mBuilding CXX object collision_detection_bullet/CMakeFiles/moveit_collision_detection_bullet.dir/src/collision_env_bullet.cpp.o[0m
[118.041s] [ 63%] [32mBuilding CXX object collision_detection_bullet/CMakeFiles/moveit_collision_detection_bullet.dir/src/bullet_integration/bullet_bvh_manager.cpp.o[0m
[118.727s] [ 63%] [32m[1mLinking CXX executable test_world[0m
[119.194s] [ 63%] Built target test_world
[119.209s] [ 64%] [32mBuilding CXX object collision_detection_bullet/CMakeFiles/moveit_collision_detection_bullet.dir/src/bullet_integration/contact_checker_common.cpp.o[0m
[119.337s] [ 64%] [32m[1mLinking CXX executable test_all_valid[0m
[119.766s] [ 64%] Built target test_all_valid
[119.780s] [ 65%] [32mBuilding CXX object collision_detection_bullet/CMakeFiles/moveit_collision_detection_bullet.dir/src/bullet_integration/ros_bullet_utils.cpp.o[0m
[121.976s] [ 65%] [32mBuilding CXX object trajectory_processing/CMakeFiles/test_time_parameterization.dir/test/test_time_parameterization.cpp.o[0m
[122.167s] [ 66%] [32mBuilding CXX object trajectory_processing/CMakeFiles/test_time_optimal_trajectory_generation.dir/test/test_time_optimal_trajectory_generation.cpp.o[0m
[123.043s] [ 67%] [32mBuilding CXX object trajectory_processing/CMakeFiles/test_ruckig_traj_smoothing.dir/test/test_ruckig_traj_smoothing.cpp.o[0m
[124.277s] [ 68%] [32m[1mLinking CXX shared library libmoveit_collision_detection_fcl.so[0m
[124.702s] [ 68%] Built target moveit_collision_detection_fcl
[124.739s] [ 69%] [32mBuilding CXX object kinematic_constraints/CMakeFiles/moveit_kinematic_constraints.dir/src/kinematic_constraint.cpp.o[0m
[128.353s] [ 69%] [32mBuilding CXX object collision_detection_fcl/CMakeFiles/test_fcl_collision_env.dir/test/test_fcl_env.cpp.o[0m
[129.723s] [ 70%] [32mBuilding CXX object collision_detection_fcl/CMakeFiles/test_fcl_collision_detection.dir/test/test_fcl_collision_detection_pr2.cpp.o[0m
[130.250s] [ 71%] [32mBuilding CXX object collision_detection_fcl/CMakeFiles/test_fcl_collision_detection_panda.dir/test/test_fcl_collision_detection_panda.cpp.o[0m
[131.197s] [ 71%] [32m[1mLinking CXX shared library libmoveit_collision_detection_bullet.so[0m
[131.611s] [ 71%] Built target moveit_collision_detection_bullet
[131.628s] [ 71%] [32mBuilding CXX object kinematic_constraints/CMakeFiles/moveit_kinematic_constraints.dir/src/utils.cpp.o[0m
[137.396s] [ 72%] [32m[1mLinking CXX executable test_time_parameterization[0m
[137.959s] [ 72%] Built target test_time_parameterization
[137.996s] [ 73%] [32mBuilding CXX object collision_detection_bullet/CMakeFiles/test_bullet_collision_detection.dir/test/test_bullet_collision_detection_pr2.cpp.o[0m
[139.080s] [ 73%] [32m[1mLinking CXX executable test_ruckig_traj_smoothing[0m
[139.656s] [ 73%] Built target test_ruckig_traj_smoothing
[139.702s] [ 74%] [32mBuilding CXX object collision_detection_bullet/CMakeFiles/test_bullet_collision_detection_panda.dir/test/test_bullet_collision_detection_panda.cpp.o[0m
[141.334s] [ 75%] [32m[1mLinking CXX executable test_time_optimal_trajectory_generation[0m
[141.881s] [ 75%] Built target test_time_optimal_trajectory_generation
[141.918s] [ 75%] [32mBuilding CXX object collision_detection_bullet/CMakeFiles/test_bullet_continuous_collision_checking.dir/test/test_bullet_continuous_collision_checking.cpp.o[0m
[146.289s] [ 76%] [32m[1mLinking CXX executable test_fcl_collision_env[0m
[146.900s] [ 76%] Built target test_fcl_collision_env
[148.478s] [ 77%] [32m[1mLinking CXX executable test_fcl_collision_detection_panda[0m
[148.852s] [ 77%] Built target test_fcl_collision_detection_panda
[150.861s] [ 77%] [32m[1mLinking CXX executable test_fcl_collision_detection[0m
[151.250s] [ 78%] [32m[1mLinking CXX shared library libmoveit_kinematic_constraints.so[0m
[151.253s] [ 78%] Built target test_fcl_collision_detection
[151.500s] [ 78%] Built target moveit_kinematic_constraints
[151.528s] [ 78%] [32mBuilding CXX object kinematic_constraints/CMakeFiles/test_constraints.dir/test/test_constraints.cpp.o[0m
[151.532s] [ 79%] [32mBuilding CXX object kinematic_constraints/CMakeFiles/test_orientation_constraints.dir/test/test_orientation_constraints.cpp.o[0m
[151.533s] [ 80%] [32mBuilding CXX object planning_scene/CMakeFiles/moveit_planning_scene.dir/src/planning_scene.cpp.o[0m
[155.946s] [ 81%] [32m[1mLinking CXX executable test_bullet_collision_detection_panda[0m
[156.456s] [ 81%] [32m[1mLinking CXX executable test_bullet_collision_detection[0m
[156.497s] [ 81%] Built target test_bullet_collision_detection_panda
[157.070s] [ 81%] Built target test_bullet_collision_detection
[158.180s] [ 82%] [32m[1mLinking CXX executable test_bullet_continuous_collision_checking[0m
[158.562s] [ 82%] Built target test_bullet_continuous_collision_checking
[164.596s] [ 82%] [32m[1mLinking CXX executable test_orientation_constraints[0m
[164.916s] [ 82%] Built target test_orientation_constraints
[166.715s] [ 83%] [32m[1mLinking CXX executable test_constraints[0m
[166.959s] [ 83%] Built target test_constraints
[171.580s] [ 84%] [32m[1mLinking CXX shared library libmoveit_planning_scene.so[0m
[171.732s] [ 84%] Built target moveit_planning_scene
[171.754s] [ 84%] [32mBuilding CXX object collision_detection_fcl/CMakeFiles/collision_detector_fcl_plugin.dir/src/collision_detector_fcl_plugin_loader.cpp.o[0m
[171.754s] [ 87%] [32mBuilding CXX object collision_detection_bullet/CMakeFiles/collision_detector_bullet_plugin.dir/src/collision_detector_bullet_plugin_loader.cpp.o[0m
[171.755s] [ 87%] [32mBuilding CXX object planning_scene/CMakeFiles/test_multi_threaded.dir/test/test_multi_threaded.cpp.o[0m
[171.755s] [ 87%] [32mBuilding CXX object planning_scene/CMakeFiles/test_collision_objects.dir/test/test_collision_objects.cpp.o[0m
[171.755s] [ 87%] [32mBuilding CXX object planning_request_adapter/CMakeFiles/moveit_planning_request_adapter.dir/src/planning_request_adapter.cpp.o[0m
[171.756s] [ 87%] [32mBuilding CXX object constraint_samplers/CMakeFiles/moveit_constraint_samplers.dir/src/constraint_sampler.cpp.o[0m
[171.756s] [ 88%] [32mBuilding CXX object collision_distance_field/CMakeFiles/moveit_collision_distance_field.dir/src/collision_distance_field_types.cpp.o[0m
[171.756s] [ 89%] [32mBuilding CXX object planning_scene/CMakeFiles/test_planning_scene.dir/test/test_planning_scene.cpp.o[0m
[184.830s] [ 89%] [32mBuilding CXX object collision_distance_field/CMakeFiles/moveit_collision_distance_field.dir/src/collision_common_distance_field.cpp.o[0m
[185.214s] [ 89%] [32mBuilding CXX object constraint_samplers/CMakeFiles/moveit_constraint_samplers.dir/src/constraint_sampler_manager.cpp.o[0m
[185.664s] [ 89%] [32m[1mLinking CXX shared library libmoveit_planning_request_adapter.so[0m
[185.993s] [ 89%] Built target moveit_planning_request_adapter
[186.008s] [ 90%] [32mBuilding CXX object collision_distance_field/CMakeFiles/moveit_collision_distance_field.dir/src/collision_env_distance_field.cpp.o[0m
[186.818s] [ 91%] [32m[1mLinking CXX shared library libcollision_detector_bullet_plugin.so[0m
[187.138s] [ 91%] Built target collision_detector_bullet_plugin
[187.150s] [ 92%] [32mBuilding CXX object constraint_samplers/CMakeFiles/moveit_constraint_samplers.dir/src/constraint_sampler_tools.cpp.o[0m
[188.635s] [ 93%] [32m[1mLinking CXX executable test_multi_threaded[0m
[188.791s] [ 94%] [32m[1mLinking CXX shared library libcollision_detector_fcl_plugin.so[0m
[189.093s] [ 94%] Built target collision_detector_fcl_plugin
[189.108s] [ 94%] [32mBuilding CXX object constraint_samplers/CMakeFiles/moveit_constraint_samplers.dir/src/default_constraint_samplers.cpp.o[0m
[189.192s] [ 94%] Built target test_multi_threaded
[189.207s] [ 95%] [32mBuilding CXX object constraint_samplers/CMakeFiles/moveit_constraint_samplers.dir/src/union_constraint_sampler.cpp.o[0m
[193.178s] [ 95%] [32m[1mLinking CXX executable test_collision_objects[0m
[193.760s] [ 95%] Built target test_collision_objects
[193.775s] [ 95%] [32mBuilding CXX object collision_distance_field/CMakeFiles/moveit_collision_distance_field.dir/src/collision_env_hybrid.cpp.o[0m
[201.446s] [ 95%] [32m[1mLinking CXX executable test_planning_scene[0m
[202.060s] [ 95%] Built target test_planning_scene
[206.379s] [ 95%] [32m[1mLinking CXX shared library libmoveit_constraint_samplers.so[0m
[206.588s] [ 95%] Built target moveit_constraint_samplers
[206.612s] [ 96%] [32mBuilding CXX object constraint_samplers/CMakeFiles/test_constraint_samplers.dir/test/pr2_arm_ik.cpp.o[0m
[206.612s] [ 96%] [32mBuilding CXX object constraint_samplers/CMakeFiles/test_constraint_samplers.dir/test/pr2_arm_kinematics_plugin.cpp.o[0m
[206.615s] [ 97%] [32mBuilding CXX object constraint_samplers/CMakeFiles/test_constraint_samplers.dir/test/test_constraint_samplers.cpp.o[0m
[209.744s] [ 98%] [32m[1mLinking CXX shared library libmoveit_collision_distance_field.so[0m
[209.993s] [ 98%] Built target moveit_collision_distance_field
[210.017s] [ 99%] [32mBuilding CXX object collision_distance_field/CMakeFiles/test_collision_distance_field.dir/test/test_collision_distance_field.cpp.o[0m
[220.803s] [ 99%] [32m[1mLinking CXX executable test_collision_distance_field[0m
[221.070s] [ 99%] Built target test_collision_distance_field
[221.496s] [100%] [32m[1mLinking CXX executable test_constraint_samplers[0m
[221.754s] [100%] Built target test_constraint_samplers
[221.764s] Invoked command in '/home/joonmo/ws_moveit/build/moveit_core' returned '0': AMENT_PREFIX_PATH=/home/joonmo/ws_moveit/install/moveit_resources_panda_moveit_config:/home/joonmo/ws_moveit/install/srdfdom:/home/joonmo/ws_moveit/install/moveit_resources_pr2_description:/home/joonmo/ws_moveit/install/moveit_resources_panda_description:/home/joonmo/ws_moveit/install/moveit_common:${AMENT_PREFIX_PATH} CMAKE_PREFIX_PATH=/home/joonmo/ws_moveit/install/moveit_resources_panda_moveit_config:/home/joonmo/ws_moveit/install/srdfdom:/home/joonmo/ws_moveit/install/moveit_resources_pr2_description:/home/joonmo/ws_moveit/install/moveit_resources_panda_description:/home/joonmo/ws_moveit/install/moveit_common:/opt/ros/humble LD_LIBRARY_PATH=/home/joonmo/ws_moveit/install/srdfdom/lib:${LD_LIBRARY_PATH} PYTHONPATH=/home/joonmo/ws_moveit/install/srdfdom/local/lib/python3.10/dist-packages:${PYTHONPATH} /usr/bin/cmake --build /home/joonmo/ws_moveit/build/moveit_core -- -j8 -l8
[221.765s] Invoking command in '/home/joonmo/ws_moveit/build/moveit_core': AMENT_PREFIX_PATH=/home/joonmo/ws_moveit/install/moveit_resources_panda_moveit_config:/home/joonmo/ws_moveit/install/srdfdom:/home/joonmo/ws_moveit/install/moveit_resources_pr2_description:/home/joonmo/ws_moveit/install/moveit_resources_panda_description:/home/joonmo/ws_moveit/install/moveit_common:${AMENT_PREFIX_PATH} CMAKE_PREFIX_PATH=/home/joonmo/ws_moveit/install/moveit_resources_panda_moveit_config:/home/joonmo/ws_moveit/install/srdfdom:/home/joonmo/ws_moveit/install/moveit_resources_pr2_description:/home/joonmo/ws_moveit/install/moveit_resources_panda_description:/home/joonmo/ws_moveit/install/moveit_common:/opt/ros/humble LD_LIBRARY_PATH=/home/joonmo/ws_moveit/install/srdfdom/lib:${LD_LIBRARY_PATH} PYTHONPATH=/home/joonmo/ws_moveit/install/srdfdom/local/lib/python3.10/dist-packages:${PYTHONPATH} /usr/bin/cmake --install /home/joonmo/ws_moveit/build/moveit_core
[221.771s] -- Install configuration: "Release"
[221.771s] -- Installing: /home/joonmo/ws_moveit/install/moveit_core/include/moveit/version.h
[221.771s] -- Up-to-date: /home/joonmo/ws_moveit/install/moveit_core/include
[221.771s] -- Up-to-date: /home/joonmo/ws_moveit/install/moveit_core/include/moveit
[221.771s] -- Installing: /home/joonmo/ws_moveit/install/moveit_core/include/moveit/collision_distance_field
[221.772s] -- Installing: /home/joonmo/ws_moveit/install/moveit_core/include/moveit/collision_distance_field/collision_common_distance_field.h
[221.772s] -- Installing: /home/joonmo/ws_moveit/install/moveit_core/include/moveit/collision_distance_field/collision_distance_field_types.h
[221.772s] -- Installing: /home/joonmo/ws_moveit/install/moveit_core/include/moveit/collision_distance_field/collision_env_hybrid.h
[221.772s] -- Installing: /home/joonmo/ws_moveit/install/moveit_core/include/moveit/collision_distance_field/collision_detector_allocator_hybrid.h
[221.772s] -- Installing: /home/joonmo/ws_moveit/install/moveit_core/include/moveit/collision_distance_field/collision_env_distance_field.h
[221.772s] -- Installing: /home/joonmo/ws_moveit/install/moveit_core/include/moveit/collision_distance_field/collision_detector_allocator_distance_field.h
[221.772s] -- Installing: /home/joonmo/ws_moveit/install/moveit_core/include/moveit_collision_distance_field_export.h
[221.772s] -- Up-to-date: /home/joonmo/ws_moveit/install/moveit_core/include
[221.772s] -- Up-to-date: /home/joonmo/ws_moveit/install/moveit_core/include/moveit
[221.772s] -- Installing: /home/joonmo/ws_moveit/install/moveit_core/include/moveit/constraint_samplers
[221.772s] -- Installing: /home/joonmo/ws_moveit/install/moveit_core/include/moveit/constraint_samplers/default_constraint_samplers.h
[221.772s] -- Installing: /home/joonmo/ws_moveit/install/moveit_core/include/moveit/constraint_samplers/constraint_sampler_manager.h
[221.772s] -- Installing: /home/joonmo/ws_moveit/install/moveit_core/include/moveit/constraint_samplers/constraint_sampler_allocator.h
[221.772s] -- Installing: /home/joonmo/ws_moveit/install/moveit_core/include/moveit/constraint_samplers/union_constraint_sampler.h
[221.772s] -- Installing: /home/joonmo/ws_moveit/install/moveit_core/include/moveit/constraint_samplers/constraint_sampler_tools.h
[221.772s] -- Installing: /home/joonmo/ws_moveit/install/moveit_core/include/moveit/constraint_samplers/constraint_sampler.h
[221.773s] -- Up-to-date: /home/joonmo/ws_moveit/install/moveit_core/include
[221.773s] -- Up-to-date: /home/joonmo/ws_moveit/install/moveit_core/include/moveit
[221.773s] -- Installing: /home/joonmo/ws_moveit/install/moveit_core/include/moveit/controller_manager
[221.773s] -- Installing: /home/joonmo/ws_moveit/install/moveit_core/include/moveit/controller_manager/controller_manager.h
[221.773s] -- Up-to-date: /home/joonmo/ws_moveit/install/moveit_core/include
[221.773s] -- Up-to-date: /home/joonmo/ws_moveit/install/moveit_core/include/moveit
[221.773s] -- Installing: /home/joonmo/ws_moveit/install/moveit_core/include/moveit/distance_field
[221.773s] -- Installing: /home/joonmo/ws_moveit/install/moveit_core/include/moveit/distance_field/distance_field.h
[221.773s] -- Installing: /home/joonmo/ws_moveit/install/moveit_core/include/moveit/distance_field/voxel_grid.h
[221.773s] -- Installing: /home/joonmo/ws_moveit/install/moveit_core/include/moveit/distance_field/find_internal_points.h
[221.773s] -- Installing: /home/joonmo/ws_moveit/install/moveit_core/include/moveit/distance_field/propagation_distance_field.h
[221.773s] -- Up-to-date: /home/joonmo/ws_moveit/install/moveit_core/include
[221.773s] -- Up-to-date: /home/joonmo/ws_moveit/install/moveit_core/include/moveit
[221.773s] -- Installing: /home/joonmo/ws_moveit/install/moveit_core/include/moveit/dynamics_solver
[221.773s] -- Installing: /home/joonmo/ws_moveit/install/moveit_core/include/moveit/dynamics_solver/dynamics_solver.h
[221.773s] -- Up-to-date: /home/joonmo/ws_moveit/install/moveit_core/include
[221.773s] -- Up-to-date: /home/joonmo/ws_moveit/install/moveit_core/include/moveit
[221.773s] -- Installing: /home/joonmo/ws_moveit/install/moveit_core/include/moveit/exceptions
[221.773s] -- Installing: /home/joonmo/ws_moveit/install/moveit_core/include/moveit/exceptions/exceptions.h
[221.774s] -- Up-to-date: /home/joonmo/ws_moveit/install/moveit_core/include
[221.774s] -- Up-to-date: /home/joonmo/ws_moveit/install/moveit_core/include/moveit
[221.774s] -- Installing: /home/joonmo/ws_moveit/install/moveit_core/include/moveit/kinematics_base
[221.774s] -- Installing: /home/joonmo/ws_moveit/install/moveit_core/include/moveit/kinematics_base/kinematics_base.h
[221.774s] -- Installing: /home/joonmo/ws_moveit/install/moveit_core/include/moveit_kinematics_base_export.h
[221.774s] -- Up-to-date: /home/joonmo/ws_moveit/install/moveit_core/include
[221.774s] -- Up-to-date: /home/joonmo/ws_moveit/install/moveit_core/include/moveit
[221.774s] -- Installing: /home/joonmo/ws_moveit/install/moveit_core/include/moveit/kinematic_constraints
[221.774s] -- Installing: /home/joonmo/ws_moveit/install/moveit_core/include/moveit/kinematic_constraints/kinematic_constraint.h
[221.774s] -- Installing: /home/joonmo/ws_moveit/install/moveit_core/include/moveit/kinematic_constraints/utils.h
[221.774s] -- Up-to-date: /home/joonmo/ws_moveit/install/moveit_core/include
[221.774s] -- Up-to-date: /home/joonmo/ws_moveit/install/moveit_core/include/moveit
[221.774s] -- Installing: /home/joonmo/ws_moveit/install/moveit_core/include/moveit/kinematics_metrics
[221.774s] -- Installing: /home/joonmo/ws_moveit/install/moveit_core/include/moveit/kinematics_metrics/kinematics_metrics.h
[221.774s] -- Up-to-date: /home/joonmo/ws_moveit/install/moveit_core/include
[221.774s] -- Up-to-date: /home/joonmo/ws_moveit/install/moveit_core/include/moveit
[221.774s] -- Installing: /home/joonmo/ws_moveit/install/moveit_core/include/moveit/macros
[221.774s] -- Installing: /home/joonmo/ws_moveit/install/moveit_core/include/moveit/macros/declare_ptr.h
[221.775s] -- Installing: /home/joonmo/ws_moveit/install/moveit_core/include/moveit/macros/deprecation.h
[221.775s] -- Installing: /home/joonmo/ws_moveit/install/moveit_core/include/moveit/macros/console_colors.h
[221.775s] -- Installing: /home/joonmo/ws_moveit/install/moveit_core/include/moveit/macros/class_forward.h
[221.775s] -- Installing: /home/joonmo/ws_moveit/install/moveit_core/include/moveit_core
[221.775s] -- Installing: /home/joonmo/ws_moveit/install/moveit_core/include/moveit_core/moveit_butterworth_parameters.hpp
[221.775s] -- Up-to-date: /home/joonmo/ws_moveit/install/moveit_core/include
[221.775s] -- Up-to-date: /home/joonmo/ws_moveit/install/moveit_core/include/moveit
[221.775s] -- Installing: /home/joonmo/ws_moveit/install/moveit_core/include/moveit/online_signal_smoothing
[221.775s] -- Installing: /home/joonmo/ws_moveit/install/moveit_core/include/moveit/online_signal_smoothing/butterworth_filter.h
[221.775s] -- Installing: /home/joonmo/ws_moveit/install/moveit_core/include/moveit/online_signal_smoothing/smoothing_base_class.h
[221.775s] -- Installing: /home/joonmo/ws_moveit/install/moveit_core/include/moveit_smoothing_base_export.h
[221.775s] -- Installing: /home/joonmo/ws_moveit/install/moveit_core/include/moveit_butterworth_filter_export.h
[221.775s] -- Up-to-date: /home/joonmo/ws_moveit/install/moveit_core/include
[221.775s] -- Up-to-date: /home/joonmo/ws_moveit/install/moveit_core/include/moveit
[221.775s] -- Installing: /home/joonmo/ws_moveit/install/moveit_core/include/moveit/planning_interface
[221.775s] -- Installing: /home/joonmo/ws_moveit/install/moveit_core/include/moveit/planning_interface/planning_response.h
[221.775s] -- Installing: /home/joonmo/ws_moveit/install/moveit_core/include/moveit/planning_interface/planning_interface.h
[221.775s] -- Installing: /home/joonmo/ws_moveit/install/moveit_core/include/moveit/planning_interface/planning_request.h
[221.775s] -- Up-to-date: /home/joonmo/ws_moveit/install/moveit_core/include
[221.775s] -- Up-to-date: /home/joonmo/ws_moveit/install/moveit_core/include/moveit
[221.776s] -- Installing: /home/joonmo/ws_moveit/install/moveit_core/include/moveit/planning_request_adapter
[221.776s] -- Installing: /home/joonmo/ws_moveit/install/moveit_core/include/moveit/planning_request_adapter/planning_request_adapter.h
[221.776s] -- Up-to-date: /home/joonmo/ws_moveit/install/moveit_core/include
[221.776s] -- Up-to-date: /home/joonmo/ws_moveit/install/moveit_core/include/moveit
[221.776s] -- Installing: /home/joonmo/ws_moveit/install/moveit_core/include/moveit/planning_scene
[221.776s] -- Installing: /home/joonmo/ws_moveit/install/moveit_core/include/moveit/planning_scene/planning_scene.h
[221.776s] -- Installing: /home/joonmo/ws_moveit/install/moveit_core/include/moveit_planning_scene_export.h
[221.776s] -- Up-to-date: /home/joonmo/ws_moveit/install/moveit_core/include
[221.776s] -- Up-to-date: /home/joonmo/ws_moveit/install/moveit_core/include/moveit
[221.776s] -- Installing: /home/joonmo/ws_moveit/install/moveit_core/include/moveit/robot_model
[221.776s] -- Installing: /home/joonmo/ws_moveit/install/moveit_core/include/moveit/robot_model/revolute_joint_model.h
[221.776s] -- Installing: /home/joonmo/ws_moveit/install/moveit_core/include/moveit/robot_model/floating_joint_model.h
[221.776s] -- Installing: /home/joonmo/ws_moveit/install/moveit_core/include/moveit/robot_model/planar_joint_model.h
[221.776s] -- Installing: /home/joonmo/ws_moveit/install/moveit_core/include/moveit/robot_model/robot_model.h
[221.776s] -- Installing: /home/joonmo/ws_moveit/install/moveit_core/include/moveit/robot_model/fixed_joint_model.h
[221.776s] -- Installing: /home/joonmo/ws_moveit/install/moveit_core/include/moveit/robot_model/joint_model_group.h
[221.776s] -- Installing: /home/joonmo/ws_moveit/install/moveit_core/include/moveit/robot_model/aabb.h
[221.776s] -- Installing: /home/joonmo/ws_moveit/install/moveit_core/include/moveit/robot_model/joint_model.h
[221.776s] -- Installing: /home/joonmo/ws_moveit/install/moveit_core/include/moveit/robot_model/prismatic_joint_model.h
[221.776s] -- Installing: /home/joonmo/ws_moveit/install/moveit_core/include/moveit/robot_model/link_model.h
[221.777s] -- Up-to-date: /home/joonmo/ws_moveit/install/moveit_core/include
[221.777s] -- Up-to-date: /home/joonmo/ws_moveit/install/moveit_core/include/moveit
[221.777s] -- Installing: /home/joonmo/ws_moveit/install/moveit_core/include/moveit/robot_state
[221.777s] -- Installing: /home/joonmo/ws_moveit/install/moveit_core/include/moveit/robot_state/cartesian_interpolator.h
[221.777s] -- Installing: /home/joonmo/ws_moveit/install/moveit_core/include/moveit/robot_state/robot_state.h
[221.777s] -- Installing: /home/joonmo/ws_moveit/install/moveit_core/include/moveit/robot_state/conversions.h
[221.777s] -- Installing: /home/joonmo/ws_moveit/install/moveit_core/include/moveit/robot_state/attached_body.h
[221.777s] -- Up-to-date: /home/joonmo/ws_moveit/install/moveit_core/include
[221.777s] -- Up-to-date: /home/joonmo/ws_moveit/install/moveit_core/include/moveit
[221.777s] -- Installing: /home/joonmo/ws_moveit/install/moveit_core/include/moveit/robot_trajectory
[221.777s] -- Installing: /home/joonmo/ws_moveit/install/moveit_core/include/moveit/robot_trajectory/robot_trajectory.h
[221.777s] -- Up-to-date: /home/joonmo/ws_moveit/install/moveit_core/include
[221.777s] -- Up-to-date: /home/joonmo/ws_moveit/install/moveit_core/include/moveit
[221.777s] -- Installing: /home/joonmo/ws_moveit/install/moveit_core/include/moveit/sensor_manager
[221.777s] -- Installing: /home/joonmo/ws_moveit/install/moveit_core/include/moveit/sensor_manager/sensor_manager.h
[221.777s] -- Up-to-date: /home/joonmo/ws_moveit/install/moveit_core/include
[221.777s] -- Up-to-date: /home/joonmo/ws_moveit/install/moveit_core/include/moveit
[221.777s] -- Installing: /home/joonmo/ws_moveit/install/moveit_core/include/moveit/trajectory_processing
[221.777s] -- Installing: /home/joonmo/ws_moveit/install/moveit_core/include/moveit/trajectory_processing/iterative_spline_parameterization.h
[221.778s] -- Installing: /home/joonmo/ws_moveit/install/moveit_core/include/moveit/trajectory_processing/iterative_time_parameterization.h
[221.778s] -- Installing: /home/joonmo/ws_moveit/install/moveit_core/include/moveit/trajectory_processing/time_optimal_trajectory_generation.h
[221.778s] -- Installing: /home/joonmo/ws_moveit/install/moveit_core/include/moveit/trajectory_processing/trajectory_tools.h
[221.778s] -- Installing: /home/joonmo/ws_moveit/install/moveit_core/include/moveit/trajectory_processing/ruckig_traj_smoothing.h
[221.778s] -- Installing: /home/joonmo/ws_moveit/install/moveit_core/include/moveit/trajectory_processing/time_parameterization.h
[221.778s] -- Up-to-date: /home/joonmo/ws_moveit/install/moveit_core/include
[221.778s] -- Up-to-date: /home/joonmo/ws_moveit/install/moveit_core/include/moveit
[221.778s] -- Installing: /home/joonmo/ws_moveit/install/moveit_core/include/moveit/transforms
[221.778s] -- Installing: /home/joonmo/ws_moveit/install/moveit_core/include/moveit/transforms/transforms.h
[221.778s] -- Up-to-date: /home/joonmo/ws_moveit/install/moveit_core/include
[221.778s] -- Up-to-date: /home/joonmo/ws_moveit/install/moveit_core/include/moveit
[221.778s] -- Installing: /home/joonmo/ws_moveit/install/moveit_core/include/moveit/utils
[221.778s] -- Installing: /home/joonmo/ws_moveit/install/moveit_core/include/moveit/utils/message_checks.h
[221.778s] -- Installing: /home/joonmo/ws_moveit/install/moveit_core/include/moveit/utils/rclcpp_utils.h
[221.778s] -- Installing: /home/joonmo/ws_moveit/install/moveit_core/include/moveit/utils/moveit_error_code.h
[221.778s] -- Installing: /home/joonmo/ws_moveit/install/moveit_core/include/moveit/utils/robot_model_test_utils.h
[221.778s] -- Installing: /home/joonmo/ws_moveit/install/moveit_core/include/moveit/utils/lexical_casts.h
[221.778s] -- Installing: /home/joonmo/ws_moveit/install/moveit_core/bin/moveit_version
[221.779s] -- Up-to-date: /home/joonmo/ws_moveit/install/moveit_core/include
[221.779s] -- Up-to-date: /home/joonmo/ws_moveit/install/moveit_core/include/moveit
[221.779s] -- Installing: /home/joonmo/ws_moveit/install/moveit_core/include/moveit/collision_detection
[221.779s] -- Installing: /home/joonmo/ws_moveit/install/moveit_core/include/moveit/collision_detection/world_diff.h
[221.779s] -- Installing: /home/joonmo/ws_moveit/install/moveit_core/include/moveit/collision_detection/collision_common.h
[221.779s] -- Installing: /home/joonmo/ws_moveit/install/moveit_core/include/moveit/collision_detection/collision_env.h
[221.779s] -- Installing: /home/joonmo/ws_moveit/install/moveit_core/include/moveit/collision_detection/world.h
[221.779s] -- Installing: /home/joonmo/ws_moveit/install/moveit_core/include/moveit/collision_detection/collision_detector_allocator.h
[221.779s] -- Installing: /home/joonmo/ws_moveit/install/moveit_core/include/moveit/collision_detection/collision_tools.h
[221.779s] -- Installing: /home/joonmo/ws_moveit/install/moveit_core/include/moveit/collision_detection/allvalid
[221.779s] -- Installing: /home/joonmo/ws_moveit/install/moveit_core/include/moveit/collision_detection/allvalid/collision_env_allvalid.h
[221.779s] -- Installing: /home/joonmo/ws_moveit/install/moveit_core/include/moveit/collision_detection/allvalid/collision_detector_allocator_allvalid.h
[221.779s] -- Installing: /home/joonmo/ws_moveit/install/moveit_core/include/moveit/collision_detection/collision_octomap_filter.h
[221.779s] -- Installing: /home/joonmo/ws_moveit/install/moveit_core/include/moveit/collision_detection/test_collision_common_pr2.h
[221.779s] -- Installing: /home/joonmo/ws_moveit/install/moveit_core/include/moveit/collision_detection/collision_plugin_cache.h
[221.779s] -- Installing: /home/joonmo/ws_moveit/install/moveit_core/include/moveit/collision_detection/test_collision_common_panda.h
[221.779s] -- Installing: /home/joonmo/ws_moveit/install/moveit_core/include/moveit/collision_detection/occupancy_map.h
[221.779s] -- Installing: /home/joonmo/ws_moveit/install/moveit_core/include/moveit/collision_detection/collision_matrix.h
[221.779s] -- Installing: /home/joonmo/ws_moveit/install/moveit_core/include/moveit/collision_detection/collision_plugin.h
[221.779s] -- Installing: /home/joonmo/ws_moveit/install/moveit_core/include/moveit_collision_detection_export.h
[221.780s] -- Up-to-date: /home/joonmo/ws_moveit/install/moveit_core/include
[221.780s] -- Up-to-date: /home/joonmo/ws_moveit/install/moveit_core/include/moveit
[221.780s] -- Installing: /home/joonmo/ws_moveit/install/moveit_core/include/moveit/collision_detection_bullet
[221.780s] -- Installing: /home/joonmo/ws_moveit/install/moveit_core/include/moveit/collision_detection_bullet/collision_detector_bullet_plugin_loader.h
[221.780s] -- Installing: /home/joonmo/ws_moveit/install/moveit_core/include/moveit/collision_detection_bullet/collision_detector_allocator_bullet.h
[221.780s] -- Installing: /home/joonmo/ws_moveit/install/moveit_core/include/moveit/collision_detection_bullet/bullet_integration
[221.780s] -- Installing: /home/joonmo/ws_moveit/install/moveit_core/include/moveit/collision_detection_bullet/bullet_integration/ros_bullet_utils.h
[221.780s] -- Installing: /home/joonmo/ws_moveit/install/moveit_core/include/moveit/collision_detection_bullet/bullet_integration/basic_types.h
[221.780s] -- Installing: /home/joonmo/ws_moveit/install/moveit_core/include/moveit/collision_detection_bullet/bullet_integration/bullet_discrete_bvh_manager.h
[221.780s] -- Installing: /home/joonmo/ws_moveit/install/moveit_core/include/moveit/collision_detection_bullet/bullet_integration/contact_checker_common.h
[221.780s] -- Installing: /home/joonmo/ws_moveit/install/moveit_core/include/moveit/collision_detection_bullet/bullet_integration/bullet_utils.h
[221.780s] -- Installing: /home/joonmo/ws_moveit/install/moveit_core/include/moveit/collision_detection_bullet/bullet_integration/bullet_cast_bvh_manager.h
[221.780s] -- Installing: /home/joonmo/ws_moveit/install/moveit_core/include/moveit/collision_detection_bullet/bullet_integration/bullet_bvh_manager.h
[221.780s] -- Installing: /home/joonmo/ws_moveit/install/moveit_core/include/moveit/collision_detection_bullet/collision_env_bullet.h
[221.780s] -- Installing: /home/joonmo/ws_moveit/install/moveit_core/include/moveit_collision_detection_bullet_export.h
[221.780s] -- Up-to-date: /home/joonmo/ws_moveit/install/moveit_core/include
[221.780s] -- Up-to-date: /home/joonmo/ws_moveit/install/moveit_core/include/moveit
[221.780s] -- Installing: /home/joonmo/ws_moveit/install/moveit_core/include/moveit/collision_detection_fcl
[221.780s] -- Installing: /home/joonmo/ws_moveit/install/moveit_core/include/moveit/collision_detection_fcl/collision_detector_allocator_fcl.h
[221.781s] -- Installing: /home/joonmo/ws_moveit/install/moveit_core/include/moveit/collision_detection_fcl/collision_common.h
[221.781s] -- Installing: /home/joonmo/ws_moveit/install/moveit_core/include/moveit/collision_detection_fcl/collision_env_fcl.h
[221.781s] -- Installing: /home/joonmo/ws_moveit/install/moveit_core/include/moveit/collision_detection_fcl/fcl_compat.h
[221.781s] -- Installing: /home/joonmo/ws_moveit/install/moveit_core/include/moveit/collision_detection_fcl/collision_detector_fcl_plugin_loader.h
[221.781s] -- Installing: /home/joonmo/ws_moveit/install/moveit_core/include/moveit_collision_detection_fcl_export.h
[221.781s] -- Installing: /home/joonmo/ws_moveit/install/moveit_core/lib/libcollision_detector_bullet_plugin.so.2.5.7
[221.781s] -- Set runtime path of "/home/joonmo/ws_moveit/install/moveit_core/lib/libcollision_detector_bullet_plugin.so.2.5.7" to ""
[221.781s] -- Installing: /home/joonmo/ws_moveit/install/moveit_core/lib/libcollision_detector_bullet_plugin.so
[221.781s] -- Installing: /home/joonmo/ws_moveit/install/moveit_core/lib/libmoveit_butterworth_filter.so.2.5.7
[221.781s] -- Set runtime path of "/home/joonmo/ws_moveit/install/moveit_core/lib/libmoveit_butterworth_filter.so.2.5.7" to ""
[221.781s] -- Installing: /home/joonmo/ws_moveit/install/moveit_core/lib/libmoveit_butterworth_filter.so
[221.781s] -- Installing: /home/joonmo/ws_moveit/install/moveit_core/lib/libmoveit_collision_distance_field.so.2.5.7
[221.782s] -- Set runtime path of "/home/joonmo/ws_moveit/install/moveit_core/lib/libmoveit_collision_distance_field.so.2.5.7" to ""
[221.782s] -- Installing: /home/joonmo/ws_moveit/install/moveit_core/lib/libmoveit_collision_distance_field.so
[221.782s] -- Installing: /home/joonmo/ws_moveit/install/moveit_core/lib/libmoveit_collision_detection.so.2.5.7
[221.782s] -- Set runtime path of "/home/joonmo/ws_moveit/install/moveit_core/lib/libmoveit_collision_detection.so.2.5.7" to ""
[221.782s] -- Installing: /home/joonmo/ws_moveit/install/moveit_core/lib/libmoveit_collision_detection.so
[221.783s] -- Installing: /home/joonmo/ws_moveit/install/moveit_core/lib/libmoveit_collision_detection_fcl.so.2.5.7
[221.783s] -- Set runtime path of "/home/joonmo/ws_moveit/install/moveit_core/lib/libmoveit_collision_detection_fcl.so.2.5.7" to ""
[221.783s] -- Installing: /home/joonmo/ws_moveit/install/moveit_core/lib/libmoveit_collision_detection_fcl.so
[221.783s] -- Installing: /home/joonmo/ws_moveit/install/moveit_core/lib/libmoveit_collision_detection_bullet.so.2.5.7
[221.783s] -- Set runtime path of "/home/joonmo/ws_moveit/install/moveit_core/lib/libmoveit_collision_detection_bullet.so.2.5.7" to ""
[221.783s] -- Installing: /home/joonmo/ws_moveit/install/moveit_core/lib/libmoveit_collision_detection_bullet.so
[221.783s] -- Installing: /home/joonmo/ws_moveit/install/moveit_core/lib/libmoveit_dynamics_solver.so.2.5.7
[221.784s] -- Set runtime path of "/home/joonmo/ws_moveit/install/moveit_core/lib/libmoveit_dynamics_solver.so.2.5.7" to ""
[221.784s] -- Installing: /home/joonmo/ws_moveit/install/moveit_core/lib/libmoveit_dynamics_solver.so
[221.784s] -- Installing: /home/joonmo/ws_moveit/install/moveit_core/lib/libmoveit_constraint_samplers.so.2.5.7
[221.784s] -- Set runtime path of "/home/joonmo/ws_moveit/install/moveit_core/lib/libmoveit_constraint_samplers.so.2.5.7" to ""
[221.784s] -- Installing: /home/joonmo/ws_moveit/install/moveit_core/lib/libmoveit_constraint_samplers.so
[221.784s] -- Installing: /home/joonmo/ws_moveit/install/moveit_core/lib/libmoveit_distance_field.so.2.5.7
[221.784s] -- Set runtime path of "/home/joonmo/ws_moveit/install/moveit_core/lib/libmoveit_distance_field.so.2.5.7" to ""
[221.784s] -- Installing: /home/joonmo/ws_moveit/install/moveit_core/lib/libmoveit_distance_field.so
[221.784s] -- Installing: /home/joonmo/ws_moveit/install/moveit_core/lib/libmoveit_exceptions.so.2.5.7
[221.785s] -- Set runtime path of "/home/joonmo/ws_moveit/install/moveit_core/lib/libmoveit_exceptions.so.2.5.7" to ""
[221.785s] -- Installing: /home/joonmo/ws_moveit/install/moveit_core/lib/libmoveit_exceptions.so
[221.785s] -- Installing: /home/joonmo/ws_moveit/install/moveit_core/lib/libmoveit_kinematics_base.so
[221.785s] -- Set runtime path of "/home/joonmo/ws_moveit/install/moveit_core/lib/libmoveit_kinematics_base.so" to ""
[221.785s] -- Installing: /home/joonmo/ws_moveit/install/moveit_core/lib/libmoveit_kinematic_constraints.so.2.5.7
[221.785s] -- Set runtime path of "/home/joonmo/ws_moveit/install/moveit_core/lib/libmoveit_kinematic_constraints.so.2.5.7" to ""
[221.785s] -- Installing: /home/joonmo/ws_moveit/install/moveit_core/lib/libmoveit_kinematic_constraints.so
[221.785s] -- Installing: /home/joonmo/ws_moveit/install/moveit_core/lib/libmoveit_kinematics_metrics.so.2.5.7
[221.786s] -- Set runtime path of "/home/joonmo/ws_moveit/install/moveit_core/lib/libmoveit_kinematics_metrics.so.2.5.7" to ""
[221.786s] -- Installing: /home/joonmo/ws_moveit/install/moveit_core/lib/libmoveit_kinematics_metrics.so
[221.786s] -- Installing: /home/joonmo/ws_moveit/install/moveit_core/lib/libmoveit_planning_interface.so.2.5.7
[221.786s] -- Set runtime path of "/home/joonmo/ws_moveit/install/moveit_core/lib/libmoveit_planning_interface.so.2.5.7" to ""
[221.786s] -- Installing: /home/joonmo/ws_moveit/install/moveit_core/lib/libmoveit_planning_interface.so
[221.786s] -- Installing: /home/joonmo/ws_moveit/install/moveit_core/lib/libmoveit_planning_scene.so.2.5.7
[221.787s] -- Set runtime path of "/home/joonmo/ws_moveit/install/moveit_core/lib/libmoveit_planning_scene.so.2.5.7" to ""
[221.787s] -- Installing: /home/joonmo/ws_moveit/install/moveit_core/lib/libmoveit_planning_scene.so
[221.787s] -- Installing: /home/joonmo/ws_moveit/install/moveit_core/lib/libmoveit_planning_request_adapter.so.2.5.7
[221.787s] -- Set runtime path of "/home/joonmo/ws_moveit/install/moveit_core/lib/libmoveit_planning_request_adapter.so.2.5.7" to ""
[221.787s] -- Installing: /home/joonmo/ws_moveit/install/moveit_core/lib/libmoveit_planning_request_adapter.so
[221.787s] -- Installing: /home/joonmo/ws_moveit/install/moveit_core/lib/libmoveit_robot_model.so.2.5.7
[221.787s] -- Set runtime path of "/home/joonmo/ws_moveit/install/moveit_core/lib/libmoveit_robot_model.so.2.5.7" to ""
[221.787s] -- Installing: /home/joonmo/ws_moveit/install/moveit_core/lib/libmoveit_robot_model.so
[221.787s] -- Installing: /home/joonmo/ws_moveit/install/moveit_core/lib/libmoveit_robot_state.so.2.5.7
[221.788s] -- Set runtime path of "/home/joonmo/ws_moveit/install/moveit_core/lib/libmoveit_robot_state.so.2.5.7" to ""
[221.788s] -- Installing: /home/joonmo/ws_moveit/install/moveit_core/lib/libmoveit_robot_state.so
[221.788s] -- Installing: /home/joonmo/ws_moveit/install/moveit_core/lib/libmoveit_robot_trajectory.so.2.5.7
[221.788s] -- Set runtime path of "/home/joonmo/ws_moveit/install/moveit_core/lib/libmoveit_robot_trajectory.so.2.5.7" to ""
[221.788s] -- Installing: /home/joonmo/ws_moveit/install/moveit_core/lib/libmoveit_robot_trajectory.so
[221.788s] -- Installing: /home/joonmo/ws_moveit/install/moveit_core/lib/libmoveit_smoothing_base.so.2.5.7
[221.788s] -- Set runtime path of "/home/joonmo/ws_moveit/install/moveit_core/lib/libmoveit_smoothing_base.so.2.5.7" to ""
[221.788s] -- Installing: /home/joonmo/ws_moveit/install/moveit_core/lib/libmoveit_smoothing_base.so
[221.788s] -- Installing: /home/joonmo/ws_moveit/install/moveit_core/lib/libmoveit_test_utils.so.2.5.7
[221.789s] -- Set runtime path of "/home/joonmo/ws_moveit/install/moveit_core/lib/libmoveit_test_utils.so.2.5.7" to ""
[221.789s] -- Installing: /home/joonmo/ws_moveit/install/moveit_core/lib/libmoveit_test_utils.so
[221.789s] -- Installing: /home/joonmo/ws_moveit/install/moveit_core/lib/libmoveit_trajectory_processing.so.2.5.7
[221.789s] -- Set runtime path of "/home/joonmo/ws_moveit/install/moveit_core/lib/libmoveit_trajectory_processing.so.2.5.7" to ""
[221.789s] -- Installing: /home/joonmo/ws_moveit/install/moveit_core/lib/libmoveit_trajectory_processing.so
[221.789s] -- Installing: /home/joonmo/ws_moveit/install/moveit_core/lib/libmoveit_transforms.so.2.5.7
[221.789s] -- Set runtime path of "/home/joonmo/ws_moveit/install/moveit_core/lib/libmoveit_transforms.so.2.5.7" to ""
[221.789s] -- Installing: /home/joonmo/ws_moveit/install/moveit_core/lib/libmoveit_transforms.so
[221.789s] -- Installing: /home/joonmo/ws_moveit/install/moveit_core/lib/libmoveit_utils.so.2.5.7
[221.790s] -- Set runtime path of "/home/joonmo/ws_moveit/install/moveit_core/lib/libmoveit_utils.so.2.5.7" to ""
[221.790s] -- Installing: /home/joonmo/ws_moveit/install/moveit_core/lib/libmoveit_utils.so
[221.790s] -- Installing: /home/joonmo/ws_moveit/install/moveit_core/share/moveit_core/environment/library_path.sh
[221.790s] -- Installing: /home/joonmo/ws_moveit/install/moveit_core/share/moveit_core/environment/library_path.dsv
[221.790s] -- Installing: /home/joonmo/ws_moveit/install/moveit_core/share/moveit_core/collision_detector_fcl_description.xml
[221.790s] -- Installing: /home/joonmo/ws_moveit/install/moveit_core/share/moveit_core/collision_detector_bullet_description.xml
[221.790s] -- Installing: /home/joonmo/ws_moveit/install/moveit_core/share/moveit_core/filter_plugin_butterworth.xml
[221.790s] -- Installing: /home/joonmo/ws_moveit/install/moveit_core/share/ament_index/resource_index/package_run_dependencies/moveit_core
[221.790s] -- Installing: /home/joonmo/ws_moveit/install/moveit_core/share/ament_index/resource_index/parent_prefix_path/moveit_core
[221.790s] -- Installing: /home/joonmo/ws_moveit/install/moveit_core/share/moveit_core/environment/ament_prefix_path.sh
[221.790s] -- Installing: /home/joonmo/ws_moveit/install/moveit_core/share/moveit_core/environment/ament_prefix_path.dsv
[221.790s] -- Installing: /home/joonmo/ws_moveit/install/moveit_core/share/moveit_core/environment/path.sh
[221.790s] -- Installing: /home/joonmo/ws_moveit/install/moveit_core/share/moveit_core/environment/path.dsv
[221.791s] -- Installing: /home/joonmo/ws_moveit/install/moveit_core/share/moveit_core/local_setup.bash
[221.791s] -- Installing: /home/joonmo/ws_moveit/install/moveit_core/share/moveit_core/local_setup.sh
[221.791s] -- Installing: /home/joonmo/ws_moveit/install/moveit_core/share/moveit_core/local_setup.zsh
[221.791s] -- Installing: /home/joonmo/ws_moveit/install/moveit_core/share/moveit_core/local_setup.dsv
[221.791s] -- Installing: /home/joonmo/ws_moveit/install/moveit_core/share/moveit_core/package.dsv
[221.791s] -- Installing: /home/joonmo/ws_moveit/install/moveit_core/share/ament_index/resource_index/packages/moveit_core
[221.791s] -- Installing: /home/joonmo/ws_moveit/install/moveit_core/share/ament_index/resource_index/moveit_core__pluginlib__plugin/moveit_core
[221.791s] -- Installing: /home/joonmo/ws_moveit/install/moveit_core/share/moveit_core/cmake/export_moveit_coreExport.cmake
[221.791s] -- Installing: /home/joonmo/ws_moveit/install/moveit_core/share/moveit_core/cmake/export_moveit_coreExport-release.cmake
[221.791s] -- Installing: /home/joonmo/ws_moveit/install/moveit_core/share/moveit_core/cmake/ConfigExtras.cmake
[221.791s] -- Installing: /home/joonmo/ws_moveit/install/moveit_core/share/moveit_core/cmake/ament_cmake_export_targets-extras.cmake
[221.791s] -- Installing: /home/joonmo/ws_moveit/install/moveit_core/share/moveit_core/cmake/ament_cmake_export_dependencies-extras.cmake
[221.791s] -- Installing: /home/joonmo/ws_moveit/install/moveit_core/share/moveit_core/cmake/moveit_coreConfig.cmake
[221.791s] -- Installing: /home/joonmo/ws_moveit/install/moveit_core/share/moveit_core/cmake/moveit_coreConfig-version.cmake
[221.791s] -- Installing: /home/joonmo/ws_moveit/install/moveit_core/share/moveit_core/package.xml
[221.793s] Invoked command in '/home/joonmo/ws_moveit/build/moveit_core' returned '0': AMENT_PREFIX_PATH=/home/joonmo/ws_moveit/install/moveit_resources_panda_moveit_config:/home/joonmo/ws_moveit/install/srdfdom:/home/joonmo/ws_moveit/install/moveit_resources_pr2_description:/home/joonmo/ws_moveit/install/moveit_resources_panda_description:/home/joonmo/ws_moveit/install/moveit_common:${AMENT_PREFIX_PATH} CMAKE_PREFIX_PATH=/home/joonmo/ws_moveit/install/moveit_resources_panda_moveit_config:/home/joonmo/ws_moveit/install/srdfdom:/home/joonmo/ws_moveit/install/moveit_resources_pr2_description:/home/joonmo/ws_moveit/install/moveit_resources_panda_description:/home/joonmo/ws_moveit/install/moveit_common:/opt/ros/humble LD_LIBRARY_PATH=/home/joonmo/ws_moveit/install/srdfdom/lib:${LD_LIBRARY_PATH} PYTHONPATH=/home/joonmo/ws_moveit/install/srdfdom/local/lib/python3.10/dist-packages:${PYTHONPATH} /usr/bin/cmake --install /home/joonmo/ws_moveit/build/moveit_core
