[0.031s] Invoking command in '/home/joonmo/ws_moveit/build/rosparam_shortcuts': CMAKE_PREFIX_PATH=/opt/ros/humble /usr/bin/cmake /home/joonmo/ws_moveit/src/rosparam_shortcuts -DCMAKE_BUILD_TYPE=Release -DCMAKE_INSTALL_PREFIX=/home/joonmo/ws_moveit/install/rosparam_shortcuts
[0.095s] -- The C compiler identification is GNU 11.4.0
[0.155s] -- The CXX compiler identification is GNU 11.4.0
[0.161s] -- Detecting C compiler ABI info
[0.227s] -- Detecting C compiler ABI info - done
[0.237s] -- Check for working C compiler: /usr/bin/cc - skipped
[0.239s] -- Detecting C compile features
[0.239s] -- Detecting C compile features - done
[0.241s] -- Detecting CXX compiler ABI info
[0.319s] -- Detecting CXX compiler ABI info - done
[0.326s] -- Check for working CXX compiler: /usr/bin/c++ - skipped
[0.327s] -- Detecting CXX compile features
[0.327s] -- Detecting CXX compile features - done
[0.329s] -- Found ament_cmake: 1.3.11 (/opt/ros/humble/share/ament_cmake/cmake)
[0.484s] -- Found Python3: /usr/bin/python3 (found version "3.10.12") found components: Interpreter 
[0.571s] -- Found eigen3_cmake_module: 0.1.1 (/opt/ros/humble/share/eigen3_cmake_module/cmake)
[0.578s] -- Found Eigen3: TRUE (found version "3.4.0") 
[0.580s] -- Found geometry_msgs: 4.2.4 (/opt/ros/humble/share/geometry_msgs/cmake)
[0.612s] -- Found rosidl_generator_c: 3.1.6 (/opt/ros/humble/share/rosidl_generator_c/cmake)
[0.617s] -- Found rosidl_adapter: 3.1.6 (/opt/ros/humble/share/rosidl_adapter/cmake)
[0.626s] -- Found rosidl_generator_cpp: 3.1.6 (/opt/ros/humble/share/rosidl_generator_cpp/cmake)
[0.636s] -- Using all available rosidl_typesupport_c: rosidl_typesupport_fastrtps_c;rosidl_typesupport_introspection_c
[0.651s] -- Using all available rosidl_typesupport_cpp: rosidl_typesupport_fastrtps_cpp;rosidl_typesupport_introspection_cpp
[0.689s] -- Found rclcpp: 16.0.11 (/opt/ros/humble/share/rclcpp/cmake)
[0.731s] -- Found rmw_implementation_cmake: 6.1.2 (/opt/ros/humble/share/rmw_implementation_cmake/cmake)
[0.733s] -- Found rmw_fastrtps_cpp: 6.2.7 (/opt/ros/humble/share/rmw_fastrtps_cpp/cmake)
[0.835s] -- Found OpenSSL: /usr/lib/x86_64-linux-gnu/libcrypto.so (found version "3.0.2")  
[0.866s] -- Found FastRTPS: /opt/ros/humble/include  
[0.918s] -- Using RMW implementation 'rmw_fastrtps_cpp' as default
[0.935s] -- Looking for pthread.h
[1.018s] -- Looking for pthread.h - found
[1.019s] -- Performing Test CMAKE_HAVE_LIBC_PTHREAD
[1.140s] -- Performing Test CMAKE_HAVE_LIBC_PTHREAD - Success
[1.141s] -- Found Threads: TRUE  
[1.215s] -- Found tf2_eigen: 0.25.11 (/opt/ros/humble/share/tf2_eigen/cmake)
[1.375s] -- Found ament_lint_auto: 0.12.11 (/opt/ros/humble/share/ament_lint_auto/cmake)
[1.377s] -- Found ament_cmake_gtest: 1.3.11 (/opt/ros/humble/share/ament_cmake_gtest/cmake)
[1.379s] -- Found ros_testing: 0.4.0 (/opt/ros/humble/share/ros_testing/cmake)
[1.380s] -- Found launch_testing_ament_cmake: 1.0.7 (/opt/ros/humble/share/launch_testing_ament_cmake/cmake)
[1.382s] -- Found python_cmake_module: 0.10.0 (/opt/ros/humble/share/python_cmake_module/cmake)
[1.409s] -- Found PythonInterp: /usr/bin/python3 (found suitable version "3.10.12", minimum required is "3.6") 
[1.416s] -- Found PythonLibs: /usr/lib/x86_64-linux-gnu/libpython3.10.so (found suitable version "3.10.12", minimum required is "3.5") 
[1.418s] -- Using PYTHON_EXECUTABLE: /usr/bin/python3
[1.418s] -- Using PYTHON_INCLUDE_DIRS: /usr/include/python3.10
[1.418s] -- Using PYTHON_LIBRARIES: /usr/lib/x86_64-linux-gnu/libpython3.10.so
[1.445s] -- Found PythonExtra: .so  
[1.548s] -- Found gtest sources under '/opt/ros/humble/src/gtest_vendor': C++ tests using 'Google Test' will be built
[1.555s] -- Added test 'copyright' to check source files copyright and LICENSE
[1.557s] -- Added test 'lint_cmake' to check CMake code style
[1.558s] -- Added test 'pep257' to check Python code against some of the docstring style conventions in PEP 257
[1.559s] -- Added test 'xmllint' to check XML markup files
[1.564s] -- Configuring done
[1.601s] -- Generating done
[1.618s] -- Build files have been written to: /home/joonmo/ws_moveit/build/rosparam_shortcuts
[1.639s] Invoked command in '/home/joonmo/ws_moveit/build/rosparam_shortcuts' returned '0': CMAKE_PREFIX_PATH=/opt/ros/humble /usr/bin/cmake /home/joonmo/ws_moveit/src/rosparam_shortcuts -DCMAKE_BUILD_TYPE=Release -DCMAKE_INSTALL_PREFIX=/home/joonmo/ws_moveit/install/rosparam_shortcuts
[1.639s] Invoking command in '/home/joonmo/ws_moveit/build/rosparam_shortcuts': CMAKE_PREFIX_PATH=/opt/ros/humble /usr/bin/cmake --build /home/joonmo/ws_moveit/build/rosparam_shortcuts -- -j8 -l8
[1.703s] [  7%] [32mBuilding CXX object gtest/CMakeFiles/gtest.dir/src/gtest-all.cc.o[0m
[1.704s] [ 15%] [32mBuilding CXX object gtest/CMakeFiles/gtest_main.dir/src/gtest_main.cc.o[0m
[1.716s] [ 23%] [32mBuilding CXX object CMakeFiles/rosparam_shortcuts.dir/src/node_parameters.cpp.o[0m
[1.738s] [ 30%] [32mBuilding CXX object CMakeFiles/rosparam_shortcuts.dir/src/rosparam_shortcuts.cpp.o[0m
[3.032s] [ 38%] [32m[1mLinking CXX static library libgtest_main.a[0m
[3.072s] [ 38%] Built target gtest_main
[16.301s] [ 46%] [32m[1mLinking CXX static library libgtest.a[0m
[16.405s] [ 46%] Built target gtest
[16.880s] [ 53%] [32m[1mLinking CXX shared library librosparam_shortcuts.so[0m
[17.200s] [ 53%] Built target rosparam_shortcuts
[17.273s] [ 61%] [32mBuilding CXX object CMakeFiles/rosparam_shortcuts_node_parameters_example.dir/src/node_parameters_example.cpp.o[0m
[17.273s] [ 69%] [32mBuilding CXX object CMakeFiles/rosparam_shortcuts_example.dir/src/example.cpp.o[0m
[17.276s] [ 76%] [32mBuilding CXX object CMakeFiles/test_node_parameters.dir/test/test_node_parameters.cpp.o[0m
[25.160s] [ 84%] [32m[1mLinking CXX executable example[0m
[25.169s] [ 92%] [32m[1mLinking CXX executable node_parameters_example[0m
[25.334s] [ 92%] Built target rosparam_shortcuts_example
[25.343s] [ 92%] Built target rosparam_shortcuts_node_parameters_example
[27.870s] [100%] [32m[1mLinking CXX executable test_node_parameters[0m
[28.041s] [100%] Built target test_node_parameters
[28.054s] Invoked command in '/home/joonmo/ws_moveit/build/rosparam_shortcuts' returned '0': CMAKE_PREFIX_PATH=/opt/ros/humble /usr/bin/cmake --build /home/joonmo/ws_moveit/build/rosparam_shortcuts -- -j8 -l8
[28.057s] Invoking command in '/home/joonmo/ws_moveit/build/rosparam_shortcuts': CMAKE_PREFIX_PATH=/opt/ros/humble /usr/bin/cmake --install /home/joonmo/ws_moveit/build/rosparam_shortcuts
[28.065s] -- Install configuration: "Release"
[28.065s] -- Installing: /home/joonmo/ws_moveit/install/rosparam_shortcuts/lib/librosparam_shortcuts.so
[28.065s] -- Set runtime path of "/home/joonmo/ws_moveit/install/rosparam_shortcuts/lib/librosparam_shortcuts.so" to ""
[28.065s] -- Installing: /home/joonmo/ws_moveit/install/rosparam_shortcuts/lib/rosparam_shortcuts/example
[28.066s] -- Set runtime path of "/home/joonmo/ws_moveit/install/rosparam_shortcuts/lib/rosparam_shortcuts/example" to ""
[28.066s] -- Installing: /home/joonmo/ws_moveit/install/rosparam_shortcuts/lib/rosparam_shortcuts/node_parameters_example
[28.066s] -- Set runtime path of "/home/joonmo/ws_moveit/install/rosparam_shortcuts/lib/rosparam_shortcuts/node_parameters_example" to ""
[28.066s] -- Installing: /home/joonmo/ws_moveit/install/rosparam_shortcuts/include
[28.066s] -- Installing: /home/joonmo/ws_moveit/install/rosparam_shortcuts/include/rosparam_shortcuts
[28.067s] -- Installing: /home/joonmo/ws_moveit/install/rosparam_shortcuts/include/rosparam_shortcuts/node_parameters.h
[28.067s] -- Installing: /home/joonmo/ws_moveit/install/rosparam_shortcuts/include/rosparam_shortcuts/rosparam_shortcuts.h
[28.067s] -- Installing: /home/joonmo/ws_moveit/install/rosparam_shortcuts/share/rosparam_shortcuts/launch
[28.067s] -- Installing: /home/joonmo/ws_moveit/install/rosparam_shortcuts/share/rosparam_shortcuts/launch/example.launch.py
[28.067s] -- Installing: /home/joonmo/ws_moveit/install/rosparam_shortcuts/share/rosparam_shortcuts/config
[28.067s] -- Installing: /home/joonmo/ws_moveit/install/rosparam_shortcuts/share/rosparam_shortcuts/config/example.yaml
[28.067s] -- Installing: /home/joonmo/ws_moveit/install/rosparam_shortcuts/share/rosparam_shortcuts/environment/library_path.sh
[28.068s] -- Installing: /home/joonmo/ws_moveit/install/rosparam_shortcuts/share/rosparam_shortcuts/environment/library_path.dsv
[28.068s] -- Installing: /home/joonmo/ws_moveit/install/rosparam_shortcuts/share/ament_index/resource_index/package_run_dependencies/rosparam_shortcuts
[28.068s] -- Installing: /home/joonmo/ws_moveit/install/rosparam_shortcuts/share/ament_index/resource_index/parent_prefix_path/rosparam_shortcuts
[28.068s] -- Installing: /home/joonmo/ws_moveit/install/rosparam_shortcuts/share/rosparam_shortcuts/environment/ament_prefix_path.sh
[28.068s] -- Installing: /home/joonmo/ws_moveit/install/rosparam_shortcuts/share/rosparam_shortcuts/environment/ament_prefix_path.dsv
[28.068s] -- Installing: /home/joonmo/ws_moveit/install/rosparam_shortcuts/share/rosparam_shortcuts/environment/path.sh
[28.068s] -- Installing: /home/joonmo/ws_moveit/install/rosparam_shortcuts/share/rosparam_shortcuts/environment/path.dsv
[28.068s] -- Installing: /home/joonmo/ws_moveit/install/rosparam_shortcuts/share/rosparam_shortcuts/local_setup.bash
[28.069s] -- Installing: /home/joonmo/ws_moveit/install/rosparam_shortcuts/share/rosparam_shortcuts/local_setup.sh
[28.069s] -- Installing: /home/joonmo/ws_moveit/install/rosparam_shortcuts/share/rosparam_shortcuts/local_setup.zsh
[28.069s] -- Installing: /home/joonmo/ws_moveit/install/rosparam_shortcuts/share/rosparam_shortcuts/local_setup.dsv
[28.069s] -- Installing: /home/joonmo/ws_moveit/install/rosparam_shortcuts/share/rosparam_shortcuts/package.dsv
[28.069s] -- Installing: /home/joonmo/ws_moveit/install/rosparam_shortcuts/share/ament_index/resource_index/packages/rosparam_shortcuts
[28.070s] -- Installing: /home/joonmo/ws_moveit/install/rosparam_shortcuts/share/rosparam_shortcuts/cmake/export_rosparam_shortcutsExport.cmake
[28.070s] -- Installing: /home/joonmo/ws_moveit/install/rosparam_shortcuts/share/rosparam_shortcuts/cmake/export_rosparam_shortcutsExport-release.cmake
[28.070s] -- Installing: /home/joonmo/ws_moveit/install/rosparam_shortcuts/share/rosparam_shortcuts/cmake/ament_cmake_export_targets-extras.cmake
[28.070s] -- Installing: /home/joonmo/ws_moveit/install/rosparam_shortcuts/share/rosparam_shortcuts/cmake/ament_cmake_export_dependencies-extras.cmake
[28.070s] -- Installing: /home/joonmo/ws_moveit/install/rosparam_shortcuts/share/rosparam_shortcuts/cmake/rosparam_shortcutsConfig.cmake
[28.070s] -- Installing: /home/joonmo/ws_moveit/install/rosparam_shortcuts/share/rosparam_shortcuts/cmake/rosparam_shortcutsConfig-version.cmake
[28.070s] -- Installing: /home/joonmo/ws_moveit/install/rosparam_shortcuts/share/rosparam_shortcuts/package.xml
[28.073s] Invoked command in '/home/joonmo/ws_moveit/build/rosparam_shortcuts' returned '0': CMAKE_PREFIX_PATH=/opt/ros/humble /usr/bin/cmake --install /home/joonmo/ws_moveit/build/rosparam_shortcuts
