Determining if the pthread_create exist failed with the following output:
Change Dir: /home/hjm/slam_ws/build/CMakeFiles/CMakeTmp

Run Build Command:"/usr/bin/make" "cmTC_bb4b2/fast"
/usr/bin/make -f CMakeFiles/cmTC_bb4b2.dir/build.make CMakeFiles/cmTC_bb4b2.dir/build
make[1]: Entering directory '/home/hjm/slam_ws/build/CMakeFiles/CMakeTmp'
Building C object CMakeFiles/cmTC_bb4b2.dir/CheckSymbolExists.c.o
/usr/bin/cc    -o CMakeFiles/cmTC_bb4b2.dir/CheckSymbolExists.c.o   -c /home/hjm/slam_ws/build/CMakeFiles/CMakeTmp/CheckSymbolExists.c
Linking C executable cmTC_bb4b2
/usr/bin/cmake -E cmake_link_script CMakeFiles/cmTC_bb4b2.dir/link.txt --verbose=1
/usr/bin/cc      -rdynamic CMakeFiles/cmTC_bb4b2.dir/CheckSymbolExists.c.o  -o cmTC_bb4b2 
CMakeFiles/cmTC_bb4b2.dir/CheckSymbolExists.c.o: In function `main':
CheckSymbolExists.c:(.text+0x14): undefined reference to `pthread_create'
CheckSymbolExists.c:(.text+0x18): undefined reference to `pthread_create'
collect2: error: ld returned 1 exit status
CMakeFiles/cmTC_bb4b2.dir/build.make:97: recipe for target 'cmTC_bb4b2' failed
make[1]: *** [cmTC_bb4b2] Error 1
make[1]: Leaving directory '/home/hjm/slam_ws/build/CMakeFiles/CMakeTmp'
Makefile:126: recipe for target 'cmTC_bb4b2/fast' failed
make: *** [cmTC_bb4b2/fast] Error 2

File /home/hjm/slam_ws/build/CMakeFiles/CMakeTmp/CheckSymbolExists.c:
/* */
#include <pthread.h>

int main(int argc, char** argv)
{
  (void)argv;
#ifndef pthread_create
  return ((int*)(&pthread_create))[argc];
#else
  (void)argc;
  return 0;
#endif
}

Determining if the function pthread_create exists in the pthreads failed with the following output:
Change Dir: /home/hjm/slam_ws/build/CMakeFiles/CMakeTmp

Run Build Command:"/usr/bin/make" "cmTC_859d3/fast"
/usr/bin/make -f CMakeFiles/cmTC_859d3.dir/build.make CMakeFiles/cmTC_859d3.dir/build
make[1]: Entering directory '/home/hjm/slam_ws/build/CMakeFiles/CMakeTmp'
Building C object CMakeFiles/cmTC_859d3.dir/CheckFunctionExists.c.o
/usr/bin/cc   -DCHECK_FUNCTION_EXISTS=pthread_create   -o CMakeFiles/cmTC_859d3.dir/CheckFunctionExists.c.o   -c /usr/share/cmake-3.10/Modules/CheckFunctionExists.c
Linking C executable cmTC_859d3
/usr/bin/cmake -E cmake_link_script CMakeFiles/cmTC_859d3.dir/link.txt --verbose=1
/usr/bin/cc  -DCHECK_FUNCTION_EXISTS=pthread_create    -rdynamic CMakeFiles/cmTC_859d3.dir/CheckFunctionExists.c.o  -o cmTC_859d3 -lpthreads 
/usr/bin/ld: cannot find -lpthreads
collect2: error: ld returned 1 exit status
CMakeFiles/cmTC_859d3.dir/build.make:97: recipe for target 'cmTC_859d3' failed
make[1]: *** [cmTC_859d3] Error 1
make[1]: Leaving directory '/home/hjm/slam_ws/build/CMakeFiles/CMakeTmp'
Makefile:126: recipe for target 'cmTC_859d3/fast' failed
make: *** [cmTC_859d3/fast] Error 2


