[0.026s] Invoking command in '/home/joonmo/ws_moveit/build/moveit_hybrid_planning': AMENT_PREFIX_PATH=/home/joonmo/ws_moveit/install/moveit_ros_planning_interface:/home/joonmo/ws_moveit/install/moveit_ros_move_group:/home/joonmo/ws_moveit/install/moveit_ros_warehouse:/home/joonmo/ws_moveit/install/moveit_planners_ompl:/home/joonmo/ws_moveit/install/moveit_kinematics:/home/joonmo/ws_moveit/install/moveit_ros_planning:/home/joonmo/ws_moveit/install/moveit_simple_controller_manager:/home/joonmo/ws_moveit/install/moveit_ros_occupancy_map_monitor:/home/joonmo/ws_moveit/install/moveit_core:/home/joonmo/ws_moveit/install/moveit_resources_panda_moveit_config:/home/joonmo/ws_moveit/install/moveit_resources_fanuc_moveit_config:/home/joonmo/ws_moveit/install/moveit_configs_utils:/home/joonmo/ws_moveit/install/srdfdom:/home/joonmo/ws_moveit/install/moveit_resources_pr2_description:/home/joonmo/ws_moveit/install/moveit_resources_panda_description:/home/joonmo/ws_moveit/install/moveit_resources_fanuc_description:/home/joonmo/ws_moveit/install/moveit_common:/home/joonmo/ws_moveit/install/launch_param_builder:${AMENT_PREFIX_PATH} CMAKE_PREFIX_PATH=/home/joonmo/ws_moveit/install/moveit_ros_planning_interface:/home/joonmo/ws_moveit/install/moveit_ros_move_group:/home/joonmo/ws_moveit/install/moveit_ros_warehouse:/home/joonmo/ws_moveit/install/moveit_planners_ompl:/home/joonmo/ws_moveit/install/moveit_kinematics:/home/joonmo/ws_moveit/install/moveit_ros_planning:/home/joonmo/ws_moveit/install/moveit_simple_controller_manager:/home/joonmo/ws_moveit/install/moveit_ros_occupancy_map_monitor:/home/joonmo/ws_moveit/install/moveit_core:/home/joonmo/ws_moveit/install/moveit_resources_panda_moveit_config:/home/joonmo/ws_moveit/install/moveit_resources_fanuc_moveit_config:/home/joonmo/ws_moveit/install/srdfdom:/home/joonmo/ws_moveit/install/moveit_resources_pr2_description:/home/joonmo/ws_moveit/install/moveit_resources_panda_description:/home/joonmo/ws_moveit/install/moveit_resources_fanuc_description:/home/joonmo/ws_moveit/install/moveit_common:/opt/ros/humble LD_LIBRARY_PATH=/home/joonmo/ws_moveit/install/moveit_ros_planning_interface/lib:/home/joonmo/ws_moveit/install/moveit_ros_move_group/lib:/home/joonmo/ws_moveit/install/moveit_ros_warehouse/lib:/home/joonmo/ws_moveit/install/moveit_planners_ompl/lib:/home/joonmo/ws_moveit/install/moveit_kinematics/lib:/home/joonmo/ws_moveit/install/moveit_ros_planning/lib:/home/joonmo/ws_moveit/install/moveit_simple_controller_manager/lib:/home/joonmo/ws_moveit/install/moveit_ros_occupancy_map_monitor/lib:/home/joonmo/ws_moveit/install/moveit_core/lib:/home/joonmo/ws_moveit/install/srdfdom/lib:${LD_LIBRARY_PATH} PATH=/home/joonmo/ws_moveit/install/moveit_core/bin:${PATH} PYTHONPATH=/home/joonmo/ws_moveit/install/moveit_configs_utils/lib/python3.10/site-packages:/home/joonmo/ws_moveit/install/srdfdom/local/lib/python3.10/dist-packages:/home/joonmo/ws_moveit/install/launch_param_builder/lib/python3.10/site-packages:${PYTHONPATH} /usr/bin/cmake /home/joonmo/ws_moveit/src/moveit2/moveit_ros/hybrid_planning -DCMAKE_BUILD_TYPE=Release -DCMAKE_INSTALL_PREFIX=/home/joonmo/ws_moveit/install/moveit_hybrid_planning
[0.078s] -- The C compiler identification is GNU 11.4.0
[0.124s] -- The CXX compiler identification is GNU 11.4.0
[0.132s] -- Detecting C compiler ABI info
[0.190s] -- Detecting C compiler ABI info - done
[0.195s] -- Check for working C compiler: /usr/bin/cc - skipped
[0.195s] -- Detecting C compile features
[0.195s] -- Detecting C compile features - done
[0.197s] -- Detecting CXX compiler ABI info
[0.263s] -- Detecting CXX compiler ABI info - done
[0.268s] -- Check for working CXX compiler: /usr/bin/c++ - skipped
[0.268s] -- Detecting CXX compile features
[0.269s] -- Detecting CXX compile features - done
[0.271s] -- Found moveit_common: 2.5.7 (/home/joonmo/ws_moveit/install/moveit_common/share/moveit_common/cmake)
[0.274s] -- Found ament_cmake: 1.3.11 (/opt/ros/humble/share/ament_cmake/cmake)
[0.410s] -- Found Python3: /usr/bin/python3 (found version "3.10.12") found components: Interpreter 
[0.577s] -- Found moveit_core: 2.5.7 (/home/joonmo/ws_moveit/install/moveit_core/share/moveit_core/cmake)
[0.853s] -- Found Boost: /usr/lib/x86_64-linux-gnu/cmake/Boost-1.74.0/BoostConfig.cmake (found version "1.74.0") found components: chrono date_time filesystem iostreams program_options regex serialization system thread 
[0.949s] -- Found parameter_traits: 0.4.0 (/opt/ros/humble/share/parameter_traits/cmake)
[1.004s] -- Found rosidl_generator_c: 3.1.6 (/opt/ros/humble/share/rosidl_generator_c/cmake)
[1.012s] -- Found rosidl_adapter: 3.1.6 (/opt/ros/humble/share/rosidl_adapter/cmake)
[1.024s] -- Found rosidl_generator_cpp: 3.1.6 (/opt/ros/humble/share/rosidl_generator_cpp/cmake)
[1.041s] -- Using all available rosidl_typesupport_c: rosidl_typesupport_fastrtps_c;rosidl_typesupport_introspection_c
[1.066s] -- Using all available rosidl_typesupport_cpp: rosidl_typesupport_fastrtps_cpp;rosidl_typesupport_introspection_cpp
[1.129s] -- Found rmw_implementation_cmake: 6.1.2 (/opt/ros/humble/share/rmw_implementation_cmake/cmake)
[1.134s] -- Found rmw_fastrtps_cpp: 6.2.7 (/opt/ros/humble/share/rmw_fastrtps_cpp/cmake)
[1.253s] -- Found OpenSSL: /usr/lib/x86_64-linux-gnu/libcrypto.so (found version "3.0.2")  
[1.293s] -- Found FastRTPS: /opt/ros/humble/include  
[1.352s] -- Using RMW implementation 'rmw_fastrtps_cpp' as default
[1.366s] -- Found Threads: TRUE  
[1.442s] -- Found Eigen3: TRUE (found version "3.4.0") 
[1.446s] -- Found rclcpp_lifecycle: 16.0.11 (/opt/ros/humble/share/rclcpp_lifecycle/cmake)
[1.478s] -- Found Boost: /usr/lib/x86_64-linux-gnu/cmake/Boost-1.74.0/BoostConfig.cmake (found version "1.74.0") found components: filesystem 
[1.604s] -- library: /usr/lib/x86_64-linux-gnu/libcurl.so
[1.694s] -- Ensuring Eigen3 include directory is part of orocos-kdl CMake target
[2.005s] -- Found moveit_ros_planning: 2.5.7 (/home/joonmo/ws_moveit/install/moveit_ros_planning/share/moveit_ros_planning/cmake)
[2.011s] -- Found Boost: /usr/lib/x86_64-linux-gnu/cmake/Boost-1.74.0/BoostConfig.cmake (found version "1.74.0") found components: system filesystem date_time program_options thread chrono 
[2.042s] -- Found moveit_ros_planning_interface: 2.5.7 (/home/joonmo/ws_moveit/install/moveit_ros_planning_interface/share/moveit_ros_planning_interface/cmake)
[2.048s] -- Found Boost: /usr/lib/x86_64-linux-gnu/cmake/Boost-1.74.0/BoostConfig.cmake (found version "1.74.0") found components: date_time filesystem program_options system thread 
[2.064s] -- Found Boost: /usr/lib/x86_64-linux-gnu/cmake/Boost-1.74.0/BoostConfig.cmake (found version "1.74.0") found components: thread system filesystem regex date_time program_options 
[2.092s] -- Found Boost: /usr/lib/x86_64-linux-gnu/cmake/Boost-1.74.0/BoostConfig.cmake (found version "1.74.0") found components: system filesystem date_time program_options thread 
[2.270s] -- Found ament_lint_auto: 0.12.11 (/opt/ros/humble/share/ament_lint_auto/cmake)
[2.273s] -- Found ament_cmake_gtest: 1.3.11 (/opt/ros/humble/share/ament_cmake_gtest/cmake)
[2.276s] -- Found ros_testing: 0.4.0 (/opt/ros/humble/share/ros_testing/cmake)
[2.279s] -- Found launch_testing_ament_cmake: 1.0.7 (/opt/ros/humble/share/launch_testing_ament_cmake/cmake)
[2.282s] -- Found python_cmake_module: 0.10.0 (/opt/ros/humble/share/python_cmake_module/cmake)
[2.308s] -- Found PythonInterp: /usr/bin/python3 (found suitable version "3.10.12", minimum required is "3.6") 
[2.314s] -- Found PythonLibs: /usr/lib/x86_64-linux-gnu/libpython3.10.so (found suitable version "3.10.12", minimum required is "3.5") 
[2.314s] -- Using PYTHON_EXECUTABLE: /usr/bin/python3
[2.314s] -- Using PYTHON_INCLUDE_DIRS: /usr/include/python3.10
[2.314s] -- Using PYTHON_LIBRARIES: /usr/lib/x86_64-linux-gnu/libpython3.10.so
[2.342s] -- Found PythonExtra: .so  
[2.348s] -- Found Boost: /usr/lib/x86_64-linux-gnu/cmake/Boost-1.74.0/BoostConfig.cmake (found version "1.74.0") found components: filesystem 
[2.384s] -- Configuring done
[2.636s] -- Generating done
[2.703s] -- Build files have been written to: /home/joonmo/ws_moveit/build/moveit_hybrid_planning
[2.729s] Invoked command in '/home/joonmo/ws_moveit/build/moveit_hybrid_planning' returned '0': AMENT_PREFIX_PATH=/home/joonmo/ws_moveit/install/moveit_ros_planning_interface:/home/joonmo/ws_moveit/install/moveit_ros_move_group:/home/joonmo/ws_moveit/install/moveit_ros_warehouse:/home/joonmo/ws_moveit/install/moveit_planners_ompl:/home/joonmo/ws_moveit/install/moveit_kinematics:/home/joonmo/ws_moveit/install/moveit_ros_planning:/home/joonmo/ws_moveit/install/moveit_simple_controller_manager:/home/joonmo/ws_moveit/install/moveit_ros_occupancy_map_monitor:/home/joonmo/ws_moveit/install/moveit_core:/home/joonmo/ws_moveit/install/moveit_resources_panda_moveit_config:/home/joonmo/ws_moveit/install/moveit_resources_fanuc_moveit_config:/home/joonmo/ws_moveit/install/moveit_configs_utils:/home/joonmo/ws_moveit/install/srdfdom:/home/joonmo/ws_moveit/install/moveit_resources_pr2_description:/home/joonmo/ws_moveit/install/moveit_resources_panda_description:/home/joonmo/ws_moveit/install/moveit_resources_fanuc_description:/home/joonmo/ws_moveit/install/moveit_common:/home/joonmo/ws_moveit/install/launch_param_builder:${AMENT_PREFIX_PATH} CMAKE_PREFIX_PATH=/home/joonmo/ws_moveit/install/moveit_ros_planning_interface:/home/joonmo/ws_moveit/install/moveit_ros_move_group:/home/joonmo/ws_moveit/install/moveit_ros_warehouse:/home/joonmo/ws_moveit/install/moveit_planners_ompl:/home/joonmo/ws_moveit/install/moveit_kinematics:/home/joonmo/ws_moveit/install/moveit_ros_planning:/home/joonmo/ws_moveit/install/moveit_simple_controller_manager:/home/joonmo/ws_moveit/install/moveit_ros_occupancy_map_monitor:/home/joonmo/ws_moveit/install/moveit_core:/home/joonmo/ws_moveit/install/moveit_resources_panda_moveit_config:/home/joonmo/ws_moveit/install/moveit_resources_fanuc_moveit_config:/home/joonmo/ws_moveit/install/srdfdom:/home/joonmo/ws_moveit/install/moveit_resources_pr2_description:/home/joonmo/ws_moveit/install/moveit_resources_panda_description:/home/joonmo/ws_moveit/install/moveit_resources_fanuc_description:/home/joonmo/ws_moveit/install/moveit_common:/opt/ros/humble LD_LIBRARY_PATH=/home/joonmo/ws_moveit/install/moveit_ros_planning_interface/lib:/home/joonmo/ws_moveit/install/moveit_ros_move_group/lib:/home/joonmo/ws_moveit/install/moveit_ros_warehouse/lib:/home/joonmo/ws_moveit/install/moveit_planners_ompl/lib:/home/joonmo/ws_moveit/install/moveit_kinematics/lib:/home/joonmo/ws_moveit/install/moveit_ros_planning/lib:/home/joonmo/ws_moveit/install/moveit_simple_controller_manager/lib:/home/joonmo/ws_moveit/install/moveit_ros_occupancy_map_monitor/lib:/home/joonmo/ws_moveit/install/moveit_core/lib:/home/joonmo/ws_moveit/install/srdfdom/lib:${LD_LIBRARY_PATH} PATH=/home/joonmo/ws_moveit/install/moveit_core/bin:${PATH} PYTHONPATH=/home/joonmo/ws_moveit/install/moveit_configs_utils/lib/python3.10/site-packages:/home/joonmo/ws_moveit/install/srdfdom/local/lib/python3.10/dist-packages:/home/joonmo/ws_moveit/install/launch_param_builder/lib/python3.10/site-packages:${PYTHONPATH} /usr/bin/cmake /home/joonmo/ws_moveit/src/moveit2/moveit_ros/hybrid_planning -DCMAKE_BUILD_TYPE=Release -DCMAKE_INSTALL_PREFIX=/home/joonmo/ws_moveit/install/moveit_hybrid_planning
[2.731s] Invoking command in '/home/joonmo/ws_moveit/build/moveit_hybrid_planning': AMENT_PREFIX_PATH=/home/joonmo/ws_moveit/install/moveit_ros_planning_interface:/home/joonmo/ws_moveit/install/moveit_ros_move_group:/home/joonmo/ws_moveit/install/moveit_ros_warehouse:/home/joonmo/ws_moveit/install/moveit_planners_ompl:/home/joonmo/ws_moveit/install/moveit_kinematics:/home/joonmo/ws_moveit/install/moveit_ros_planning:/home/joonmo/ws_moveit/install/moveit_simple_controller_manager:/home/joonmo/ws_moveit/install/moveit_ros_occupancy_map_monitor:/home/joonmo/ws_moveit/install/moveit_core:/home/joonmo/ws_moveit/install/moveit_resources_panda_moveit_config:/home/joonmo/ws_moveit/install/moveit_resources_fanuc_moveit_config:/home/joonmo/ws_moveit/install/moveit_configs_utils:/home/joonmo/ws_moveit/install/srdfdom:/home/joonmo/ws_moveit/install/moveit_resources_pr2_description:/home/joonmo/ws_moveit/install/moveit_resources_panda_description:/home/joonmo/ws_moveit/install/moveit_resources_fanuc_description:/home/joonmo/ws_moveit/install/moveit_common:/home/joonmo/ws_moveit/install/launch_param_builder:${AMENT_PREFIX_PATH} CMAKE_PREFIX_PATH=/home/joonmo/ws_moveit/install/moveit_ros_planning_interface:/home/joonmo/ws_moveit/install/moveit_ros_move_group:/home/joonmo/ws_moveit/install/moveit_ros_warehouse:/home/joonmo/ws_moveit/install/moveit_planners_ompl:/home/joonmo/ws_moveit/install/moveit_kinematics:/home/joonmo/ws_moveit/install/moveit_ros_planning:/home/joonmo/ws_moveit/install/moveit_simple_controller_manager:/home/joonmo/ws_moveit/install/moveit_ros_occupancy_map_monitor:/home/joonmo/ws_moveit/install/moveit_core:/home/joonmo/ws_moveit/install/moveit_resources_panda_moveit_config:/home/joonmo/ws_moveit/install/moveit_resources_fanuc_moveit_config:/home/joonmo/ws_moveit/install/srdfdom:/home/joonmo/ws_moveit/install/moveit_resources_pr2_description:/home/joonmo/ws_moveit/install/moveit_resources_panda_description:/home/joonmo/ws_moveit/install/moveit_resources_fanuc_description:/home/joonmo/ws_moveit/install/moveit_common:/opt/ros/humble LD_LIBRARY_PATH=/home/joonmo/ws_moveit/install/moveit_ros_planning_interface/lib:/home/joonmo/ws_moveit/install/moveit_ros_move_group/lib:/home/joonmo/ws_moveit/install/moveit_ros_warehouse/lib:/home/joonmo/ws_moveit/install/moveit_planners_ompl/lib:/home/joonmo/ws_moveit/install/moveit_kinematics/lib:/home/joonmo/ws_moveit/install/moveit_ros_planning/lib:/home/joonmo/ws_moveit/install/moveit_simple_controller_manager/lib:/home/joonmo/ws_moveit/install/moveit_ros_occupancy_map_monitor/lib:/home/joonmo/ws_moveit/install/moveit_core/lib:/home/joonmo/ws_moveit/install/srdfdom/lib:${LD_LIBRARY_PATH} PATH=/home/joonmo/ws_moveit/install/moveit_core/bin:${PATH} PYTHONPATH=/home/joonmo/ws_moveit/install/moveit_configs_utils/lib/python3.10/site-packages:/home/joonmo/ws_moveit/install/srdfdom/local/lib/python3.10/dist-packages:/home/joonmo/ws_moveit/install/launch_param_builder/lib/python3.10/site-packages:${PYTHONPATH} /usr/bin/cmake --build /home/joonmo/ws_moveit/build/moveit_hybrid_planning -- -j8 -l8
[2.816s] [  5%] [32mBuilding CXX object hybrid_planning_manager/hybrid_planning_manager_component/CMakeFiles/moveit_hybrid_planning_manager.dir/src/hybrid_planning_manager.cpp.o[0m
[2.817s] [ 10%] [32mBuilding CXX object local_planner/local_planner_component/CMakeFiles/moveit_local_planner_component.dir/src/local_planner_component.cpp.o[0m
[2.822s] [ 15%] [32mBuilding CXX object global_planner/global_planner_plugins/CMakeFiles/motion_planning_pipeline_plugin.dir/src/moveit_planning_pipeline.cpp.o[0m
[2.822s] [ 25%] [32mBuilding CXX object local_planner/local_constraint_solver_plugins/CMakeFiles/forward_trajectory_plugin.dir/src/forward_trajectory.cpp.o[0m
[2.822s] [ 25%] [32mBuilding CXX object local_planner/trajectory_operator_plugins/CMakeFiles/simple_sampler_plugin.dir/src/simple_sampler.cpp.o[0m
[2.823s] [ 30%] [32mBuilding CXX object global_planner/global_planner_component/CMakeFiles/moveit_global_planner_component.dir/src/global_planner_component.cpp.o[0m
[43.352s] [ 35%] [32m[1mLinking CXX shared library libforward_trajectory_plugin.so[0m
[44.092s] [ 35%] Built target forward_trajectory_plugin
[44.747s] [ 40%] [32m[1mLinking CXX shared library libsimple_sampler_plugin.so[0m
[46.347s] [ 40%] Built target simple_sampler_plugin
[70.312s] [ 45%] [32m[1mLinking CXX shared library libmotion_planning_pipeline_plugin.so[0m
[70.967s] [ 45%] Built target motion_planning_pipeline_plugin
[80.222s] [ 50%] [32m[1mLinking CXX shared library libmoveit_global_planner_component.so[0m
[81.168s] [ 50%] Built target moveit_global_planner_component
[90.864s] [ 55%] [32m[1mLinking CXX shared library libmoveit_hybrid_planning_manager.so[0m
[91.933s] [ 55%] Built target moveit_hybrid_planning_manager
[94.437s] [ 60%] [32m[1mLinking CXX shared library libmoveit_local_planner_component.so[0m
[94.900s] [ 60%] Built target moveit_local_planner_component
[94.929s] [ 65%] [32mBuilding CXX object hybrid_planning_manager/planner_logic_plugins/CMakeFiles/single_plan_execution_plugin.dir/src/single_plan_execution.cpp.o[0m
[100.847s] [ 70%] [32m[1mLinking CXX shared library libsingle_plan_execution_plugin.so[0m
[101.164s] [ 70%] Built target single_plan_execution_plugin
[101.192s] [ 75%] [32mBuilding CXX object hybrid_planning_manager/planner_logic_plugins/CMakeFiles/replan_invalidated_trajectory_plugin.dir/src/replan_invalidated_trajectory.cpp.o[0m
[107.153s] [ 80%] [32m[1mLinking CXX shared library libreplan_invalidated_trajectory_plugin.so[0m
[107.485s] [ 80%] Built target replan_invalidated_trajectory_plugin
[107.512s] [ 85%] [32mBuilding CXX object test/CMakeFiles/cancel_action.dir/cancel_action.cpp.o[0m
[111.998s] [ 90%] [32m[1mLinking CXX executable cancel_action[0m
[112.392s] [ 90%] Built target cancel_action
[112.420s] [ 95%] [32mBuilding CXX object test/CMakeFiles/hybrid_planning_demo_node.dir/hybrid_planning_demo_node.cpp.o[0m
[139.043s] [100%] [32m[1mLinking CXX executable hybrid_planning_demo_node[0m
[139.608s] [100%] Built target hybrid_planning_demo_node
[139.622s] Invoked command in '/home/joonmo/ws_moveit/build/moveit_hybrid_planning' returned '0': AMENT_PREFIX_PATH=/home/joonmo/ws_moveit/install/moveit_ros_planning_interface:/home/joonmo/ws_moveit/install/moveit_ros_move_group:/home/joonmo/ws_moveit/install/moveit_ros_warehouse:/home/joonmo/ws_moveit/install/moveit_planners_ompl:/home/joonmo/ws_moveit/install/moveit_kinematics:/home/joonmo/ws_moveit/install/moveit_ros_planning:/home/joonmo/ws_moveit/install/moveit_simple_controller_manager:/home/joonmo/ws_moveit/install/moveit_ros_occupancy_map_monitor:/home/joonmo/ws_moveit/install/moveit_core:/home/joonmo/ws_moveit/install/moveit_resources_panda_moveit_config:/home/joonmo/ws_moveit/install/moveit_resources_fanuc_moveit_config:/home/joonmo/ws_moveit/install/moveit_configs_utils:/home/joonmo/ws_moveit/install/srdfdom:/home/joonmo/ws_moveit/install/moveit_resources_pr2_description:/home/joonmo/ws_moveit/install/moveit_resources_panda_description:/home/joonmo/ws_moveit/install/moveit_resources_fanuc_description:/home/joonmo/ws_moveit/install/moveit_common:/home/joonmo/ws_moveit/install/launch_param_builder:${AMENT_PREFIX_PATH} CMAKE_PREFIX_PATH=/home/joonmo/ws_moveit/install/moveit_ros_planning_interface:/home/joonmo/ws_moveit/install/moveit_ros_move_group:/home/joonmo/ws_moveit/install/moveit_ros_warehouse:/home/joonmo/ws_moveit/install/moveit_planners_ompl:/home/joonmo/ws_moveit/install/moveit_kinematics:/home/joonmo/ws_moveit/install/moveit_ros_planning:/home/joonmo/ws_moveit/install/moveit_simple_controller_manager:/home/joonmo/ws_moveit/install/moveit_ros_occupancy_map_monitor:/home/joonmo/ws_moveit/install/moveit_core:/home/joonmo/ws_moveit/install/moveit_resources_panda_moveit_config:/home/joonmo/ws_moveit/install/moveit_resources_fanuc_moveit_config:/home/joonmo/ws_moveit/install/srdfdom:/home/joonmo/ws_moveit/install/moveit_resources_pr2_description:/home/joonmo/ws_moveit/install/moveit_resources_panda_description:/home/joonmo/ws_moveit/install/moveit_resources_fanuc_description:/home/joonmo/ws_moveit/install/moveit_common:/opt/ros/humble LD_LIBRARY_PATH=/home/joonmo/ws_moveit/install/moveit_ros_planning_interface/lib:/home/joonmo/ws_moveit/install/moveit_ros_move_group/lib:/home/joonmo/ws_moveit/install/moveit_ros_warehouse/lib:/home/joonmo/ws_moveit/install/moveit_planners_ompl/lib:/home/joonmo/ws_moveit/install/moveit_kinematics/lib:/home/joonmo/ws_moveit/install/moveit_ros_planning/lib:/home/joonmo/ws_moveit/install/moveit_simple_controller_manager/lib:/home/joonmo/ws_moveit/install/moveit_ros_occupancy_map_monitor/lib:/home/joonmo/ws_moveit/install/moveit_core/lib:/home/joonmo/ws_moveit/install/srdfdom/lib:${LD_LIBRARY_PATH} PATH=/home/joonmo/ws_moveit/install/moveit_core/bin:${PATH} PYTHONPATH=/home/joonmo/ws_moveit/install/moveit_configs_utils/lib/python3.10/site-packages:/home/joonmo/ws_moveit/install/srdfdom/local/lib/python3.10/dist-packages:/home/joonmo/ws_moveit/install/launch_param_builder/lib/python3.10/site-packages:${PYTHONPATH} /usr/bin/cmake --build /home/joonmo/ws_moveit/build/moveit_hybrid_planning -- -j8 -l8
[139.624s] Invoking command in '/home/joonmo/ws_moveit/build/moveit_hybrid_planning': AMENT_PREFIX_PATH=/home/joonmo/ws_moveit/install/moveit_ros_planning_interface:/home/joonmo/ws_moveit/install/moveit_ros_move_group:/home/joonmo/ws_moveit/install/moveit_ros_warehouse:/home/joonmo/ws_moveit/install/moveit_planners_ompl:/home/joonmo/ws_moveit/install/moveit_kinematics:/home/joonmo/ws_moveit/install/moveit_ros_planning:/home/joonmo/ws_moveit/install/moveit_simple_controller_manager:/home/joonmo/ws_moveit/install/moveit_ros_occupancy_map_monitor:/home/joonmo/ws_moveit/install/moveit_core:/home/joonmo/ws_moveit/install/moveit_resources_panda_moveit_config:/home/joonmo/ws_moveit/install/moveit_resources_fanuc_moveit_config:/home/joonmo/ws_moveit/install/moveit_configs_utils:/home/joonmo/ws_moveit/install/srdfdom:/home/joonmo/ws_moveit/install/moveit_resources_pr2_description:/home/joonmo/ws_moveit/install/moveit_resources_panda_description:/home/joonmo/ws_moveit/install/moveit_resources_fanuc_description:/home/joonmo/ws_moveit/install/moveit_common:/home/joonmo/ws_moveit/install/launch_param_builder:${AMENT_PREFIX_PATH} CMAKE_PREFIX_PATH=/home/joonmo/ws_moveit/install/moveit_ros_planning_interface:/home/joonmo/ws_moveit/install/moveit_ros_move_group:/home/joonmo/ws_moveit/install/moveit_ros_warehouse:/home/joonmo/ws_moveit/install/moveit_planners_ompl:/home/joonmo/ws_moveit/install/moveit_kinematics:/home/joonmo/ws_moveit/install/moveit_ros_planning:/home/joonmo/ws_moveit/install/moveit_simple_controller_manager:/home/joonmo/ws_moveit/install/moveit_ros_occupancy_map_monitor:/home/joonmo/ws_moveit/install/moveit_core:/home/joonmo/ws_moveit/install/moveit_resources_panda_moveit_config:/home/joonmo/ws_moveit/install/moveit_resources_fanuc_moveit_config:/home/joonmo/ws_moveit/install/srdfdom:/home/joonmo/ws_moveit/install/moveit_resources_pr2_description:/home/joonmo/ws_moveit/install/moveit_resources_panda_description:/home/joonmo/ws_moveit/install/moveit_resources_fanuc_description:/home/joonmo/ws_moveit/install/moveit_common:/opt/ros/humble LD_LIBRARY_PATH=/home/joonmo/ws_moveit/install/moveit_ros_planning_interface/lib:/home/joonmo/ws_moveit/install/moveit_ros_move_group/lib:/home/joonmo/ws_moveit/install/moveit_ros_warehouse/lib:/home/joonmo/ws_moveit/install/moveit_planners_ompl/lib:/home/joonmo/ws_moveit/install/moveit_kinematics/lib:/home/joonmo/ws_moveit/install/moveit_ros_planning/lib:/home/joonmo/ws_moveit/install/moveit_simple_controller_manager/lib:/home/joonmo/ws_moveit/install/moveit_ros_occupancy_map_monitor/lib:/home/joonmo/ws_moveit/install/moveit_core/lib:/home/joonmo/ws_moveit/install/srdfdom/lib:${LD_LIBRARY_PATH} PATH=/home/joonmo/ws_moveit/install/moveit_core/bin:${PATH} PYTHONPATH=/home/joonmo/ws_moveit/install/moveit_configs_utils/lib/python3.10/site-packages:/home/joonmo/ws_moveit/install/srdfdom/local/lib/python3.10/dist-packages:/home/joonmo/ws_moveit/install/launch_param_builder/lib/python3.10/site-packages:${PYTHONPATH} /usr/bin/cmake --install /home/joonmo/ws_moveit/build/moveit_hybrid_planning
[139.635s] -- Install configuration: "Release"
[139.637s] -- Installing: /home/joonmo/ws_moveit/install/moveit_hybrid_planning/lib/libmoveit_global_planner_component.so.2.5.7
[139.638s] -- Set runtime path of "/home/joonmo/ws_moveit/install/moveit_hybrid_planning/lib/libmoveit_global_planner_component.so.2.5.7" to ""
[139.638s] -- Installing: /home/joonmo/ws_moveit/install/moveit_hybrid_planning/lib/libmoveit_global_planner_component.so
[139.638s] -- Installing: /home/joonmo/ws_moveit/install/moveit_hybrid_planning/lib/libmoveit_hybrid_planning_manager.so.2.5.7
[139.640s] -- Set runtime path of "/home/joonmo/ws_moveit/install/moveit_hybrid_planning/lib/libmoveit_hybrid_planning_manager.so.2.5.7" to ""
[139.640s] -- Installing: /home/joonmo/ws_moveit/install/moveit_hybrid_planning/lib/libmoveit_hybrid_planning_manager.so
[139.640s] -- Installing: /home/joonmo/ws_moveit/install/moveit_hybrid_planning/lib/libmoveit_local_planner_component.so.2.5.7
[139.642s] -- Set runtime path of "/home/joonmo/ws_moveit/install/moveit_hybrid_planning/lib/libmoveit_local_planner_component.so.2.5.7" to ""
[139.642s] -- Installing: /home/joonmo/ws_moveit/install/moveit_hybrid_planning/lib/libmoveit_local_planner_component.so
[139.643s] -- Installing: /home/joonmo/ws_moveit/install/moveit_hybrid_planning/lib/libforward_trajectory_plugin.so.2.5.7
[139.643s] -- Set runtime path of "/home/joonmo/ws_moveit/install/moveit_hybrid_planning/lib/libforward_trajectory_plugin.so.2.5.7" to ""
[139.643s] -- Installing: /home/joonmo/ws_moveit/install/moveit_hybrid_planning/lib/libforward_trajectory_plugin.so
[139.643s] -- Installing: /home/joonmo/ws_moveit/install/moveit_hybrid_planning/lib/libmotion_planning_pipeline_plugin.so.2.5.7
[139.643s] -- Set runtime path of "/home/joonmo/ws_moveit/install/moveit_hybrid_planning/lib/libmotion_planning_pipeline_plugin.so.2.5.7" to ""
[139.643s] -- Installing: /home/joonmo/ws_moveit/install/moveit_hybrid_planning/lib/libmotion_planning_pipeline_plugin.so
[139.644s] -- Installing: /home/joonmo/ws_moveit/install/moveit_hybrid_planning/lib/libreplan_invalidated_trajectory_plugin.so.2.5.7
[139.645s] -- Set runtime path of "/home/joonmo/ws_moveit/install/moveit_hybrid_planning/lib/libreplan_invalidated_trajectory_plugin.so.2.5.7" to ""
[139.645s] -- Installing: /home/joonmo/ws_moveit/install/moveit_hybrid_planning/lib/libreplan_invalidated_trajectory_plugin.so
[139.645s] -- Installing: /home/joonmo/ws_moveit/install/moveit_hybrid_planning/lib/libsimple_sampler_plugin.so.2.5.7
[139.645s] -- Set runtime path of "/home/joonmo/ws_moveit/install/moveit_hybrid_planning/lib/libsimple_sampler_plugin.so.2.5.7" to ""
[139.645s] -- Installing: /home/joonmo/ws_moveit/install/moveit_hybrid_planning/lib/libsimple_sampler_plugin.so
[139.645s] -- Installing: /home/joonmo/ws_moveit/install/moveit_hybrid_planning/lib/libsingle_plan_execution_plugin.so.2.5.7
[139.646s] -- Set runtime path of "/home/joonmo/ws_moveit/install/moveit_hybrid_planning/lib/libsingle_plan_execution_plugin.so.2.5.7" to ""
[139.646s] -- Installing: /home/joonmo/ws_moveit/install/moveit_hybrid_planning/lib/libsingle_plan_execution_plugin.so
[139.646s] -- Installing: /home/joonmo/ws_moveit/install/moveit_hybrid_planning/lib/moveit_hybrid_planning/cancel_action
[139.646s] -- Set runtime path of "/home/joonmo/ws_moveit/install/moveit_hybrid_planning/lib/moveit_hybrid_planning/cancel_action" to ""
[139.646s] -- Installing: /home/joonmo/ws_moveit/install/moveit_hybrid_planning/lib/moveit_hybrid_planning/hybrid_planning_demo_node
[139.647s] -- Set runtime path of "/home/joonmo/ws_moveit/install/moveit_hybrid_planning/lib/moveit_hybrid_planning/hybrid_planning_demo_node" to ""
[139.647s] -- Installing: /home/joonmo/ws_moveit/install/moveit_hybrid_planning/include
[139.647s] -- Installing: /home/joonmo/ws_moveit/install/moveit_hybrid_planning/include/moveit
[139.647s] -- Installing: /home/joonmo/ws_moveit/install/moveit_hybrid_planning/include/moveit/global_planner
[139.648s] -- Installing: /home/joonmo/ws_moveit/install/moveit_hybrid_planning/include/moveit/global_planner/global_planner_component.h
[139.648s] -- Installing: /home/joonmo/ws_moveit/install/moveit_hybrid_planning/include/moveit/global_planner/global_planner_interface.h
[139.648s] -- Up-to-date: /home/joonmo/ws_moveit/install/moveit_hybrid_planning/include
[139.648s] -- Up-to-date: /home/joonmo/ws_moveit/install/moveit_hybrid_planning/include/moveit
[139.648s] -- Up-to-date: /home/joonmo/ws_moveit/install/moveit_hybrid_planning/include/moveit/global_planner
[139.648s] -- Installing: /home/joonmo/ws_moveit/install/moveit_hybrid_planning/include/moveit/global_planner/moveit_planning_pipeline.h
[139.648s] -- Up-to-date: /home/joonmo/ws_moveit/install/moveit_hybrid_planning/include
[139.648s] -- Up-to-date: /home/joonmo/ws_moveit/install/moveit_hybrid_planning/include/moveit
[139.649s] -- Installing: /home/joonmo/ws_moveit/install/moveit_hybrid_planning/include/moveit/hybrid_planning_manager
[139.649s] -- Installing: /home/joonmo/ws_moveit/install/moveit_hybrid_planning/include/moveit/hybrid_planning_manager/hybrid_planning_manager.h
[139.649s] -- Installing: /home/joonmo/ws_moveit/install/moveit_hybrid_planning/include/moveit/hybrid_planning_manager/moveit_error_code_interface.h
[139.649s] -- Installing: /home/joonmo/ws_moveit/install/moveit_hybrid_planning/include/moveit/hybrid_planning_manager/hybrid_planning_events.h
[139.649s] -- Installing: /home/joonmo/ws_moveit/install/moveit_hybrid_planning/include/moveit/hybrid_planning_manager/planner_logic_interface.h
[139.649s] -- Up-to-date: /home/joonmo/ws_moveit/install/moveit_hybrid_planning/include
[139.650s] -- Up-to-date: /home/joonmo/ws_moveit/install/moveit_hybrid_planning/include/moveit
[139.650s] -- Installing: /home/joonmo/ws_moveit/install/moveit_hybrid_planning/include/moveit/planner_logic_plugins
[139.650s] -- Installing: /home/joonmo/ws_moveit/install/moveit_hybrid_planning/include/moveit/planner_logic_plugins/single_plan_execution.h
[139.650s] -- Installing: /home/joonmo/ws_moveit/install/moveit_hybrid_planning/include/moveit/planner_logic_plugins/replan_invalidated_trajectory.h
[139.650s] -- Up-to-date: /home/joonmo/ws_moveit/install/moveit_hybrid_planning/include
[139.650s] -- Up-to-date: /home/joonmo/ws_moveit/install/moveit_hybrid_planning/include/moveit
[139.650s] -- Installing: /home/joonmo/ws_moveit/install/moveit_hybrid_planning/include/moveit/local_planner
[139.650s] -- Installing: /home/joonmo/ws_moveit/install/moveit_hybrid_planning/include/moveit/local_planner/local_planner_component.h
[139.651s] -- Installing: /home/joonmo/ws_moveit/install/moveit_hybrid_planning/include/moveit/local_planner/feedback_types.h
[139.651s] -- Installing: /home/joonmo/ws_moveit/install/moveit_hybrid_planning/include/moveit/local_planner/trajectory_operator_interface.h
[139.651s] -- Installing: /home/joonmo/ws_moveit/install/moveit_hybrid_planning/include/moveit/local_planner/local_constraint_solver_interface.h
[139.651s] -- Up-to-date: /home/joonmo/ws_moveit/install/moveit_hybrid_planning/include
[139.651s] -- Up-to-date: /home/joonmo/ws_moveit/install/moveit_hybrid_planning/include/moveit
[139.651s] -- Installing: /home/joonmo/ws_moveit/install/moveit_hybrid_planning/include/moveit/trajectory_operator_plugins
[139.651s] -- Installing: /home/joonmo/ws_moveit/install/moveit_hybrid_planning/include/moveit/trajectory_operator_plugins/simple_sampler.h
[139.651s] -- Up-to-date: /home/joonmo/ws_moveit/install/moveit_hybrid_planning/include
[139.652s] -- Up-to-date: /home/joonmo/ws_moveit/install/moveit_hybrid_planning/include/moveit
[139.652s] -- Installing: /home/joonmo/ws_moveit/install/moveit_hybrid_planning/include/moveit/local_constraint_solver_plugins
[139.652s] -- Installing: /home/joonmo/ws_moveit/install/moveit_hybrid_planning/include/moveit/local_constraint_solver_plugins/forward_trajectory.h
[139.652s] -- Installing: /home/joonmo/ws_moveit/install/moveit_hybrid_planning/share/moveit_hybrid_planning/launch
[139.652s] -- Installing: /home/joonmo/ws_moveit/install/moveit_hybrid_planning/share/moveit_hybrid_planning/launch/hybrid_planning_demo.launch.py
[139.652s] -- Installing: /home/joonmo/ws_moveit/install/moveit_hybrid_planning/share/moveit_hybrid_planning/launch/test_basic_integration.test.py
[139.652s] -- Installing: /home/joonmo/ws_moveit/install/moveit_hybrid_planning/share/moveit_hybrid_planning/launch/hybrid_planning_common.py
[139.652s] -- Installing: /home/joonmo/ws_moveit/install/moveit_hybrid_planning/share/moveit_hybrid_planning/config
[139.652s] -- Installing: /home/joonmo/ws_moveit/install/moveit_hybrid_planning/share/moveit_hybrid_planning/config/global_planner.yaml
[139.653s] -- Installing: /home/joonmo/ws_moveit/install/moveit_hybrid_planning/share/moveit_hybrid_planning/config/hybrid_planning_manager.yaml
[139.653s] -- Installing: /home/joonmo/ws_moveit/install/moveit_hybrid_planning/share/moveit_hybrid_planning/config/common_hybrid_planning_params.yaml
[139.653s] -- Installing: /home/joonmo/ws_moveit/install/moveit_hybrid_planning/share/moveit_hybrid_planning/config/demo_controller.yaml
[139.653s] -- Installing: /home/joonmo/ws_moveit/install/moveit_hybrid_planning/share/moveit_hybrid_planning/config/hybrid_planning_demo.rviz
[139.653s] -- Installing: /home/joonmo/ws_moveit/install/moveit_hybrid_planning/share/moveit_hybrid_planning/config/local_planner.yaml
[139.653s] -- Installing: /home/joonmo/ws_moveit/install/moveit_hybrid_planning/share/moveit_hybrid_planning/single_plan_execution_plugin.xml
[139.653s] -- Installing: /home/joonmo/ws_moveit/install/moveit_hybrid_planning/share/moveit_hybrid_planning/moveit_planning_pipeline_plugin.xml
[139.653s] -- Installing: /home/joonmo/ws_moveit/install/moveit_hybrid_planning/share/moveit_hybrid_planning/simple_sampler_plugin.xml
[139.654s] -- Installing: /home/joonmo/ws_moveit/install/moveit_hybrid_planning/share/moveit_hybrid_planning/replan_invalidated_trajectory_plugin.xml
[139.654s] -- Installing: /home/joonmo/ws_moveit/install/moveit_hybrid_planning/share/moveit_hybrid_planning/forward_trajectory_plugin.xml
[139.654s] -- Installing: /home/joonmo/ws_moveit/install/moveit_hybrid_planning/share/moveit_hybrid_planning/environment/library_path.sh
[139.654s] -- Installing: /home/joonmo/ws_moveit/install/moveit_hybrid_planning/share/moveit_hybrid_planning/environment/library_path.dsv
[139.654s] -- Installing: /home/joonmo/ws_moveit/install/moveit_hybrid_planning/share/ament_index/resource_index/package_run_dependencies/moveit_hybrid_planning
[139.654s] -- Installing: /home/joonmo/ws_moveit/install/moveit_hybrid_planning/share/ament_index/resource_index/parent_prefix_path/moveit_hybrid_planning
[139.654s] -- Installing: /home/joonmo/ws_moveit/install/moveit_hybrid_planning/share/moveit_hybrid_planning/environment/ament_prefix_path.sh
[139.654s] -- Installing: /home/joonmo/ws_moveit/install/moveit_hybrid_planning/share/moveit_hybrid_planning/environment/ament_prefix_path.dsv
[139.655s] -- Installing: /home/joonmo/ws_moveit/install/moveit_hybrid_planning/share/moveit_hybrid_planning/environment/path.sh
[139.655s] -- Installing: /home/joonmo/ws_moveit/install/moveit_hybrid_planning/share/moveit_hybrid_planning/environment/path.dsv
[139.655s] -- Installing: /home/joonmo/ws_moveit/install/moveit_hybrid_planning/share/moveit_hybrid_planning/local_setup.bash
[139.655s] -- Installing: /home/joonmo/ws_moveit/install/moveit_hybrid_planning/share/moveit_hybrid_planning/local_setup.sh
[139.655s] -- Installing: /home/joonmo/ws_moveit/install/moveit_hybrid_planning/share/moveit_hybrid_planning/local_setup.zsh
[139.655s] -- Installing: /home/joonmo/ws_moveit/install/moveit_hybrid_planning/share/moveit_hybrid_planning/local_setup.dsv
[139.655s] -- Installing: /home/joonmo/ws_moveit/install/moveit_hybrid_planning/share/moveit_hybrid_planning/package.dsv
[139.655s] -- Installing: /home/joonmo/ws_moveit/install/moveit_hybrid_planning/share/ament_index/resource_index/packages/moveit_hybrid_planning
[139.656s] -- Installing: /home/joonmo/ws_moveit/install/moveit_hybrid_planning/share/ament_index/resource_index/moveit_hybrid_planning__pluginlib__plugin/moveit_hybrid_planning
[139.656s] -- Installing: /home/joonmo/ws_moveit/install/moveit_hybrid_planning/share/ament_index/resource_index/rclcpp_components/moveit_hybrid_planning
[139.656s] -- Installing: /home/joonmo/ws_moveit/install/moveit_hybrid_planning/share/moveit_hybrid_planning/cmake/export_moveit_hybrid_planningExport.cmake
[139.656s] -- Installing: /home/joonmo/ws_moveit/install/moveit_hybrid_planning/share/moveit_hybrid_planning/cmake/export_moveit_hybrid_planningExport-release.cmake
[139.656s] -- Installing: /home/joonmo/ws_moveit/install/moveit_hybrid_planning/share/moveit_hybrid_planning/cmake/ament_cmake_export_include_directories-extras.cmake
[139.656s] -- Installing: /home/joonmo/ws_moveit/install/moveit_hybrid_planning/share/moveit_hybrid_planning/cmake/ament_cmake_export_libraries-extras.cmake
[139.656s] -- Installing: /home/joonmo/ws_moveit/install/moveit_hybrid_planning/share/moveit_hybrid_planning/cmake/ament_cmake_export_dependencies-extras.cmake
[139.656s] -- Installing: /home/joonmo/ws_moveit/install/moveit_hybrid_planning/share/moveit_hybrid_planning/cmake/ament_cmake_export_targets-extras.cmake
[139.657s] -- Installing: /home/joonmo/ws_moveit/install/moveit_hybrid_planning/share/moveit_hybrid_planning/cmake/moveit_hybrid_planningConfig.cmake
[139.657s] -- Installing: /home/joonmo/ws_moveit/install/moveit_hybrid_planning/share/moveit_hybrid_planning/cmake/moveit_hybrid_planningConfig-version.cmake
[139.657s] -- Installing: /home/joonmo/ws_moveit/install/moveit_hybrid_planning/share/moveit_hybrid_planning/package.xml
[139.660s] Invoked command in '/home/joonmo/ws_moveit/build/moveit_hybrid_planning' returned '0': AMENT_PREFIX_PATH=/home/joonmo/ws_moveit/install/moveit_ros_planning_interface:/home/joonmo/ws_moveit/install/moveit_ros_move_group:/home/joonmo/ws_moveit/install/moveit_ros_warehouse:/home/joonmo/ws_moveit/install/moveit_planners_ompl:/home/joonmo/ws_moveit/install/moveit_kinematics:/home/joonmo/ws_moveit/install/moveit_ros_planning:/home/joonmo/ws_moveit/install/moveit_simple_controller_manager:/home/joonmo/ws_moveit/install/moveit_ros_occupancy_map_monitor:/home/joonmo/ws_moveit/install/moveit_core:/home/joonmo/ws_moveit/install/moveit_resources_panda_moveit_config:/home/joonmo/ws_moveit/install/moveit_resources_fanuc_moveit_config:/home/joonmo/ws_moveit/install/moveit_configs_utils:/home/joonmo/ws_moveit/install/srdfdom:/home/joonmo/ws_moveit/install/moveit_resources_pr2_description:/home/joonmo/ws_moveit/install/moveit_resources_panda_description:/home/joonmo/ws_moveit/install/moveit_resources_fanuc_description:/home/joonmo/ws_moveit/install/moveit_common:/home/joonmo/ws_moveit/install/launch_param_builder:${AMENT_PREFIX_PATH} CMAKE_PREFIX_PATH=/home/joonmo/ws_moveit/install/moveit_ros_planning_interface:/home/joonmo/ws_moveit/install/moveit_ros_move_group:/home/joonmo/ws_moveit/install/moveit_ros_warehouse:/home/joonmo/ws_moveit/install/moveit_planners_ompl:/home/joonmo/ws_moveit/install/moveit_kinematics:/home/joonmo/ws_moveit/install/moveit_ros_planning:/home/joonmo/ws_moveit/install/moveit_simple_controller_manager:/home/joonmo/ws_moveit/install/moveit_ros_occupancy_map_monitor:/home/joonmo/ws_moveit/install/moveit_core:/home/joonmo/ws_moveit/install/moveit_resources_panda_moveit_config:/home/joonmo/ws_moveit/install/moveit_resources_fanuc_moveit_config:/home/joonmo/ws_moveit/install/srdfdom:/home/joonmo/ws_moveit/install/moveit_resources_pr2_description:/home/joonmo/ws_moveit/install/moveit_resources_panda_description:/home/joonmo/ws_moveit/install/moveit_resources_fanuc_description:/home/joonmo/ws_moveit/install/moveit_common:/opt/ros/humble LD_LIBRARY_PATH=/home/joonmo/ws_moveit/install/moveit_ros_planning_interface/lib:/home/joonmo/ws_moveit/install/moveit_ros_move_group/lib:/home/joonmo/ws_moveit/install/moveit_ros_warehouse/lib:/home/joonmo/ws_moveit/install/moveit_planners_ompl/lib:/home/joonmo/ws_moveit/install/moveit_kinematics/lib:/home/joonmo/ws_moveit/install/moveit_ros_planning/lib:/home/joonmo/ws_moveit/install/moveit_simple_controller_manager/lib:/home/joonmo/ws_moveit/install/moveit_ros_occupancy_map_monitor/lib:/home/joonmo/ws_moveit/install/moveit_core/lib:/home/joonmo/ws_moveit/install/srdfdom/lib:${LD_LIBRARY_PATH} PATH=/home/joonmo/ws_moveit/install/moveit_core/bin:${PATH} PYTHONPATH=/home/joonmo/ws_moveit/install/moveit_configs_utils/lib/python3.10/site-packages:/home/joonmo/ws_moveit/install/srdfdom/local/lib/python3.10/dist-packages:/home/joonmo/ws_moveit/install/launch_param_builder/lib/python3.10/site-packages:${PYTHONPATH} /usr/bin/cmake --install /home/joonmo/ws_moveit/build/moveit_hybrid_planning
