[0.022s] Invoking command in '/home/joonmo/ws_moveit/build/moveit_planners_chomp': AMENT_PREFIX_PATH=/home/joonmo/ws_moveit/install/chomp_motion_planner:/home/joonmo/ws_moveit/install/moveit_core:/home/joonmo/ws_moveit/install/moveit_resources_panda_moveit_config:/home/joonmo/ws_moveit/install/srdfdom:/home/joonmo/ws_moveit/install/moveit_resources_pr2_description:/home/joonmo/ws_moveit/install/moveit_resources_panda_description:/home/joonmo/ws_moveit/install/moveit_common:${AMENT_PREFIX_PATH} CMAKE_PREFIX_PATH=/home/joonmo/ws_moveit/install/chomp_motion_planner:/home/joonmo/ws_moveit/install/moveit_core:/home/joonmo/ws_moveit/install/moveit_resources_panda_moveit_config:/home/joonmo/ws_moveit/install/srdfdom:/home/joonmo/ws_moveit/install/moveit_resources_pr2_description:/home/joonmo/ws_moveit/install/moveit_resources_panda_description:/home/joonmo/ws_moveit/install/moveit_common:/opt/ros/humble LD_LIBRARY_PATH=/home/joonmo/ws_moveit/install/chomp_motion_planner/lib:/home/joonmo/ws_moveit/install/moveit_core/lib:/home/joonmo/ws_moveit/install/srdfdom/lib:${LD_LIBRARY_PATH} PATH=/home/joonmo/ws_moveit/install/moveit_core/bin:${PATH} PYTHONPATH=/home/joonmo/ws_moveit/install/srdfdom/local/lib/python3.10/dist-packages:${PYTHONPATH} /usr/bin/cmake /home/joonmo/ws_moveit/src/moveit2/moveit_planners/chomp/chomp_interface -DCMAKE_BUILD_TYPE=Release -DCMAKE_INSTALL_PREFIX=/home/joonmo/ws_moveit/install/moveit_planners_chomp
[0.112s] -- The C compiler identification is GNU 11.4.0
[0.214s] -- The CXX compiler identification is GNU 11.4.0
[0.226s] -- Detecting C compiler ABI info
[0.322s] -- Detecting C compiler ABI info - done
[0.338s] -- Check for working C compiler: /usr/bin/cc - skipped
[0.338s] -- Detecting C compile features
[0.339s] -- Detecting C compile features - done
[0.345s] -- Detecting CXX compiler ABI info
[0.444s] -- Detecting CXX compiler ABI info - done
[0.460s] -- Check for working CXX compiler: /usr/bin/c++ - skipped
[0.460s] -- Detecting CXX compile features
[0.461s] -- Detecting CXX compile features - done
[0.464s] -- Found moveit_common: 2.5.7 (/home/joonmo/ws_moveit/install/moveit_common/share/moveit_common/cmake)
[0.467s] -- Found ament_cmake: 1.3.11 (/opt/ros/humble/share/ament_cmake/cmake)
[0.739s] -- Found Python3: /usr/bin/python3 (found version "3.10.12") found components: Interpreter 
[0.960s] -- Found moveit_core: 2.5.7 (/home/joonmo/ws_moveit/install/moveit_core/share/moveit_core/cmake)
[1.313s] -- Found Boost: /usr/lib/x86_64-linux-gnu/cmake/Boost-1.74.0/BoostConfig.cmake (found version "1.74.0") found components: chrono date_time filesystem iostreams program_options regex serialization system thread 
[1.423s] -- Found parameter_traits: 0.4.0 (/opt/ros/humble/share/parameter_traits/cmake)
[1.501s] -- Found rosidl_generator_c: 3.1.6 (/opt/ros/humble/share/rosidl_generator_c/cmake)
[1.512s] -- Found rosidl_adapter: 3.1.6 (/opt/ros/humble/share/rosidl_adapter/cmake)
[1.529s] -- Found rosidl_generator_cpp: 3.1.6 (/opt/ros/humble/share/rosidl_generator_cpp/cmake)
[1.556s] -- Using all available rosidl_typesupport_c: rosidl_typesupport_fastrtps_c;rosidl_typesupport_introspection_c
[1.591s] -- Using all available rosidl_typesupport_cpp: rosidl_typesupport_fastrtps_cpp;rosidl_typesupport_introspection_cpp
[1.687s] -- Found rmw_implementation_cmake: 6.1.2 (/opt/ros/humble/share/rmw_implementation_cmake/cmake)
[1.693s] -- Found rmw_fastrtps_cpp: 6.2.7 (/opt/ros/humble/share/rmw_fastrtps_cpp/cmake)
[1.859s] -- Found OpenSSL: /usr/lib/x86_64-linux-gnu/libcrypto.so (found version "3.0.2")  
[1.907s] -- Found FastRTPS: /opt/ros/humble/include  
[1.980s] -- Using RMW implementation 'rmw_fastrtps_cpp' as default
[1.992s] -- Found Threads: TRUE  
[2.065s] -- Found Eigen3: TRUE (found version "3.4.0") 
[2.068s] -- Found rclcpp_lifecycle: 16.0.11 (/opt/ros/humble/share/rclcpp_lifecycle/cmake)
[2.099s] -- Found Boost: /usr/lib/x86_64-linux-gnu/cmake/Boost-1.74.0/BoostConfig.cmake (found version "1.74.0") found components: filesystem 
[2.219s] -- library: /usr/lib/x86_64-linux-gnu/libcurl.so
[2.299s] -- Ensuring Eigen3 include directory is part of orocos-kdl CMake target
[2.593s] -- Found chomp_motion_planner: 2.5.7 (/home/joonmo/ws_moveit/install/chomp_motion_planner/share/chomp_motion_planner/cmake)
[2.606s] -- Found ament_lint_auto: 0.12.11 (/opt/ros/humble/share/ament_lint_auto/cmake)
[2.621s] -- Added test 'cppcheck' to perform static code analysis on C / C++ code
[2.625s] -- Configured cppcheck include dirs: /home/joonmo/ws_moveit/src/moveit2/moveit_planners/chomp/chomp_interface/include
[2.626s] -- Configured cppcheck exclude dirs and/or files: 
[2.626s] -- Added test 'xmllint' to check XML markup files
[2.626s] -- Configuring done
[2.671s] -- Generating done
[2.684s] -- Build files have been written to: /home/joonmo/ws_moveit/build/moveit_planners_chomp
[2.701s] Invoked command in '/home/joonmo/ws_moveit/build/moveit_planners_chomp' returned '0': AMENT_PREFIX_PATH=/home/joonmo/ws_moveit/install/chomp_motion_planner:/home/joonmo/ws_moveit/install/moveit_core:/home/joonmo/ws_moveit/install/moveit_resources_panda_moveit_config:/home/joonmo/ws_moveit/install/srdfdom:/home/joonmo/ws_moveit/install/moveit_resources_pr2_description:/home/joonmo/ws_moveit/install/moveit_resources_panda_description:/home/joonmo/ws_moveit/install/moveit_common:${AMENT_PREFIX_PATH} CMAKE_PREFIX_PATH=/home/joonmo/ws_moveit/install/chomp_motion_planner:/home/joonmo/ws_moveit/install/moveit_core:/home/joonmo/ws_moveit/install/moveit_resources_panda_moveit_config:/home/joonmo/ws_moveit/install/srdfdom:/home/joonmo/ws_moveit/install/moveit_resources_pr2_description:/home/joonmo/ws_moveit/install/moveit_resources_panda_description:/home/joonmo/ws_moveit/install/moveit_common:/opt/ros/humble LD_LIBRARY_PATH=/home/joonmo/ws_moveit/install/chomp_motion_planner/lib:/home/joonmo/ws_moveit/install/moveit_core/lib:/home/joonmo/ws_moveit/install/srdfdom/lib:${LD_LIBRARY_PATH} PATH=/home/joonmo/ws_moveit/install/moveit_core/bin:${PATH} PYTHONPATH=/home/joonmo/ws_moveit/install/srdfdom/local/lib/python3.10/dist-packages:${PYTHONPATH} /usr/bin/cmake /home/joonmo/ws_moveit/src/moveit2/moveit_planners/chomp/chomp_interface -DCMAKE_BUILD_TYPE=Release -DCMAKE_INSTALL_PREFIX=/home/joonmo/ws_moveit/install/moveit_planners_chomp
[2.704s] Invoking command in '/home/joonmo/ws_moveit/build/moveit_planners_chomp': AMENT_PREFIX_PATH=/home/joonmo/ws_moveit/install/chomp_motion_planner:/home/joonmo/ws_moveit/install/moveit_core:/home/joonmo/ws_moveit/install/moveit_resources_panda_moveit_config:/home/joonmo/ws_moveit/install/srdfdom:/home/joonmo/ws_moveit/install/moveit_resources_pr2_description:/home/joonmo/ws_moveit/install/moveit_resources_panda_description:/home/joonmo/ws_moveit/install/moveit_common:${AMENT_PREFIX_PATH} CMAKE_PREFIX_PATH=/home/joonmo/ws_moveit/install/chomp_motion_planner:/home/joonmo/ws_moveit/install/moveit_core:/home/joonmo/ws_moveit/install/moveit_resources_panda_moveit_config:/home/joonmo/ws_moveit/install/srdfdom:/home/joonmo/ws_moveit/install/moveit_resources_pr2_description:/home/joonmo/ws_moveit/install/moveit_resources_panda_description:/home/joonmo/ws_moveit/install/moveit_common:/opt/ros/humble LD_LIBRARY_PATH=/home/joonmo/ws_moveit/install/chomp_motion_planner/lib:/home/joonmo/ws_moveit/install/moveit_core/lib:/home/joonmo/ws_moveit/install/srdfdom/lib:${LD_LIBRARY_PATH} PATH=/home/joonmo/ws_moveit/install/moveit_core/bin:${PATH} PYTHONPATH=/home/joonmo/ws_moveit/install/srdfdom/local/lib/python3.10/dist-packages:${PYTHONPATH} /usr/bin/cmake --build /home/joonmo/ws_moveit/build/moveit_planners_chomp -- -j8 -l8
[2.777s] [ 20%] [32mBuilding CXX object CMakeFiles/moveit_chomp_interface.dir/src/chomp_interface.cpp.o[0m
[12.178s] [ 40%] [32mBuilding CXX object CMakeFiles/moveit_chomp_interface.dir/src/chomp_planning_context.cpp.o[0m
[23.352s] [ 60%] [32m[1mLinking CXX shared library libmoveit_chomp_interface.so[0m
[23.960s] [ 60%] Built target moveit_chomp_interface
[24.038s] [ 80%] [32mBuilding CXX object CMakeFiles/moveit_chomp_planner_plugin.dir/src/chomp_plugin.cpp.o[0m
[48.016s] [100%] [32m[1mLinking CXX shared library libmoveit_chomp_planner_plugin.so[0m
[48.337s] [100%] Built target moveit_chomp_planner_plugin
[48.358s] Invoked command in '/home/joonmo/ws_moveit/build/moveit_planners_chomp' returned '0': AMENT_PREFIX_PATH=/home/joonmo/ws_moveit/install/chomp_motion_planner:/home/joonmo/ws_moveit/install/moveit_core:/home/joonmo/ws_moveit/install/moveit_resources_panda_moveit_config:/home/joonmo/ws_moveit/install/srdfdom:/home/joonmo/ws_moveit/install/moveit_resources_pr2_description:/home/joonmo/ws_moveit/install/moveit_resources_panda_description:/home/joonmo/ws_moveit/install/moveit_common:${AMENT_PREFIX_PATH} CMAKE_PREFIX_PATH=/home/joonmo/ws_moveit/install/chomp_motion_planner:/home/joonmo/ws_moveit/install/moveit_core:/home/joonmo/ws_moveit/install/moveit_resources_panda_moveit_config:/home/joonmo/ws_moveit/install/srdfdom:/home/joonmo/ws_moveit/install/moveit_resources_pr2_description:/home/joonmo/ws_moveit/install/moveit_resources_panda_description:/home/joonmo/ws_moveit/install/moveit_common:/opt/ros/humble LD_LIBRARY_PATH=/home/joonmo/ws_moveit/install/chomp_motion_planner/lib:/home/joonmo/ws_moveit/install/moveit_core/lib:/home/joonmo/ws_moveit/install/srdfdom/lib:${LD_LIBRARY_PATH} PATH=/home/joonmo/ws_moveit/install/moveit_core/bin:${PATH} PYTHONPATH=/home/joonmo/ws_moveit/install/srdfdom/local/lib/python3.10/dist-packages:${PYTHONPATH} /usr/bin/cmake --build /home/joonmo/ws_moveit/build/moveit_planners_chomp -- -j8 -l8
[48.363s] Invoking command in '/home/joonmo/ws_moveit/build/moveit_planners_chomp': AMENT_PREFIX_PATH=/home/joonmo/ws_moveit/install/chomp_motion_planner:/home/joonmo/ws_moveit/install/moveit_core:/home/joonmo/ws_moveit/install/moveit_resources_panda_moveit_config:/home/joonmo/ws_moveit/install/srdfdom:/home/joonmo/ws_moveit/install/moveit_resources_pr2_description:/home/joonmo/ws_moveit/install/moveit_resources_panda_description:/home/joonmo/ws_moveit/install/moveit_common:${AMENT_PREFIX_PATH} CMAKE_PREFIX_PATH=/home/joonmo/ws_moveit/install/chomp_motion_planner:/home/joonmo/ws_moveit/install/moveit_core:/home/joonmo/ws_moveit/install/moveit_resources_panda_moveit_config:/home/joonmo/ws_moveit/install/srdfdom:/home/joonmo/ws_moveit/install/moveit_resources_pr2_description:/home/joonmo/ws_moveit/install/moveit_resources_panda_description:/home/joonmo/ws_moveit/install/moveit_common:/opt/ros/humble LD_LIBRARY_PATH=/home/joonmo/ws_moveit/install/chomp_motion_planner/lib:/home/joonmo/ws_moveit/install/moveit_core/lib:/home/joonmo/ws_moveit/install/srdfdom/lib:${LD_LIBRARY_PATH} PATH=/home/joonmo/ws_moveit/install/moveit_core/bin:${PATH} PYTHONPATH=/home/joonmo/ws_moveit/install/srdfdom/local/lib/python3.10/dist-packages:${PYTHONPATH} /usr/bin/cmake --install /home/joonmo/ws_moveit/build/moveit_planners_chomp
[48.378s] -- Install configuration: "Release"
[48.379s] -- Installing: /home/joonmo/ws_moveit/install/moveit_planners_chomp/lib/libmoveit_chomp_interface.so.2.5.7
[48.379s] -- Set runtime path of "/home/joonmo/ws_moveit/install/moveit_planners_chomp/lib/libmoveit_chomp_interface.so.2.5.7" to ""
[48.379s] -- Installing: /home/joonmo/ws_moveit/install/moveit_planners_chomp/lib/libmoveit_chomp_interface.so
[48.379s] -- Installing: /home/joonmo/ws_moveit/install/moveit_planners_chomp/lib/libmoveit_chomp_planner_plugin.so
[48.379s] -- Set runtime path of "/home/joonmo/ws_moveit/install/moveit_planners_chomp/lib/libmoveit_chomp_planner_plugin.so" to ""
[48.379s] -- Installing: /home/joonmo/ws_moveit/install/moveit_planners_chomp/share/moveit_planners_chomp/environment/library_path.sh
[48.379s] -- Installing: /home/joonmo/ws_moveit/install/moveit_planners_chomp/share/moveit_planners_chomp/environment/library_path.dsv
[48.379s] -- Installing: /home/joonmo/ws_moveit/install/moveit_planners_chomp/share/moveit_planners_chomp/chomp_interface_plugin_description.xml
[48.380s] -- Installing: /home/joonmo/ws_moveit/install/moveit_planners_chomp/share/ament_index/resource_index/package_run_dependencies/moveit_planners_chomp
[48.380s] -- Installing: /home/joonmo/ws_moveit/install/moveit_planners_chomp/share/ament_index/resource_index/parent_prefix_path/moveit_planners_chomp
[48.380s] -- Installing: /home/joonmo/ws_moveit/install/moveit_planners_chomp/share/moveit_planners_chomp/environment/ament_prefix_path.sh
[48.380s] -- Installing: /home/joonmo/ws_moveit/install/moveit_planners_chomp/share/moveit_planners_chomp/environment/ament_prefix_path.dsv
[48.380s] -- Installing: /home/joonmo/ws_moveit/install/moveit_planners_chomp/share/moveit_planners_chomp/environment/path.sh
[48.380s] -- Installing: /home/joonmo/ws_moveit/install/moveit_planners_chomp/share/moveit_planners_chomp/environment/path.dsv
[48.380s] -- Installing: /home/joonmo/ws_moveit/install/moveit_planners_chomp/share/moveit_planners_chomp/local_setup.bash
[48.380s] -- Installing: /home/joonmo/ws_moveit/install/moveit_planners_chomp/share/moveit_planners_chomp/local_setup.sh
[48.380s] -- Installing: /home/joonmo/ws_moveit/install/moveit_planners_chomp/share/moveit_planners_chomp/local_setup.zsh
[48.381s] -- Installing: /home/joonmo/ws_moveit/install/moveit_planners_chomp/share/moveit_planners_chomp/local_setup.dsv
[48.381s] -- Installing: /home/joonmo/ws_moveit/install/moveit_planners_chomp/share/moveit_planners_chomp/package.dsv
[48.381s] -- Installing: /home/joonmo/ws_moveit/install/moveit_planners_chomp/share/ament_index/resource_index/packages/moveit_planners_chomp
[48.381s] -- Installing: /home/joonmo/ws_moveit/install/moveit_planners_chomp/share/ament_index/resource_index/moveit_core__pluginlib__plugin/moveit_planners_chomp
[48.381s] -- Installing: /home/joonmo/ws_moveit/install/moveit_planners_chomp/share/moveit_planners_chomp/cmake/moveit_planners_chompTargetsExport.cmake
[48.381s] -- Installing: /home/joonmo/ws_moveit/install/moveit_planners_chomp/share/moveit_planners_chomp/cmake/moveit_planners_chompTargetsExport-release.cmake
[48.382s] -- Installing: /home/joonmo/ws_moveit/install/moveit_planners_chomp/share/moveit_planners_chomp/cmake/ament_cmake_export_targets-extras.cmake
[48.382s] -- Installing: /home/joonmo/ws_moveit/install/moveit_planners_chomp/share/moveit_planners_chomp/cmake/ament_cmake_export_dependencies-extras.cmake
[48.382s] -- Installing: /home/joonmo/ws_moveit/install/moveit_planners_chomp/share/moveit_planners_chomp/cmake/moveit_planners_chompConfig.cmake
[48.382s] -- Installing: /home/joonmo/ws_moveit/install/moveit_planners_chomp/share/moveit_planners_chomp/cmake/moveit_planners_chompConfig-version.cmake
[48.385s] -- Installing: /home/joonmo/ws_moveit/install/moveit_planners_chomp/share/moveit_planners_chomp/package.xml
[48.389s] Invoked command in '/home/joonmo/ws_moveit/build/moveit_planners_chomp' returned '0': AMENT_PREFIX_PATH=/home/joonmo/ws_moveit/install/chomp_motion_planner:/home/joonmo/ws_moveit/install/moveit_core:/home/joonmo/ws_moveit/install/moveit_resources_panda_moveit_config:/home/joonmo/ws_moveit/install/srdfdom:/home/joonmo/ws_moveit/install/moveit_resources_pr2_description:/home/joonmo/ws_moveit/install/moveit_resources_panda_description:/home/joonmo/ws_moveit/install/moveit_common:${AMENT_PREFIX_PATH} CMAKE_PREFIX_PATH=/home/joonmo/ws_moveit/install/chomp_motion_planner:/home/joonmo/ws_moveit/install/moveit_core:/home/joonmo/ws_moveit/install/moveit_resources_panda_moveit_config:/home/joonmo/ws_moveit/install/srdfdom:/home/joonmo/ws_moveit/install/moveit_resources_pr2_description:/home/joonmo/ws_moveit/install/moveit_resources_panda_description:/home/joonmo/ws_moveit/install/moveit_common:/opt/ros/humble LD_LIBRARY_PATH=/home/joonmo/ws_moveit/install/chomp_motion_planner/lib:/home/joonmo/ws_moveit/install/moveit_core/lib:/home/joonmo/ws_moveit/install/srdfdom/lib:${LD_LIBRARY_PATH} PATH=/home/joonmo/ws_moveit/install/moveit_core/bin:${PATH} PYTHONPATH=/home/joonmo/ws_moveit/install/srdfdom/local/lib/python3.10/dist-packages:${PYTHONPATH} /usr/bin/cmake --install /home/joonmo/ws_moveit/build/moveit_planners_chomp
