[0.021s] Invoking command in '/home/joonmo/ws_moveit/build/moveit_ros_warehouse': AMENT_PREFIX_PATH=/home/joonmo/ws_moveit/install/moveit_ros_planning:/home/joonmo/ws_moveit/install/moveit_ros_occupancy_map_monitor:/home/joonmo/ws_moveit/install/moveit_core:/home/joonmo/ws_moveit/install/moveit_resources_panda_moveit_config:/home/joonmo/ws_moveit/install/moveit_configs_utils:/home/joonmo/ws_moveit/install/srdfdom:/home/joonmo/ws_moveit/install/moveit_resources_pr2_description:/home/joonmo/ws_moveit/install/moveit_resources_panda_description:/home/joonmo/ws_moveit/install/moveit_common:/home/joonmo/ws_moveit/install/launch_param_builder:${AMENT_PREFIX_PATH} CMAKE_PREFIX_PATH=/home/joonmo/ws_moveit/install/moveit_ros_planning:/home/joonmo/ws_moveit/install/moveit_ros_occupancy_map_monitor:/home/joonmo/ws_moveit/install/moveit_core:/home/joonmo/ws_moveit/install/moveit_resources_panda_moveit_config:/home/joonmo/ws_moveit/install/srdfdom:/home/joonmo/ws_moveit/install/moveit_resources_pr2_description:/home/joonmo/ws_moveit/install/moveit_resources_panda_description:/home/joonmo/ws_moveit/install/moveit_common:/opt/ros/humble LD_LIBRARY_PATH=/home/joonmo/ws_moveit/install/moveit_ros_planning/lib:/home/joonmo/ws_moveit/install/moveit_ros_occupancy_map_monitor/lib:/home/joonmo/ws_moveit/install/moveit_core/lib:/home/joonmo/ws_moveit/install/srdfdom/lib:${LD_LIBRARY_PATH} PATH=/home/joonmo/ws_moveit/install/moveit_core/bin:${PATH} PYTHONPATH=/home/joonmo/ws_moveit/install/moveit_configs_utils/lib/python3.10/site-packages:/home/joonmo/ws_moveit/install/srdfdom/local/lib/python3.10/dist-packages:/home/joonmo/ws_moveit/install/launch_param_builder/lib/python3.10/site-packages:${PYTHONPATH} /usr/bin/cmake /home/joonmo/ws_moveit/src/moveit2/moveit_ros/warehouse -DCMAKE_BUILD_TYPE=Release -DCMAKE_INSTALL_PREFIX=/home/joonmo/ws_moveit/install/moveit_ros_warehouse
[0.076s] -- The C compiler identification is GNU 11.4.0
[0.148s] -- The CXX compiler identification is GNU 11.4.0
[0.157s] -- Detecting C compiler ABI info
[0.228s] -- Detecting C compiler ABI info - done
[0.236s] -- Check for working C compiler: /usr/bin/cc - skipped
[0.237s] -- Detecting C compile features
[0.237s] -- Detecting C compile features - done
[0.241s] -- Detecting CXX compiler ABI info
[0.341s] -- Detecting CXX compiler ABI info - done
[0.353s] -- Check for working CXX compiler: /usr/bin/c++ - skipped
[0.353s] -- Detecting CXX compile features
[0.354s] -- Detecting CXX compile features - done
[0.356s] -- Found moveit_common: 2.5.7 (/home/joonmo/ws_moveit/install/moveit_common/share/moveit_common/cmake)
[0.360s] -- Found ament_cmake: 1.3.11 (/opt/ros/humble/share/ament_cmake/cmake)
[0.633s] -- Found Python3: /usr/bin/python3 (found version "3.10.12") found components: Interpreter 
[0.911s] -- Found rclcpp: 16.0.11 (/opt/ros/humble/share/rclcpp/cmake)
[0.993s] -- Found rosidl_generator_c: 3.1.6 (/opt/ros/humble/share/rosidl_generator_c/cmake)
[1.007s] -- Found rosidl_adapter: 3.1.6 (/opt/ros/humble/share/rosidl_adapter/cmake)
[1.024s] -- Found rosidl_generator_cpp: 3.1.6 (/opt/ros/humble/share/rosidl_generator_cpp/cmake)
[1.047s] -- Using all available rosidl_typesupport_c: rosidl_typesupport_fastrtps_c;rosidl_typesupport_introspection_c
[1.082s] -- Using all available rosidl_typesupport_cpp: rosidl_typesupport_fastrtps_cpp;rosidl_typesupport_introspection_cpp
[1.173s] -- Found rmw_implementation_cmake: 6.1.2 (/opt/ros/humble/share/rmw_implementation_cmake/cmake)
[1.179s] -- Found rmw_fastrtps_cpp: 6.2.7 (/opt/ros/humble/share/rmw_fastrtps_cpp/cmake)
[1.336s] -- Found OpenSSL: /usr/lib/x86_64-linux-gnu/libcrypto.so (found version "3.0.2")  
[1.386s] -- Found FastRTPS: /opt/ros/humble/include  
[1.435s] -- Using RMW implementation 'rmw_fastrtps_cpp' as default
[1.447s] -- Looking for pthread.h
[1.575s] -- Looking for pthread.h - found
[1.575s] -- Performing Test CMAKE_HAVE_LIBC_PTHREAD
[1.722s] -- Performing Test CMAKE_HAVE_LIBC_PTHREAD - Success
[1.724s] -- Found Threads: TRUE  
[1.821s] -- Found moveit_core: 2.5.7 (/home/joonmo/ws_moveit/install/moveit_core/share/moveit_core/cmake)
[1.886s] -- Found Boost: /usr/lib/x86_64-linux-gnu/cmake/Boost-1.74.0/BoostConfig.cmake (found version "1.74.0") found components: chrono date_time filesystem iostreams program_options regex serialization system thread 
[1.965s] -- Found parameter_traits: 0.4.0 (/opt/ros/humble/share/parameter_traits/cmake)
[1.986s] -- Found Eigen3: TRUE (found version "3.4.0") 
[1.992s] -- Found rclcpp_lifecycle: 16.0.11 (/opt/ros/humble/share/rclcpp_lifecycle/cmake)
[2.032s] -- Found Boost: /usr/lib/x86_64-linux-gnu/cmake/Boost-1.74.0/BoostConfig.cmake (found version "1.74.0") found components: filesystem 
[2.179s] -- library: /usr/lib/x86_64-linux-gnu/libcurl.so
[2.310s] -- Ensuring Eigen3 include directory is part of orocos-kdl CMake target
[2.794s] -- Found warehouse_ros: 2.0.5 (/opt/ros/humble/share/warehouse_ros/cmake)
[2.801s] -- Found moveit_ros_planning: 2.5.7 (/home/joonmo/ws_moveit/install/moveit_ros_planning/share/moveit_ros_planning/cmake)
[2.809s] -- Found Boost: /usr/lib/x86_64-linux-gnu/cmake/Boost-1.74.0/BoostConfig.cmake (found version "1.74.0") found components: system filesystem date_time program_options thread chrono 
[2.862s] -- Found Boost: /usr/lib/x86_64-linux-gnu/cmake/Boost-1.74.0/BoostConfig.cmake (found version "1.74.0") found components: thread system filesystem regex date_time program_options 
[2.867s] -- Performing Test COMPILER_HAS_HIDDEN_VISIBILITY
[3.030s] -- Performing Test COMPILER_HAS_HIDDEN_VISIBILITY - Success
[3.031s] -- Performing Test COMPILER_HAS_HIDDEN_INLINE_VISIBILITY
[3.192s] -- Performing Test COMPILER_HAS_HIDDEN_INLINE_VISIBILITY - Success
[3.193s] -- Performing Test COMPILER_HAS_DEPRECATED_ATTR
[3.341s] -- Performing Test COMPILER_HAS_DEPRECATED_ATTR - Success
[3.490s] -- Found ament_lint_auto: 0.12.11 (/opt/ros/humble/share/ament_lint_auto/cmake)
[3.552s] -- Added test 'cppcheck' to perform static code analysis on C / C++ code
[3.554s] -- Configured cppcheck include dirs: /home/joonmo/ws_moveit/src/moveit2/moveit_ros/warehouse/include
[3.554s] -- Configured cppcheck exclude dirs and/or files: 
[3.558s] -- Added test 'lint_cmake' to check CMake code style
[3.563s] -- Added test 'pep257' to check Python code against some of the docstring style conventions in PEP 257
[3.564s] -- Added test 'xmllint' to check XML markup files
[3.571s] -- Configuring done
[4.258s] -- Generating done
[4.525s] -- Build files have been written to: /home/joonmo/ws_moveit/build/moveit_ros_warehouse
[4.632s] Invoked command in '/home/joonmo/ws_moveit/build/moveit_ros_warehouse' returned '0': AMENT_PREFIX_PATH=/home/joonmo/ws_moveit/install/moveit_ros_planning:/home/joonmo/ws_moveit/install/moveit_ros_occupancy_map_monitor:/home/joonmo/ws_moveit/install/moveit_core:/home/joonmo/ws_moveit/install/moveit_resources_panda_moveit_config:/home/joonmo/ws_moveit/install/moveit_configs_utils:/home/joonmo/ws_moveit/install/srdfdom:/home/joonmo/ws_moveit/install/moveit_resources_pr2_description:/home/joonmo/ws_moveit/install/moveit_resources_panda_description:/home/joonmo/ws_moveit/install/moveit_common:/home/joonmo/ws_moveit/install/launch_param_builder:${AMENT_PREFIX_PATH} CMAKE_PREFIX_PATH=/home/joonmo/ws_moveit/install/moveit_ros_planning:/home/joonmo/ws_moveit/install/moveit_ros_occupancy_map_monitor:/home/joonmo/ws_moveit/install/moveit_core:/home/joonmo/ws_moveit/install/moveit_resources_panda_moveit_config:/home/joonmo/ws_moveit/install/srdfdom:/home/joonmo/ws_moveit/install/moveit_resources_pr2_description:/home/joonmo/ws_moveit/install/moveit_resources_panda_description:/home/joonmo/ws_moveit/install/moveit_common:/opt/ros/humble LD_LIBRARY_PATH=/home/joonmo/ws_moveit/install/moveit_ros_planning/lib:/home/joonmo/ws_moveit/install/moveit_ros_occupancy_map_monitor/lib:/home/joonmo/ws_moveit/install/moveit_core/lib:/home/joonmo/ws_moveit/install/srdfdom/lib:${LD_LIBRARY_PATH} PATH=/home/joonmo/ws_moveit/install/moveit_core/bin:${PATH} PYTHONPATH=/home/joonmo/ws_moveit/install/moveit_configs_utils/lib/python3.10/site-packages:/home/joonmo/ws_moveit/install/srdfdom/local/lib/python3.10/dist-packages:/home/joonmo/ws_moveit/install/launch_param_builder/lib/python3.10/site-packages:${PYTHONPATH} /usr/bin/cmake /home/joonmo/ws_moveit/src/moveit2/moveit_ros/warehouse -DCMAKE_BUILD_TYPE=Release -DCMAKE_INSTALL_PREFIX=/home/joonmo/ws_moveit/install/moveit_ros_warehouse
[4.633s] Invoking command in '/home/joonmo/ws_moveit/build/moveit_ros_warehouse': AMENT_PREFIX_PATH=/home/joonmo/ws_moveit/install/moveit_ros_planning:/home/joonmo/ws_moveit/install/moveit_ros_occupancy_map_monitor:/home/joonmo/ws_moveit/install/moveit_core:/home/joonmo/ws_moveit/install/moveit_resources_panda_moveit_config:/home/joonmo/ws_moveit/install/moveit_configs_utils:/home/joonmo/ws_moveit/install/srdfdom:/home/joonmo/ws_moveit/install/moveit_resources_pr2_description:/home/joonmo/ws_moveit/install/moveit_resources_panda_description:/home/joonmo/ws_moveit/install/moveit_common:/home/joonmo/ws_moveit/install/launch_param_builder:${AMENT_PREFIX_PATH} CMAKE_PREFIX_PATH=/home/joonmo/ws_moveit/install/moveit_ros_planning:/home/joonmo/ws_moveit/install/moveit_ros_occupancy_map_monitor:/home/joonmo/ws_moveit/install/moveit_core:/home/joonmo/ws_moveit/install/moveit_resources_panda_moveit_config:/home/joonmo/ws_moveit/install/srdfdom:/home/joonmo/ws_moveit/install/moveit_resources_pr2_description:/home/joonmo/ws_moveit/install/moveit_resources_panda_description:/home/joonmo/ws_moveit/install/moveit_common:/opt/ros/humble LD_LIBRARY_PATH=/home/joonmo/ws_moveit/install/moveit_ros_planning/lib:/home/joonmo/ws_moveit/install/moveit_ros_occupancy_map_monitor/lib:/home/joonmo/ws_moveit/install/moveit_core/lib:/home/joonmo/ws_moveit/install/srdfdom/lib:${LD_LIBRARY_PATH} PATH=/home/joonmo/ws_moveit/install/moveit_core/bin:${PATH} PYTHONPATH=/home/joonmo/ws_moveit/install/moveit_configs_utils/lib/python3.10/site-packages:/home/joonmo/ws_moveit/install/srdfdom/local/lib/python3.10/dist-packages:/home/joonmo/ws_moveit/install/launch_param_builder/lib/python3.10/site-packages:${PYTHONPATH} /usr/bin/cmake --build /home/joonmo/ws_moveit/build/moveit_ros_warehouse -- -j8 -l8
[4.975s] [  5%] [32mBuilding CXX object CMakeFiles/moveit_warehouse.dir/src/moveit_message_storage.cpp.o[0m
[5.001s] [ 10%] [32mBuilding CXX object CMakeFiles/moveit_warehouse.dir/src/planning_scene_storage.cpp.o[0m
[5.001s] [ 15%] [32mBuilding CXX object CMakeFiles/moveit_warehouse.dir/src/constraints_storage.cpp.o[0m
[5.008s] [ 20%] [32mBuilding CXX object CMakeFiles/moveit_warehouse.dir/src/planning_scene_world_storage.cpp.o[0m
[5.008s] [ 25%] [32mBuilding CXX object CMakeFiles/moveit_warehouse.dir/src/trajectory_constraints_storage.cpp.o[0m
[5.031s] [ 30%] [32mBuilding CXX object CMakeFiles/moveit_warehouse.dir/src/state_storage.cpp.o[0m
[5.034s] [ 35%] [32mBuilding CXX object CMakeFiles/moveit_warehouse.dir/src/warehouse_connector.cpp.o[0m
[78.811s] [ 40%] [32m[1mLinking CXX shared library libmoveit_warehouse.so[0m
[80.348s] [ 40%] Built target moveit_warehouse
[80.437s] [ 45%] [32mBuilding CXX object CMakeFiles/moveit_warehouse_broadcast.dir/src/broadcast.cpp.o[0m
[100.377s] [ 50%] [32m[1mLinking CXX executable moveit_warehouse_broadcast[0m
[100.707s] [ 50%] Built target moveit_warehouse_broadcast
[100.738s] [ 55%] [32mBuilding CXX object CMakeFiles/moveit_warehouse_services.dir/src/warehouse_services.cpp.o[0m
[111.866s] [ 60%] [32m[1mLinking CXX executable moveit_warehouse_services[0m
[112.201s] [ 60%] Built target moveit_warehouse_services
[112.233s] [ 65%] [32mBuilding CXX object CMakeFiles/moveit_init_demo_warehouse.dir/src/initialize_demo_db.cpp.o[0m
[126.543s] [ 70%] [32m[1mLinking CXX executable moveit_init_demo_warehouse[0m
[126.998s] [ 70%] Built target moveit_init_demo_warehouse
[127.028s] [ 75%] [32mBuilding CXX object CMakeFiles/moveit_warehouse_save_as_text.dir/src/save_as_text.cpp.o[0m
[140.181s] [ 80%] [32m[1mLinking CXX executable moveit_warehouse_save_as_text[0m
[140.569s] [ 80%] Built target moveit_warehouse_save_as_text
[140.595s] [ 85%] [32mBuilding CXX object CMakeFiles/moveit_warehouse_import_from_text.dir/src/import_from_text.cpp.o[0m
[153.239s] [ 90%] [32m[1mLinking CXX executable moveit_warehouse_import_from_text[0m
[153.632s] [ 90%] Built target moveit_warehouse_import_from_text
[153.660s] [ 95%] [32mBuilding CXX object CMakeFiles/moveit_save_to_warehouse.dir/src/save_to_warehouse.cpp.o[0m
[201.846s] [100%] [32m[1mLinking CXX executable moveit_save_to_warehouse[0m
[202.414s] [100%] Built target moveit_save_to_warehouse
[202.428s] Invoked command in '/home/joonmo/ws_moveit/build/moveit_ros_warehouse' returned '0': AMENT_PREFIX_PATH=/home/joonmo/ws_moveit/install/moveit_ros_planning:/home/joonmo/ws_moveit/install/moveit_ros_occupancy_map_monitor:/home/joonmo/ws_moveit/install/moveit_core:/home/joonmo/ws_moveit/install/moveit_resources_panda_moveit_config:/home/joonmo/ws_moveit/install/moveit_configs_utils:/home/joonmo/ws_moveit/install/srdfdom:/home/joonmo/ws_moveit/install/moveit_resources_pr2_description:/home/joonmo/ws_moveit/install/moveit_resources_panda_description:/home/joonmo/ws_moveit/install/moveit_common:/home/joonmo/ws_moveit/install/launch_param_builder:${AMENT_PREFIX_PATH} CMAKE_PREFIX_PATH=/home/joonmo/ws_moveit/install/moveit_ros_planning:/home/joonmo/ws_moveit/install/moveit_ros_occupancy_map_monitor:/home/joonmo/ws_moveit/install/moveit_core:/home/joonmo/ws_moveit/install/moveit_resources_panda_moveit_config:/home/joonmo/ws_moveit/install/srdfdom:/home/joonmo/ws_moveit/install/moveit_resources_pr2_description:/home/joonmo/ws_moveit/install/moveit_resources_panda_description:/home/joonmo/ws_moveit/install/moveit_common:/opt/ros/humble LD_LIBRARY_PATH=/home/joonmo/ws_moveit/install/moveit_ros_planning/lib:/home/joonmo/ws_moveit/install/moveit_ros_occupancy_map_monitor/lib:/home/joonmo/ws_moveit/install/moveit_core/lib:/home/joonmo/ws_moveit/install/srdfdom/lib:${LD_LIBRARY_PATH} PATH=/home/joonmo/ws_moveit/install/moveit_core/bin:${PATH} PYTHONPATH=/home/joonmo/ws_moveit/install/moveit_configs_utils/lib/python3.10/site-packages:/home/joonmo/ws_moveit/install/srdfdom/local/lib/python3.10/dist-packages:/home/joonmo/ws_moveit/install/launch_param_builder/lib/python3.10/site-packages:${PYTHONPATH} /usr/bin/cmake --build /home/joonmo/ws_moveit/build/moveit_ros_warehouse -- -j8 -l8
[202.431s] Invoking command in '/home/joonmo/ws_moveit/build/moveit_ros_warehouse': AMENT_PREFIX_PATH=/home/joonmo/ws_moveit/install/moveit_ros_planning:/home/joonmo/ws_moveit/install/moveit_ros_occupancy_map_monitor:/home/joonmo/ws_moveit/install/moveit_core:/home/joonmo/ws_moveit/install/moveit_resources_panda_moveit_config:/home/joonmo/ws_moveit/install/moveit_configs_utils:/home/joonmo/ws_moveit/install/srdfdom:/home/joonmo/ws_moveit/install/moveit_resources_pr2_description:/home/joonmo/ws_moveit/install/moveit_resources_panda_description:/home/joonmo/ws_moveit/install/moveit_common:/home/joonmo/ws_moveit/install/launch_param_builder:${AMENT_PREFIX_PATH} CMAKE_PREFIX_PATH=/home/joonmo/ws_moveit/install/moveit_ros_planning:/home/joonmo/ws_moveit/install/moveit_ros_occupancy_map_monitor:/home/joonmo/ws_moveit/install/moveit_core:/home/joonmo/ws_moveit/install/moveit_resources_panda_moveit_config:/home/joonmo/ws_moveit/install/srdfdom:/home/joonmo/ws_moveit/install/moveit_resources_pr2_description:/home/joonmo/ws_moveit/install/moveit_resources_panda_description:/home/joonmo/ws_moveit/install/moveit_common:/opt/ros/humble LD_LIBRARY_PATH=/home/joonmo/ws_moveit/install/moveit_ros_planning/lib:/home/joonmo/ws_moveit/install/moveit_ros_occupancy_map_monitor/lib:/home/joonmo/ws_moveit/install/moveit_core/lib:/home/joonmo/ws_moveit/install/srdfdom/lib:${LD_LIBRARY_PATH} PATH=/home/joonmo/ws_moveit/install/moveit_core/bin:${PATH} PYTHONPATH=/home/joonmo/ws_moveit/install/moveit_configs_utils/lib/python3.10/site-packages:/home/joonmo/ws_moveit/install/srdfdom/local/lib/python3.10/dist-packages:/home/joonmo/ws_moveit/install/launch_param_builder/lib/python3.10/site-packages:${PYTHONPATH} /usr/bin/cmake --install /home/joonmo/ws_moveit/build/moveit_ros_warehouse
[202.440s] -- Install configuration: "Release"
[202.440s] -- Installing: /home/joonmo/ws_moveit/install/moveit_ros_warehouse/lib/moveit_ros_warehouse/moveit_save_to_warehouse
[202.442s] -- Set runtime path of "/home/joonmo/ws_moveit/install/moveit_ros_warehouse/lib/moveit_ros_warehouse/moveit_save_to_warehouse" to ""
[202.442s] -- Installing: /home/joonmo/ws_moveit/install/moveit_ros_warehouse/lib/moveit_ros_warehouse/moveit_warehouse_broadcast
[202.442s] -- Set runtime path of "/home/joonmo/ws_moveit/install/moveit_ros_warehouse/lib/moveit_ros_warehouse/moveit_warehouse_broadcast" to ""
[202.442s] -- Installing: /home/joonmo/ws_moveit/install/moveit_ros_warehouse/lib/moveit_ros_warehouse/moveit_warehouse_import_from_text
[202.443s] -- Set runtime path of "/home/joonmo/ws_moveit/install/moveit_ros_warehouse/lib/moveit_ros_warehouse/moveit_warehouse_import_from_text" to ""
[202.443s] -- Installing: /home/joonmo/ws_moveit/install/moveit_ros_warehouse/lib/moveit_ros_warehouse/moveit_warehouse_save_as_text
[202.443s] -- Set runtime path of "/home/joonmo/ws_moveit/install/moveit_ros_warehouse/lib/moveit_ros_warehouse/moveit_warehouse_save_as_text" to ""
[202.443s] -- Installing: /home/joonmo/ws_moveit/install/moveit_ros_warehouse/lib/moveit_ros_warehouse/moveit_init_demo_warehouse
[202.444s] -- Set runtime path of "/home/joonmo/ws_moveit/install/moveit_ros_warehouse/lib/moveit_ros_warehouse/moveit_init_demo_warehouse" to ""
[202.444s] -- Installing: /home/joonmo/ws_moveit/install/moveit_ros_warehouse/lib/moveit_ros_warehouse/moveit_warehouse_services
[202.444s] -- Set runtime path of "/home/joonmo/ws_moveit/install/moveit_ros_warehouse/lib/moveit_ros_warehouse/moveit_warehouse_services" to ""
[202.444s] -- Installing: /home/joonmo/ws_moveit/install/moveit_ros_warehouse/include
[202.445s] -- Installing: /home/joonmo/ws_moveit/install/moveit_ros_warehouse/include/moveit
[202.445s] -- Installing: /home/joonmo/ws_moveit/install/moveit_ros_warehouse/include/moveit/warehouse
[202.445s] -- Installing: /home/joonmo/ws_moveit/install/moveit_ros_warehouse/include/moveit/warehouse/planning_scene_storage.h
[202.445s] -- Installing: /home/joonmo/ws_moveit/install/moveit_ros_warehouse/include/moveit/warehouse/trajectory_constraints_storage.h
[202.445s] -- Installing: /home/joonmo/ws_moveit/install/moveit_ros_warehouse/include/moveit/warehouse/planning_scene_world_storage.h
[202.445s] -- Installing: /home/joonmo/ws_moveit/install/moveit_ros_warehouse/include/moveit/warehouse/state_storage.h
[202.445s] -- Installing: /home/joonmo/ws_moveit/install/moveit_ros_warehouse/include/moveit/warehouse/warehouse_connector.h
[202.446s] -- Installing: /home/joonmo/ws_moveit/install/moveit_ros_warehouse/include/moveit/warehouse/moveit_message_storage.h
[202.446s] -- Installing: /home/joonmo/ws_moveit/install/moveit_ros_warehouse/include/moveit/warehouse/constraints_storage.h
[202.446s] -- Installing: /home/joonmo/ws_moveit/install/moveit_ros_warehouse/include/moveit_warehouse_export.h
[202.446s] -- Installing: /home/joonmo/ws_moveit/install/moveit_ros_warehouse/lib/libmoveit_warehouse.so.2.5.7
[202.447s] -- Set runtime path of "/home/joonmo/ws_moveit/install/moveit_ros_warehouse/lib/libmoveit_warehouse.so.2.5.7" to ""
[202.447s] -- Installing: /home/joonmo/ws_moveit/install/moveit_ros_warehouse/lib/libmoveit_warehouse.so
[202.447s] -- Installing: /home/joonmo/ws_moveit/install/moveit_ros_warehouse/share/moveit_ros_warehouse/environment/library_path.sh
[202.447s] -- Installing: /home/joonmo/ws_moveit/install/moveit_ros_warehouse/share/moveit_ros_warehouse/environment/library_path.dsv
[202.447s] -- Installing: /home/joonmo/ws_moveit/install/moveit_ros_warehouse/share/ament_index/resource_index/package_run_dependencies/moveit_ros_warehouse
[202.448s] -- Installing: /home/joonmo/ws_moveit/install/moveit_ros_warehouse/share/ament_index/resource_index/parent_prefix_path/moveit_ros_warehouse
[202.448s] -- Installing: /home/joonmo/ws_moveit/install/moveit_ros_warehouse/share/moveit_ros_warehouse/environment/ament_prefix_path.sh
[202.448s] -- Installing: /home/joonmo/ws_moveit/install/moveit_ros_warehouse/share/moveit_ros_warehouse/environment/ament_prefix_path.dsv
[202.448s] -- Installing: /home/joonmo/ws_moveit/install/moveit_ros_warehouse/share/moveit_ros_warehouse/environment/path.sh
[202.448s] -- Installing: /home/joonmo/ws_moveit/install/moveit_ros_warehouse/share/moveit_ros_warehouse/environment/path.dsv
[202.449s] -- Installing: /home/joonmo/ws_moveit/install/moveit_ros_warehouse/share/moveit_ros_warehouse/local_setup.bash
[202.449s] -- Installing: /home/joonmo/ws_moveit/install/moveit_ros_warehouse/share/moveit_ros_warehouse/local_setup.sh
[202.449s] -- Installing: /home/joonmo/ws_moveit/install/moveit_ros_warehouse/share/moveit_ros_warehouse/local_setup.zsh
[202.449s] -- Installing: /home/joonmo/ws_moveit/install/moveit_ros_warehouse/share/moveit_ros_warehouse/local_setup.dsv
[202.449s] -- Installing: /home/joonmo/ws_moveit/install/moveit_ros_warehouse/share/moveit_ros_warehouse/package.dsv
[202.450s] -- Installing: /home/joonmo/ws_moveit/install/moveit_ros_warehouse/share/ament_index/resource_index/packages/moveit_ros_warehouse
[202.450s] -- Installing: /home/joonmo/ws_moveit/install/moveit_ros_warehouse/share/moveit_ros_warehouse/cmake/export_moveit_ros_warehouseExport.cmake
[202.450s] -- Installing: /home/joonmo/ws_moveit/install/moveit_ros_warehouse/share/moveit_ros_warehouse/cmake/export_moveit_ros_warehouseExport-release.cmake
[202.450s] -- Installing: /home/joonmo/ws_moveit/install/moveit_ros_warehouse/share/moveit_ros_warehouse/cmake/ConfigExtras.cmake
[202.451s] -- Installing: /home/joonmo/ws_moveit/install/moveit_ros_warehouse/share/moveit_ros_warehouse/cmake/ament_cmake_export_targets-extras.cmake
[202.451s] -- Installing: /home/joonmo/ws_moveit/install/moveit_ros_warehouse/share/moveit_ros_warehouse/cmake/ament_cmake_export_dependencies-extras.cmake
[202.451s] -- Installing: /home/joonmo/ws_moveit/install/moveit_ros_warehouse/share/moveit_ros_warehouse/cmake/moveit_ros_warehouseConfig.cmake
[202.451s] -- Installing: /home/joonmo/ws_moveit/install/moveit_ros_warehouse/share/moveit_ros_warehouse/cmake/moveit_ros_warehouseConfig-version.cmake
[202.451s] -- Installing: /home/joonmo/ws_moveit/install/moveit_ros_warehouse/share/moveit_ros_warehouse/package.xml
[202.455s] Invoked command in '/home/joonmo/ws_moveit/build/moveit_ros_warehouse' returned '0': AMENT_PREFIX_PATH=/home/joonmo/ws_moveit/install/moveit_ros_planning:/home/joonmo/ws_moveit/install/moveit_ros_occupancy_map_monitor:/home/joonmo/ws_moveit/install/moveit_core:/home/joonmo/ws_moveit/install/moveit_resources_panda_moveit_config:/home/joonmo/ws_moveit/install/moveit_configs_utils:/home/joonmo/ws_moveit/install/srdfdom:/home/joonmo/ws_moveit/install/moveit_resources_pr2_description:/home/joonmo/ws_moveit/install/moveit_resources_panda_description:/home/joonmo/ws_moveit/install/moveit_common:/home/joonmo/ws_moveit/install/launch_param_builder:${AMENT_PREFIX_PATH} CMAKE_PREFIX_PATH=/home/joonmo/ws_moveit/install/moveit_ros_planning:/home/joonmo/ws_moveit/install/moveit_ros_occupancy_map_monitor:/home/joonmo/ws_moveit/install/moveit_core:/home/joonmo/ws_moveit/install/moveit_resources_panda_moveit_config:/home/joonmo/ws_moveit/install/srdfdom:/home/joonmo/ws_moveit/install/moveit_resources_pr2_description:/home/joonmo/ws_moveit/install/moveit_resources_panda_description:/home/joonmo/ws_moveit/install/moveit_common:/opt/ros/humble LD_LIBRARY_PATH=/home/joonmo/ws_moveit/install/moveit_ros_planning/lib:/home/joonmo/ws_moveit/install/moveit_ros_occupancy_map_monitor/lib:/home/joonmo/ws_moveit/install/moveit_core/lib:/home/joonmo/ws_moveit/install/srdfdom/lib:${LD_LIBRARY_PATH} PATH=/home/joonmo/ws_moveit/install/moveit_core/bin:${PATH} PYTHONPATH=/home/joonmo/ws_moveit/install/moveit_configs_utils/lib/python3.10/site-packages:/home/joonmo/ws_moveit/install/srdfdom/local/lib/python3.10/dist-packages:/home/joonmo/ws_moveit/install/launch_param_builder/lib/python3.10/site-packages:${PYTHONPATH} /usr/bin/cmake --install /home/joonmo/ws_moveit/build/moveit_ros_warehouse
