[0.008s] Invoking command in '/home/joonmo/ws_moveit/build/rviz_marker_tools': AMENT_PREFIX_PATH=/home/joonmo/ws_moveit/install/moveit_common:${AMENT_PREFIX_PATH} CMAKE_PREFIX_PATH=/home/joonmo/ws_moveit/install/moveit_common:/opt/ros/humble /usr/bin/cmake /home/joonmo/ws_moveit/src/moveit_task_constructor/rviz_marker_tools -DCMAKE_BUILD_TYPE=Release -DCMAKE_INSTALL_PREFIX=/home/joonmo/ws_moveit/install/rviz_marker_tools
[0.076s] -- The C compiler identification is GNU 11.4.0
[0.144s] -- The CXX compiler identification is GNU 11.4.0
[0.154s] -- Detecting C compiler ABI info
[0.237s] -- Detecting C compiler ABI info - done
[0.244s] -- Check for working C compiler: /usr/bin/cc - skipped
[0.244s] -- Detecting C compile features
[0.245s] -- Detecting C compile features - done
[0.248s] -- Detecting CXX compiler ABI info
[0.330s] -- Detecting CXX compiler ABI info - done
[0.336s] -- Check for working CXX compiler: /usr/bin/c++ - skipped
[0.336s] -- Detecting CXX compile features
[0.337s] -- Detecting CXX compile features - done
[0.338s] -- Found ament_cmake: 1.3.11 (/opt/ros/humble/share/ament_cmake/cmake)
[0.515s] -- Found Python3: /usr/bin/python3 (found version "3.10.12") found components: Interpreter 
[0.611s] -- Found moveit_common: 2.5.7 (/home/joonmo/ws_moveit/install/moveit_common/share/moveit_common/cmake)
[0.694s] -- Found eigen3_cmake_module: 0.1.1 (/opt/ros/humble/share/eigen3_cmake_module/cmake)
[0.703s] -- Found Eigen3: TRUE (found version "3.4.0") 
[0.704s] -- Found geometry_msgs: 4.2.4 (/opt/ros/humble/share/geometry_msgs/cmake)
[0.741s] -- Found rosidl_generator_c: 3.1.6 (/opt/ros/humble/share/rosidl_generator_c/cmake)
[0.746s] -- Found rosidl_adapter: 3.1.6 (/opt/ros/humble/share/rosidl_adapter/cmake)
[0.754s] -- Found rosidl_generator_cpp: 3.1.6 (/opt/ros/humble/share/rosidl_generator_cpp/cmake)
[0.765s] -- Using all available rosidl_typesupport_c: rosidl_typesupport_fastrtps_c;rosidl_typesupport_introspection_c
[0.780s] -- Using all available rosidl_typesupport_cpp: rosidl_typesupport_fastrtps_cpp;rosidl_typesupport_introspection_cpp
[0.827s] -- Found rclcpp: 16.0.11 (/opt/ros/humble/share/rclcpp/cmake)
[0.868s] -- Found rmw_implementation_cmake: 6.1.2 (/opt/ros/humble/share/rmw_implementation_cmake/cmake)
[0.870s] -- Found rmw_fastrtps_cpp: 6.2.7 (/opt/ros/humble/share/rmw_fastrtps_cpp/cmake)
[0.961s] -- Found OpenSSL: /usr/lib/x86_64-linux-gnu/libcrypto.so (found version "3.0.2")  
[1.003s] -- Found FastRTPS: /opt/ros/humble/include  
[1.049s] -- Using RMW implementation 'rmw_fastrtps_cpp' as default
[1.064s] -- Looking for pthread.h
[1.214s] -- Looking for pthread.h - found
[1.214s] -- Performing Test CMAKE_HAVE_LIBC_PTHREAD
[1.359s] -- Performing Test CMAKE_HAVE_LIBC_PTHREAD - Success
[1.360s] -- Found Threads: TRUE  
[1.423s] -- Found tf2_eigen: 0.25.11 (/opt/ros/humble/share/tf2_eigen/cmake)
[1.566s] -- Found visualization_msgs: 4.2.4 (/opt/ros/humble/share/visualization_msgs/cmake)
[1.625s] -- Configuring done
[1.643s] -- Generating done
[1.650s] -- Build files have been written to: /home/joonmo/ws_moveit/build/rviz_marker_tools
[1.668s] Invoked command in '/home/joonmo/ws_moveit/build/rviz_marker_tools' returned '0': AMENT_PREFIX_PATH=/home/joonmo/ws_moveit/install/moveit_common:${AMENT_PREFIX_PATH} CMAKE_PREFIX_PATH=/home/joonmo/ws_moveit/install/moveit_common:/opt/ros/humble /usr/bin/cmake /home/joonmo/ws_moveit/src/moveit_task_constructor/rviz_marker_tools -DCMAKE_BUILD_TYPE=Release -DCMAKE_INSTALL_PREFIX=/home/joonmo/ws_moveit/install/rviz_marker_tools
[1.668s] Invoking command in '/home/joonmo/ws_moveit/build/rviz_marker_tools': AMENT_PREFIX_PATH=/home/joonmo/ws_moveit/install/moveit_common:${AMENT_PREFIX_PATH} CMAKE_PREFIX_PATH=/home/joonmo/ws_moveit/install/moveit_common:/opt/ros/humble /usr/bin/cmake --build /home/joonmo/ws_moveit/build/rviz_marker_tools -- -j8 -l8
[1.728s] [ 50%] [32mBuilding CXX object CMakeFiles/rviz_marker_tools.dir/src/marker_creation.cpp.o[0m
[13.996s] [100%] [32m[1mLinking CXX shared library librviz_marker_tools.so[0m
[14.455s] [100%] Built target rviz_marker_tools
[14.490s] Invoked command in '/home/joonmo/ws_moveit/build/rviz_marker_tools' returned '0': AMENT_PREFIX_PATH=/home/joonmo/ws_moveit/install/moveit_common:${AMENT_PREFIX_PATH} CMAKE_PREFIX_PATH=/home/joonmo/ws_moveit/install/moveit_common:/opt/ros/humble /usr/bin/cmake --build /home/joonmo/ws_moveit/build/rviz_marker_tools -- -j8 -l8
[14.492s] Invoking command in '/home/joonmo/ws_moveit/build/rviz_marker_tools': AMENT_PREFIX_PATH=/home/joonmo/ws_moveit/install/moveit_common:${AMENT_PREFIX_PATH} CMAKE_PREFIX_PATH=/home/joonmo/ws_moveit/install/moveit_common:/opt/ros/humble /usr/bin/cmake --install /home/joonmo/ws_moveit/build/rviz_marker_tools
[14.517s] -- Install configuration: "Release"
[14.517s] -- Installing: /home/joonmo/ws_moveit/install/rviz_marker_tools/include
[14.517s] -- Installing: /home/joonmo/ws_moveit/install/rviz_marker_tools/include/rviz_marker_tools
[14.517s] -- Installing: /home/joonmo/ws_moveit/install/rviz_marker_tools/include/rviz_marker_tools/marker_creation.h
[14.518s] -- Installing: /home/joonmo/ws_moveit/install/rviz_marker_tools/lib/librviz_marker_tools.so
[14.518s] -- Set runtime path of "/home/joonmo/ws_moveit/install/rviz_marker_tools/lib/librviz_marker_tools.so" to ""
[14.518s] -- Installing: /home/joonmo/ws_moveit/install/rviz_marker_tools/share/rviz_marker_tools/environment/library_path.sh
[14.523s] -- Installing: /home/joonmo/ws_moveit/install/rviz_marker_tools/share/rviz_marker_tools/environment/library_path.dsv
[14.523s] -- Installing: /home/joonmo/ws_moveit/install/rviz_marker_tools/share/ament_index/resource_index/package_run_dependencies/rviz_marker_tools
[14.523s] -- Installing: /home/joonmo/ws_moveit/install/rviz_marker_tools/share/ament_index/resource_index/parent_prefix_path/rviz_marker_tools
[14.524s] -- Installing: /home/joonmo/ws_moveit/install/rviz_marker_tools/share/rviz_marker_tools/environment/ament_prefix_path.sh
[14.524s] -- Installing: /home/joonmo/ws_moveit/install/rviz_marker_tools/share/rviz_marker_tools/environment/ament_prefix_path.dsv
[14.524s] -- Installing: /home/joonmo/ws_moveit/install/rviz_marker_tools/share/rviz_marker_tools/environment/path.sh
[14.524s] -- Installing: /home/joonmo/ws_moveit/install/rviz_marker_tools/share/rviz_marker_tools/environment/path.dsv
[14.525s] -- Installing: /home/joonmo/ws_moveit/install/rviz_marker_tools/share/rviz_marker_tools/local_setup.bash
[14.525s] -- Installing: /home/joonmo/ws_moveit/install/rviz_marker_tools/share/rviz_marker_tools/local_setup.sh
[14.526s] -- Installing: /home/joonmo/ws_moveit/install/rviz_marker_tools/share/rviz_marker_tools/local_setup.zsh
[14.527s] -- Installing: /home/joonmo/ws_moveit/install/rviz_marker_tools/share/rviz_marker_tools/local_setup.dsv
[14.527s] -- Installing: /home/joonmo/ws_moveit/install/rviz_marker_tools/share/rviz_marker_tools/package.dsv
[14.527s] -- Installing: /home/joonmo/ws_moveit/install/rviz_marker_tools/share/ament_index/resource_index/packages/rviz_marker_tools
[14.527s] -- Installing: /home/joonmo/ws_moveit/install/rviz_marker_tools/share/rviz_marker_tools/cmake/rviz_marker_toolsTargetsExport.cmake
[14.527s] -- Installing: /home/joonmo/ws_moveit/install/rviz_marker_tools/share/rviz_marker_tools/cmake/rviz_marker_toolsTargetsExport-release.cmake
[14.527s] -- Installing: /home/joonmo/ws_moveit/install/rviz_marker_tools/share/rviz_marker_tools/cmake/ament_cmake_export_targets-extras.cmake
[14.527s] -- Installing: /home/joonmo/ws_moveit/install/rviz_marker_tools/share/rviz_marker_tools/cmake/ament_cmake_export_dependencies-extras.cmake
[14.528s] -- Installing: /home/joonmo/ws_moveit/install/rviz_marker_tools/share/rviz_marker_tools/cmake/rviz_marker_toolsConfig.cmake
[14.528s] -- Installing: /home/joonmo/ws_moveit/install/rviz_marker_tools/share/rviz_marker_tools/cmake/rviz_marker_toolsConfig-version.cmake
[14.528s] -- Installing: /home/joonmo/ws_moveit/install/rviz_marker_tools/share/rviz_marker_tools/package.xml
[14.540s] Invoked command in '/home/joonmo/ws_moveit/build/rviz_marker_tools' returned '0': AMENT_PREFIX_PATH=/home/joonmo/ws_moveit/install/moveit_common:${AMENT_PREFIX_PATH} CMAKE_PREFIX_PATH=/home/joonmo/ws_moveit/install/moveit_common:/opt/ros/humble /usr/bin/cmake --install /home/joonmo/ws_moveit/build/rviz_marker_tools
