[0.294s] Invoking command in '/home/joonmo/ws_moveit/build/moveit_task_constructor_core': AMENT_PREFIX_PATH=/home/joonmo/ws_moveit/install/moveit_planners:/home/joonmo/ws_moveit/install/pilz_industrial_motion_planner:/home/joonmo/ws_moveit/install/moveit_resources_prbt_pg70_support:/home/joonmo/ws_moveit/install/moveit_ros_planning_interface:/home/joonmo/ws_moveit/install/moveit_resources_prbt_moveit_config:/home/joonmo/ws_moveit/install/moveit_ros_move_group:/home/joonmo/ws_moveit/install/moveit_ros_warehouse:/home/joonmo/ws_moveit/install/moveit_planners_ompl:/home/joonmo/ws_moveit/install/moveit_kinematics:/home/joonmo/ws_moveit/install/moveit_ros_planning:/home/joonmo/ws_moveit/install/moveit_planners_chomp:/home/joonmo/ws_moveit/install/pilz_industrial_motion_planner_testutils:/home/joonmo/ws_moveit/install/moveit_simple_controller_manager:/home/joonmo/ws_moveit/install/moveit_ros_occupancy_map_monitor:/home/joonmo/ws_moveit/install/moveit_resources_prbt_ikfast_manipulator_plugin:/home/joonmo/ws_moveit/install/chomp_motion_planner:/home/joonmo/ws_moveit/install/moveit_core:/home/joonmo/ws_moveit/install/rviz_marker_tools:/home/joonmo/ws_moveit/install/moveit_resources_panda_moveit_config:/home/joonmo/ws_moveit/install/moveit_resources_fanuc_moveit_config:/home/joonmo/ws_moveit/install/moveit_configs_utils:/home/joonmo/ws_moveit/install/srdfdom:/home/joonmo/ws_moveit/install/moveit_task_constructor_msgs:/home/joonmo/ws_moveit/install/moveit_resources_prbt_support:/home/joonmo/ws_moveit/install/moveit_resources_pr2_description:/home/joonmo/ws_moveit/install/moveit_resources_panda_description:/home/joonmo/ws_moveit/install/moveit_resources_fanuc_description:/home/joonmo/ws_moveit/install/moveit_common:/home/joonmo/ws_moveit/install/launch_param_builder:${AMENT_PREFIX_PATH} CMAKE_PREFIX_PATH=/home/joonmo/ws_moveit/install/moveit_planners:/home/joonmo/ws_moveit/install/pilz_industrial_motion_planner:/home/joonmo/ws_moveit/install/moveit_resources_prbt_pg70_support:/home/joonmo/ws_moveit/install/moveit_ros_planning_interface:/home/joonmo/ws_moveit/install/moveit_resources_prbt_moveit_config:/home/joonmo/ws_moveit/install/moveit_ros_move_group:/home/joonmo/ws_moveit/install/moveit_ros_warehouse:/home/joonmo/ws_moveit/install/moveit_planners_ompl:/home/joonmo/ws_moveit/install/moveit_kinematics:/home/joonmo/ws_moveit/install/moveit_ros_planning:/home/joonmo/ws_moveit/install/moveit_planners_chomp:/home/joonmo/ws_moveit/install/pilz_industrial_motion_planner_testutils:/home/joonmo/ws_moveit/install/moveit_simple_controller_manager:/home/joonmo/ws_moveit/install/moveit_ros_occupancy_map_monitor:/home/joonmo/ws_moveit/install/moveit_resources_prbt_ikfast_manipulator_plugin:/home/joonmo/ws_moveit/install/chomp_motion_planner:/home/joonmo/ws_moveit/install/moveit_core:/home/joonmo/ws_moveit/install/rviz_marker_tools:/home/joonmo/ws_moveit/install/moveit_resources_panda_moveit_config:/home/joonmo/ws_moveit/install/moveit_resources_fanuc_moveit_config:/home/joonmo/ws_moveit/install/srdfdom:/home/joonmo/ws_moveit/install/moveit_task_constructor_msgs:/home/joonmo/ws_moveit/install/moveit_resources_prbt_support:/home/joonmo/ws_moveit/install/moveit_resources_pr2_description:/home/joonmo/ws_moveit/install/moveit_resources_panda_description:/home/joonmo/ws_moveit/install/moveit_resources_fanuc_description:/home/joonmo/ws_moveit/install/moveit_common:/opt/ros/humble LD_LIBRARY_PATH=/home/joonmo/ws_moveit/install/pilz_industrial_motion_planner/lib:/home/joonmo/ws_moveit/install/moveit_ros_planning_interface/lib:/home/joonmo/ws_moveit/install/moveit_ros_move_group/lib:/home/joonmo/ws_moveit/install/moveit_ros_warehouse/lib:/home/joonmo/ws_moveit/install/moveit_planners_ompl/lib:/home/joonmo/ws_moveit/install/moveit_kinematics/lib:/home/joonmo/ws_moveit/install/moveit_ros_planning/lib:/home/joonmo/ws_moveit/install/moveit_planners_chomp/lib:/home/joonmo/ws_moveit/install/pilz_industrial_motion_planner_testutils/lib:/home/joonmo/ws_moveit/install/moveit_simple_controller_manager/lib:/home/joonmo/ws_moveit/install/moveit_ros_occupancy_map_monitor/lib:/home/joonmo/ws_moveit/install/moveit_resources_prbt_ikfast_manipulator_plugin/lib:/home/joonmo/ws_moveit/install/chomp_motion_planner/lib:/home/joonmo/ws_moveit/install/moveit_core/lib:/home/joonmo/ws_moveit/install/rviz_marker_tools/lib:/home/joonmo/ws_moveit/install/srdfdom/lib:/home/joonmo/ws_moveit/install/moveit_task_constructor_msgs/lib:${LD_LIBRARY_PATH} PATH=/home/joonmo/ws_moveit/install/moveit_core/bin:${PATH} PYTHONPATH=/home/joonmo/ws_moveit/install/moveit_configs_utils/lib/python3.10/site-packages:/home/joonmo/ws_moveit/install/srdfdom/local/lib/python3.10/dist-packages:/home/joonmo/ws_moveit/install/moveit_task_constructor_msgs/local/lib/python3.10/dist-packages:/home/joonmo/ws_moveit/install/launch_param_builder/lib/python3.10/site-packages:${PYTHONPATH} /usr/bin/cmake /home/joonmo/ws_moveit/src/moveit_task_constructor/core -DCMAKE_BUILD_TYPE=Release -DCMAKE_INSTALL_PREFIX=/home/joonmo/ws_moveit/install/moveit_task_constructor_core
[0.534s] -- The C compiler identification is GNU 11.4.0
[0.767s] -- The CXX compiler identification is GNU 11.4.0
[0.800s] -- Detecting C compiler ABI info
[1.042s] -- Detecting C compiler ABI info - done
[1.076s] -- Check for working C compiler: /usr/bin/cc - skipped
[1.077s] -- Detecting C compile features
[1.078s] -- Detecting C compile features - done
[1.089s] -- Detecting CXX compiler ABI info
[1.368s] -- Detecting CXX compiler ABI info - done
[1.385s] -- Check for working CXX compiler: /usr/bin/c++ - skipped
[1.387s] -- Detecting CXX compile features
[1.387s] -- Detecting CXX compile features - done
[1.411s] -- Found ament_cmake: 1.3.11 (/opt/ros/humble/share/ament_cmake/cmake)
[2.103s] -- Found Python3: /usr/bin/python3 (found version "3.10.12") found components: Interpreter 
[2.659s] -- Found Boost: /usr/lib/x86_64-linux-gnu/cmake/Boost-1.74.0/BoostConfig.cmake (found version "1.74.0")  
[2.685s] -- Found geometry_msgs: 4.2.4 (/opt/ros/humble/share/geometry_msgs/cmake)
[2.910s] -- Found rosidl_generator_c: 3.1.6 (/opt/ros/humble/share/rosidl_generator_c/cmake)
[2.947s] -- Found rosidl_adapter: 3.1.6 (/opt/ros/humble/share/rosidl_adapter/cmake)
[2.996s] -- Found rosidl_generator_cpp: 3.1.6 (/opt/ros/humble/share/rosidl_generator_cpp/cmake)
[3.064s] -- Using all available rosidl_typesupport_c: rosidl_typesupport_fastrtps_c;rosidl_typesupport_introspection_c
[3.163s] -- Using all available rosidl_typesupport_cpp: rosidl_typesupport_fastrtps_cpp;rosidl_typesupport_introspection_cpp
[3.291s] -- Found moveit_common: 2.5.7 (/home/joonmo/ws_moveit/install/moveit_common/share/moveit_common/cmake)
[3.452s] -- Found moveit_core: 2.5.7 (/home/joonmo/ws_moveit/install/moveit_core/share/moveit_core/cmake)
[4.436s] -- Found Boost: /usr/lib/x86_64-linux-gnu/cmake/Boost-1.74.0/BoostConfig.cmake (found version "1.74.0") found components: chrono date_time filesystem iostreams program_options regex serialization system thread 
[4.659s] -- Found parameter_traits: 0.4.0 (/opt/ros/humble/share/parameter_traits/cmake)
[4.835s] -- Found rmw_implementation_cmake: 6.1.2 (/opt/ros/humble/share/rmw_implementation_cmake/cmake)
[4.857s] -- Found rmw_fastrtps_cpp: 6.2.7 (/opt/ros/humble/share/rmw_fastrtps_cpp/cmake)
[5.319s] -- Found OpenSSL: /usr/lib/x86_64-linux-gnu/libcrypto.so (found version "3.0.2")  
[5.436s] -- Found FastRTPS: /opt/ros/humble/include  
[5.603s] -- Using RMW implementation 'rmw_fastrtps_cpp' as default
[5.631s] -- Found Threads: TRUE  
[5.743s] -- Found Eigen3: TRUE (found version "3.4.0") 
[5.753s] -- Found rclcpp_lifecycle: 16.0.11 (/opt/ros/humble/share/rclcpp_lifecycle/cmake)
[5.812s] -- Found Boost: /usr/lib/x86_64-linux-gnu/cmake/Boost-1.74.0/BoostConfig.cmake (found version "1.74.0") found components: filesystem 
[6.192s] -- library: /usr/lib/x86_64-linux-gnu/libcurl.so
[6.512s] -- Ensuring Eigen3 include directory is part of orocos-kdl CMake target
[7.190s] -- Found moveit_ros_planning: 2.5.7 (/home/joonmo/ws_moveit/install/moveit_ros_planning/share/moveit_ros_planning/cmake)
[7.201s] -- Found Boost: /usr/lib/x86_64-linux-gnu/cmake/Boost-1.74.0/BoostConfig.cmake (found version "1.74.0") found components: system filesystem date_time program_options thread chrono 
[7.256s] -- Found moveit_ros_planning_interface: 2.5.7 (/home/joonmo/ws_moveit/install/moveit_ros_planning_interface/share/moveit_ros_planning_interface/cmake)
[7.264s] -- Found Boost: /usr/lib/x86_64-linux-gnu/cmake/Boost-1.74.0/BoostConfig.cmake (found version "1.74.0") found components: date_time filesystem program_options system thread 
[7.294s] -- Found Boost: /usr/lib/x86_64-linux-gnu/cmake/Boost-1.74.0/BoostConfig.cmake (found version "1.74.0") found components: thread system filesystem regex date_time program_options 
[7.344s] -- Found Boost: /usr/lib/x86_64-linux-gnu/cmake/Boost-1.74.0/BoostConfig.cmake (found version "1.74.0") found components: system filesystem date_time program_options thread 
[7.425s] -- Found moveit_task_constructor_msgs: 0.1.3 (/home/joonmo/ws_moveit/install/moveit_task_constructor_msgs/share/moveit_task_constructor_msgs/cmake)
[7.567s] -- Found py_binding_tools: 2.0.1 (/opt/ros/humble/share/py_binding_tools/cmake)
[7.583s] -- Found rviz_marker_tools: 0.1.3 (/home/joonmo/ws_moveit/install/rviz_marker_tools/share/rviz_marker_tools/cmake)
[8.503s] -- Found Python3: /usr/bin/python3 (found version "3.10.12") found components: Interpreter Development Development.Module Development.Embed 
[8.533s] -- pybind11 v2.13.0 dev1
[8.633s] -- Found PythonInterp: /usr/bin/python3 (found suitable version "3.10.12", minimum required is "3.6") 
[8.726s] -- Found PythonLibs: /usr/lib/x86_64-linux-gnu/libpython3.10.so
[8.731s] -- Performing Test HAS_FLTO
[9.381s] -- Performing Test HAS_FLTO - Success
[9.422s] -- Found ament_cmake_pytest: 1.3.11 (/opt/ros/humble/share/ament_cmake_pytest/cmake)
[9.435s] -- Found launch_testing_ament_cmake: 1.0.7 (/opt/ros/humble/share/launch_testing_ament_cmake/cmake)
[9.448s] -- Found python_cmake_module: 0.10.0 (/opt/ros/humble/share/python_cmake_module/cmake)
[9.722s] -- Found PythonLibs: /usr/lib/x86_64-linux-gnu/libpython3.10.so (found suitable version "3.10.12", minimum required is "3.5") 
[9.722s] -- Using PYTHON_EXECUTABLE: /usr/bin/python3
[9.722s] -- Using PYTHON_INCLUDE_DIRS: /usr/include/python3.10
[9.722s] -- Using PYTHON_LIBRARIES: /usr/lib/x86_64-linux-gnu/libpython3.10.so
[9.808s] -- Found PythonExtra: .so  
[11.416s] -- Found ament_cmake_gtest: 1.3.11 (/opt/ros/humble/share/ament_cmake_gtest/cmake)
[11.430s] -- Found ament_cmake_gmock: 1.3.11 (/opt/ros/humble/share/ament_cmake_gmock/cmake)
[11.437s] -- Found launch_testing_ament_cmake: 1.0.7 (/opt/ros/humble/share/launch_testing_ament_cmake/cmake)
[11.438s] -- Found python_cmake_module: 0.10.0 (/opt/ros/humble/share/python_cmake_module/cmake)
[11.536s] -- Using PYTHON_EXECUTABLE: /usr/bin/python3
[11.537s] -- Using PYTHON_INCLUDE_DIRS: /usr/include/python3.10
[11.537s] -- Using PYTHON_LIBRARIES: /usr/lib/x86_64-linux-gnu/libpython3.10.so
[11.557s] -- Found gmock sources under '/opt/ros/humble/src/gmock_vendor': C++ tests using 'Google Mock' will be built
[11.583s] -- Found gtest sources under '/opt/ros/humble/src/gtest_vendor': C++ tests using 'Google Test' will be built
[11.690s] -- Configuring done
[12.868s] -- Generating done
[13.136s] -- Build files have been written to: /home/joonmo/ws_moveit/build/moveit_task_constructor_core
[13.253s] Invoked command in '/home/joonmo/ws_moveit/build/moveit_task_constructor_core' returned '0': AMENT_PREFIX_PATH=/home/joonmo/ws_moveit/install/moveit_planners:/home/joonmo/ws_moveit/install/pilz_industrial_motion_planner:/home/joonmo/ws_moveit/install/moveit_resources_prbt_pg70_support:/home/joonmo/ws_moveit/install/moveit_ros_planning_interface:/home/joonmo/ws_moveit/install/moveit_resources_prbt_moveit_config:/home/joonmo/ws_moveit/install/moveit_ros_move_group:/home/joonmo/ws_moveit/install/moveit_ros_warehouse:/home/joonmo/ws_moveit/install/moveit_planners_ompl:/home/joonmo/ws_moveit/install/moveit_kinematics:/home/joonmo/ws_moveit/install/moveit_ros_planning:/home/joonmo/ws_moveit/install/moveit_planners_chomp:/home/joonmo/ws_moveit/install/pilz_industrial_motion_planner_testutils:/home/joonmo/ws_moveit/install/moveit_simple_controller_manager:/home/joonmo/ws_moveit/install/moveit_ros_occupancy_map_monitor:/home/joonmo/ws_moveit/install/moveit_resources_prbt_ikfast_manipulator_plugin:/home/joonmo/ws_moveit/install/chomp_motion_planner:/home/joonmo/ws_moveit/install/moveit_core:/home/joonmo/ws_moveit/install/rviz_marker_tools:/home/joonmo/ws_moveit/install/moveit_resources_panda_moveit_config:/home/joonmo/ws_moveit/install/moveit_resources_fanuc_moveit_config:/home/joonmo/ws_moveit/install/moveit_configs_utils:/home/joonmo/ws_moveit/install/srdfdom:/home/joonmo/ws_moveit/install/moveit_task_constructor_msgs:/home/joonmo/ws_moveit/install/moveit_resources_prbt_support:/home/joonmo/ws_moveit/install/moveit_resources_pr2_description:/home/joonmo/ws_moveit/install/moveit_resources_panda_description:/home/joonmo/ws_moveit/install/moveit_resources_fanuc_description:/home/joonmo/ws_moveit/install/moveit_common:/home/joonmo/ws_moveit/install/launch_param_builder:${AMENT_PREFIX_PATH} CMAKE_PREFIX_PATH=/home/joonmo/ws_moveit/install/moveit_planners:/home/joonmo/ws_moveit/install/pilz_industrial_motion_planner:/home/joonmo/ws_moveit/install/moveit_resources_prbt_pg70_support:/home/joonmo/ws_moveit/install/moveit_ros_planning_interface:/home/joonmo/ws_moveit/install/moveit_resources_prbt_moveit_config:/home/joonmo/ws_moveit/install/moveit_ros_move_group:/home/joonmo/ws_moveit/install/moveit_ros_warehouse:/home/joonmo/ws_moveit/install/moveit_planners_ompl:/home/joonmo/ws_moveit/install/moveit_kinematics:/home/joonmo/ws_moveit/install/moveit_ros_planning:/home/joonmo/ws_moveit/install/moveit_planners_chomp:/home/joonmo/ws_moveit/install/pilz_industrial_motion_planner_testutils:/home/joonmo/ws_moveit/install/moveit_simple_controller_manager:/home/joonmo/ws_moveit/install/moveit_ros_occupancy_map_monitor:/home/joonmo/ws_moveit/install/moveit_resources_prbt_ikfast_manipulator_plugin:/home/joonmo/ws_moveit/install/chomp_motion_planner:/home/joonmo/ws_moveit/install/moveit_core:/home/joonmo/ws_moveit/install/rviz_marker_tools:/home/joonmo/ws_moveit/install/moveit_resources_panda_moveit_config:/home/joonmo/ws_moveit/install/moveit_resources_fanuc_moveit_config:/home/joonmo/ws_moveit/install/srdfdom:/home/joonmo/ws_moveit/install/moveit_task_constructor_msgs:/home/joonmo/ws_moveit/install/moveit_resources_prbt_support:/home/joonmo/ws_moveit/install/moveit_resources_pr2_description:/home/joonmo/ws_moveit/install/moveit_resources_panda_description:/home/joonmo/ws_moveit/install/moveit_resources_fanuc_description:/home/joonmo/ws_moveit/install/moveit_common:/opt/ros/humble LD_LIBRARY_PATH=/home/joonmo/ws_moveit/install/pilz_industrial_motion_planner/lib:/home/joonmo/ws_moveit/install/moveit_ros_planning_interface/lib:/home/joonmo/ws_moveit/install/moveit_ros_move_group/lib:/home/joonmo/ws_moveit/install/moveit_ros_warehouse/lib:/home/joonmo/ws_moveit/install/moveit_planners_ompl/lib:/home/joonmo/ws_moveit/install/moveit_kinematics/lib:/home/joonmo/ws_moveit/install/moveit_ros_planning/lib:/home/joonmo/ws_moveit/install/moveit_planners_chomp/lib:/home/joonmo/ws_moveit/install/pilz_industrial_motion_planner_testutils/lib:/home/joonmo/ws_moveit/install/moveit_simple_controller_manager/lib:/home/joonmo/ws_moveit/install/moveit_ros_occupancy_map_monitor/lib:/home/joonmo/ws_moveit/install/moveit_resources_prbt_ikfast_manipulator_plugin/lib:/home/joonmo/ws_moveit/install/chomp_motion_planner/lib:/home/joonmo/ws_moveit/install/moveit_core/lib:/home/joonmo/ws_moveit/install/rviz_marker_tools/lib:/home/joonmo/ws_moveit/install/srdfdom/lib:/home/joonmo/ws_moveit/install/moveit_task_constructor_msgs/lib:${LD_LIBRARY_PATH} PATH=/home/joonmo/ws_moveit/install/moveit_core/bin:${PATH} PYTHONPATH=/home/joonmo/ws_moveit/install/moveit_configs_utils/lib/python3.10/site-packages:/home/joonmo/ws_moveit/install/srdfdom/local/lib/python3.10/dist-packages:/home/joonmo/ws_moveit/install/moveit_task_constructor_msgs/local/lib/python3.10/dist-packages:/home/joonmo/ws_moveit/install/launch_param_builder/lib/python3.10/site-packages:${PYTHONPATH} /usr/bin/cmake /home/joonmo/ws_moveit/src/moveit_task_constructor/core -DCMAKE_BUILD_TYPE=Release -DCMAKE_INSTALL_PREFIX=/home/joonmo/ws_moveit/install/moveit_task_constructor_core
[13.254s] Invoking command in '/home/joonmo/ws_moveit/build/moveit_task_constructor_core': AMENT_PREFIX_PATH=/home/joonmo/ws_moveit/install/moveit_planners:/home/joonmo/ws_moveit/install/pilz_industrial_motion_planner:/home/joonmo/ws_moveit/install/moveit_resources_prbt_pg70_support:/home/joonmo/ws_moveit/install/moveit_ros_planning_interface:/home/joonmo/ws_moveit/install/moveit_resources_prbt_moveit_config:/home/joonmo/ws_moveit/install/moveit_ros_move_group:/home/joonmo/ws_moveit/install/moveit_ros_warehouse:/home/joonmo/ws_moveit/install/moveit_planners_ompl:/home/joonmo/ws_moveit/install/moveit_kinematics:/home/joonmo/ws_moveit/install/moveit_ros_planning:/home/joonmo/ws_moveit/install/moveit_planners_chomp:/home/joonmo/ws_moveit/install/pilz_industrial_motion_planner_testutils:/home/joonmo/ws_moveit/install/moveit_simple_controller_manager:/home/joonmo/ws_moveit/install/moveit_ros_occupancy_map_monitor:/home/joonmo/ws_moveit/install/moveit_resources_prbt_ikfast_manipulator_plugin:/home/joonmo/ws_moveit/install/chomp_motion_planner:/home/joonmo/ws_moveit/install/moveit_core:/home/joonmo/ws_moveit/install/rviz_marker_tools:/home/joonmo/ws_moveit/install/moveit_resources_panda_moveit_config:/home/joonmo/ws_moveit/install/moveit_resources_fanuc_moveit_config:/home/joonmo/ws_moveit/install/moveit_configs_utils:/home/joonmo/ws_moveit/install/srdfdom:/home/joonmo/ws_moveit/install/moveit_task_constructor_msgs:/home/joonmo/ws_moveit/install/moveit_resources_prbt_support:/home/joonmo/ws_moveit/install/moveit_resources_pr2_description:/home/joonmo/ws_moveit/install/moveit_resources_panda_description:/home/joonmo/ws_moveit/install/moveit_resources_fanuc_description:/home/joonmo/ws_moveit/install/moveit_common:/home/joonmo/ws_moveit/install/launch_param_builder:${AMENT_PREFIX_PATH} CMAKE_PREFIX_PATH=/home/joonmo/ws_moveit/install/moveit_planners:/home/joonmo/ws_moveit/install/pilz_industrial_motion_planner:/home/joonmo/ws_moveit/install/moveit_resources_prbt_pg70_support:/home/joonmo/ws_moveit/install/moveit_ros_planning_interface:/home/joonmo/ws_moveit/install/moveit_resources_prbt_moveit_config:/home/joonmo/ws_moveit/install/moveit_ros_move_group:/home/joonmo/ws_moveit/install/moveit_ros_warehouse:/home/joonmo/ws_moveit/install/moveit_planners_ompl:/home/joonmo/ws_moveit/install/moveit_kinematics:/home/joonmo/ws_moveit/install/moveit_ros_planning:/home/joonmo/ws_moveit/install/moveit_planners_chomp:/home/joonmo/ws_moveit/install/pilz_industrial_motion_planner_testutils:/home/joonmo/ws_moveit/install/moveit_simple_controller_manager:/home/joonmo/ws_moveit/install/moveit_ros_occupancy_map_monitor:/home/joonmo/ws_moveit/install/moveit_resources_prbt_ikfast_manipulator_plugin:/home/joonmo/ws_moveit/install/chomp_motion_planner:/home/joonmo/ws_moveit/install/moveit_core:/home/joonmo/ws_moveit/install/rviz_marker_tools:/home/joonmo/ws_moveit/install/moveit_resources_panda_moveit_config:/home/joonmo/ws_moveit/install/moveit_resources_fanuc_moveit_config:/home/joonmo/ws_moveit/install/srdfdom:/home/joonmo/ws_moveit/install/moveit_task_constructor_msgs:/home/joonmo/ws_moveit/install/moveit_resources_prbt_support:/home/joonmo/ws_moveit/install/moveit_resources_pr2_description:/home/joonmo/ws_moveit/install/moveit_resources_panda_description:/home/joonmo/ws_moveit/install/moveit_resources_fanuc_description:/home/joonmo/ws_moveit/install/moveit_common:/opt/ros/humble LD_LIBRARY_PATH=/home/joonmo/ws_moveit/install/pilz_industrial_motion_planner/lib:/home/joonmo/ws_moveit/install/moveit_ros_planning_interface/lib:/home/joonmo/ws_moveit/install/moveit_ros_move_group/lib:/home/joonmo/ws_moveit/install/moveit_ros_warehouse/lib:/home/joonmo/ws_moveit/install/moveit_planners_ompl/lib:/home/joonmo/ws_moveit/install/moveit_kinematics/lib:/home/joonmo/ws_moveit/install/moveit_ros_planning/lib:/home/joonmo/ws_moveit/install/moveit_planners_chomp/lib:/home/joonmo/ws_moveit/install/pilz_industrial_motion_planner_testutils/lib:/home/joonmo/ws_moveit/install/moveit_simple_controller_manager/lib:/home/joonmo/ws_moveit/install/moveit_ros_occupancy_map_monitor/lib:/home/joonmo/ws_moveit/install/moveit_resources_prbt_ikfast_manipulator_plugin/lib:/home/joonmo/ws_moveit/install/chomp_motion_planner/lib:/home/joonmo/ws_moveit/install/moveit_core/lib:/home/joonmo/ws_moveit/install/rviz_marker_tools/lib:/home/joonmo/ws_moveit/install/srdfdom/lib:/home/joonmo/ws_moveit/install/moveit_task_constructor_msgs/lib:${LD_LIBRARY_PATH} PATH=/home/joonmo/ws_moveit/install/moveit_core/bin:${PATH} PYTHONPATH=/home/joonmo/ws_moveit/install/moveit_configs_utils/lib/python3.10/site-packages:/home/joonmo/ws_moveit/install/srdfdom/local/lib/python3.10/dist-packages:/home/joonmo/ws_moveit/install/moveit_task_constructor_msgs/local/lib/python3.10/dist-packages:/home/joonmo/ws_moveit/install/launch_param_builder/lib/python3.10/site-packages:${PYTHONPATH} /usr/bin/cmake --build /home/joonmo/ws_moveit/build/moveit_task_constructor_core -- -j8 -l8
[13.524s] [  0%] Built target ament_cmake_python_copy_moveit
[13.613s] [  1%] [32mBuilding CXX object gtest/CMakeFiles/gtest.dir/src/gtest-all.cc.o[0m
[33.927s] [  2%] [32m[1mLinking CXX static library libgtest.a[0m
[34.083s] [  2%] Built target gtest
[35.267s] running egg_info
[35.269s] creating moveit.egg-info
[35.269s] writing moveit.egg-info/PKG-INFO
[35.270s] writing dependency_links to moveit.egg-info/dependency_links.txt
[35.270s] writing top-level names to moveit.egg-info/top_level.txt
[35.270s] writing manifest file 'moveit.egg-info/SOURCES.txt'
[35.283s] reading manifest file 'moveit.egg-info/SOURCES.txt'
[35.284s] writing manifest file 'moveit.egg-info/SOURCES.txt'
[35.390s] [  2%] Built target ament_cmake_python_build_moveit_egg
[35.478s] [  3%] [32mBuilding CXX object gmock/CMakeFiles/gmock_main.dir/src/gmock_main.cc.o[0m
[38.258s] [  4%] [32m[1mLinking CXX static library libgmock_main.a[0m
[38.395s] [  4%] Built target gmock_main
[38.486s] [  5%] [32mBuilding CXX object gmock/CMakeFiles/gmock.dir/opt/ros/humble/src/gtest_vendor/src/gtest-all.cc.o[0m
[49.979s] [  7%] [32mBuilding CXX object gmock/CMakeFiles/gmock.dir/src/gmock-all.cc.o[0m
[53.647s] [  8%] [32m[1mLinking CXX static library libgmock.a[0m
[53.699s] [  8%] Built target gmock
[53.728s] [  9%] [32mBuilding CXX object gtest/CMakeFiles/gtest_main.dir/src/gtest_main.cc.o[0m
[54.811s] [ 10%] [32m[1mLinking CXX static library libgtest_main.a[0m
[54.854s] [ 10%] Built target gtest_main
[54.885s] [ 11%] [32mBuilding CXX object src/CMakeFiles/moveit_task_constructor_core.dir/container.cpp.o[0m
[59.900s] [ 12%] [32mBuilding CXX object src/CMakeFiles/moveit_task_constructor_core.dir/storage.cpp.o[0m
[61.912s] [ 14%] [32mBuilding CXX object src/CMakeFiles/moveit_task_constructor_core.dir/stage.cpp.o[0m
[63.931s] [ 15%] [32mBuilding CXX object src/CMakeFiles/moveit_task_constructor_core.dir/properties.cpp.o[0m
[64.950s] [ 16%] [32mBuilding CXX object src/CMakeFiles/moveit_task_constructor_core.dir/merge.cpp.o[0m
[65.970s] [ 17%] [32mBuilding CXX object src/CMakeFiles/moveit_task_constructor_core.dir/marker_tools.cpp.o[0m
[66.995s] [ 18%] [32mBuilding CXX object src/CMakeFiles/moveit_task_constructor_core.dir/introspection.cpp.o[0m
[68.012s] [ 20%] [32mBuilding CXX object src/CMakeFiles/moveit_task_constructor_core.dir/cost_terms.cpp.o[0m
[68.545s] [ 21%] [32mBuilding CXX object src/CMakeFiles/moveit_task_constructor_core.dir/task.cpp.o[0m
[72.195s] [ 22%] [32mBuilding CXX object src/CMakeFiles/moveit_task_constructor_core.dir/utils.cpp.o[0m
[94.080s] [ 23%] [32mBuilding CXX object src/CMakeFiles/moveit_task_constructor_core.dir/solvers/multi_planner.cpp.o[0m
[95.957s] [ 25%] [32mBuilding CXX object src/CMakeFiles/moveit_task_constructor_core.dir/solvers/joint_interpolation.cpp.o[0m
[95.957s] [ 25%] [32mBuilding CXX object src/CMakeFiles/moveit_task_constructor_core.dir/solvers/pipeline_planner.cpp.o[0m
[101.179s] [ 27%] [32mBuilding CXX object src/CMakeFiles/moveit_task_constructor_core.dir/solvers/cartesian_path.cpp.o[0m
[101.184s] [ 28%] [32mBuilding CXX object src/CMakeFiles/moveit_task_constructor_core.dir/solvers/planner_interface.cpp.o[0m
[115.221s] [ 29%] [32m[1mLinking CXX shared library libmoveit_task_constructor_core.so[0m
[115.540s] [ 29%] Built target moveit_task_constructor_core
[115.568s] [ 35%] [32mBuilding CXX object test/CMakeFiles/gtest_utils.dir/gtest_value_printers.cpp.o[0m
[115.568s] [ 35%] [32mBuilding CXX object src/stages/CMakeFiles/moveit_task_constructor_core_stages.dir/fix_collision_objects.cpp.o[0m
[115.568s] [ 35%] [32mBuilding CXX object test/CMakeFiles/gtest_utils.dir/models.cpp.o[0m
[115.568s] [ 35%] [32mBuilding CXX object src/stages/CMakeFiles/moveit_task_constructor_core_stages.dir/modify_planning_scene.cpp.o[0m
[115.568s] [ 35%] [32mBuilding CXX object test/CMakeFiles/gtest_utils.dir/stage_mockups.cpp.o[0m
[115.568s] [ 36%] [32mBuilding CXX object src/stages/CMakeFiles/moveit_task_constructor_core_stages.dir/fixed_state.cpp.o[0m
[115.569s] [ 37%] [32mBuilding CXX object src/stages/CMakeFiles/moveit_task_constructor_core_stages.dir/current_state.cpp.o[0m
[115.578s] [ 38%] [32mBuilding CXX object src/stages/CMakeFiles/moveit_task_constructor_core_stages.dir/fixed_cartesian_poses.cpp.o[0m
[124.491s] [ 40%] [32mBuilding CXX object src/stages/CMakeFiles/moveit_task_constructor_core_stages.dir/generate_pose.cpp.o[0m
[127.124s] [ 41%] [32mBuilding CXX object src/stages/CMakeFiles/moveit_task_constructor_core_stages.dir/generate_random_pose.cpp.o[0m
[131.522s] [ 42%] [32mBuilding CXX object src/stages/CMakeFiles/moveit_task_constructor_core_stages.dir/generate_grasp_pose.cpp.o[0m
[135.769s] [ 43%] [32mBuilding CXX object src/stages/CMakeFiles/moveit_task_constructor_core_stages.dir/generate_place_pose.cpp.o[0m
[136.007s] [ 44%] [32mBuilding CXX object src/stages/CMakeFiles/moveit_task_constructor_core_stages.dir/compute_ik.cpp.o[0m
[136.461s] [ 45%] [32mBuilding CXX object src/stages/CMakeFiles/moveit_task_constructor_core_stages.dir/passthrough.cpp.o[0m
[136.846s] [ 47%] [32m[1mLinking CXX shared library libgtest_utils.so[0m
[137.386s] [ 47%] Built target gtest_utils
[137.425s] [ 48%] [32mBuilding CXX object src/stages/CMakeFiles/moveit_task_constructor_core_stages.dir/predicate_filter.cpp.o[0m
[141.225s] [ 49%] [32mBuilding CXX object src/stages/CMakeFiles/moveit_task_constructor_core_stages.dir/connect.cpp.o[0m
[143.620s] [ 50%] [32mBuilding CXX object src/stages/CMakeFiles/moveit_task_constructor_core_stages.dir/move_to.cpp.o[0m
[167.749s] [ 51%] [32mBuilding CXX object src/stages/CMakeFiles/moveit_task_constructor_core_stages.dir/pick.cpp.o[0m
[177.788s] [ 52%] [32mBuilding CXX object src/stages/CMakeFiles/moveit_task_constructor_core_stages.dir/move_relative.cpp.o[0m
[177.793s] [ 54%] [32mBuilding CXX object src/stages/CMakeFiles/moveit_task_constructor_core_stages.dir/simple_grasp.cpp.o[0m
[238.514s] [ 55%] [32m[1mLinking CXX shared library libmoveit_task_constructor_core_stages.so[0m
[239.349s] [ 55%] Built target moveit_task_constructor_core_stages
[239.447s] [ 56%] [32mBuilding CXX object src/stages/CMakeFiles/moveit_task_constructor_core_stage_plugins.dir/plugins.cpp.o[0m
[244.382s] [ 57%] [32m[1mLinking CXX shared library libmoveit_task_constructor_core_stage_plugins.so[0m
[244.754s] [ 57%] Built target moveit_task_constructor_core_stage_plugins
[244.802s] [ 58%] [32mBuilding CXX object test/CMakeFiles/moveit_task_constructor_core-test-properties.dir/test_properties.cpp.o[0m
[248.940s] [ 60%] [32m[1mLinking CXX executable moveit_task_constructor_core-test-properties[0m
[249.326s] [ 60%] Built target moveit_task_constructor_core-test-properties
[249.357s] [ 61%] [32mBuilding CXX object test/CMakeFiles/moveit_task_constructor_core-test-cost-terms.dir/test_cost_terms.cpp.o[0m
[262.894s] [ 62%] [32m[1mLinking CXX executable moveit_task_constructor_core-test-cost-terms[0m
[263.378s] [ 62%] Built target moveit_task_constructor_core-test-cost-terms
[263.409s] [ 63%] [32mBuilding CXX object test/CMakeFiles/moveit_task_constructor_core-test-fallback.dir/test_fallback.cpp.o[0m
[276.610s] [ 64%] [32m[1mLinking CXX executable moveit_task_constructor_core-test-fallback[0m
[277.094s] [ 64%] Built target moveit_task_constructor_core-test-fallback
[277.123s] [ 65%] [32mBuilding CXX object test/CMakeFiles/moveit_task_constructor_core-test-cost-queue.dir/test_cost_queue.cpp.o[0m
[282.460s] [ 67%] [32m[1mLinking CXX executable moveit_task_constructor_core-test-cost-queue[0m
[282.863s] [ 67%] Built target moveit_task_constructor_core-test-cost-queue
[282.893s] [ 68%] [32mBuilding CXX object test/CMakeFiles/moveit_task_constructor_core-test-interface-state.dir/test_interface_state.cpp.o[0m
[294.455s] [ 69%] [32m[1mLinking CXX executable moveit_task_constructor_core-test-interface-state[0m
[295.197s] [ 69%] Built target moveit_task_constructor_core-test-interface-state
[295.242s] [ 70%] [32mBuilding CXX object test/CMakeFiles/moveit_task_constructor_core-test-move-to.dir/test_move_to.cpp.o[0m
[310.280s] [ 71%] [32mBuilding CXX object test/CMakeFiles/moveit_task_constructor_core-test-pruning.dir/test_pruning.cpp.o[0m
[310.281s] [ 72%] [32mBuilding CXX object test/CMakeFiles/moveit_task_constructor_core-test-move-relative.dir/test_move_relative.cpp.o[0m
[311.364s] [ 74%] [32mBuilding CXX object test/CMakeFiles/moveit_task_constructor_core-test-serial.dir/test_serial.cpp.o[0m
[312.416s] [ 75%] [32mBuilding CXX object test/CMakeFiles/moveit_task_constructor_core-test-container.dir/test_container.cpp.o[0m
[313.464s] [ 76%] [32mBuilding CXX object test/CMakeFiles/moveit_task_constructor_core-test-stage.dir/test_stage.cpp.o[0m
[314.530s] [ 77%] [32mBuilding CXX object test/CMakeFiles/moveit_task_constructor_core-test-mockups.dir/test_mockups.cpp.o[0m
[319.792s] [ 78%] [32m[1mLinking CXX executable moveit_task_constructor_core-test-move-to[0m
[321.677s] [ 78%] Built target moveit_task_constructor_core-test-move-to
[351.331s] [ 80%] [32m[1mLinking CXX executable moveit_task_constructor_core-test-move-relative[0m
[351.493s] [ 81%] [32m[1mLinking CXX executable moveit_task_constructor_core-test-pruning[0m
[352.292s] [ 81%] Built target moveit_task_constructor_core-test-move-relative
[352.324s] [ 82%] [32m[1mLinking CXX executable moveit_task_constructor_core-test-serial[0m
[352.845s] [ 82%] Built target moveit_task_constructor_core-test-pruning
[353.261s] [ 82%] Built target moveit_task_constructor_core-test-serial
[353.785s] [ 83%] [32m[1mLinking CXX executable moveit_task_constructor_core-test-stage[0m
[354.813s] [ 83%] Built target moveit_task_constructor_core-test-stage
[356.976s] [ 84%] [32m[1mLinking CXX executable moveit_task_constructor_core-test-mockups[0m
[357.632s] [ 84%] Built target moveit_task_constructor_core-test-mockups
[357.718s] [ 85%] [32m[1mLinking CXX executable moveit_task_constructor_core-test-container[0m
[358.210s] [ 85%] Built target moveit_task_constructor_core-test-container
[358.241s] [ 87%] [32mBuilding CXX object test/CMakeFiles/pick_pa10.dir/pick_pa10.cpp.o[0m
[370.632s] [ 88%] [32m[1mLinking CXX executable pick_pa10[0m
[371.012s] [ 88%] Built target pick_pa10
[371.037s] [ 89%] [32mBuilding CXX object test/CMakeFiles/pick_pr2.dir/pick_pr2.cpp.o[0m
[380.087s] [ 90%] [32m[1mLinking CXX executable pick_pr2[0m
[380.456s] [ 90%] Built target pick_pr2
[380.481s] [ 91%] [32mBuilding CXX object test/CMakeFiles/pick_ur5.dir/pick_ur5.cpp.o[0m
[389.675s] [ 92%] [32m[1mLinking CXX executable pick_ur5[0m
[390.041s] [ 92%] Built target pick_ur5
[390.067s] [ 94%] [32mBuilding CXX object python/bindings/CMakeFiles/pymoveit_mtc.dir/src/solvers.cpp.o[0m
[390.069s] [ 95%] [32mBuilding CXX object python/bindings/CMakeFiles/pymoveit_mtc.dir/src/properties.cpp.o[0m
[408.273s] [ 96%] [32mBuilding CXX object python/bindings/CMakeFiles/pymoveit_mtc.dir/src/module.cpp.o[0m
[412.926s] [ 97%] [32mBuilding CXX object python/bindings/CMakeFiles/pymoveit_mtc.dir/src/stages.cpp.o[0m
[430.669s] [ 98%] [32mBuilding CXX object python/bindings/CMakeFiles/pymoveit_mtc.dir/src/core.cpp.o[0m
[448.246s] [100%] [32m[1mLinking CXX shared module pymoveit_mtc.cpython-310-x86_64-linux-gnu.so[0m
[450.565s] lto-wrapper: warning: using serial compilation of 12 LTRANS jobs
[465.481s] [100%] Built target pymoveit_mtc
[465.494s] Invoked command in '/home/joonmo/ws_moveit/build/moveit_task_constructor_core' returned '0': AMENT_PREFIX_PATH=/home/joonmo/ws_moveit/install/moveit_planners:/home/joonmo/ws_moveit/install/pilz_industrial_motion_planner:/home/joonmo/ws_moveit/install/moveit_resources_prbt_pg70_support:/home/joonmo/ws_moveit/install/moveit_ros_planning_interface:/home/joonmo/ws_moveit/install/moveit_resources_prbt_moveit_config:/home/joonmo/ws_moveit/install/moveit_ros_move_group:/home/joonmo/ws_moveit/install/moveit_ros_warehouse:/home/joonmo/ws_moveit/install/moveit_planners_ompl:/home/joonmo/ws_moveit/install/moveit_kinematics:/home/joonmo/ws_moveit/install/moveit_ros_planning:/home/joonmo/ws_moveit/install/moveit_planners_chomp:/home/joonmo/ws_moveit/install/pilz_industrial_motion_planner_testutils:/home/joonmo/ws_moveit/install/moveit_simple_controller_manager:/home/joonmo/ws_moveit/install/moveit_ros_occupancy_map_monitor:/home/joonmo/ws_moveit/install/moveit_resources_prbt_ikfast_manipulator_plugin:/home/joonmo/ws_moveit/install/chomp_motion_planner:/home/joonmo/ws_moveit/install/moveit_core:/home/joonmo/ws_moveit/install/rviz_marker_tools:/home/joonmo/ws_moveit/install/moveit_resources_panda_moveit_config:/home/joonmo/ws_moveit/install/moveit_resources_fanuc_moveit_config:/home/joonmo/ws_moveit/install/moveit_configs_utils:/home/joonmo/ws_moveit/install/srdfdom:/home/joonmo/ws_moveit/install/moveit_task_constructor_msgs:/home/joonmo/ws_moveit/install/moveit_resources_prbt_support:/home/joonmo/ws_moveit/install/moveit_resources_pr2_description:/home/joonmo/ws_moveit/install/moveit_resources_panda_description:/home/joonmo/ws_moveit/install/moveit_resources_fanuc_description:/home/joonmo/ws_moveit/install/moveit_common:/home/joonmo/ws_moveit/install/launch_param_builder:${AMENT_PREFIX_PATH} CMAKE_PREFIX_PATH=/home/joonmo/ws_moveit/install/moveit_planners:/home/joonmo/ws_moveit/install/pilz_industrial_motion_planner:/home/joonmo/ws_moveit/install/moveit_resources_prbt_pg70_support:/home/joonmo/ws_moveit/install/moveit_ros_planning_interface:/home/joonmo/ws_moveit/install/moveit_resources_prbt_moveit_config:/home/joonmo/ws_moveit/install/moveit_ros_move_group:/home/joonmo/ws_moveit/install/moveit_ros_warehouse:/home/joonmo/ws_moveit/install/moveit_planners_ompl:/home/joonmo/ws_moveit/install/moveit_kinematics:/home/joonmo/ws_moveit/install/moveit_ros_planning:/home/joonmo/ws_moveit/install/moveit_planners_chomp:/home/joonmo/ws_moveit/install/pilz_industrial_motion_planner_testutils:/home/joonmo/ws_moveit/install/moveit_simple_controller_manager:/home/joonmo/ws_moveit/install/moveit_ros_occupancy_map_monitor:/home/joonmo/ws_moveit/install/moveit_resources_prbt_ikfast_manipulator_plugin:/home/joonmo/ws_moveit/install/chomp_motion_planner:/home/joonmo/ws_moveit/install/moveit_core:/home/joonmo/ws_moveit/install/rviz_marker_tools:/home/joonmo/ws_moveit/install/moveit_resources_panda_moveit_config:/home/joonmo/ws_moveit/install/moveit_resources_fanuc_moveit_config:/home/joonmo/ws_moveit/install/srdfdom:/home/joonmo/ws_moveit/install/moveit_task_constructor_msgs:/home/joonmo/ws_moveit/install/moveit_resources_prbt_support:/home/joonmo/ws_moveit/install/moveit_resources_pr2_description:/home/joonmo/ws_moveit/install/moveit_resources_panda_description:/home/joonmo/ws_moveit/install/moveit_resources_fanuc_description:/home/joonmo/ws_moveit/install/moveit_common:/opt/ros/humble LD_LIBRARY_PATH=/home/joonmo/ws_moveit/install/pilz_industrial_motion_planner/lib:/home/joonmo/ws_moveit/install/moveit_ros_planning_interface/lib:/home/joonmo/ws_moveit/install/moveit_ros_move_group/lib:/home/joonmo/ws_moveit/install/moveit_ros_warehouse/lib:/home/joonmo/ws_moveit/install/moveit_planners_ompl/lib:/home/joonmo/ws_moveit/install/moveit_kinematics/lib:/home/joonmo/ws_moveit/install/moveit_ros_planning/lib:/home/joonmo/ws_moveit/install/moveit_planners_chomp/lib:/home/joonmo/ws_moveit/install/pilz_industrial_motion_planner_testutils/lib:/home/joonmo/ws_moveit/install/moveit_simple_controller_manager/lib:/home/joonmo/ws_moveit/install/moveit_ros_occupancy_map_monitor/lib:/home/joonmo/ws_moveit/install/moveit_resources_prbt_ikfast_manipulator_plugin/lib:/home/joonmo/ws_moveit/install/chomp_motion_planner/lib:/home/joonmo/ws_moveit/install/moveit_core/lib:/home/joonmo/ws_moveit/install/rviz_marker_tools/lib:/home/joonmo/ws_moveit/install/srdfdom/lib:/home/joonmo/ws_moveit/install/moveit_task_constructor_msgs/lib:${LD_LIBRARY_PATH} PATH=/home/joonmo/ws_moveit/install/moveit_core/bin:${PATH} PYTHONPATH=/home/joonmo/ws_moveit/install/moveit_configs_utils/lib/python3.10/site-packages:/home/joonmo/ws_moveit/install/srdfdom/local/lib/python3.10/dist-packages:/home/joonmo/ws_moveit/install/moveit_task_constructor_msgs/local/lib/python3.10/dist-packages:/home/joonmo/ws_moveit/install/launch_param_builder/lib/python3.10/site-packages:${PYTHONPATH} /usr/bin/cmake --build /home/joonmo/ws_moveit/build/moveit_task_constructor_core -- -j8 -l8
[465.496s] Invoking command in '/home/joonmo/ws_moveit/build/moveit_task_constructor_core': AMENT_PREFIX_PATH=/home/joonmo/ws_moveit/install/moveit_planners:/home/joonmo/ws_moveit/install/pilz_industrial_motion_planner:/home/joonmo/ws_moveit/install/moveit_resources_prbt_pg70_support:/home/joonmo/ws_moveit/install/moveit_ros_planning_interface:/home/joonmo/ws_moveit/install/moveit_resources_prbt_moveit_config:/home/joonmo/ws_moveit/install/moveit_ros_move_group:/home/joonmo/ws_moveit/install/moveit_ros_warehouse:/home/joonmo/ws_moveit/install/moveit_planners_ompl:/home/joonmo/ws_moveit/install/moveit_kinematics:/home/joonmo/ws_moveit/install/moveit_ros_planning:/home/joonmo/ws_moveit/install/moveit_planners_chomp:/home/joonmo/ws_moveit/install/pilz_industrial_motion_planner_testutils:/home/joonmo/ws_moveit/install/moveit_simple_controller_manager:/home/joonmo/ws_moveit/install/moveit_ros_occupancy_map_monitor:/home/joonmo/ws_moveit/install/moveit_resources_prbt_ikfast_manipulator_plugin:/home/joonmo/ws_moveit/install/chomp_motion_planner:/home/joonmo/ws_moveit/install/moveit_core:/home/joonmo/ws_moveit/install/rviz_marker_tools:/home/joonmo/ws_moveit/install/moveit_resources_panda_moveit_config:/home/joonmo/ws_moveit/install/moveit_resources_fanuc_moveit_config:/home/joonmo/ws_moveit/install/moveit_configs_utils:/home/joonmo/ws_moveit/install/srdfdom:/home/joonmo/ws_moveit/install/moveit_task_constructor_msgs:/home/joonmo/ws_moveit/install/moveit_resources_prbt_support:/home/joonmo/ws_moveit/install/moveit_resources_pr2_description:/home/joonmo/ws_moveit/install/moveit_resources_panda_description:/home/joonmo/ws_moveit/install/moveit_resources_fanuc_description:/home/joonmo/ws_moveit/install/moveit_common:/home/joonmo/ws_moveit/install/launch_param_builder:${AMENT_PREFIX_PATH} CMAKE_PREFIX_PATH=/home/joonmo/ws_moveit/install/moveit_planners:/home/joonmo/ws_moveit/install/pilz_industrial_motion_planner:/home/joonmo/ws_moveit/install/moveit_resources_prbt_pg70_support:/home/joonmo/ws_moveit/install/moveit_ros_planning_interface:/home/joonmo/ws_moveit/install/moveit_resources_prbt_moveit_config:/home/joonmo/ws_moveit/install/moveit_ros_move_group:/home/joonmo/ws_moveit/install/moveit_ros_warehouse:/home/joonmo/ws_moveit/install/moveit_planners_ompl:/home/joonmo/ws_moveit/install/moveit_kinematics:/home/joonmo/ws_moveit/install/moveit_ros_planning:/home/joonmo/ws_moveit/install/moveit_planners_chomp:/home/joonmo/ws_moveit/install/pilz_industrial_motion_planner_testutils:/home/joonmo/ws_moveit/install/moveit_simple_controller_manager:/home/joonmo/ws_moveit/install/moveit_ros_occupancy_map_monitor:/home/joonmo/ws_moveit/install/moveit_resources_prbt_ikfast_manipulator_plugin:/home/joonmo/ws_moveit/install/chomp_motion_planner:/home/joonmo/ws_moveit/install/moveit_core:/home/joonmo/ws_moveit/install/rviz_marker_tools:/home/joonmo/ws_moveit/install/moveit_resources_panda_moveit_config:/home/joonmo/ws_moveit/install/moveit_resources_fanuc_moveit_config:/home/joonmo/ws_moveit/install/srdfdom:/home/joonmo/ws_moveit/install/moveit_task_constructor_msgs:/home/joonmo/ws_moveit/install/moveit_resources_prbt_support:/home/joonmo/ws_moveit/install/moveit_resources_pr2_description:/home/joonmo/ws_moveit/install/moveit_resources_panda_description:/home/joonmo/ws_moveit/install/moveit_resources_fanuc_description:/home/joonmo/ws_moveit/install/moveit_common:/opt/ros/humble LD_LIBRARY_PATH=/home/joonmo/ws_moveit/install/pilz_industrial_motion_planner/lib:/home/joonmo/ws_moveit/install/moveit_ros_planning_interface/lib:/home/joonmo/ws_moveit/install/moveit_ros_move_group/lib:/home/joonmo/ws_moveit/install/moveit_ros_warehouse/lib:/home/joonmo/ws_moveit/install/moveit_planners_ompl/lib:/home/joonmo/ws_moveit/install/moveit_kinematics/lib:/home/joonmo/ws_moveit/install/moveit_ros_planning/lib:/home/joonmo/ws_moveit/install/moveit_planners_chomp/lib:/home/joonmo/ws_moveit/install/pilz_industrial_motion_planner_testutils/lib:/home/joonmo/ws_moveit/install/moveit_simple_controller_manager/lib:/home/joonmo/ws_moveit/install/moveit_ros_occupancy_map_monitor/lib:/home/joonmo/ws_moveit/install/moveit_resources_prbt_ikfast_manipulator_plugin/lib:/home/joonmo/ws_moveit/install/chomp_motion_planner/lib:/home/joonmo/ws_moveit/install/moveit_core/lib:/home/joonmo/ws_moveit/install/rviz_marker_tools/lib:/home/joonmo/ws_moveit/install/srdfdom/lib:/home/joonmo/ws_moveit/install/moveit_task_constructor_msgs/lib:${LD_LIBRARY_PATH} PATH=/home/joonmo/ws_moveit/install/moveit_core/bin:${PATH} PYTHONPATH=/home/joonmo/ws_moveit/install/moveit_configs_utils/lib/python3.10/site-packages:/home/joonmo/ws_moveit/install/srdfdom/local/lib/python3.10/dist-packages:/home/joonmo/ws_moveit/install/moveit_task_constructor_msgs/local/lib/python3.10/dist-packages:/home/joonmo/ws_moveit/install/launch_param_builder/lib/python3.10/site-packages:${PYTHONPATH} /usr/bin/cmake --install /home/joonmo/ws_moveit/build/moveit_task_constructor_core
[465.505s] -- Install configuration: "Release"
[465.505s] -- Installing: /home/joonmo/ws_moveit/install/moveit_task_constructor_core/lib/libmoveit_task_constructor_core_stages.so
[465.506s] -- Set runtime path of "/home/joonmo/ws_moveit/install/moveit_task_constructor_core/lib/libmoveit_task_constructor_core_stages.so" to ""
[465.506s] -- Installing: /home/joonmo/ws_moveit/install/moveit_task_constructor_core/lib/libmoveit_task_constructor_core_stage_plugins.so
[465.507s] -- Set runtime path of "/home/joonmo/ws_moveit/install/moveit_task_constructor_core/lib/libmoveit_task_constructor_core_stage_plugins.so" to ""
[465.507s] -- Installing: /home/joonmo/ws_moveit/install/moveit_task_constructor_core/lib/libmoveit_task_constructor_core.so
[465.508s] -- Set runtime path of "/home/joonmo/ws_moveit/install/moveit_task_constructor_core/lib/libmoveit_task_constructor_core.so" to ""
[465.508s] -- Installing: /home/joonmo/ws_moveit/install/moveit_task_constructor_core/share/moveit_task_constructor_core/environment/pythonpath.sh
[465.508s] -- Installing: /home/joonmo/ws_moveit/install/moveit_task_constructor_core/share/moveit_task_constructor_core/environment/pythonpath.dsv
[465.508s] -- Installing: /home/joonmo/ws_moveit/install/moveit_task_constructor_core/local/lib/python3.10/dist-packages/moveit-0.1.3-py3.10.egg-info
[465.509s] -- Installing: /home/joonmo/ws_moveit/install/moveit_task_constructor_core/local/lib/python3.10/dist-packages/moveit-0.1.3-py3.10.egg-info/SOURCES.txt
[465.509s] -- Installing: /home/joonmo/ws_moveit/install/moveit_task_constructor_core/local/lib/python3.10/dist-packages/moveit-0.1.3-py3.10.egg-info/dependency_links.txt
[465.509s] -- Installing: /home/joonmo/ws_moveit/install/moveit_task_constructor_core/local/lib/python3.10/dist-packages/moveit-0.1.3-py3.10.egg-info/PKG-INFO
[465.509s] -- Installing: /home/joonmo/ws_moveit/install/moveit_task_constructor_core/local/lib/python3.10/dist-packages/moveit-0.1.3-py3.10.egg-info/top_level.txt
[465.509s] -- Installing: /home/joonmo/ws_moveit/install/moveit_task_constructor_core/local/lib/python3.10/dist-packages/moveit
[465.509s] -- Installing: /home/joonmo/ws_moveit/install/moveit_task_constructor_core/local/lib/python3.10/dist-packages/moveit/__init__.py
[465.509s] -- Installing: /home/joonmo/ws_moveit/install/moveit_task_constructor_core/local/lib/python3.10/dist-packages/moveit/task_constructor
[465.509s] -- Installing: /home/joonmo/ws_moveit/install/moveit_task_constructor_core/local/lib/python3.10/dist-packages/moveit/task_constructor/core.py
[465.509s] -- Installing: /home/joonmo/ws_moveit/install/moveit_task_constructor_core/local/lib/python3.10/dist-packages/moveit/task_constructor/__init__.py
[465.509s] -- Installing: /home/joonmo/ws_moveit/install/moveit_task_constructor_core/local/lib/python3.10/dist-packages/moveit/task_constructor/stages.py
[465.545s] Listing '/home/joonmo/ws_moveit/install/moveit_task_constructor_core/local/lib/python3.10/dist-packages/moveit'...
[465.545s] Compiling '/home/joonmo/ws_moveit/install/moveit_task_constructor_core/local/lib/python3.10/dist-packages/moveit/__init__.py'...
[465.545s] Listing '/home/joonmo/ws_moveit/install/moveit_task_constructor_core/local/lib/python3.10/dist-packages/moveit/task_constructor'...
[465.545s] Compiling '/home/joonmo/ws_moveit/install/moveit_task_constructor_core/local/lib/python3.10/dist-packages/moveit/task_constructor/__init__.py'...
[465.545s] Compiling '/home/joonmo/ws_moveit/install/moveit_task_constructor_core/local/lib/python3.10/dist-packages/moveit/task_constructor/core.py'...
[465.545s] Compiling '/home/joonmo/ws_moveit/install/moveit_task_constructor_core/local/lib/python3.10/dist-packages/moveit/task_constructor/stages.py'...
[465.550s] -- Installing: /home/joonmo/ws_moveit/install/moveit_task_constructor_core/include/moveit/python/pybind11
[465.550s] -- Installing: /home/joonmo/ws_moveit/install/moveit_task_constructor_core/include/moveit/python/pybind11/attr.h
[465.550s] -- Installing: /home/joonmo/ws_moveit/install/moveit_task_constructor_core/include/moveit/python/pybind11/iostream.h
[465.551s] -- Installing: /home/joonmo/ws_moveit/install/moveit_task_constructor_core/include/moveit/python/pybind11/stl.h
[465.551s] -- Installing: /home/joonmo/ws_moveit/install/moveit_task_constructor_core/include/moveit/python/pybind11/numpy.h
[465.551s] -- Installing: /home/joonmo/ws_moveit/install/moveit_task_constructor_core/include/moveit/python/pybind11/complex.h
[465.551s] -- Installing: /home/joonmo/ws_moveit/install/moveit_task_constructor_core/include/moveit/python/pybind11/detail
[465.551s] -- Installing: /home/joonmo/ws_moveit/install/moveit_task_constructor_core/include/moveit/python/pybind11/detail/typeid.h
[465.552s] -- Installing: /home/joonmo/ws_moveit/install/moveit_task_constructor_core/include/moveit/python/pybind11/detail/smart_holder_poc.h
[465.552s] -- Installing: /home/joonmo/ws_moveit/install/moveit_task_constructor_core/include/moveit/python/pybind11/detail/class.h
[465.552s] -- Installing: /home/joonmo/ws_moveit/install/moveit_task_constructor_core/include/moveit/python/pybind11/detail/smart_holder_sfinae_hooks_only.h
[465.552s] -- Installing: /home/joonmo/ws_moveit/install/moveit_task_constructor_core/include/moveit/python/pybind11/detail/common.h
[465.552s] -- Installing: /home/joonmo/ws_moveit/install/moveit_task_constructor_core/include/moveit/python/pybind11/detail/type_caster_odr_guard.h
[465.552s] -- Installing: /home/joonmo/ws_moveit/install/moveit_task_constructor_core/include/moveit/python/pybind11/detail/descr.h
[465.552s] -- Installing: /home/joonmo/ws_moveit/install/moveit_task_constructor_core/include/moveit/python/pybind11/detail/init.h
[465.553s] -- Installing: /home/joonmo/ws_moveit/install/moveit_task_constructor_core/include/moveit/python/pybind11/detail/type_caster_base.h
[465.553s] -- Installing: /home/joonmo/ws_moveit/install/moveit_task_constructor_core/include/moveit/python/pybind11/detail/dynamic_raw_ptr_cast_if_possible.h
[465.553s] -- Installing: /home/joonmo/ws_moveit/install/moveit_task_constructor_core/include/moveit/python/pybind11/detail/smart_holder_type_casters.h
[465.553s] -- Installing: /home/joonmo/ws_moveit/install/moveit_task_constructor_core/include/moveit/python/pybind11/detail/internals.h
[465.553s] -- Installing: /home/joonmo/ws_moveit/install/moveit_task_constructor_core/include/moveit/python/pybind11/buffer_info.h
[465.553s] -- Installing: /home/joonmo/ws_moveit/install/moveit_task_constructor_core/include/moveit/python/pybind11/eigen.h
[465.553s] -- Installing: /home/joonmo/ws_moveit/install/moveit_task_constructor_core/include/moveit/python/pybind11/functional.h
[465.554s] -- Installing: /home/joonmo/ws_moveit/install/moveit_task_constructor_core/include/moveit/python/pybind11/options.h
[465.554s] -- Installing: /home/joonmo/ws_moveit/install/moveit_task_constructor_core/include/moveit/python/pybind11/eigen
[465.554s] -- Installing: /home/joonmo/ws_moveit/install/moveit_task_constructor_core/include/moveit/python/pybind11/eigen/tensor.h
[465.554s] -- Installing: /home/joonmo/ws_moveit/install/moveit_task_constructor_core/include/moveit/python/pybind11/eigen/common.h
[465.554s] -- Installing: /home/joonmo/ws_moveit/install/moveit_task_constructor_core/include/moveit/python/pybind11/eigen/matrix.h
[465.555s] -- Installing: /home/joonmo/ws_moveit/install/moveit_task_constructor_core/include/moveit/python/pybind11/gil_safe_call_once.h
[465.555s] -- Installing: /home/joonmo/ws_moveit/install/moveit_task_constructor_core/include/moveit/python/pybind11/stl_bind.h
[465.555s] -- Installing: /home/joonmo/ws_moveit/install/moveit_task_constructor_core/include/moveit/python/pybind11/pytypes.h
[465.555s] -- Installing: /home/joonmo/ws_moveit/install/moveit_task_constructor_core/include/moveit/python/pybind11/common.h
[465.555s] -- Installing: /home/joonmo/ws_moveit/install/moveit_task_constructor_core/include/moveit/python/pybind11/type_caster_pyobject_ptr.h
[465.556s] -- Installing: /home/joonmo/ws_moveit/install/moveit_task_constructor_core/include/moveit/python/pybind11/eval.h
[465.556s] -- Installing: /home/joonmo/ws_moveit/install/moveit_task_constructor_core/include/moveit/python/pybind11/embed.h
[465.556s] -- Installing: /home/joonmo/ws_moveit/install/moveit_task_constructor_core/include/moveit/python/pybind11/stl
[465.556s] -- Installing: /home/joonmo/ws_moveit/install/moveit_task_constructor_core/include/moveit/python/pybind11/stl/filesystem.h
[465.556s] -- Installing: /home/joonmo/ws_moveit/install/moveit_task_constructor_core/include/moveit/python/pybind11/cast.h
[465.557s] -- Installing: /home/joonmo/ws_moveit/install/moveit_task_constructor_core/include/moveit/python/pybind11/trampoline_self_life_support.h
[465.557s] -- Installing: /home/joonmo/ws_moveit/install/moveit_task_constructor_core/include/moveit/python/pybind11/chrono.h
[465.557s] -- Installing: /home/joonmo/ws_moveit/install/moveit_task_constructor_core/include/moveit/python/pybind11/typing.h
[465.557s] -- Installing: /home/joonmo/ws_moveit/install/moveit_task_constructor_core/include/moveit/python/pybind11/smart_holder.h
[465.557s] -- Installing: /home/joonmo/ws_moveit/install/moveit_task_constructor_core/include/moveit/python/pybind11/pybind11.h
[465.557s] -- Installing: /home/joonmo/ws_moveit/install/moveit_task_constructor_core/include/moveit/python/pybind11/gil.h
[465.557s] -- Installing: /home/joonmo/ws_moveit/install/moveit_task_constructor_core/include/moveit/python/pybind11/operators.h
[465.558s] -- Installing: /home/joonmo/ws_moveit/install/moveit_task_constructor_core/share/moveit_task_constructor_core/cmake/pybind11Config.cmake
[465.558s] -- Installing: /home/joonmo/ws_moveit/install/moveit_task_constructor_core/share/moveit_task_constructor_core/cmake/pybind11ConfigVersion.cmake
[465.558s] -- Installing: /home/joonmo/ws_moveit/install/moveit_task_constructor_core/share/moveit_task_constructor_core/cmake/FindPythonLibsNew.cmake
[465.558s] -- Installing: /home/joonmo/ws_moveit/install/moveit_task_constructor_core/share/moveit_task_constructor_core/cmake/pybind11Common.cmake
[465.558s] -- Installing: /home/joonmo/ws_moveit/install/moveit_task_constructor_core/share/moveit_task_constructor_core/cmake/pybind11Tools.cmake
[465.558s] -- Installing: /home/joonmo/ws_moveit/install/moveit_task_constructor_core/share/moveit_task_constructor_core/cmake/pybind11NewTools.cmake
[465.559s] -- Installing: /home/joonmo/ws_moveit/install/moveit_task_constructor_core/share/moveit_task_constructor_core/cmake/pybind11Targets.cmake
[465.559s] -- Installing: /home/joonmo/ws_moveit/install/moveit_task_constructor_core/share/pkgconfig/pybind11.pc
[465.559s] -- Installing: /home/joonmo/ws_moveit/install/moveit_task_constructor_core/local/lib/python3.10/dist-packages/pymoveit_mtc.cpython-310-x86_64-linux-gnu.so
[465.560s] -- Set runtime path of "/home/joonmo/ws_moveit/install/moveit_task_constructor_core/local/lib/python3.10/dist-packages/pymoveit_mtc.cpython-310-x86_64-linux-gnu.so" to ""
[465.561s] -- Up-to-date: /home/joonmo/ws_moveit/install/moveit_task_constructor_core/include
[465.561s] -- Up-to-date: /home/joonmo/ws_moveit/install/moveit_task_constructor_core/include/moveit
[465.561s] -- Installing: /home/joonmo/ws_moveit/install/moveit_task_constructor_core/include/moveit/task_constructor
[465.561s] -- Installing: /home/joonmo/ws_moveit/install/moveit_task_constructor_core/include/moveit/task_constructor/cost_terms.h
[465.561s] -- Installing: /home/joonmo/ws_moveit/install/moveit_task_constructor_core/include/moveit/task_constructor/moveit_compat.h
[465.561s] -- Installing: /home/joonmo/ws_moveit/install/moveit_task_constructor_core/include/moveit/task_constructor/stages
[465.561s] -- Installing: /home/joonmo/ws_moveit/install/moveit_task_constructor_core/include/moveit/task_constructor/stages/fixed_cartesian_poses.h
[465.561s] -- Installing: /home/joonmo/ws_moveit/install/moveit_task_constructor_core/include/moveit/task_constructor/stages/modify_planning_scene.h
[465.562s] -- Installing: /home/joonmo/ws_moveit/install/moveit_task_constructor_core/include/moveit/task_constructor/stages/generate_place_pose.h
[465.562s] -- Installing: /home/joonmo/ws_moveit/install/moveit_task_constructor_core/include/moveit/task_constructor/stages/pick.h
[465.562s] -- Installing: /home/joonmo/ws_moveit/install/moveit_task_constructor_core/include/moveit/task_constructor/stages/generate_grasp_pose.h
[465.562s] -- Installing: /home/joonmo/ws_moveit/install/moveit_task_constructor_core/include/moveit/task_constructor/stages/fix_collision_objects.h
[465.562s] -- Installing: /home/joonmo/ws_moveit/install/moveit_task_constructor_core/include/moveit/task_constructor/stages/move_to.h
[465.562s] -- Installing: /home/joonmo/ws_moveit/install/moveit_task_constructor_core/include/moveit/task_constructor/stages/noop.h
[465.562s] -- Installing: /home/joonmo/ws_moveit/install/moveit_task_constructor_core/include/moveit/task_constructor/stages/current_state.h
[465.562s] -- Installing: /home/joonmo/ws_moveit/install/moveit_task_constructor_core/include/moveit/task_constructor/stages/compute_ik.h
[465.563s] -- Installing: /home/joonmo/ws_moveit/install/moveit_task_constructor_core/include/moveit/task_constructor/stages/predicate_filter.h
[465.563s] -- Installing: /home/joonmo/ws_moveit/install/moveit_task_constructor_core/include/moveit/task_constructor/stages/connect.h
[465.563s] -- Installing: /home/joonmo/ws_moveit/install/moveit_task_constructor_core/include/moveit/task_constructor/stages/passthrough.h
[465.563s] -- Installing: /home/joonmo/ws_moveit/install/moveit_task_constructor_core/include/moveit/task_constructor/stages/move_relative.h
[465.563s] -- Installing: /home/joonmo/ws_moveit/install/moveit_task_constructor_core/include/moveit/task_constructor/stages/fixed_state.h
[465.563s] -- Installing: /home/joonmo/ws_moveit/install/moveit_task_constructor_core/include/moveit/task_constructor/stages/simple_grasp.h
[465.563s] -- Installing: /home/joonmo/ws_moveit/install/moveit_task_constructor_core/include/moveit/task_constructor/stages/generate_random_pose.h
[465.563s] -- Installing: /home/joonmo/ws_moveit/install/moveit_task_constructor_core/include/moveit/task_constructor/stages/generate_pose.h
[465.563s] -- Installing: /home/joonmo/ws_moveit/install/moveit_task_constructor_core/include/moveit/task_constructor/cost_queue.h
[465.564s] -- Installing: /home/joonmo/ws_moveit/install/moveit_task_constructor_core/include/moveit/task_constructor/solvers
[465.564s] -- Installing: /home/joonmo/ws_moveit/install/moveit_task_constructor_core/include/moveit/task_constructor/solvers/joint_interpolation.h
[465.564s] -- Installing: /home/joonmo/ws_moveit/install/moveit_task_constructor_core/include/moveit/task_constructor/solvers/multi_planner.h
[465.564s] -- Installing: /home/joonmo/ws_moveit/install/moveit_task_constructor_core/include/moveit/task_constructor/solvers/cartesian_path.h
[465.564s] -- Installing: /home/joonmo/ws_moveit/install/moveit_task_constructor_core/include/moveit/task_constructor/solvers/planner_interface.h
[465.564s] -- Installing: /home/joonmo/ws_moveit/install/moveit_task_constructor_core/include/moveit/task_constructor/solvers/pipeline_planner.h
[465.564s] -- Installing: /home/joonmo/ws_moveit/install/moveit_task_constructor_core/include/moveit/task_constructor/marker_tools.h
[465.564s] -- Installing: /home/joonmo/ws_moveit/install/moveit_task_constructor_core/include/moveit/task_constructor/solvers.h
[465.565s] -- Installing: /home/joonmo/ws_moveit/install/moveit_task_constructor_core/include/moveit/task_constructor/trajectory_execution_info.h
[465.565s] -- Installing: /home/joonmo/ws_moveit/install/moveit_task_constructor_core/include/moveit/task_constructor/merge.h
[465.565s] -- Installing: /home/joonmo/ws_moveit/install/moveit_task_constructor_core/include/moveit/task_constructor/stages.h
[465.565s] -- Installing: /home/joonmo/ws_moveit/install/moveit_task_constructor_core/include/moveit/task_constructor/storage.h
[465.565s] -- Installing: /home/joonmo/ws_moveit/install/moveit_task_constructor_core/include/moveit/task_constructor/introspection.h
[465.565s] -- Installing: /home/joonmo/ws_moveit/install/moveit_task_constructor_core/include/moveit/task_constructor/properties.h
[465.565s] -- Installing: /home/joonmo/ws_moveit/install/moveit_task_constructor_core/include/moveit/task_constructor/type_traits.h
[465.565s] -- Installing: /home/joonmo/ws_moveit/install/moveit_task_constructor_core/include/moveit/task_constructor/task.h
[465.566s] -- Installing: /home/joonmo/ws_moveit/install/moveit_task_constructor_core/include/moveit/task_constructor/container.h
[465.566s] -- Installing: /home/joonmo/ws_moveit/install/moveit_task_constructor_core/include/moveit/task_constructor/stage.h
[465.566s] -- Installing: /home/joonmo/ws_moveit/install/moveit_task_constructor_core/include/moveit/task_constructor/utils.h
[465.566s] -- Up-to-date: /home/joonmo/ws_moveit/install/moveit_task_constructor_core/include/moveit/python
[465.566s] -- Installing: /home/joonmo/ws_moveit/install/moveit_task_constructor_core/include/moveit/python/task_constructor
[465.566s] -- Installing: /home/joonmo/ws_moveit/install/moveit_task_constructor_core/include/moveit/python/task_constructor/properties.h
[465.566s] -- Installing: /home/joonmo/ws_moveit/install/moveit_task_constructor_core/share/moveit_task_constructor_core/motion_planning_stages_plugin_description.xml
[465.567s] -- Installing: /home/joonmo/ws_moveit/install/moveit_task_constructor_core/share/moveit_task_constructor_core/environment/library_path.sh
[465.567s] -- Installing: /home/joonmo/ws_moveit/install/moveit_task_constructor_core/share/moveit_task_constructor_core/environment/library_path.dsv
[465.567s] -- Installing: /home/joonmo/ws_moveit/install/moveit_task_constructor_core/share/ament_index/resource_index/package_run_dependencies/moveit_task_constructor_core
[465.567s] -- Installing: /home/joonmo/ws_moveit/install/moveit_task_constructor_core/share/ament_index/resource_index/parent_prefix_path/moveit_task_constructor_core
[465.567s] -- Installing: /home/joonmo/ws_moveit/install/moveit_task_constructor_core/share/moveit_task_constructor_core/environment/ament_prefix_path.sh
[465.567s] -- Installing: /home/joonmo/ws_moveit/install/moveit_task_constructor_core/share/moveit_task_constructor_core/environment/ament_prefix_path.dsv
[465.568s] -- Installing: /home/joonmo/ws_moveit/install/moveit_task_constructor_core/share/moveit_task_constructor_core/environment/path.sh
[465.568s] -- Installing: /home/joonmo/ws_moveit/install/moveit_task_constructor_core/share/moveit_task_constructor_core/environment/path.dsv
[465.568s] -- Installing: /home/joonmo/ws_moveit/install/moveit_task_constructor_core/share/moveit_task_constructor_core/local_setup.bash
[465.568s] -- Installing: /home/joonmo/ws_moveit/install/moveit_task_constructor_core/share/moveit_task_constructor_core/local_setup.sh
[465.568s] -- Installing: /home/joonmo/ws_moveit/install/moveit_task_constructor_core/share/moveit_task_constructor_core/local_setup.zsh
[465.568s] -- Installing: /home/joonmo/ws_moveit/install/moveit_task_constructor_core/share/moveit_task_constructor_core/local_setup.dsv
[465.568s] -- Installing: /home/joonmo/ws_moveit/install/moveit_task_constructor_core/share/moveit_task_constructor_core/package.dsv
[465.569s] -- Installing: /home/joonmo/ws_moveit/install/moveit_task_constructor_core/share/ament_index/resource_index/packages/moveit_task_constructor_core
[465.569s] -- Installing: /home/joonmo/ws_moveit/install/moveit_task_constructor_core/share/ament_index/resource_index/moveit_task_constructor_core__pluginlib__plugin/moveit_task_constructor_core
[465.569s] -- Installing: /home/joonmo/ws_moveit/install/moveit_task_constructor_core/share/moveit_task_constructor_core/cmake/moveit_task_constructor_coreTargetsExport.cmake
[465.569s] -- Installing: /home/joonmo/ws_moveit/install/moveit_task_constructor_core/share/moveit_task_constructor_core/cmake/moveit_task_constructor_coreTargetsExport-release.cmake
[465.569s] -- Installing: /home/joonmo/ws_moveit/install/moveit_task_constructor_core/share/moveit_task_constructor_core/cmake/ament_cmake_export_targets-extras.cmake
[465.569s] -- Installing: /home/joonmo/ws_moveit/install/moveit_task_constructor_core/share/moveit_task_constructor_core/cmake/ament_cmake_export_dependencies-extras.cmake
[465.570s] -- Installing: /home/joonmo/ws_moveit/install/moveit_task_constructor_core/share/moveit_task_constructor_core/cmake/moveit_task_constructor_coreConfig.cmake
[465.570s] -- Installing: /home/joonmo/ws_moveit/install/moveit_task_constructor_core/share/moveit_task_constructor_core/cmake/moveit_task_constructor_coreConfig-version.cmake
[465.570s] -- Installing: /home/joonmo/ws_moveit/install/moveit_task_constructor_core/share/moveit_task_constructor_core/package.xml
[465.572s] Invoked command in '/home/joonmo/ws_moveit/build/moveit_task_constructor_core' returned '0': AMENT_PREFIX_PATH=/home/joonmo/ws_moveit/install/moveit_planners:/home/joonmo/ws_moveit/install/pilz_industrial_motion_planner:/home/joonmo/ws_moveit/install/moveit_resources_prbt_pg70_support:/home/joonmo/ws_moveit/install/moveit_ros_planning_interface:/home/joonmo/ws_moveit/install/moveit_resources_prbt_moveit_config:/home/joonmo/ws_moveit/install/moveit_ros_move_group:/home/joonmo/ws_moveit/install/moveit_ros_warehouse:/home/joonmo/ws_moveit/install/moveit_planners_ompl:/home/joonmo/ws_moveit/install/moveit_kinematics:/home/joonmo/ws_moveit/install/moveit_ros_planning:/home/joonmo/ws_moveit/install/moveit_planners_chomp:/home/joonmo/ws_moveit/install/pilz_industrial_motion_planner_testutils:/home/joonmo/ws_moveit/install/moveit_simple_controller_manager:/home/joonmo/ws_moveit/install/moveit_ros_occupancy_map_monitor:/home/joonmo/ws_moveit/install/moveit_resources_prbt_ikfast_manipulator_plugin:/home/joonmo/ws_moveit/install/chomp_motion_planner:/home/joonmo/ws_moveit/install/moveit_core:/home/joonmo/ws_moveit/install/rviz_marker_tools:/home/joonmo/ws_moveit/install/moveit_resources_panda_moveit_config:/home/joonmo/ws_moveit/install/moveit_resources_fanuc_moveit_config:/home/joonmo/ws_moveit/install/moveit_configs_utils:/home/joonmo/ws_moveit/install/srdfdom:/home/joonmo/ws_moveit/install/moveit_task_constructor_msgs:/home/joonmo/ws_moveit/install/moveit_resources_prbt_support:/home/joonmo/ws_moveit/install/moveit_resources_pr2_description:/home/joonmo/ws_moveit/install/moveit_resources_panda_description:/home/joonmo/ws_moveit/install/moveit_resources_fanuc_description:/home/joonmo/ws_moveit/install/moveit_common:/home/joonmo/ws_moveit/install/launch_param_builder:${AMENT_PREFIX_PATH} CMAKE_PREFIX_PATH=/home/joonmo/ws_moveit/install/moveit_planners:/home/joonmo/ws_moveit/install/pilz_industrial_motion_planner:/home/joonmo/ws_moveit/install/moveit_resources_prbt_pg70_support:/home/joonmo/ws_moveit/install/moveit_ros_planning_interface:/home/joonmo/ws_moveit/install/moveit_resources_prbt_moveit_config:/home/joonmo/ws_moveit/install/moveit_ros_move_group:/home/joonmo/ws_moveit/install/moveit_ros_warehouse:/home/joonmo/ws_moveit/install/moveit_planners_ompl:/home/joonmo/ws_moveit/install/moveit_kinematics:/home/joonmo/ws_moveit/install/moveit_ros_planning:/home/joonmo/ws_moveit/install/moveit_planners_chomp:/home/joonmo/ws_moveit/install/pilz_industrial_motion_planner_testutils:/home/joonmo/ws_moveit/install/moveit_simple_controller_manager:/home/joonmo/ws_moveit/install/moveit_ros_occupancy_map_monitor:/home/joonmo/ws_moveit/install/moveit_resources_prbt_ikfast_manipulator_plugin:/home/joonmo/ws_moveit/install/chomp_motion_planner:/home/joonmo/ws_moveit/install/moveit_core:/home/joonmo/ws_moveit/install/rviz_marker_tools:/home/joonmo/ws_moveit/install/moveit_resources_panda_moveit_config:/home/joonmo/ws_moveit/install/moveit_resources_fanuc_moveit_config:/home/joonmo/ws_moveit/install/srdfdom:/home/joonmo/ws_moveit/install/moveit_task_constructor_msgs:/home/joonmo/ws_moveit/install/moveit_resources_prbt_support:/home/joonmo/ws_moveit/install/moveit_resources_pr2_description:/home/joonmo/ws_moveit/install/moveit_resources_panda_description:/home/joonmo/ws_moveit/install/moveit_resources_fanuc_description:/home/joonmo/ws_moveit/install/moveit_common:/opt/ros/humble LD_LIBRARY_PATH=/home/joonmo/ws_moveit/install/pilz_industrial_motion_planner/lib:/home/joonmo/ws_moveit/install/moveit_ros_planning_interface/lib:/home/joonmo/ws_moveit/install/moveit_ros_move_group/lib:/home/joonmo/ws_moveit/install/moveit_ros_warehouse/lib:/home/joonmo/ws_moveit/install/moveit_planners_ompl/lib:/home/joonmo/ws_moveit/install/moveit_kinematics/lib:/home/joonmo/ws_moveit/install/moveit_ros_planning/lib:/home/joonmo/ws_moveit/install/moveit_planners_chomp/lib:/home/joonmo/ws_moveit/install/pilz_industrial_motion_planner_testutils/lib:/home/joonmo/ws_moveit/install/moveit_simple_controller_manager/lib:/home/joonmo/ws_moveit/install/moveit_ros_occupancy_map_monitor/lib:/home/joonmo/ws_moveit/install/moveit_resources_prbt_ikfast_manipulator_plugin/lib:/home/joonmo/ws_moveit/install/chomp_motion_planner/lib:/home/joonmo/ws_moveit/install/moveit_core/lib:/home/joonmo/ws_moveit/install/rviz_marker_tools/lib:/home/joonmo/ws_moveit/install/srdfdom/lib:/home/joonmo/ws_moveit/install/moveit_task_constructor_msgs/lib:${LD_LIBRARY_PATH} PATH=/home/joonmo/ws_moveit/install/moveit_core/bin:${PATH} PYTHONPATH=/home/joonmo/ws_moveit/install/moveit_configs_utils/lib/python3.10/site-packages:/home/joonmo/ws_moveit/install/srdfdom/local/lib/python3.10/dist-packages:/home/joonmo/ws_moveit/install/moveit_task_constructor_msgs/local/lib/python3.10/dist-packages:/home/joonmo/ws_moveit/install/launch_param_builder/lib/python3.10/site-packages:${PYTHONPATH} /usr/bin/cmake --install /home/joonmo/ws_moveit/build/moveit_task_constructor_core
