-- The C compiler identification is GNU 11.4.0
-- The CXX compiler identification is GNU 11.4.0
-- Detecting C compiler ABI info
-- Detecting C compiler ABI info - done
-- Check for working C compiler: /usr/bin/cc - skipped
-- Detecting C compile features
-- Detecting C compile features - done
-- Detecting CXX compiler ABI info
-- Detecting CXX compiler ABI info - done
-- Check for working CXX compiler: /usr/bin/c++ - skipped
-- Detecting CXX compile features
-- Detecting CXX compile features - done
-- Found ament_cmake: 1.3.11 (/opt/ros/humble/share/ament_cmake/cmake)
-- Found Python3: /usr/bin/python3 (found version "3.10.12") found components: Interpreter 
-- Found generate_parameter_library: 0.4.0 (/opt/ros/humble/share/generate_parameter_library/cmake)
-- Found parameter_traits: 0.4.0 (/opt/ros/humble/share/parameter_traits/cmake)
-- Found rosidl_generator_c: 3.1.6 (/opt/ros/humble/share/rosidl_generator_c/cmake)
-- Found rosidl_adapter: 3.1.6 (/opt/ros/humble/share/rosidl_adapter/cmake)
-- Found rosidl_generator_cpp: 3.1.6 (/opt/ros/humble/share/rosidl_generator_cpp/cmake)
-- Using all available rosidl_typesupport_c: rosidl_typesupport_fastrtps_c;rosidl_typesupport_introspection_c
-- Using all available rosidl_typesupport_cpp: rosidl_typesupport_fastrtps_cpp;rosidl_typesupport_introspection_cpp
-- Found rmw_implementation_cmake: 6.1.2 (/opt/ros/humble/share/rmw_implementation_cmake/cmake)
-- Found rmw_fastrtps_cpp: 6.2.7 (/opt/ros/humble/share/rmw_fastrtps_cpp/cmake)
-- Found OpenSSL: /usr/lib/x86_64-linux-gnu/libcrypto.so (found version "3.0.2")  
-- Found FastRTPS: /opt/ros/humble/include  
-- Using RMW implementation 'rmw_fastrtps_cpp' as default
-- Looking for pthread.h
-- Looking for pthread.h - found
-- Performing Test CMAKE_HAVE_LIBC_PTHREAD
-- Performing Test CMAKE_HAVE_LIBC_PTHREAD - Success
-- Found Threads: TRUE  
-- Found rclcpp_lifecycle: 16.0.11 (/opt/ros/humble/share/rclcpp_lifecycle/cmake)
-- Found moveit_common: 2.5.7 (/home/joonmo/ws_moveit/install/moveit_common/share/moveit_common/cmake)
-- Found moveit_core: 2.5.7 (/home/joonmo/ws_moveit/install/moveit_core/share/moveit_core/cmake)
-- Found Boost: /usr/lib/x86_64-linux-gnu/cmake/Boost-1.74.0/BoostConfig.cmake (found version "1.74.0") found components: chrono date_time filesystem iostreams program_options regex serialization system thread 
-- Found Boost: /usr/lib/x86_64-linux-gnu/cmake/Boost-1.74.0/BoostConfig.cmake (found version "1.74.0") found components: filesystem 
-- library: /usr/lib/x86_64-linux-gnu/libcurl.so
-- Found Eigen3: TRUE (found version "3.4.0") 
-- Ensuring Eigen3 include directory is part of orocos-kdl CMake target
-- Found moveit_ros_planning: 2.5.7 (/home/joonmo/ws_moveit/install/moveit_ros_planning/share/moveit_ros_planning/cmake)
-- Found Boost: /usr/lib/x86_64-linux-gnu/cmake/Boost-1.74.0/BoostConfig.cmake (found version "1.74.0") found components: system filesystem date_time program_options thread chrono 
-- Found moveit_ros_planning_interface: 2.5.7 (/home/joonmo/ws_moveit/install/moveit_ros_planning_interface/share/moveit_ros_planning_interface/cmake)
-- Found Boost: /usr/lib/x86_64-linux-gnu/cmake/Boost-1.74.0/BoostConfig.cmake (found version "1.74.0") found components: date_time filesystem program_options system thread 
-- Found Boost: /usr/lib/x86_64-linux-gnu/cmake/Boost-1.74.0/BoostConfig.cmake (found version "1.74.0") found components: thread system filesystem regex date_time program_options 
-- Found Boost: /usr/lib/x86_64-linux-gnu/cmake/Boost-1.74.0/BoostConfig.cmake (found version "1.74.0") found components: system filesystem date_time program_options thread 
-- Found moveit_task_constructor_core: 0.1.3 (/home/joonmo/ws_moveit/install/moveit_task_constructor_core/share/moveit_task_constructor_core/cmake)
-- Configuring done
-- Generating done
-- Build files have been written to: /home/joonmo/ws_moveit/build/moveit_task_constructor_demo
[  5%] [34m[1mRunning `/opt/ros/humble/bin/generate_parameter_library_cpp /home/joonmo/ws_moveit/build/moveit_task_constructor_demo/include/moveit_task_constructor_demo/pick_place_demo_parameters.hpp /home/joonmo/ws_moveit/src/moveit_task_constructor/demo/src/pick_place_demo_parameters.yaml `[0m
[ 11%] [34m[1mCreating deprecated header file /home/joonmo/ws_moveit/build/moveit_task_constructor_demo/include/pick_place_demo_parameters.hpp[0m
[ 11%] Built target pick_place_demo_parameters
[ 16%] [32mBuilding CXX object CMakeFiles/moveit_task_constructor_demo_fallbacks_move_to.dir/src/fallbacks_move_to.cpp.o[0m
[ 22%] [32m[1mLinking CXX executable fallbacks_move_to[0m
[ 22%] Built target moveit_task_constructor_demo_fallbacks_move_to
[ 27%] [32mBuilding CXX object CMakeFiles/moveit_task_constructor_demo_pick_place_task.dir/src/pick_place_task.cpp.o[0m
[ 33%] [32m[1mLinking CXX shared library libmoveit_task_constructor_demo_pick_place_task.so[0m
[ 33%] Built target moveit_task_constructor_demo_pick_place_task
[ 38%] [34m[1mRunning `/opt/ros/humble/bin/generate_parameter_library_cpp /home/joonmo/ws_moveit/build/moveit_task_constructor_demo/include/moveit_task_constructor_demo/ik_clearance_cost_parameters.hpp /home/joonmo/ws_moveit/src/moveit_task_constructor/demo/src/ik_clearance_cost_parameters.yaml `[0m
[ 44%] [34m[1mCreating deprecated header file /home/joonmo/ws_moveit/build/moveit_task_constructor_demo/include/ik_clearance_cost_parameters.hpp[0m
[ 44%] Built target ik_clearance_cost_parameters
[ 50%] [32mBuilding CXX object CMakeFiles/moveit_task_constructor_demo_pick_place_demo.dir/src/pick_place_demo.cpp.o[0m
[ 55%] [32m[1mLinking CXX executable pick_place_demo[0m
[ 55%] Built target moveit_task_constructor_demo_pick_place_demo
[ 61%] [32mBuilding CXX object CMakeFiles/moveit_task_constructor_demo_cartesian.dir/src/cartesian.cpp.o[0m
[ 66%] [32mBuilding CXX object CMakeFiles/moveit_task_constructor_demo_ik_clearance_cost.dir/src/ik_clearance_cost.cpp.o[0m
[ 77%] [32mBuilding CXX object CMakeFiles/moveit_task_constructor_demo_modular.dir/src/modular.cpp.o[0m
[ 77%] [32mBuilding CXX object CMakeFiles/moveit_task_constructor_demo_alternative_path_costs.dir/src/alternative_path_costs.cpp.o[0m
[ 83%] [32m[1mLinking CXX executable alternative_path_costs[0m
[ 83%] Built target moveit_task_constructor_demo_alternative_path_costs
[ 88%] [32m[1mLinking CXX executable ik_clearance_cost[0m
[ 88%] Built target moveit_task_constructor_demo_ik_clearance_cost
[ 94%] [32m[1mLinking CXX executable modular[0m
[ 94%] Built target moveit_task_constructor_demo_modular
[100%] [32m[1mLinking CXX executable cartesian[0m
[100%] Built target moveit_task_constructor_demo_cartesian
-- Install configuration: "Release"
-- Installing: /home/joonmo/ws_moveit/install/moveit_task_constructor_demo/lib/libmoveit_task_constructor_demo_pick_place_task.so
-- Set runtime path of "/home/joonmo/ws_moveit/install/moveit_task_constructor_demo/lib/libmoveit_task_constructor_demo_pick_place_task.so" to ""
-- Installing: /home/joonmo/ws_moveit/install/moveit_task_constructor_demo/lib/moveit_task_constructor_demo/cartesian
-- Set runtime path of "/home/joonmo/ws_moveit/install/moveit_task_constructor_demo/lib/moveit_task_constructor_demo/cartesian" to ""
-- Installing: /home/joonmo/ws_moveit/install/moveit_task_constructor_demo/lib/moveit_task_constructor_demo/modular
-- Set runtime path of "/home/joonmo/ws_moveit/install/moveit_task_constructor_demo/lib/moveit_task_constructor_demo/modular" to ""
-- Installing: /home/joonmo/ws_moveit/install/moveit_task_constructor_demo/lib/moveit_task_constructor_demo/alternative_path_costs
-- Set runtime path of "/home/joonmo/ws_moveit/install/moveit_task_constructor_demo/lib/moveit_task_constructor_demo/alternative_path_costs" to ""
-- Installing: /home/joonmo/ws_moveit/install/moveit_task_constructor_demo/include/moveit_task_constructor_demo
-- Installing: /home/joonmo/ws_moveit/install/moveit_task_constructor_demo/include/moveit_task_constructor_demo/pick_place_demo_parameters.hpp
-- Installing: /home/joonmo/ws_moveit/install/moveit_task_constructor_demo/include/moveit_task_constructor_demo/ik_clearance_cost_parameters.hpp
-- Installing: /home/joonmo/ws_moveit/install/moveit_task_constructor_demo/lib/moveit_task_constructor_demo/ik_clearance_cost
-- Set runtime path of "/home/joonmo/ws_moveit/install/moveit_task_constructor_demo/lib/moveit_task_constructor_demo/ik_clearance_cost" to ""
-- Installing: /home/joonmo/ws_moveit/install/moveit_task_constructor_demo/lib/moveit_task_constructor_demo/fallbacks_move_to
-- Set runtime path of "/home/joonmo/ws_moveit/install/moveit_task_constructor_demo/lib/moveit_task_constructor_demo/fallbacks_move_to" to ""
-- Up-to-date: /home/joonmo/ws_moveit/install/moveit_task_constructor_demo/include/moveit_task_constructor_demo
-- Up-to-date: /home/joonmo/ws_moveit/install/moveit_task_constructor_demo/include/moveit_task_constructor_demo/pick_place_demo_parameters.hpp
-- Up-to-date: /home/joonmo/ws_moveit/install/moveit_task_constructor_demo/include/moveit_task_constructor_demo/ik_clearance_cost_parameters.hpp
-- Installing: /home/joonmo/ws_moveit/install/moveit_task_constructor_demo/lib/moveit_task_constructor_demo/pick_place_demo
-- Set runtime path of "/home/joonmo/ws_moveit/install/moveit_task_constructor_demo/lib/moveit_task_constructor_demo/pick_place_demo" to ""
-- Installing: /home/joonmo/ws_moveit/install/moveit_task_constructor_demo/lib/moveit_task_constructor_demo/alternatives.py
-- Installing: /home/joonmo/ws_moveit/install/moveit_task_constructor_demo/lib/moveit_task_constructor_demo/cartesian.py
-- Installing: /home/joonmo/ws_moveit/install/moveit_task_constructor_demo/lib/moveit_task_constructor_demo/compute_ik.py
-- Installing: /home/joonmo/ws_moveit/install/moveit_task_constructor_demo/lib/moveit_task_constructor_demo/constrained.py
-- Installing: /home/joonmo/ws_moveit/install/moveit_task_constructor_demo/lib/moveit_task_constructor_demo/current_state.py
-- Installing: /home/joonmo/ws_moveit/install/moveit_task_constructor_demo/lib/moveit_task_constructor_demo/fallbacks.py
-- Installing: /home/joonmo/ws_moveit/install/moveit_task_constructor_demo/lib/moveit_task_constructor_demo/fix_collision_objects.py
-- Installing: /home/joonmo/ws_moveit/install/moveit_task_constructor_demo/lib/moveit_task_constructor_demo/fixed_state.py
-- Installing: /home/joonmo/ws_moveit/install/moveit_task_constructor_demo/lib/moveit_task_constructor_demo/generate_pose.py
-- Installing: /home/joonmo/ws_moveit/install/moveit_task_constructor_demo/lib/moveit_task_constructor_demo/merger.py
-- Installing: /home/joonmo/ws_moveit/install/moveit_task_constructor_demo/lib/moveit_task_constructor_demo/modify_planning_scene.py
-- Installing: /home/joonmo/ws_moveit/install/moveit_task_constructor_demo/lib/moveit_task_constructor_demo/multi_planner.py
-- Installing: /home/joonmo/ws_moveit/install/moveit_task_constructor_demo/lib/moveit_task_constructor_demo/pickplace.py
-- Installing: /home/joonmo/ws_moveit/install/moveit_task_constructor_demo/lib/moveit_task_constructor_demo/properties.py
-- Installing: /home/joonmo/ws_moveit/install/moveit_task_constructor_demo/share/moveit_task_constructor_demo/launch
-- Installing: /home/joonmo/ws_moveit/install/moveit_task_constructor_demo/share/moveit_task_constructor_demo/launch/demo.launch.py
-- Installing: /home/joonmo/ws_moveit/install/moveit_task_constructor_demo/share/moveit_task_constructor_demo/launch/run.launch.py
-- Installing: /home/joonmo/ws_moveit/install/moveit_task_constructor_demo/share/moveit_task_constructor_demo/config
-- Installing: /home/joonmo/ws_moveit/install/moveit_task_constructor_demo/share/moveit_task_constructor_demo/config/mtc.rviz
-- Installing: /home/joonmo/ws_moveit/install/moveit_task_constructor_demo/share/moveit_task_constructor_demo/config/panda_config.yaml
-- Installing: /home/joonmo/ws_moveit/install/moveit_task_constructor_demo/share/ament_index/resource_index/package_run_dependencies/moveit_task_constructor_demo
-- Installing: /home/joonmo/ws_moveit/install/moveit_task_constructor_demo/share/ament_index/resource_index/parent_prefix_path/moveit_task_constructor_demo
-- Installing: /home/joonmo/ws_moveit/install/moveit_task_constructor_demo/share/moveit_task_constructor_demo/environment/ament_prefix_path.sh
-- Installing: /home/joonmo/ws_moveit/install/moveit_task_constructor_demo/share/moveit_task_constructor_demo/environment/ament_prefix_path.dsv
-- Installing: /home/joonmo/ws_moveit/install/moveit_task_constructor_demo/share/moveit_task_constructor_demo/environment/path.sh
-- Installing: /home/joonmo/ws_moveit/install/moveit_task_constructor_demo/share/moveit_task_constructor_demo/environment/path.dsv
-- Installing: /home/joonmo/ws_moveit/install/moveit_task_constructor_demo/share/moveit_task_constructor_demo/local_setup.bash
-- Installing: /home/joonmo/ws_moveit/install/moveit_task_constructor_demo/share/moveit_task_constructor_demo/local_setup.sh
-- Installing: /home/joonmo/ws_moveit/install/moveit_task_constructor_demo/share/moveit_task_constructor_demo/local_setup.zsh
-- Installing: /home/joonmo/ws_moveit/install/moveit_task_constructor_demo/share/moveit_task_constructor_demo/local_setup.dsv
-- Installing: /home/joonmo/ws_moveit/install/moveit_task_constructor_demo/share/moveit_task_constructor_demo/package.dsv
-- Installing: /home/joonmo/ws_moveit/install/moveit_task_constructor_demo/share/ament_index/resource_index/packages/moveit_task_constructor_demo
-- Installing: /home/joonmo/ws_moveit/install/moveit_task_constructor_demo/share/moveit_task_constructor_demo/cmake/moveit_task_constructor_demoConfig.cmake
-- Installing: /home/joonmo/ws_moveit/install/moveit_task_constructor_demo/share/moveit_task_constructor_demo/cmake/moveit_task_constructor_demoConfig-version.cmake
-- Installing: /home/joonmo/ws_moveit/install/moveit_task_constructor_demo/share/moveit_task_constructor_demo/package.xml
