[0.211s] Invoking command in '/home/joonmo/ws_moveit/build/moveit_setup_framework': AMENT_PREFIX_PATH=/home/joonmo/ws_moveit/install/moveit_ros_visualization:/home/joonmo/ws_moveit/install/moveit_ros_planning_interface:/home/joonmo/ws_moveit/install/moveit_ros_move_group:/home/joonmo/ws_moveit/install/moveit_ros_warehouse:/home/joonmo/ws_moveit/install/moveit_ros_robot_interaction:/home/joonmo/ws_moveit/install/moveit_planners_ompl:/home/joonmo/ws_moveit/install/moveit_kinematics:/home/joonmo/ws_moveit/install/moveit_ros_planning:/home/joonmo/ws_moveit/install/moveit_simple_controller_manager:/home/joonmo/ws_moveit/install/moveit_ros_occupancy_map_monitor:/home/joonmo/ws_moveit/install/moveit_core:/home/joonmo/ws_moveit/install/moveit_resources_panda_moveit_config:/home/joonmo/ws_moveit/install/moveit_resources_fanuc_moveit_config:/home/joonmo/ws_moveit/install/moveit_configs_utils:/home/joonmo/ws_moveit/install/srdfdom:/home/joonmo/ws_moveit/install/moveit_resources_pr2_description:/home/joonmo/ws_moveit/install/moveit_resources_panda_description:/home/joonmo/ws_moveit/install/moveit_resources_fanuc_description:/home/joonmo/ws_moveit/install/moveit_common:/home/joonmo/ws_moveit/install/launch_param_builder:${AMENT_PREFIX_PATH} CMAKE_PREFIX_PATH=/home/joonmo/ws_moveit/install/moveit_ros_visualization:/home/joonmo/ws_moveit/install/moveit_ros_planning_interface:/home/joonmo/ws_moveit/install/moveit_ros_move_group:/home/joonmo/ws_moveit/install/moveit_ros_warehouse:/home/joonmo/ws_moveit/install/moveit_ros_robot_interaction:/home/joonmo/ws_moveit/install/moveit_planners_ompl:/home/joonmo/ws_moveit/install/moveit_kinematics:/home/joonmo/ws_moveit/install/moveit_ros_planning:/home/joonmo/ws_moveit/install/moveit_simple_controller_manager:/home/joonmo/ws_moveit/install/moveit_ros_occupancy_map_monitor:/home/joonmo/ws_moveit/install/moveit_core:/home/joonmo/ws_moveit/install/moveit_resources_panda_moveit_config:/home/joonmo/ws_moveit/install/moveit_resources_fanuc_moveit_config:/home/joonmo/ws_moveit/install/srdfdom:/home/joonmo/ws_moveit/install/moveit_resources_pr2_description:/home/joonmo/ws_moveit/install/moveit_resources_panda_description:/home/joonmo/ws_moveit/install/moveit_resources_fanuc_description:/home/joonmo/ws_moveit/install/moveit_common:/opt/ros/humble LD_LIBRARY_PATH=/home/joonmo/ws_moveit/install/moveit_ros_visualization/lib:/home/joonmo/ws_moveit/install/moveit_ros_planning_interface/lib:/home/joonmo/ws_moveit/install/moveit_ros_move_group/lib:/home/joonmo/ws_moveit/install/moveit_ros_warehouse/lib:/home/joonmo/ws_moveit/install/moveit_ros_robot_interaction/lib:/home/joonmo/ws_moveit/install/moveit_planners_ompl/lib:/home/joonmo/ws_moveit/install/moveit_kinematics/lib:/home/joonmo/ws_moveit/install/moveit_ros_planning/lib:/home/joonmo/ws_moveit/install/moveit_simple_controller_manager/lib:/home/joonmo/ws_moveit/install/moveit_ros_occupancy_map_monitor/lib:/home/joonmo/ws_moveit/install/moveit_core/lib:/home/joonmo/ws_moveit/install/srdfdom/lib:${LD_LIBRARY_PATH} PATH=/home/joonmo/ws_moveit/install/moveit_core/bin:${PATH} PYTHONPATH=/home/joonmo/ws_moveit/install/moveit_configs_utils/lib/python3.10/site-packages:/home/joonmo/ws_moveit/install/srdfdom/local/lib/python3.10/dist-packages:/home/joonmo/ws_moveit/install/launch_param_builder/lib/python3.10/site-packages:${PYTHONPATH} /usr/bin/cmake /home/joonmo/ws_moveit/src/moveit2/moveit_setup_assistant/moveit_setup_framework -DCMAKE_BUILD_TYPE=Release -DCMAKE_INSTALL_PREFIX=/home/joonmo/ws_moveit/install/moveit_setup_framework
[0.427s] -- The C compiler identification is GNU 11.4.0
[0.655s] -- The CXX compiler identification is GNU 11.4.0
[0.676s] -- Detecting C compiler ABI info
[0.931s] -- Detecting C compiler ABI info - done
[0.959s] -- Check for working C compiler: /usr/bin/cc - skipped
[0.960s] -- Detecting C compile features
[0.964s] -- Detecting C compile features - done
[0.973s] -- Detecting CXX compiler ABI info
[1.303s] -- Detecting CXX compiler ABI info - done
[1.334s] -- Check for working CXX compiler: /usr/bin/c++ - skipped
[1.335s] -- Detecting CXX compile features
[1.339s] -- Detecting CXX compile features - done
[1.347s] -- Found moveit_common: 2.5.7 (/home/joonmo/ws_moveit/install/moveit_common/share/moveit_common/cmake)
[1.356s] -- Found ament_cmake: 1.3.11 (/opt/ros/humble/share/ament_cmake/cmake)
[1.729s] -- Found Python3: /usr/bin/python3 (found version "3.10.12") found components: Interpreter 
[2.214s] -- Found ament_cmake_ros: 0.10.0 (/opt/ros/humble/share/ament_cmake_ros/cmake)
[2.258s] -- Found ament_index_cpp: 1.4.0 (/opt/ros/humble/share/ament_index_cpp/cmake)
[2.265s] -- Found moveit_core: 2.5.7 (/home/joonmo/ws_moveit/install/moveit_core/share/moveit_core/cmake)
[3.192s] -- Found Boost: /usr/lib/x86_64-linux-gnu/cmake/Boost-1.74.0/BoostConfig.cmake (found version "1.74.0") found components: chrono date_time filesystem iostreams program_options regex serialization system thread 
[3.397s] -- Found parameter_traits: 0.4.0 (/opt/ros/humble/share/parameter_traits/cmake)
[3.490s] -- Found rosidl_generator_c: 3.1.6 (/opt/ros/humble/share/rosidl_generator_c/cmake)
[3.506s] -- Found rosidl_adapter: 3.1.6 (/opt/ros/humble/share/rosidl_adapter/cmake)
[3.530s] -- Found rosidl_generator_cpp: 3.1.6 (/opt/ros/humble/share/rosidl_generator_cpp/cmake)
[3.558s] -- Using all available rosidl_typesupport_c: rosidl_typesupport_fastrtps_c;rosidl_typesupport_introspection_c
[3.601s] -- Using all available rosidl_typesupport_cpp: rosidl_typesupport_fastrtps_cpp;rosidl_typesupport_introspection_cpp
[3.714s] -- Found rmw_implementation_cmake: 6.1.2 (/opt/ros/humble/share/rmw_implementation_cmake/cmake)
[3.723s] -- Found rmw_fastrtps_cpp: 6.2.7 (/opt/ros/humble/share/rmw_fastrtps_cpp/cmake)
[3.921s] -- Found OpenSSL: /usr/lib/x86_64-linux-gnu/libcrypto.so (found version "3.0.2")  
[3.973s] -- Found FastRTPS: /opt/ros/humble/include  
[4.057s] -- Using RMW implementation 'rmw_fastrtps_cpp' as default
[4.084s] -- Found Threads: TRUE  
[4.217s] -- Found Eigen3: TRUE (found version "3.4.0") 
[4.225s] -- Found rclcpp_lifecycle: 16.0.11 (/opt/ros/humble/share/rclcpp_lifecycle/cmake)
[4.314s] -- Found Boost: /usr/lib/x86_64-linux-gnu/cmake/Boost-1.74.0/BoostConfig.cmake (found version "1.74.0") found components: filesystem 
[4.677s] -- library: /usr/lib/x86_64-linux-gnu/libcurl.so
[4.893s] -- Ensuring Eigen3 include directory is part of orocos-kdl CMake target
[5.499s] -- Found moveit_ros_planning: 2.5.7 (/home/joonmo/ws_moveit/install/moveit_ros_planning/share/moveit_ros_planning/cmake)
[5.508s] -- Found Boost: /usr/lib/x86_64-linux-gnu/cmake/Boost-1.74.0/BoostConfig.cmake (found version "1.74.0") found components: system filesystem date_time program_options thread chrono 
[5.557s] -- Found moveit_ros_visualization: 2.5.7 (/home/joonmo/ws_moveit/install/moveit_ros_visualization/share/moveit_ros_visualization/cmake)
[5.567s] -- Found Boost: /usr/lib/x86_64-linux-gnu/cmake/Boost-1.74.0/BoostConfig.cmake (found version "1.74.0") found components: thread date_time system filesystem 
[5.597s] -- Found Boost: /usr/lib/x86_64-linux-gnu/cmake/Boost-1.74.0/BoostConfig.cmake (found version "1.74.0") found components: date_time filesystem program_options system thread 
[5.626s] -- Found Boost: /usr/lib/x86_64-linux-gnu/cmake/Boost-1.74.0/BoostConfig.cmake (found version "1.74.0") found components: thread system filesystem regex date_time program_options 
[5.673s] -- Found Boost: /usr/lib/x86_64-linux-gnu/cmake/Boost-1.74.0/BoostConfig.cmake (found version "1.74.0") found components: system filesystem date_time program_options thread 
[5.805s] -- Setting OGRE_DIR to: '/opt/ros/humble/share/rviz_ogre_vendor/cmake/../../../opt/rviz_ogre_vendor/lib/OGRE/cmake'
[5.808s] -- Found OGRE
[5.808s] --   static     : OFF
[5.808s] --   components : HLMS;MeshLodGenerator;Overlay;Paging;Property;RTShaderSystem;Terrain;Volume
[5.809s] --   plugins    : Plugin_BSPSceneManager;Plugin_OctreeSceneManager;Plugin_PCZSceneManager;Plugin_ParticleFX;RenderSystem_GL;RenderSystem_GL3Plus;Codec_STBI
[5.809s] --   media      : /opt/ros/humble/opt/rviz_ogre_vendor/share/OGRE/Media
[5.810s] -- OGRE_LIBRARIES: OgreHLMS;OgreMeshLodGenerator;OgreOverlay;OgrePaging;OgreProperty;OgreRTShaderSystem;OgreTerrain;OgreVolume;OgreMain
[5.810s] -- OGRE_LIBRARY_DIRS: /opt/ros/humble/opt/rviz_ogre_vendor/lib
[5.810s] -- OGRE_PLUGINS: Plugin_BSPSceneManager;Plugin_OctreeSceneManager;Plugin_PCZSceneManager;Plugin_ParticleFX;RenderSystem_GL;RenderSystem_GL3Plus;Codec_STBI
[5.810s] -- OGRE_PLUGIN_DIR: /opt/ros/humble/opt/rviz_ogre_vendor/lib/OGRE
[5.811s] -- rviz_ogre_vendor::OgreOverlay for IMPORTED_LOCATION_RELEASE: /opt/ros/humble/opt/rviz_ogre_vendor/lib/libOgreOverlay.so
[5.811s] -- rviz_ogre_vendor::OgreOverlay for IMPORTED_LOCATION_DEBUG: /opt/ros/humble/opt/rviz_ogre_vendor/lib/libOgreOverlay.so
[5.811s] -- rviz_ogre_vendor::OgreMain for IMPORTED_LOCATION_RELEASE: /opt/ros/humble/opt/rviz_ogre_vendor/lib/libOgreMain.so
[5.812s] -- rviz_ogre_vendor::OgreMain for IMPORTED_LOCATION_DEBUG: /opt/ros/humble/opt/rviz_ogre_vendor/lib/libOgreMain.so
[5.815s] -- Could not find freeimage library
[5.861s] -- Found ZLIB: /usr/lib/x86_64-linux-gnu/libz.so (found version "1.2.11") 
[5.874s] -- Found OpenGL: /usr/lib/x86_64-linux-gnu/libOpenGL.so   
[6.137s] -- Found X11: /usr/include   
[6.138s] -- Looking for XOpenDisplay in /usr/lib/x86_64-linux-gnu/libX11.so;/usr/lib/x86_64-linux-gnu/libXext.so
[6.491s] -- Looking for XOpenDisplay in /usr/lib/x86_64-linux-gnu/libX11.so;/usr/lib/x86_64-linux-gnu/libXext.so - found
[6.492s] -- Looking for gethostbyname
[6.805s] -- Looking for gethostbyname - found
[6.806s] -- Looking for connect
[7.163s] -- Looking for connect - found
[7.167s] -- Looking for remove
[7.485s] -- Looking for remove - found
[7.485s] -- Looking for shmat
[7.891s] -- Looking for shmat - found
[7.891s] -- Looking for IceConnectionNumber in ICE
[8.226s] -- Looking for IceConnectionNumber in ICE - found
[8.311s] -- Setting assimp_DIR to: '/opt/ros/humble/share/rviz_assimp_vendor/cmake/../../../opt/rviz_assimp_vendor/lib/cmake/assimp-4.1'
[8.531s] -- Found ament_lint_auto: 0.12.11 (/opt/ros/humble/share/ament_lint_auto/cmake)
[8.624s] -- Added test 'lint_cmake' to check CMake code style
[8.626s] -- Added test 'xmllint' to check XML markup files
[8.635s] -- Configuring done
[8.763s] -- Generating done
[8.790s] -- Build files have been written to: /home/joonmo/ws_moveit/build/moveit_setup_framework
[8.863s] Invoked command in '/home/joonmo/ws_moveit/build/moveit_setup_framework' returned '0': AMENT_PREFIX_PATH=/home/joonmo/ws_moveit/install/moveit_ros_visualization:/home/joonmo/ws_moveit/install/moveit_ros_planning_interface:/home/joonmo/ws_moveit/install/moveit_ros_move_group:/home/joonmo/ws_moveit/install/moveit_ros_warehouse:/home/joonmo/ws_moveit/install/moveit_ros_robot_interaction:/home/joonmo/ws_moveit/install/moveit_planners_ompl:/home/joonmo/ws_moveit/install/moveit_kinematics:/home/joonmo/ws_moveit/install/moveit_ros_planning:/home/joonmo/ws_moveit/install/moveit_simple_controller_manager:/home/joonmo/ws_moveit/install/moveit_ros_occupancy_map_monitor:/home/joonmo/ws_moveit/install/moveit_core:/home/joonmo/ws_moveit/install/moveit_resources_panda_moveit_config:/home/joonmo/ws_moveit/install/moveit_resources_fanuc_moveit_config:/home/joonmo/ws_moveit/install/moveit_configs_utils:/home/joonmo/ws_moveit/install/srdfdom:/home/joonmo/ws_moveit/install/moveit_resources_pr2_description:/home/joonmo/ws_moveit/install/moveit_resources_panda_description:/home/joonmo/ws_moveit/install/moveit_resources_fanuc_description:/home/joonmo/ws_moveit/install/moveit_common:/home/joonmo/ws_moveit/install/launch_param_builder:${AMENT_PREFIX_PATH} CMAKE_PREFIX_PATH=/home/joonmo/ws_moveit/install/moveit_ros_visualization:/home/joonmo/ws_moveit/install/moveit_ros_planning_interface:/home/joonmo/ws_moveit/install/moveit_ros_move_group:/home/joonmo/ws_moveit/install/moveit_ros_warehouse:/home/joonmo/ws_moveit/install/moveit_ros_robot_interaction:/home/joonmo/ws_moveit/install/moveit_planners_ompl:/home/joonmo/ws_moveit/install/moveit_kinematics:/home/joonmo/ws_moveit/install/moveit_ros_planning:/home/joonmo/ws_moveit/install/moveit_simple_controller_manager:/home/joonmo/ws_moveit/install/moveit_ros_occupancy_map_monitor:/home/joonmo/ws_moveit/install/moveit_core:/home/joonmo/ws_moveit/install/moveit_resources_panda_moveit_config:/home/joonmo/ws_moveit/install/moveit_resources_fanuc_moveit_config:/home/joonmo/ws_moveit/install/srdfdom:/home/joonmo/ws_moveit/install/moveit_resources_pr2_description:/home/joonmo/ws_moveit/install/moveit_resources_panda_description:/home/joonmo/ws_moveit/install/moveit_resources_fanuc_description:/home/joonmo/ws_moveit/install/moveit_common:/opt/ros/humble LD_LIBRARY_PATH=/home/joonmo/ws_moveit/install/moveit_ros_visualization/lib:/home/joonmo/ws_moveit/install/moveit_ros_planning_interface/lib:/home/joonmo/ws_moveit/install/moveit_ros_move_group/lib:/home/joonmo/ws_moveit/install/moveit_ros_warehouse/lib:/home/joonmo/ws_moveit/install/moveit_ros_robot_interaction/lib:/home/joonmo/ws_moveit/install/moveit_planners_ompl/lib:/home/joonmo/ws_moveit/install/moveit_kinematics/lib:/home/joonmo/ws_moveit/install/moveit_ros_planning/lib:/home/joonmo/ws_moveit/install/moveit_simple_controller_manager/lib:/home/joonmo/ws_moveit/install/moveit_ros_occupancy_map_monitor/lib:/home/joonmo/ws_moveit/install/moveit_core/lib:/home/joonmo/ws_moveit/install/srdfdom/lib:${LD_LIBRARY_PATH} PATH=/home/joonmo/ws_moveit/install/moveit_core/bin:${PATH} PYTHONPATH=/home/joonmo/ws_moveit/install/moveit_configs_utils/lib/python3.10/site-packages:/home/joonmo/ws_moveit/install/srdfdom/local/lib/python3.10/dist-packages:/home/joonmo/ws_moveit/install/launch_param_builder/lib/python3.10/site-packages:${PYTHONPATH} /usr/bin/cmake /home/joonmo/ws_moveit/src/moveit2/moveit_setup_assistant/moveit_setup_framework -DCMAKE_BUILD_TYPE=Release -DCMAKE_INSTALL_PREFIX=/home/joonmo/ws_moveit/install/moveit_setup_framework
[8.875s] Invoking command in '/home/joonmo/ws_moveit/build/moveit_setup_framework': AMENT_PREFIX_PATH=/home/joonmo/ws_moveit/install/moveit_ros_visualization:/home/joonmo/ws_moveit/install/moveit_ros_planning_interface:/home/joonmo/ws_moveit/install/moveit_ros_move_group:/home/joonmo/ws_moveit/install/moveit_ros_warehouse:/home/joonmo/ws_moveit/install/moveit_ros_robot_interaction:/home/joonmo/ws_moveit/install/moveit_planners_ompl:/home/joonmo/ws_moveit/install/moveit_kinematics:/home/joonmo/ws_moveit/install/moveit_ros_planning:/home/joonmo/ws_moveit/install/moveit_simple_controller_manager:/home/joonmo/ws_moveit/install/moveit_ros_occupancy_map_monitor:/home/joonmo/ws_moveit/install/moveit_core:/home/joonmo/ws_moveit/install/moveit_resources_panda_moveit_config:/home/joonmo/ws_moveit/install/moveit_resources_fanuc_moveit_config:/home/joonmo/ws_moveit/install/moveit_configs_utils:/home/joonmo/ws_moveit/install/srdfdom:/home/joonmo/ws_moveit/install/moveit_resources_pr2_description:/home/joonmo/ws_moveit/install/moveit_resources_panda_description:/home/joonmo/ws_moveit/install/moveit_resources_fanuc_description:/home/joonmo/ws_moveit/install/moveit_common:/home/joonmo/ws_moveit/install/launch_param_builder:${AMENT_PREFIX_PATH} CMAKE_PREFIX_PATH=/home/joonmo/ws_moveit/install/moveit_ros_visualization:/home/joonmo/ws_moveit/install/moveit_ros_planning_interface:/home/joonmo/ws_moveit/install/moveit_ros_move_group:/home/joonmo/ws_moveit/install/moveit_ros_warehouse:/home/joonmo/ws_moveit/install/moveit_ros_robot_interaction:/home/joonmo/ws_moveit/install/moveit_planners_ompl:/home/joonmo/ws_moveit/install/moveit_kinematics:/home/joonmo/ws_moveit/install/moveit_ros_planning:/home/joonmo/ws_moveit/install/moveit_simple_controller_manager:/home/joonmo/ws_moveit/install/moveit_ros_occupancy_map_monitor:/home/joonmo/ws_moveit/install/moveit_core:/home/joonmo/ws_moveit/install/moveit_resources_panda_moveit_config:/home/joonmo/ws_moveit/install/moveit_resources_fanuc_moveit_config:/home/joonmo/ws_moveit/install/srdfdom:/home/joonmo/ws_moveit/install/moveit_resources_pr2_description:/home/joonmo/ws_moveit/install/moveit_resources_panda_description:/home/joonmo/ws_moveit/install/moveit_resources_fanuc_description:/home/joonmo/ws_moveit/install/moveit_common:/opt/ros/humble LD_LIBRARY_PATH=/home/joonmo/ws_moveit/install/moveit_ros_visualization/lib:/home/joonmo/ws_moveit/install/moveit_ros_planning_interface/lib:/home/joonmo/ws_moveit/install/moveit_ros_move_group/lib:/home/joonmo/ws_moveit/install/moveit_ros_warehouse/lib:/home/joonmo/ws_moveit/install/moveit_ros_robot_interaction/lib:/home/joonmo/ws_moveit/install/moveit_planners_ompl/lib:/home/joonmo/ws_moveit/install/moveit_kinematics/lib:/home/joonmo/ws_moveit/install/moveit_ros_planning/lib:/home/joonmo/ws_moveit/install/moveit_simple_controller_manager/lib:/home/joonmo/ws_moveit/install/moveit_ros_occupancy_map_monitor/lib:/home/joonmo/ws_moveit/install/moveit_core/lib:/home/joonmo/ws_moveit/install/srdfdom/lib:${LD_LIBRARY_PATH} PATH=/home/joonmo/ws_moveit/install/moveit_core/bin:${PATH} PYTHONPATH=/home/joonmo/ws_moveit/install/moveit_configs_utils/lib/python3.10/site-packages:/home/joonmo/ws_moveit/install/srdfdom/local/lib/python3.10/dist-packages:/home/joonmo/ws_moveit/install/launch_param_builder/lib/python3.10/site-packages:${PYTHONPATH} /usr/bin/cmake --build /home/joonmo/ws_moveit/build/moveit_setup_framework -- -j8 -l8
[9.042s] [ 15%] [34m[1mGenerating include/moveit_setup_framework/qt/moc_double_list_widget.cpp[0m
[9.043s] [ 15%] [34m[1mGenerating include/moveit_setup_framework/qt/moc_setup_step_widget.cpp[0m
[9.044s] [ 15%] [34m[1mGenerating include/moveit_setup_framework/qt/moc_helper_widgets.cpp[0m
[9.093s] [ 21%] [34m[1mGenerating include/moveit_setup_framework/qt/moc_rviz_panel.cpp[0m
[9.190s] [ 26%] [32mBuilding CXX object CMakeFiles/moveit_setup_framework.dir/src/helper_widgets.cpp.o[0m
[9.193s] [ 31%] [32mBuilding CXX object CMakeFiles/moveit_setup_framework.dir/src/double_list_widget.cpp.o[0m
[9.194s] [ 36%] [32mBuilding CXX object CMakeFiles/moveit_setup_framework.dir/src/urdf_config.cpp.o[0m
[10.233s] [ 42%] [32mBuilding CXX object CMakeFiles/moveit_setup_framework.dir/src/templates.cpp.o[0m
[11.277s] [ 47%] [32mBuilding CXX object CMakeFiles/moveit_setup_framework.dir/src/rviz_panel.cpp.o[0m
[11.280s] [ 52%] [32mBuilding CXX object CMakeFiles/moveit_setup_framework.dir/src/data_warehouse.cpp.o[0m
[12.319s] [ 57%] [32mBuilding CXX object CMakeFiles/moveit_setup_framework.dir/src/srdf_config.cpp.o[0m
[33.313s] [ 63%] [32mBuilding CXX object CMakeFiles/moveit_setup_framework.dir/include/moveit_setup_framework/qt/moc_rviz_panel.cpp.o[0m
[33.574s] [ 68%] [32mBuilding CXX object CMakeFiles/moveit_setup_framework.dir/include/moveit_setup_framework/qt/moc_setup_step_widget.cpp.o[0m
[34.746s] [ 73%] [32mBuilding CXX object CMakeFiles/moveit_setup_framework.dir/include/moveit_setup_framework/qt/moc_double_list_widget.cpp.o[0m
[36.364s] [ 78%] [32mBuilding CXX object CMakeFiles/moveit_setup_framework.dir/include/moveit_setup_framework/qt/moc_helper_widgets.cpp.o[0m
[37.675s] [ 94%] [32mBuilding CXX object CMakeFiles/moveit_setup_framework.dir/src/utilities.cpp.o[0m
[37.675s] [ 94%] [32mBuilding CXX object CMakeFiles/moveit_setup_framework.dir/src/package_settings_config.cpp.o[0m
[37.675s] [ 94%] [32mBuilding CXX object CMakeFiles/moveit_setup_framework.dir/src/xml_syntax_highlighter.cpp.o[0m
[47.681s] [100%] [32m[1mLinking CXX shared library libmoveit_setup_framework.so[0m
[51.067s] [100%] Built target moveit_setup_framework
[51.079s] Invoked command in '/home/joonmo/ws_moveit/build/moveit_setup_framework' returned '0': AMENT_PREFIX_PATH=/home/joonmo/ws_moveit/install/moveit_ros_visualization:/home/joonmo/ws_moveit/install/moveit_ros_planning_interface:/home/joonmo/ws_moveit/install/moveit_ros_move_group:/home/joonmo/ws_moveit/install/moveit_ros_warehouse:/home/joonmo/ws_moveit/install/moveit_ros_robot_interaction:/home/joonmo/ws_moveit/install/moveit_planners_ompl:/home/joonmo/ws_moveit/install/moveit_kinematics:/home/joonmo/ws_moveit/install/moveit_ros_planning:/home/joonmo/ws_moveit/install/moveit_simple_controller_manager:/home/joonmo/ws_moveit/install/moveit_ros_occupancy_map_monitor:/home/joonmo/ws_moveit/install/moveit_core:/home/joonmo/ws_moveit/install/moveit_resources_panda_moveit_config:/home/joonmo/ws_moveit/install/moveit_resources_fanuc_moveit_config:/home/joonmo/ws_moveit/install/moveit_configs_utils:/home/joonmo/ws_moveit/install/srdfdom:/home/joonmo/ws_moveit/install/moveit_resources_pr2_description:/home/joonmo/ws_moveit/install/moveit_resources_panda_description:/home/joonmo/ws_moveit/install/moveit_resources_fanuc_description:/home/joonmo/ws_moveit/install/moveit_common:/home/joonmo/ws_moveit/install/launch_param_builder:${AMENT_PREFIX_PATH} CMAKE_PREFIX_PATH=/home/joonmo/ws_moveit/install/moveit_ros_visualization:/home/joonmo/ws_moveit/install/moveit_ros_planning_interface:/home/joonmo/ws_moveit/install/moveit_ros_move_group:/home/joonmo/ws_moveit/install/moveit_ros_warehouse:/home/joonmo/ws_moveit/install/moveit_ros_robot_interaction:/home/joonmo/ws_moveit/install/moveit_planners_ompl:/home/joonmo/ws_moveit/install/moveit_kinematics:/home/joonmo/ws_moveit/install/moveit_ros_planning:/home/joonmo/ws_moveit/install/moveit_simple_controller_manager:/home/joonmo/ws_moveit/install/moveit_ros_occupancy_map_monitor:/home/joonmo/ws_moveit/install/moveit_core:/home/joonmo/ws_moveit/install/moveit_resources_panda_moveit_config:/home/joonmo/ws_moveit/install/moveit_resources_fanuc_moveit_config:/home/joonmo/ws_moveit/install/srdfdom:/home/joonmo/ws_moveit/install/moveit_resources_pr2_description:/home/joonmo/ws_moveit/install/moveit_resources_panda_description:/home/joonmo/ws_moveit/install/moveit_resources_fanuc_description:/home/joonmo/ws_moveit/install/moveit_common:/opt/ros/humble LD_LIBRARY_PATH=/home/joonmo/ws_moveit/install/moveit_ros_visualization/lib:/home/joonmo/ws_moveit/install/moveit_ros_planning_interface/lib:/home/joonmo/ws_moveit/install/moveit_ros_move_group/lib:/home/joonmo/ws_moveit/install/moveit_ros_warehouse/lib:/home/joonmo/ws_moveit/install/moveit_ros_robot_interaction/lib:/home/joonmo/ws_moveit/install/moveit_planners_ompl/lib:/home/joonmo/ws_moveit/install/moveit_kinematics/lib:/home/joonmo/ws_moveit/install/moveit_ros_planning/lib:/home/joonmo/ws_moveit/install/moveit_simple_controller_manager/lib:/home/joonmo/ws_moveit/install/moveit_ros_occupancy_map_monitor/lib:/home/joonmo/ws_moveit/install/moveit_core/lib:/home/joonmo/ws_moveit/install/srdfdom/lib:${LD_LIBRARY_PATH} PATH=/home/joonmo/ws_moveit/install/moveit_core/bin:${PATH} PYTHONPATH=/home/joonmo/ws_moveit/install/moveit_configs_utils/lib/python3.10/site-packages:/home/joonmo/ws_moveit/install/srdfdom/local/lib/python3.10/dist-packages:/home/joonmo/ws_moveit/install/launch_param_builder/lib/python3.10/site-packages:${PYTHONPATH} /usr/bin/cmake --build /home/joonmo/ws_moveit/build/moveit_setup_framework -- -j8 -l8
[51.081s] Invoking command in '/home/joonmo/ws_moveit/build/moveit_setup_framework': AMENT_PREFIX_PATH=/home/joonmo/ws_moveit/install/moveit_ros_visualization:/home/joonmo/ws_moveit/install/moveit_ros_planning_interface:/home/joonmo/ws_moveit/install/moveit_ros_move_group:/home/joonmo/ws_moveit/install/moveit_ros_warehouse:/home/joonmo/ws_moveit/install/moveit_ros_robot_interaction:/home/joonmo/ws_moveit/install/moveit_planners_ompl:/home/joonmo/ws_moveit/install/moveit_kinematics:/home/joonmo/ws_moveit/install/moveit_ros_planning:/home/joonmo/ws_moveit/install/moveit_simple_controller_manager:/home/joonmo/ws_moveit/install/moveit_ros_occupancy_map_monitor:/home/joonmo/ws_moveit/install/moveit_core:/home/joonmo/ws_moveit/install/moveit_resources_panda_moveit_config:/home/joonmo/ws_moveit/install/moveit_resources_fanuc_moveit_config:/home/joonmo/ws_moveit/install/moveit_configs_utils:/home/joonmo/ws_moveit/install/srdfdom:/home/joonmo/ws_moveit/install/moveit_resources_pr2_description:/home/joonmo/ws_moveit/install/moveit_resources_panda_description:/home/joonmo/ws_moveit/install/moveit_resources_fanuc_description:/home/joonmo/ws_moveit/install/moveit_common:/home/joonmo/ws_moveit/install/launch_param_builder:${AMENT_PREFIX_PATH} CMAKE_PREFIX_PATH=/home/joonmo/ws_moveit/install/moveit_ros_visualization:/home/joonmo/ws_moveit/install/moveit_ros_planning_interface:/home/joonmo/ws_moveit/install/moveit_ros_move_group:/home/joonmo/ws_moveit/install/moveit_ros_warehouse:/home/joonmo/ws_moveit/install/moveit_ros_robot_interaction:/home/joonmo/ws_moveit/install/moveit_planners_ompl:/home/joonmo/ws_moveit/install/moveit_kinematics:/home/joonmo/ws_moveit/install/moveit_ros_planning:/home/joonmo/ws_moveit/install/moveit_simple_controller_manager:/home/joonmo/ws_moveit/install/moveit_ros_occupancy_map_monitor:/home/joonmo/ws_moveit/install/moveit_core:/home/joonmo/ws_moveit/install/moveit_resources_panda_moveit_config:/home/joonmo/ws_moveit/install/moveit_resources_fanuc_moveit_config:/home/joonmo/ws_moveit/install/srdfdom:/home/joonmo/ws_moveit/install/moveit_resources_pr2_description:/home/joonmo/ws_moveit/install/moveit_resources_panda_description:/home/joonmo/ws_moveit/install/moveit_resources_fanuc_description:/home/joonmo/ws_moveit/install/moveit_common:/opt/ros/humble LD_LIBRARY_PATH=/home/joonmo/ws_moveit/install/moveit_ros_visualization/lib:/home/joonmo/ws_moveit/install/moveit_ros_planning_interface/lib:/home/joonmo/ws_moveit/install/moveit_ros_move_group/lib:/home/joonmo/ws_moveit/install/moveit_ros_warehouse/lib:/home/joonmo/ws_moveit/install/moveit_ros_robot_interaction/lib:/home/joonmo/ws_moveit/install/moveit_planners_ompl/lib:/home/joonmo/ws_moveit/install/moveit_kinematics/lib:/home/joonmo/ws_moveit/install/moveit_ros_planning/lib:/home/joonmo/ws_moveit/install/moveit_simple_controller_manager/lib:/home/joonmo/ws_moveit/install/moveit_ros_occupancy_map_monitor/lib:/home/joonmo/ws_moveit/install/moveit_core/lib:/home/joonmo/ws_moveit/install/srdfdom/lib:${LD_LIBRARY_PATH} PATH=/home/joonmo/ws_moveit/install/moveit_core/bin:${PATH} PYTHONPATH=/home/joonmo/ws_moveit/install/moveit_configs_utils/lib/python3.10/site-packages:/home/joonmo/ws_moveit/install/srdfdom/local/lib/python3.10/dist-packages:/home/joonmo/ws_moveit/install/launch_param_builder/lib/python3.10/site-packages:${PYTHONPATH} /usr/bin/cmake --install /home/joonmo/ws_moveit/build/moveit_setup_framework
[51.088s] -- Install configuration: "Release"
[51.089s] -- Installing: /home/joonmo/ws_moveit/install/moveit_setup_framework/include
[51.089s] -- Installing: /home/joonmo/ws_moveit/install/moveit_setup_framework/include/moveit_setup_framework
[51.089s] -- Installing: /home/joonmo/ws_moveit/install/moveit_setup_framework/include/moveit_setup_framework/qt
[51.089s] -- Installing: /home/joonmo/ws_moveit/install/moveit_setup_framework/include/moveit_setup_framework/qt/setup_step_widget.hpp
[51.089s] -- Installing: /home/joonmo/ws_moveit/install/moveit_setup_framework/include/moveit_setup_framework/qt/helper_widgets.hpp
[51.089s] -- Installing: /home/joonmo/ws_moveit/install/moveit_setup_framework/include/moveit_setup_framework/qt/double_list_widget.hpp
[51.089s] -- Installing: /home/joonmo/ws_moveit/install/moveit_setup_framework/include/moveit_setup_framework/qt/rviz_panel.hpp
[51.089s] -- Installing: /home/joonmo/ws_moveit/install/moveit_setup_framework/include/moveit_setup_framework/qt/xml_syntax_highlighter.hpp
[51.089s] -- Installing: /home/joonmo/ws_moveit/install/moveit_setup_framework/include/moveit_setup_framework/generated_time.hpp
[51.089s] -- Installing: /home/joonmo/ws_moveit/install/moveit_setup_framework/include/moveit_setup_framework/setup_step.hpp
[51.089s] -- Installing: /home/joonmo/ws_moveit/install/moveit_setup_framework/include/moveit_setup_framework/generated_file.hpp
[51.089s] -- Installing: /home/joonmo/ws_moveit/install/moveit_setup_framework/include/moveit_setup_framework/testing_utils.hpp
[51.089s] -- Installing: /home/joonmo/ws_moveit/install/moveit_setup_framework/include/moveit_setup_framework/utilities.hpp
[51.089s] -- Installing: /home/joonmo/ws_moveit/install/moveit_setup_framework/include/moveit_setup_framework/templates.hpp
[51.089s] -- Installing: /home/joonmo/ws_moveit/install/moveit_setup_framework/include/moveit_setup_framework/config.hpp
[51.090s] -- Installing: /home/joonmo/ws_moveit/install/moveit_setup_framework/include/moveit_setup_framework/data_warehouse.hpp
[51.090s] -- Installing: /home/joonmo/ws_moveit/install/moveit_setup_framework/include/moveit_setup_framework/data
[51.090s] -- Installing: /home/joonmo/ws_moveit/install/moveit_setup_framework/include/moveit_setup_framework/data/srdf_config.hpp
[51.090s] -- Installing: /home/joonmo/ws_moveit/install/moveit_setup_framework/include/moveit_setup_framework/data/package_settings_config.hpp
[51.090s] -- Installing: /home/joonmo/ws_moveit/install/moveit_setup_framework/include/moveit_setup_framework/data/urdf_config.hpp
[51.090s] -- Installing: /home/joonmo/ws_moveit/install/moveit_setup_framework/share/moveit_setup_framework/moveit_setup_framework_plugins.xml
[51.090s] -- Installing: /home/joonmo/ws_moveit/install/moveit_setup_framework/share/moveit_setup_framework/templates
[51.090s] -- Installing: /home/joonmo/ws_moveit/install/moveit_setup_framework/share/moveit_setup_framework/templates/package.xml.template
[51.090s] -- Installing: /home/joonmo/ws_moveit/install/moveit_setup_framework/share/moveit_setup_framework/templates/CMakeLists.txt
[51.090s] -- Installing: /home/joonmo/ws_moveit/install/moveit_setup_framework/share/moveit_setup_framework/templates/config
[51.090s] -- Installing: /home/joonmo/ws_moveit/install/moveit_setup_framework/share/moveit_setup_framework/templates/config/pilz_cartesian_limits.yaml
[51.091s] -- Installing: /home/joonmo/ws_moveit/install/moveit_setup_framework/share/moveit_setup_framework/environment/library_path.sh
[51.091s] -- Installing: /home/joonmo/ws_moveit/install/moveit_setup_framework/share/moveit_setup_framework/environment/library_path.dsv
[51.091s] -- Installing: /home/joonmo/ws_moveit/install/moveit_setup_framework/lib/libmoveit_setup_framework.so
[51.092s] -- Set runtime path of "/home/joonmo/ws_moveit/install/moveit_setup_framework/lib/libmoveit_setup_framework.so" to ""
[51.092s] -- Up-to-date: /home/joonmo/ws_moveit/install/moveit_setup_framework/share/moveit_setup_framework/moveit_setup_framework_plugins.xml
[51.092s] -- Installing: /home/joonmo/ws_moveit/install/moveit_setup_framework/share/ament_index/resource_index/package_run_dependencies/moveit_setup_framework
[51.092s] -- Installing: /home/joonmo/ws_moveit/install/moveit_setup_framework/share/ament_index/resource_index/parent_prefix_path/moveit_setup_framework
[51.092s] -- Installing: /home/joonmo/ws_moveit/install/moveit_setup_framework/share/moveit_setup_framework/environment/ament_prefix_path.sh
[51.092s] -- Installing: /home/joonmo/ws_moveit/install/moveit_setup_framework/share/moveit_setup_framework/environment/ament_prefix_path.dsv
[51.092s] -- Installing: /home/joonmo/ws_moveit/install/moveit_setup_framework/share/moveit_setup_framework/environment/path.sh
[51.092s] -- Installing: /home/joonmo/ws_moveit/install/moveit_setup_framework/share/moveit_setup_framework/environment/path.dsv
[51.092s] -- Installing: /home/joonmo/ws_moveit/install/moveit_setup_framework/share/moveit_setup_framework/local_setup.bash
[51.092s] -- Installing: /home/joonmo/ws_moveit/install/moveit_setup_framework/share/moveit_setup_framework/local_setup.sh
[51.092s] -- Installing: /home/joonmo/ws_moveit/install/moveit_setup_framework/share/moveit_setup_framework/local_setup.zsh
[51.093s] -- Installing: /home/joonmo/ws_moveit/install/moveit_setup_framework/share/moveit_setup_framework/local_setup.dsv
[51.093s] -- Installing: /home/joonmo/ws_moveit/install/moveit_setup_framework/share/moveit_setup_framework/package.dsv
[51.093s] -- Installing: /home/joonmo/ws_moveit/install/moveit_setup_framework/share/ament_index/resource_index/packages/moveit_setup_framework
[51.093s] -- Installing: /home/joonmo/ws_moveit/install/moveit_setup_framework/share/ament_index/resource_index/moveit_setup_framework__pluginlib__plugin/moveit_setup_framework
[51.093s] -- Installing: /home/joonmo/ws_moveit/install/moveit_setup_framework/share/moveit_setup_framework/cmake/export_moveit_setup_frameworkExport.cmake
[51.093s] -- Installing: /home/joonmo/ws_moveit/install/moveit_setup_framework/share/moveit_setup_framework/cmake/export_moveit_setup_frameworkExport-release.cmake
[51.093s] -- Installing: /home/joonmo/ws_moveit/install/moveit_setup_framework/share/moveit_setup_framework/cmake/ament_cmake_export_targets-extras.cmake
[51.093s] -- Installing: /home/joonmo/ws_moveit/install/moveit_setup_framework/share/moveit_setup_framework/cmake/ament_cmake_export_include_directories-extras.cmake
[51.093s] -- Installing: /home/joonmo/ws_moveit/install/moveit_setup_framework/share/moveit_setup_framework/cmake/ament_cmake_export_dependencies-extras.cmake
[51.093s] -- Installing: /home/joonmo/ws_moveit/install/moveit_setup_framework/share/moveit_setup_framework/cmake/moveit_setup_frameworkConfig.cmake
[51.094s] -- Installing: /home/joonmo/ws_moveit/install/moveit_setup_framework/share/moveit_setup_framework/cmake/moveit_setup_frameworkConfig-version.cmake
[51.094s] -- Installing: /home/joonmo/ws_moveit/install/moveit_setup_framework/share/moveit_setup_framework/package.xml
[51.096s] Invoked command in '/home/joonmo/ws_moveit/build/moveit_setup_framework' returned '0': AMENT_PREFIX_PATH=/home/joonmo/ws_moveit/install/moveit_ros_visualization:/home/joonmo/ws_moveit/install/moveit_ros_planning_interface:/home/joonmo/ws_moveit/install/moveit_ros_move_group:/home/joonmo/ws_moveit/install/moveit_ros_warehouse:/home/joonmo/ws_moveit/install/moveit_ros_robot_interaction:/home/joonmo/ws_moveit/install/moveit_planners_ompl:/home/joonmo/ws_moveit/install/moveit_kinematics:/home/joonmo/ws_moveit/install/moveit_ros_planning:/home/joonmo/ws_moveit/install/moveit_simple_controller_manager:/home/joonmo/ws_moveit/install/moveit_ros_occupancy_map_monitor:/home/joonmo/ws_moveit/install/moveit_core:/home/joonmo/ws_moveit/install/moveit_resources_panda_moveit_config:/home/joonmo/ws_moveit/install/moveit_resources_fanuc_moveit_config:/home/joonmo/ws_moveit/install/moveit_configs_utils:/home/joonmo/ws_moveit/install/srdfdom:/home/joonmo/ws_moveit/install/moveit_resources_pr2_description:/home/joonmo/ws_moveit/install/moveit_resources_panda_description:/home/joonmo/ws_moveit/install/moveit_resources_fanuc_description:/home/joonmo/ws_moveit/install/moveit_common:/home/joonmo/ws_moveit/install/launch_param_builder:${AMENT_PREFIX_PATH} CMAKE_PREFIX_PATH=/home/joonmo/ws_moveit/install/moveit_ros_visualization:/home/joonmo/ws_moveit/install/moveit_ros_planning_interface:/home/joonmo/ws_moveit/install/moveit_ros_move_group:/home/joonmo/ws_moveit/install/moveit_ros_warehouse:/home/joonmo/ws_moveit/install/moveit_ros_robot_interaction:/home/joonmo/ws_moveit/install/moveit_planners_ompl:/home/joonmo/ws_moveit/install/moveit_kinematics:/home/joonmo/ws_moveit/install/moveit_ros_planning:/home/joonmo/ws_moveit/install/moveit_simple_controller_manager:/home/joonmo/ws_moveit/install/moveit_ros_occupancy_map_monitor:/home/joonmo/ws_moveit/install/moveit_core:/home/joonmo/ws_moveit/install/moveit_resources_panda_moveit_config:/home/joonmo/ws_moveit/install/moveit_resources_fanuc_moveit_config:/home/joonmo/ws_moveit/install/srdfdom:/home/joonmo/ws_moveit/install/moveit_resources_pr2_description:/home/joonmo/ws_moveit/install/moveit_resources_panda_description:/home/joonmo/ws_moveit/install/moveit_resources_fanuc_description:/home/joonmo/ws_moveit/install/moveit_common:/opt/ros/humble LD_LIBRARY_PATH=/home/joonmo/ws_moveit/install/moveit_ros_visualization/lib:/home/joonmo/ws_moveit/install/moveit_ros_planning_interface/lib:/home/joonmo/ws_moveit/install/moveit_ros_move_group/lib:/home/joonmo/ws_moveit/install/moveit_ros_warehouse/lib:/home/joonmo/ws_moveit/install/moveit_ros_robot_interaction/lib:/home/joonmo/ws_moveit/install/moveit_planners_ompl/lib:/home/joonmo/ws_moveit/install/moveit_kinematics/lib:/home/joonmo/ws_moveit/install/moveit_ros_planning/lib:/home/joonmo/ws_moveit/install/moveit_simple_controller_manager/lib:/home/joonmo/ws_moveit/install/moveit_ros_occupancy_map_monitor/lib:/home/joonmo/ws_moveit/install/moveit_core/lib:/home/joonmo/ws_moveit/install/srdfdom/lib:${LD_LIBRARY_PATH} PATH=/home/joonmo/ws_moveit/install/moveit_core/bin:${PATH} PYTHONPATH=/home/joonmo/ws_moveit/install/moveit_configs_utils/lib/python3.10/site-packages:/home/joonmo/ws_moveit/install/srdfdom/local/lib/python3.10/dist-packages:/home/joonmo/ws_moveit/install/launch_param_builder/lib/python3.10/site-packages:${PYTHONPATH} /usr/bin/cmake --install /home/joonmo/ws_moveit/build/moveit_setup_framework
