[0.018s] Invoking command in '/home/joonmo/ws_moveit/build/chomp_motion_planner': AMENT_PREFIX_PATH=/home/joonmo/ws_moveit/install/moveit_core:/home/joonmo/ws_moveit/install/moveit_resources_panda_moveit_config:/home/joonmo/ws_moveit/install/srdfdom:/home/joonmo/ws_moveit/install/moveit_resources_pr2_description:/home/joonmo/ws_moveit/install/moveit_resources_panda_description:/home/joonmo/ws_moveit/install/moveit_common:${AMENT_PREFIX_PATH} CMAKE_PREFIX_PATH=/home/joonmo/ws_moveit/install/moveit_core:/home/joonmo/ws_moveit/install/moveit_resources_panda_moveit_config:/home/joonmo/ws_moveit/install/srdfdom:/home/joonmo/ws_moveit/install/moveit_resources_pr2_description:/home/joonmo/ws_moveit/install/moveit_resources_panda_description:/home/joonmo/ws_moveit/install/moveit_common:/opt/ros/humble LD_LIBRARY_PATH=/home/joonmo/ws_moveit/install/moveit_core/lib:/home/joonmo/ws_moveit/install/srdfdom/lib:${LD_LIBRARY_PATH} PATH=/home/joonmo/ws_moveit/install/moveit_core/bin:${PATH} PYTHONPATH=/home/joonmo/ws_moveit/install/srdfdom/local/lib/python3.10/dist-packages:${PYTHONPATH} /usr/bin/cmake /home/joonmo/ws_moveit/src/moveit2/moveit_planners/chomp/chomp_motion_planner -DCMAKE_BUILD_TYPE=Release -DCMAKE_INSTALL_PREFIX=/home/joonmo/ws_moveit/install/chomp_motion_planner
[0.075s] -- The C compiler identification is GNU 11.4.0
[0.144s] -- The CXX compiler identification is GNU 11.4.0
[0.151s] -- Detecting C compiler ABI info
[0.220s] -- Detecting C compiler ABI info - done
[0.232s] -- Check for working C compiler: /usr/bin/cc - skipped
[0.232s] -- Detecting C compile features
[0.233s] -- Detecting C compile features - done
[0.236s] -- Detecting CXX compiler ABI info
[0.338s] -- Detecting CXX compiler ABI info - done
[0.354s] -- Check for working CXX compiler: /usr/bin/c++ - skipped
[0.354s] -- Detecting CXX compile features
[0.355s] -- Detecting CXX compile features - done
[0.357s] -- Found moveit_common: 2.5.7 (/home/joonmo/ws_moveit/install/moveit_common/share/moveit_common/cmake)
[0.361s] -- Found ament_cmake: 1.3.11 (/opt/ros/humble/share/ament_cmake/cmake)
[0.554s] -- Found Python3: /usr/bin/python3 (found version "3.10.12") found components: Interpreter 
[0.743s] -- Found moveit_core: 2.5.7 (/home/joonmo/ws_moveit/install/moveit_core/share/moveit_core/cmake)
[1.049s] -- Found Boost: /usr/lib/x86_64-linux-gnu/cmake/Boost-1.74.0/BoostConfig.cmake (found version "1.74.0") found components: chrono date_time filesystem iostreams program_options regex serialization system thread 
[1.146s] -- Found parameter_traits: 0.4.0 (/opt/ros/humble/share/parameter_traits/cmake)
[1.218s] -- Found rosidl_generator_c: 3.1.6 (/opt/ros/humble/share/rosidl_generator_c/cmake)
[1.228s] -- Found rosidl_adapter: 3.1.6 (/opt/ros/humble/share/rosidl_adapter/cmake)
[1.245s] -- Found rosidl_generator_cpp: 3.1.6 (/opt/ros/humble/share/rosidl_generator_cpp/cmake)
[1.270s] -- Using all available rosidl_typesupport_c: rosidl_typesupport_fastrtps_c;rosidl_typesupport_introspection_c
[1.304s] -- Using all available rosidl_typesupport_cpp: rosidl_typesupport_fastrtps_cpp;rosidl_typesupport_introspection_cpp
[1.385s] -- Found rmw_implementation_cmake: 6.1.2 (/opt/ros/humble/share/rmw_implementation_cmake/cmake)
[1.389s] -- Found rmw_fastrtps_cpp: 6.2.7 (/opt/ros/humble/share/rmw_fastrtps_cpp/cmake)
[1.518s] -- Found OpenSSL: /usr/lib/x86_64-linux-gnu/libcrypto.so (found version "3.0.2")  
[1.558s] -- Found FastRTPS: /opt/ros/humble/include  
[1.620s] -- Using RMW implementation 'rmw_fastrtps_cpp' as default
[1.635s] -- Found Threads: TRUE  
[1.709s] -- Found Eigen3: TRUE (found version "3.4.0") 
[1.712s] -- Found rclcpp_lifecycle: 16.0.11 (/opt/ros/humble/share/rclcpp_lifecycle/cmake)
[1.743s] -- Found Boost: /usr/lib/x86_64-linux-gnu/cmake/Boost-1.74.0/BoostConfig.cmake (found version "1.74.0") found components: filesystem 
[1.855s] -- library: /usr/lib/x86_64-linux-gnu/libcurl.so
[1.986s] -- Ensuring Eigen3 include directory is part of orocos-kdl CMake target
[2.453s] -- Found ament_lint_auto: 0.12.11 (/opt/ros/humble/share/ament_lint_auto/cmake)
[2.471s] -- Added test 'cppcheck' to perform static code analysis on C / C++ code
[2.471s] -- Configured cppcheck include dirs: /home/joonmo/ws_moveit/src/moveit2/moveit_planners/chomp/chomp_motion_planner/include
[2.471s] -- Configured cppcheck exclude dirs and/or files: 
[2.472s] -- Added test 'xmllint' to check XML markup files
[2.475s] -- Configuring done
[2.520s] -- Generating done
[2.534s] -- Build files have been written to: /home/joonmo/ws_moveit/build/chomp_motion_planner
[2.564s] Invoked command in '/home/joonmo/ws_moveit/build/chomp_motion_planner' returned '0': AMENT_PREFIX_PATH=/home/joonmo/ws_moveit/install/moveit_core:/home/joonmo/ws_moveit/install/moveit_resources_panda_moveit_config:/home/joonmo/ws_moveit/install/srdfdom:/home/joonmo/ws_moveit/install/moveit_resources_pr2_description:/home/joonmo/ws_moveit/install/moveit_resources_panda_description:/home/joonmo/ws_moveit/install/moveit_common:${AMENT_PREFIX_PATH} CMAKE_PREFIX_PATH=/home/joonmo/ws_moveit/install/moveit_core:/home/joonmo/ws_moveit/install/moveit_resources_panda_moveit_config:/home/joonmo/ws_moveit/install/srdfdom:/home/joonmo/ws_moveit/install/moveit_resources_pr2_description:/home/joonmo/ws_moveit/install/moveit_resources_panda_description:/home/joonmo/ws_moveit/install/moveit_common:/opt/ros/humble LD_LIBRARY_PATH=/home/joonmo/ws_moveit/install/moveit_core/lib:/home/joonmo/ws_moveit/install/srdfdom/lib:${LD_LIBRARY_PATH} PATH=/home/joonmo/ws_moveit/install/moveit_core/bin:${PATH} PYTHONPATH=/home/joonmo/ws_moveit/install/srdfdom/local/lib/python3.10/dist-packages:${PYTHONPATH} /usr/bin/cmake /home/joonmo/ws_moveit/src/moveit2/moveit_planners/chomp/chomp_motion_planner -DCMAKE_BUILD_TYPE=Release -DCMAKE_INSTALL_PREFIX=/home/joonmo/ws_moveit/install/chomp_motion_planner
[2.565s] Invoking command in '/home/joonmo/ws_moveit/build/chomp_motion_planner': AMENT_PREFIX_PATH=/home/joonmo/ws_moveit/install/moveit_core:/home/joonmo/ws_moveit/install/moveit_resources_panda_moveit_config:/home/joonmo/ws_moveit/install/srdfdom:/home/joonmo/ws_moveit/install/moveit_resources_pr2_description:/home/joonmo/ws_moveit/install/moveit_resources_panda_description:/home/joonmo/ws_moveit/install/moveit_common:${AMENT_PREFIX_PATH} CMAKE_PREFIX_PATH=/home/joonmo/ws_moveit/install/moveit_core:/home/joonmo/ws_moveit/install/moveit_resources_panda_moveit_config:/home/joonmo/ws_moveit/install/srdfdom:/home/joonmo/ws_moveit/install/moveit_resources_pr2_description:/home/joonmo/ws_moveit/install/moveit_resources_panda_description:/home/joonmo/ws_moveit/install/moveit_common:/opt/ros/humble LD_LIBRARY_PATH=/home/joonmo/ws_moveit/install/moveit_core/lib:/home/joonmo/ws_moveit/install/srdfdom/lib:${LD_LIBRARY_PATH} PATH=/home/joonmo/ws_moveit/install/moveit_core/bin:${PATH} PYTHONPATH=/home/joonmo/ws_moveit/install/srdfdom/local/lib/python3.10/dist-packages:${PYTHONPATH} /usr/bin/cmake --build /home/joonmo/ws_moveit/build/chomp_motion_planner -- -j8 -l8
[2.759s] [ 16%] [32mBuilding CXX object CMakeFiles/chomp_motion_planner.dir/src/chomp_trajectory.cpp.o[0m
[2.761s] [ 33%] [32mBuilding CXX object CMakeFiles/chomp_motion_planner.dir/src/chomp_optimizer.cpp.o[0m
[2.762s] [ 50%] [32mBuilding CXX object CMakeFiles/chomp_motion_planner.dir/src/chomp_cost.cpp.o[0m
[2.773s] [ 66%] [32mBuilding CXX object CMakeFiles/chomp_motion_planner.dir/src/chomp_planner.cpp.o[0m
[2.780s] [ 83%] [32mBuilding CXX object CMakeFiles/chomp_motion_planner.dir/src/chomp_parameters.cpp.o[0m
[51.853s] [100%] [32m[1mLinking CXX shared library libchomp_motion_planner.so[0m
[52.117s] [100%] Built target chomp_motion_planner
[52.130s] Invoked command in '/home/joonmo/ws_moveit/build/chomp_motion_planner' returned '0': AMENT_PREFIX_PATH=/home/joonmo/ws_moveit/install/moveit_core:/home/joonmo/ws_moveit/install/moveit_resources_panda_moveit_config:/home/joonmo/ws_moveit/install/srdfdom:/home/joonmo/ws_moveit/install/moveit_resources_pr2_description:/home/joonmo/ws_moveit/install/moveit_resources_panda_description:/home/joonmo/ws_moveit/install/moveit_common:${AMENT_PREFIX_PATH} CMAKE_PREFIX_PATH=/home/joonmo/ws_moveit/install/moveit_core:/home/joonmo/ws_moveit/install/moveit_resources_panda_moveit_config:/home/joonmo/ws_moveit/install/srdfdom:/home/joonmo/ws_moveit/install/moveit_resources_pr2_description:/home/joonmo/ws_moveit/install/moveit_resources_panda_description:/home/joonmo/ws_moveit/install/moveit_common:/opt/ros/humble LD_LIBRARY_PATH=/home/joonmo/ws_moveit/install/moveit_core/lib:/home/joonmo/ws_moveit/install/srdfdom/lib:${LD_LIBRARY_PATH} PATH=/home/joonmo/ws_moveit/install/moveit_core/bin:${PATH} PYTHONPATH=/home/joonmo/ws_moveit/install/srdfdom/local/lib/python3.10/dist-packages:${PYTHONPATH} /usr/bin/cmake --build /home/joonmo/ws_moveit/build/chomp_motion_planner -- -j8 -l8
[52.131s] Invoking command in '/home/joonmo/ws_moveit/build/chomp_motion_planner': AMENT_PREFIX_PATH=/home/joonmo/ws_moveit/install/moveit_core:/home/joonmo/ws_moveit/install/moveit_resources_panda_moveit_config:/home/joonmo/ws_moveit/install/srdfdom:/home/joonmo/ws_moveit/install/moveit_resources_pr2_description:/home/joonmo/ws_moveit/install/moveit_resources_panda_description:/home/joonmo/ws_moveit/install/moveit_common:${AMENT_PREFIX_PATH} CMAKE_PREFIX_PATH=/home/joonmo/ws_moveit/install/moveit_core:/home/joonmo/ws_moveit/install/moveit_resources_panda_moveit_config:/home/joonmo/ws_moveit/install/srdfdom:/home/joonmo/ws_moveit/install/moveit_resources_pr2_description:/home/joonmo/ws_moveit/install/moveit_resources_panda_description:/home/joonmo/ws_moveit/install/moveit_common:/opt/ros/humble LD_LIBRARY_PATH=/home/joonmo/ws_moveit/install/moveit_core/lib:/home/joonmo/ws_moveit/install/srdfdom/lib:${LD_LIBRARY_PATH} PATH=/home/joonmo/ws_moveit/install/moveit_core/bin:${PATH} PYTHONPATH=/home/joonmo/ws_moveit/install/srdfdom/local/lib/python3.10/dist-packages:${PYTHONPATH} /usr/bin/cmake --install /home/joonmo/ws_moveit/build/chomp_motion_planner
[52.141s] -- Install configuration: "Release"
[52.141s] -- Installing: /home/joonmo/ws_moveit/install/chomp_motion_planner/lib/libchomp_motion_planner.so.2.5.7
[52.141s] -- Set runtime path of "/home/joonmo/ws_moveit/install/chomp_motion_planner/lib/libchomp_motion_planner.so.2.5.7" to ""
[52.142s] -- Installing: /home/joonmo/ws_moveit/install/chomp_motion_planner/lib/libchomp_motion_planner.so
[52.142s] -- Installing: /home/joonmo/ws_moveit/install/chomp_motion_planner/include
[52.142s] -- Installing: /home/joonmo/ws_moveit/install/chomp_motion_planner/include/chomp_motion_planner
[52.142s] -- Installing: /home/joonmo/ws_moveit/install/chomp_motion_planner/include/chomp_motion_planner/chomp_planner.h
[52.142s] -- Installing: /home/joonmo/ws_moveit/install/chomp_motion_planner/include/chomp_motion_planner/chomp_utils.h
[52.142s] -- Installing: /home/joonmo/ws_moveit/install/chomp_motion_planner/include/chomp_motion_planner/chomp_parameters.h
[52.142s] -- Installing: /home/joonmo/ws_moveit/install/chomp_motion_planner/include/chomp_motion_planner/chomp_trajectory.h
[52.143s] -- Installing: /home/joonmo/ws_moveit/install/chomp_motion_planner/include/chomp_motion_planner/chomp_cost.h
[52.143s] -- Installing: /home/joonmo/ws_moveit/install/chomp_motion_planner/include/chomp_motion_planner/chomp_optimizer.h
[52.143s] -- Installing: /home/joonmo/ws_moveit/install/chomp_motion_planner/include/chomp_motion_planner/multivariate_gaussian.h
[52.143s] -- Installing: /home/joonmo/ws_moveit/install/chomp_motion_planner/share/chomp_motion_planner/environment/library_path.sh
[52.143s] -- Installing: /home/joonmo/ws_moveit/install/chomp_motion_planner/share/chomp_motion_planner/environment/library_path.dsv
[52.143s] -- Installing: /home/joonmo/ws_moveit/install/chomp_motion_planner/share/ament_index/resource_index/package_run_dependencies/chomp_motion_planner
[52.144s] -- Installing: /home/joonmo/ws_moveit/install/chomp_motion_planner/share/ament_index/resource_index/parent_prefix_path/chomp_motion_planner
[52.144s] -- Installing: /home/joonmo/ws_moveit/install/chomp_motion_planner/share/chomp_motion_planner/environment/ament_prefix_path.sh
[52.144s] -- Installing: /home/joonmo/ws_moveit/install/chomp_motion_planner/share/chomp_motion_planner/environment/ament_prefix_path.dsv
[52.144s] -- Installing: /home/joonmo/ws_moveit/install/chomp_motion_planner/share/chomp_motion_planner/environment/path.sh
[52.144s] -- Installing: /home/joonmo/ws_moveit/install/chomp_motion_planner/share/chomp_motion_planner/environment/path.dsv
[52.145s] -- Installing: /home/joonmo/ws_moveit/install/chomp_motion_planner/share/chomp_motion_planner/local_setup.bash
[52.145s] -- Installing: /home/joonmo/ws_moveit/install/chomp_motion_planner/share/chomp_motion_planner/local_setup.sh
[52.145s] -- Installing: /home/joonmo/ws_moveit/install/chomp_motion_planner/share/chomp_motion_planner/local_setup.zsh
[52.145s] -- Installing: /home/joonmo/ws_moveit/install/chomp_motion_planner/share/chomp_motion_planner/local_setup.dsv
[52.145s] -- Installing: /home/joonmo/ws_moveit/install/chomp_motion_planner/share/chomp_motion_planner/package.dsv
[52.145s] -- Installing: /home/joonmo/ws_moveit/install/chomp_motion_planner/share/ament_index/resource_index/packages/chomp_motion_planner
[52.146s] -- Installing: /home/joonmo/ws_moveit/install/chomp_motion_planner/share/chomp_motion_planner/cmake/chomp_motion_plannerTargetsExport.cmake
[52.146s] -- Installing: /home/joonmo/ws_moveit/install/chomp_motion_planner/share/chomp_motion_planner/cmake/chomp_motion_plannerTargetsExport-release.cmake
[52.146s] -- Installing: /home/joonmo/ws_moveit/install/chomp_motion_planner/share/chomp_motion_planner/cmake/ament_cmake_export_targets-extras.cmake
[52.146s] -- Installing: /home/joonmo/ws_moveit/install/chomp_motion_planner/share/chomp_motion_planner/cmake/chomp_motion_plannerConfig.cmake
[52.146s] -- Installing: /home/joonmo/ws_moveit/install/chomp_motion_planner/share/chomp_motion_planner/cmake/chomp_motion_plannerConfig-version.cmake
[52.146s] -- Installing: /home/joonmo/ws_moveit/install/chomp_motion_planner/share/chomp_motion_planner/package.xml
[52.149s] Invoked command in '/home/joonmo/ws_moveit/build/chomp_motion_planner' returned '0': AMENT_PREFIX_PATH=/home/joonmo/ws_moveit/install/moveit_core:/home/joonmo/ws_moveit/install/moveit_resources_panda_moveit_config:/home/joonmo/ws_moveit/install/srdfdom:/home/joonmo/ws_moveit/install/moveit_resources_pr2_description:/home/joonmo/ws_moveit/install/moveit_resources_panda_description:/home/joonmo/ws_moveit/install/moveit_common:${AMENT_PREFIX_PATH} CMAKE_PREFIX_PATH=/home/joonmo/ws_moveit/install/moveit_core:/home/joonmo/ws_moveit/install/moveit_resources_panda_moveit_config:/home/joonmo/ws_moveit/install/srdfdom:/home/joonmo/ws_moveit/install/moveit_resources_pr2_description:/home/joonmo/ws_moveit/install/moveit_resources_panda_description:/home/joonmo/ws_moveit/install/moveit_common:/opt/ros/humble LD_LIBRARY_PATH=/home/joonmo/ws_moveit/install/moveit_core/lib:/home/joonmo/ws_moveit/install/srdfdom/lib:${LD_LIBRARY_PATH} PATH=/home/joonmo/ws_moveit/install/moveit_core/bin:${PATH} PYTHONPATH=/home/joonmo/ws_moveit/install/srdfdom/local/lib/python3.10/dist-packages:${PYTHONPATH} /usr/bin/cmake --install /home/joonmo/ws_moveit/build/chomp_motion_planner
