[0.028s] Invoking command in '/home/joonmo/ws_moveit/build/moveit_servo': AMENT_PREFIX_PATH=/home/joonmo/ws_moveit/install/moveit_ros_planning_interface:/home/joonmo/ws_moveit/install/moveit_ros_move_group:/home/joonmo/ws_moveit/install/moveit_ros_warehouse:/home/joonmo/ws_moveit/install/moveit_planners_ompl:/home/joonmo/ws_moveit/install/moveit_kinematics:/home/joonmo/ws_moveit/install/moveit_ros_planning:/home/joonmo/ws_moveit/install/moveit_simple_controller_manager:/home/joonmo/ws_moveit/install/moveit_ros_occupancy_map_monitor:/home/joonmo/ws_moveit/install/moveit_core:/home/joonmo/ws_moveit/install/moveit_resources_panda_moveit_config:/home/joonmo/ws_moveit/install/moveit_resources_fanuc_moveit_config:/home/joonmo/ws_moveit/install/moveit_configs_utils:/home/joonmo/ws_moveit/install/srdfdom:/home/joonmo/ws_moveit/install/moveit_resources_pr2_description:/home/joonmo/ws_moveit/install/moveit_resources_panda_description:/home/joonmo/ws_moveit/install/moveit_resources_fanuc_description:/home/joonmo/ws_moveit/install/moveit_common:/home/joonmo/ws_moveit/install/launch_param_builder:${AMENT_PREFIX_PATH} CMAKE_PREFIX_PATH=/home/joonmo/ws_moveit/install/moveit_ros_planning_interface:/home/joonmo/ws_moveit/install/moveit_ros_move_group:/home/joonmo/ws_moveit/install/moveit_ros_warehouse:/home/joonmo/ws_moveit/install/moveit_planners_ompl:/home/joonmo/ws_moveit/install/moveit_kinematics:/home/joonmo/ws_moveit/install/moveit_ros_planning:/home/joonmo/ws_moveit/install/moveit_simple_controller_manager:/home/joonmo/ws_moveit/install/moveit_ros_occupancy_map_monitor:/home/joonmo/ws_moveit/install/moveit_core:/home/joonmo/ws_moveit/install/moveit_resources_panda_moveit_config:/home/joonmo/ws_moveit/install/moveit_resources_fanuc_moveit_config:/home/joonmo/ws_moveit/install/srdfdom:/home/joonmo/ws_moveit/install/moveit_resources_pr2_description:/home/joonmo/ws_moveit/install/moveit_resources_panda_description:/home/joonmo/ws_moveit/install/moveit_resources_fanuc_description:/home/joonmo/ws_moveit/install/moveit_common:/opt/ros/humble LD_LIBRARY_PATH=/home/joonmo/ws_moveit/install/moveit_ros_planning_interface/lib:/home/joonmo/ws_moveit/install/moveit_ros_move_group/lib:/home/joonmo/ws_moveit/install/moveit_ros_warehouse/lib:/home/joonmo/ws_moveit/install/moveit_planners_ompl/lib:/home/joonmo/ws_moveit/install/moveit_kinematics/lib:/home/joonmo/ws_moveit/install/moveit_ros_planning/lib:/home/joonmo/ws_moveit/install/moveit_simple_controller_manager/lib:/home/joonmo/ws_moveit/install/moveit_ros_occupancy_map_monitor/lib:/home/joonmo/ws_moveit/install/moveit_core/lib:/home/joonmo/ws_moveit/install/srdfdom/lib:${LD_LIBRARY_PATH} PATH=/home/joonmo/ws_moveit/install/moveit_core/bin:${PATH} PYTHONPATH=/home/joonmo/ws_moveit/install/moveit_configs_utils/lib/python3.10/site-packages:/home/joonmo/ws_moveit/install/srdfdom/local/lib/python3.10/dist-packages:/home/joonmo/ws_moveit/install/launch_param_builder/lib/python3.10/site-packages:${PYTHONPATH} /usr/bin/cmake /home/joonmo/ws_moveit/src/moveit2/moveit_ros/moveit_servo -DCMAKE_BUILD_TYPE=Release -DCMAKE_INSTALL_PREFIX=/home/joonmo/ws_moveit/install/moveit_servo
[0.076s] -- The C compiler identification is GNU 11.4.0
[0.120s] -- The CXX compiler identification is GNU 11.4.0
[0.126s] -- Detecting C compiler ABI info
[0.182s] -- Detecting C compiler ABI info - done
[0.190s] -- Check for working C compiler: /usr/bin/cc - skipped
[0.191s] -- Detecting C compile features
[0.191s] -- Detecting C compile features - done
[0.195s] -- Detecting CXX compiler ABI info
[0.263s] -- Detecting CXX compiler ABI info - done
[0.269s] -- Check for working CXX compiler: /usr/bin/c++ - skipped
[0.270s] -- Detecting CXX compile features
[0.270s] -- Detecting CXX compile features - done
[0.272s] -- Found moveit_common: 2.5.7 (/home/joonmo/ws_moveit/install/moveit_common/share/moveit_common/cmake)
[0.273s] -- Found ament_cmake: 1.3.11 (/opt/ros/humble/share/ament_cmake/cmake)
[0.402s] -- Found Python3: /usr/bin/python3 (found version "3.10.12") found components: Interpreter 
[0.576s] -- Found eigen3_cmake_module: 0.1.1 (/opt/ros/humble/share/eigen3_cmake_module/cmake)
[0.583s] -- Found Eigen3: TRUE (found version "3.4.0") 
[0.586s] -- Found control_msgs: 4.7.0 (/opt/ros/humble/share/control_msgs/cmake)
[0.632s] -- Found rosidl_generator_c: 3.1.6 (/opt/ros/humble/share/rosidl_generator_c/cmake)
[0.639s] -- Found rosidl_adapter: 3.1.6 (/opt/ros/humble/share/rosidl_adapter/cmake)
[0.649s] -- Found rosidl_generator_cpp: 3.1.6 (/opt/ros/humble/share/rosidl_generator_cpp/cmake)
[0.665s] -- Using all available rosidl_typesupport_c: rosidl_typesupport_fastrtps_c;rosidl_typesupport_introspection_c
[0.686s] -- Using all available rosidl_typesupport_cpp: rosidl_typesupport_fastrtps_cpp;rosidl_typesupport_introspection_cpp
[0.843s] -- Found control_toolbox: 3.6.0 (/opt/ros/humble/share/control_toolbox/cmake)
[0.936s] -- Found rmw_implementation_cmake: 6.1.2 (/opt/ros/humble/share/rmw_implementation_cmake/cmake)
[0.941s] -- Found rmw_fastrtps_cpp: 6.2.7 (/opt/ros/humble/share/rmw_fastrtps_cpp/cmake)
[1.062s] -- Found OpenSSL: /usr/lib/x86_64-linux-gnu/libcrypto.so (found version "3.0.2")  
[1.096s] -- Found FastRTPS: /opt/ros/humble/include  
[1.147s] -- Using RMW implementation 'rmw_fastrtps_cpp' as default
[1.159s] -- Looking for pthread.h
[1.282s] -- Looking for pthread.h - found
[1.283s] -- Performing Test CMAKE_HAVE_LIBC_PTHREAD
[1.414s] -- Performing Test CMAKE_HAVE_LIBC_PTHREAD - Success
[1.415s] -- Found Threads: TRUE  
[1.614s] -- Found moveit_core: 2.5.7 (/home/joonmo/ws_moveit/install/moveit_core/share/moveit_core/cmake)
[1.664s] -- Found Boost: /usr/lib/x86_64-linux-gnu/cmake/Boost-1.74.0/BoostConfig.cmake (found version "1.74.0") found components: chrono date_time filesystem iostreams program_options regex serialization system thread 
[1.711s] -- Found Boost: /usr/lib/x86_64-linux-gnu/cmake/Boost-1.74.0/BoostConfig.cmake (found version "1.74.0") found components: filesystem 
[1.810s] -- library: /usr/lib/x86_64-linux-gnu/libcurl.so
[1.872s] -- Ensuring Eigen3 include directory is part of orocos-kdl CMake target
[2.091s] -- Found moveit_ros_planning: 2.5.7 (/home/joonmo/ws_moveit/install/moveit_ros_planning/share/moveit_ros_planning/cmake)
[2.097s] -- Found Boost: /usr/lib/x86_64-linux-gnu/cmake/Boost-1.74.0/BoostConfig.cmake (found version "1.74.0") found components: system filesystem date_time program_options thread chrono 
[2.129s] -- Found std_srvs: 4.2.4 (/opt/ros/humble/share/std_srvs/cmake)
[2.247s] -- Found ament_lint_auto: 0.12.11 (/opt/ros/humble/share/ament_lint_auto/cmake)
[2.250s] -- Found ament_cmake_gtest: 1.3.11 (/opt/ros/humble/share/ament_cmake_gtest/cmake)
[2.253s] -- Found ros_testing: 0.4.0 (/opt/ros/humble/share/ros_testing/cmake)
[2.256s] -- Found launch_testing_ament_cmake: 1.0.7 (/opt/ros/humble/share/launch_testing_ament_cmake/cmake)
[2.258s] -- Found python_cmake_module: 0.10.0 (/opt/ros/humble/share/python_cmake_module/cmake)
[2.284s] -- Found PythonInterp: /usr/bin/python3 (found suitable version "3.10.12", minimum required is "3.6") 
[2.290s] -- Found PythonLibs: /usr/lib/x86_64-linux-gnu/libpython3.10.so (found suitable version "3.10.12", minimum required is "3.5") 
[2.290s] -- Using PYTHON_EXECUTABLE: /usr/bin/python3
[2.290s] -- Using PYTHON_INCLUDE_DIRS: /usr/include/python3.10
[2.290s] -- Using PYTHON_LIBRARIES: /usr/lib/x86_64-linux-gnu/libpython3.10.so
[2.316s] -- Found PythonExtra: .so  
[2.322s] -- Found Boost: /usr/lib/x86_64-linux-gnu/cmake/Boost-1.74.0/BoostConfig.cmake (found version "1.74.0") found components: filesystem 
[2.417s] -- Found gtest sources under '/opt/ros/humble/src/gtest_vendor': C++ tests using 'Google Test' will be built
[2.482s] -- Added test 'cppcheck' to perform static code analysis on C / C++ code
[2.484s] -- Configured cppcheck include dirs: /home/joonmo/ws_moveit/src/moveit2/moveit_ros/moveit_servo/include
[2.484s] -- Configured cppcheck exclude dirs and/or files: 
[2.486s] -- Added test 'lint_cmake' to check CMake code style
[2.486s] -- Added test 'pep257' to check Python code against some of the docstring style conventions in PEP 257
[2.487s] -- Added test 'xmllint' to check XML markup files
[2.489s] -- Configuring done
[2.708s] -- Generating done
[2.803s] -- Build files have been written to: /home/joonmo/ws_moveit/build/moveit_servo
[2.838s] Invoked command in '/home/joonmo/ws_moveit/build/moveit_servo' returned '0': AMENT_PREFIX_PATH=/home/joonmo/ws_moveit/install/moveit_ros_planning_interface:/home/joonmo/ws_moveit/install/moveit_ros_move_group:/home/joonmo/ws_moveit/install/moveit_ros_warehouse:/home/joonmo/ws_moveit/install/moveit_planners_ompl:/home/joonmo/ws_moveit/install/moveit_kinematics:/home/joonmo/ws_moveit/install/moveit_ros_planning:/home/joonmo/ws_moveit/install/moveit_simple_controller_manager:/home/joonmo/ws_moveit/install/moveit_ros_occupancy_map_monitor:/home/joonmo/ws_moveit/install/moveit_core:/home/joonmo/ws_moveit/install/moveit_resources_panda_moveit_config:/home/joonmo/ws_moveit/install/moveit_resources_fanuc_moveit_config:/home/joonmo/ws_moveit/install/moveit_configs_utils:/home/joonmo/ws_moveit/install/srdfdom:/home/joonmo/ws_moveit/install/moveit_resources_pr2_description:/home/joonmo/ws_moveit/install/moveit_resources_panda_description:/home/joonmo/ws_moveit/install/moveit_resources_fanuc_description:/home/joonmo/ws_moveit/install/moveit_common:/home/joonmo/ws_moveit/install/launch_param_builder:${AMENT_PREFIX_PATH} CMAKE_PREFIX_PATH=/home/joonmo/ws_moveit/install/moveit_ros_planning_interface:/home/joonmo/ws_moveit/install/moveit_ros_move_group:/home/joonmo/ws_moveit/install/moveit_ros_warehouse:/home/joonmo/ws_moveit/install/moveit_planners_ompl:/home/joonmo/ws_moveit/install/moveit_kinematics:/home/joonmo/ws_moveit/install/moveit_ros_planning:/home/joonmo/ws_moveit/install/moveit_simple_controller_manager:/home/joonmo/ws_moveit/install/moveit_ros_occupancy_map_monitor:/home/joonmo/ws_moveit/install/moveit_core:/home/joonmo/ws_moveit/install/moveit_resources_panda_moveit_config:/home/joonmo/ws_moveit/install/moveit_resources_fanuc_moveit_config:/home/joonmo/ws_moveit/install/srdfdom:/home/joonmo/ws_moveit/install/moveit_resources_pr2_description:/home/joonmo/ws_moveit/install/moveit_resources_panda_description:/home/joonmo/ws_moveit/install/moveit_resources_fanuc_description:/home/joonmo/ws_moveit/install/moveit_common:/opt/ros/humble LD_LIBRARY_PATH=/home/joonmo/ws_moveit/install/moveit_ros_planning_interface/lib:/home/joonmo/ws_moveit/install/moveit_ros_move_group/lib:/home/joonmo/ws_moveit/install/moveit_ros_warehouse/lib:/home/joonmo/ws_moveit/install/moveit_planners_ompl/lib:/home/joonmo/ws_moveit/install/moveit_kinematics/lib:/home/joonmo/ws_moveit/install/moveit_ros_planning/lib:/home/joonmo/ws_moveit/install/moveit_simple_controller_manager/lib:/home/joonmo/ws_moveit/install/moveit_ros_occupancy_map_monitor/lib:/home/joonmo/ws_moveit/install/moveit_core/lib:/home/joonmo/ws_moveit/install/srdfdom/lib:${LD_LIBRARY_PATH} PATH=/home/joonmo/ws_moveit/install/moveit_core/bin:${PATH} PYTHONPATH=/home/joonmo/ws_moveit/install/moveit_configs_utils/lib/python3.10/site-packages:/home/joonmo/ws_moveit/install/srdfdom/local/lib/python3.10/dist-packages:/home/joonmo/ws_moveit/install/launch_param_builder/lib/python3.10/site-packages:${PYTHONPATH} /usr/bin/cmake /home/joonmo/ws_moveit/src/moveit2/moveit_ros/moveit_servo -DCMAKE_BUILD_TYPE=Release -DCMAKE_INSTALL_PREFIX=/home/joonmo/ws_moveit/install/moveit_servo
[2.845s] Invoking command in '/home/joonmo/ws_moveit/build/moveit_servo': AMENT_PREFIX_PATH=/home/joonmo/ws_moveit/install/moveit_ros_planning_interface:/home/joonmo/ws_moveit/install/moveit_ros_move_group:/home/joonmo/ws_moveit/install/moveit_ros_warehouse:/home/joonmo/ws_moveit/install/moveit_planners_ompl:/home/joonmo/ws_moveit/install/moveit_kinematics:/home/joonmo/ws_moveit/install/moveit_ros_planning:/home/joonmo/ws_moveit/install/moveit_simple_controller_manager:/home/joonmo/ws_moveit/install/moveit_ros_occupancy_map_monitor:/home/joonmo/ws_moveit/install/moveit_core:/home/joonmo/ws_moveit/install/moveit_resources_panda_moveit_config:/home/joonmo/ws_moveit/install/moveit_resources_fanuc_moveit_config:/home/joonmo/ws_moveit/install/moveit_configs_utils:/home/joonmo/ws_moveit/install/srdfdom:/home/joonmo/ws_moveit/install/moveit_resources_pr2_description:/home/joonmo/ws_moveit/install/moveit_resources_panda_description:/home/joonmo/ws_moveit/install/moveit_resources_fanuc_description:/home/joonmo/ws_moveit/install/moveit_common:/home/joonmo/ws_moveit/install/launch_param_builder:${AMENT_PREFIX_PATH} CMAKE_PREFIX_PATH=/home/joonmo/ws_moveit/install/moveit_ros_planning_interface:/home/joonmo/ws_moveit/install/moveit_ros_move_group:/home/joonmo/ws_moveit/install/moveit_ros_warehouse:/home/joonmo/ws_moveit/install/moveit_planners_ompl:/home/joonmo/ws_moveit/install/moveit_kinematics:/home/joonmo/ws_moveit/install/moveit_ros_planning:/home/joonmo/ws_moveit/install/moveit_simple_controller_manager:/home/joonmo/ws_moveit/install/moveit_ros_occupancy_map_monitor:/home/joonmo/ws_moveit/install/moveit_core:/home/joonmo/ws_moveit/install/moveit_resources_panda_moveit_config:/home/joonmo/ws_moveit/install/moveit_resources_fanuc_moveit_config:/home/joonmo/ws_moveit/install/srdfdom:/home/joonmo/ws_moveit/install/moveit_resources_pr2_description:/home/joonmo/ws_moveit/install/moveit_resources_panda_description:/home/joonmo/ws_moveit/install/moveit_resources_fanuc_description:/home/joonmo/ws_moveit/install/moveit_common:/opt/ros/humble LD_LIBRARY_PATH=/home/joonmo/ws_moveit/install/moveit_ros_planning_interface/lib:/home/joonmo/ws_moveit/install/moveit_ros_move_group/lib:/home/joonmo/ws_moveit/install/moveit_ros_warehouse/lib:/home/joonmo/ws_moveit/install/moveit_planners_ompl/lib:/home/joonmo/ws_moveit/install/moveit_kinematics/lib:/home/joonmo/ws_moveit/install/moveit_ros_planning/lib:/home/joonmo/ws_moveit/install/moveit_simple_controller_manager/lib:/home/joonmo/ws_moveit/install/moveit_ros_occupancy_map_monitor/lib:/home/joonmo/ws_moveit/install/moveit_core/lib:/home/joonmo/ws_moveit/install/srdfdom/lib:${LD_LIBRARY_PATH} PATH=/home/joonmo/ws_moveit/install/moveit_core/bin:${PATH} PYTHONPATH=/home/joonmo/ws_moveit/install/moveit_configs_utils/lib/python3.10/site-packages:/home/joonmo/ws_moveit/install/srdfdom/local/lib/python3.10/dist-packages:/home/joonmo/ws_moveit/install/launch_param_builder/lib/python3.10/site-packages:${PYTHONPATH} /usr/bin/cmake --build /home/joonmo/ws_moveit/build/moveit_servo -- -j8 -l8
[3.004s] [  3%] [32mBuilding CXX object CMakeFiles/moveit_servo_lib_parameters.dir/src/parameter_descriptor_builder.cpp.o[0m
[3.004s] [  6%] [32mBuilding CXX object CMakeFiles/moveit_servo_lib_parameters.dir/src/servo_parameters.cpp.o[0m
[3.009s] [  9%] [32mBuilding CXX object CMakeFiles/fake_command_publisher.dir/test/publish_fake_jog_commands.cpp.o[0m
[3.009s] [ 12%] [32mBuilding CXX object gtest/CMakeFiles/gtest_main.dir/src/gtest_main.cc.o[0m
[3.018s] [ 15%] [32mBuilding CXX object gtest/CMakeFiles/gtest.dir/src/gtest-all.cc.o[0m
[3.025s] [ 18%] [32mBuilding CXX object CMakeFiles/servo_controller_input.dir/src/teleop_demo/joystick_servo_example.cpp.o[0m
[7.346s] [ 21%] [32m[1mLinking CXX static library libgtest_main.a[0m
[7.444s] [ 21%] Built target gtest_main
[32.657s] [ 24%] [32m[1mLinking CXX executable fake_command_publisher[0m
[33.001s] [ 24%] Built target fake_command_publisher
[34.231s] [ 27%] [32m[1mLinking CXX shared library libmoveit_servo_lib_parameters.so[0m
[36.041s] [ 27%] Built target moveit_servo_lib_parameters
[50.536s] [ 30%] [32m[1mLinking CXX static library libgtest.a[0m
[50.699s] [ 30%] Built target gtest
[72.370s] [ 33%] [32m[1mLinking CXX shared library libservo_controller_input.so[0m
[73.223s] [ 33%] Built target servo_controller_input
[73.265s] [ 36%] [32mBuilding CXX object CMakeFiles/test_servo_collision.dir/test/test_servo_collision.cpp.o[0m
[111.574s] [ 39%] [32m[1mLinking CXX executable test_servo_collision[0m
[112.057s] [ 39%] Built target test_servo_collision
[112.084s] [ 42%] [32mBuilding CXX object CMakeFiles/test_servo_integration.dir/test/test_servo_interface.cpp.o[0m
[149.480s] [ 45%] [32m[1mLinking CXX executable test_servo_integration[0m
[149.975s] [ 45%] Built target test_servo_integration
[150.002s] [ 48%] [32mBuilding CXX object CMakeFiles/moveit_servo_lib.dir/src/servo_calcs.cpp.o[0m
[150.002s] [ 57%] [32mBuilding CXX object CMakeFiles/moveit_servo_lib.dir/src/servo.cpp.o[0m
[150.003s] [ 57%] [32mBuilding CXX object CMakeFiles/moveit_servo_lib.dir/src/enforce_limits.cpp.o[0m
[150.003s] [ 57%] [32mBuilding CXX object CMakeFiles/moveit_servo_lib.dir/src/collision_check.cpp.o[0m
[150.003s] [ 60%] [32mBuilding CXX object CMakeFiles/moveit_servo_lib.dir/src/utilities.cpp.o[0m
[242.697s] [ 63%] [32m[1mLinking CXX shared library libmoveit_servo_lib.so[0m
[244.163s] [ 63%] Built target moveit_servo_lib
[244.238s] [ 66%] [32mBuilding CXX object CMakeFiles/pose_tracking.dir/src/pose_tracking.cpp.o[0m
[244.256s] [ 69%] [32mBuilding CXX object CMakeFiles/servo_calcs_unit_tests.dir/test/servo_calcs_unit_tests.cpp.o[0m
[244.257s] [ 72%] [32mBuilding CXX object CMakeFiles/servo_node.dir/src/servo_node.cpp.o[0m
[274.838s] [ 75%] [32m[1mLinking CXX shared library libservo_node.so[0m
[275.455s] [ 75%] Built target servo_node
[289.711s] [ 78%] [32m[1mLinking CXX shared library libpose_tracking.so[0m
[290.102s] [ 78%] Built target pose_tracking
[293.172s] [ 81%] [32m[1mLinking CXX executable servo_calcs_unit_tests[0m
[293.904s] [ 81%] Built target servo_calcs_unit_tests
[293.947s] [ 87%] [32mBuilding CXX object CMakeFiles/servo_pose_tracking_demo.dir/src/cpp_interface_demo/pose_tracking_demo.cpp.o[0m
[293.947s] [ 87%] [32mBuilding CXX object CMakeFiles/test_servo_pose_tracking.dir/test/pose_tracking_test.cpp.o[0m
[342.648s] [ 90%] [32m[1mLinking CXX executable servo_pose_tracking_demo[0m
[343.626s] [ 90%] Built target servo_pose_tracking_demo
[348.350s] [ 93%] [32m[1mLinking CXX executable test_servo_pose_tracking[0m
[348.982s] [ 93%] Built target test_servo_pose_tracking
[349.010s] [ 96%] [32mBuilding CXX object CMakeFiles/servo_node_main.dir/src/servo_node_main.cpp.o[0m
[361.139s] [100%] [32m[1mLinking CXX executable servo_node_main[0m
[361.516s] [100%] Built target servo_node_main
[361.530s] Invoked command in '/home/joonmo/ws_moveit/build/moveit_servo' returned '0': AMENT_PREFIX_PATH=/home/joonmo/ws_moveit/install/moveit_ros_planning_interface:/home/joonmo/ws_moveit/install/moveit_ros_move_group:/home/joonmo/ws_moveit/install/moveit_ros_warehouse:/home/joonmo/ws_moveit/install/moveit_planners_ompl:/home/joonmo/ws_moveit/install/moveit_kinematics:/home/joonmo/ws_moveit/install/moveit_ros_planning:/home/joonmo/ws_moveit/install/moveit_simple_controller_manager:/home/joonmo/ws_moveit/install/moveit_ros_occupancy_map_monitor:/home/joonmo/ws_moveit/install/moveit_core:/home/joonmo/ws_moveit/install/moveit_resources_panda_moveit_config:/home/joonmo/ws_moveit/install/moveit_resources_fanuc_moveit_config:/home/joonmo/ws_moveit/install/moveit_configs_utils:/home/joonmo/ws_moveit/install/srdfdom:/home/joonmo/ws_moveit/install/moveit_resources_pr2_description:/home/joonmo/ws_moveit/install/moveit_resources_panda_description:/home/joonmo/ws_moveit/install/moveit_resources_fanuc_description:/home/joonmo/ws_moveit/install/moveit_common:/home/joonmo/ws_moveit/install/launch_param_builder:${AMENT_PREFIX_PATH} CMAKE_PREFIX_PATH=/home/joonmo/ws_moveit/install/moveit_ros_planning_interface:/home/joonmo/ws_moveit/install/moveit_ros_move_group:/home/joonmo/ws_moveit/install/moveit_ros_warehouse:/home/joonmo/ws_moveit/install/moveit_planners_ompl:/home/joonmo/ws_moveit/install/moveit_kinematics:/home/joonmo/ws_moveit/install/moveit_ros_planning:/home/joonmo/ws_moveit/install/moveit_simple_controller_manager:/home/joonmo/ws_moveit/install/moveit_ros_occupancy_map_monitor:/home/joonmo/ws_moveit/install/moveit_core:/home/joonmo/ws_moveit/install/moveit_resources_panda_moveit_config:/home/joonmo/ws_moveit/install/moveit_resources_fanuc_moveit_config:/home/joonmo/ws_moveit/install/srdfdom:/home/joonmo/ws_moveit/install/moveit_resources_pr2_description:/home/joonmo/ws_moveit/install/moveit_resources_panda_description:/home/joonmo/ws_moveit/install/moveit_resources_fanuc_description:/home/joonmo/ws_moveit/install/moveit_common:/opt/ros/humble LD_LIBRARY_PATH=/home/joonmo/ws_moveit/install/moveit_ros_planning_interface/lib:/home/joonmo/ws_moveit/install/moveit_ros_move_group/lib:/home/joonmo/ws_moveit/install/moveit_ros_warehouse/lib:/home/joonmo/ws_moveit/install/moveit_planners_ompl/lib:/home/joonmo/ws_moveit/install/moveit_kinematics/lib:/home/joonmo/ws_moveit/install/moveit_ros_planning/lib:/home/joonmo/ws_moveit/install/moveit_simple_controller_manager/lib:/home/joonmo/ws_moveit/install/moveit_ros_occupancy_map_monitor/lib:/home/joonmo/ws_moveit/install/moveit_core/lib:/home/joonmo/ws_moveit/install/srdfdom/lib:${LD_LIBRARY_PATH} PATH=/home/joonmo/ws_moveit/install/moveit_core/bin:${PATH} PYTHONPATH=/home/joonmo/ws_moveit/install/moveit_configs_utils/lib/python3.10/site-packages:/home/joonmo/ws_moveit/install/srdfdom/local/lib/python3.10/dist-packages:/home/joonmo/ws_moveit/install/launch_param_builder/lib/python3.10/site-packages:${PYTHONPATH} /usr/bin/cmake --build /home/joonmo/ws_moveit/build/moveit_servo -- -j8 -l8
[361.533s] Invoking command in '/home/joonmo/ws_moveit/build/moveit_servo': AMENT_PREFIX_PATH=/home/joonmo/ws_moveit/install/moveit_ros_planning_interface:/home/joonmo/ws_moveit/install/moveit_ros_move_group:/home/joonmo/ws_moveit/install/moveit_ros_warehouse:/home/joonmo/ws_moveit/install/moveit_planners_ompl:/home/joonmo/ws_moveit/install/moveit_kinematics:/home/joonmo/ws_moveit/install/moveit_ros_planning:/home/joonmo/ws_moveit/install/moveit_simple_controller_manager:/home/joonmo/ws_moveit/install/moveit_ros_occupancy_map_monitor:/home/joonmo/ws_moveit/install/moveit_core:/home/joonmo/ws_moveit/install/moveit_resources_panda_moveit_config:/home/joonmo/ws_moveit/install/moveit_resources_fanuc_moveit_config:/home/joonmo/ws_moveit/install/moveit_configs_utils:/home/joonmo/ws_moveit/install/srdfdom:/home/joonmo/ws_moveit/install/moveit_resources_pr2_description:/home/joonmo/ws_moveit/install/moveit_resources_panda_description:/home/joonmo/ws_moveit/install/moveit_resources_fanuc_description:/home/joonmo/ws_moveit/install/moveit_common:/home/joonmo/ws_moveit/install/launch_param_builder:${AMENT_PREFIX_PATH} CMAKE_PREFIX_PATH=/home/joonmo/ws_moveit/install/moveit_ros_planning_interface:/home/joonmo/ws_moveit/install/moveit_ros_move_group:/home/joonmo/ws_moveit/install/moveit_ros_warehouse:/home/joonmo/ws_moveit/install/moveit_planners_ompl:/home/joonmo/ws_moveit/install/moveit_kinematics:/home/joonmo/ws_moveit/install/moveit_ros_planning:/home/joonmo/ws_moveit/install/moveit_simple_controller_manager:/home/joonmo/ws_moveit/install/moveit_ros_occupancy_map_monitor:/home/joonmo/ws_moveit/install/moveit_core:/home/joonmo/ws_moveit/install/moveit_resources_panda_moveit_config:/home/joonmo/ws_moveit/install/moveit_resources_fanuc_moveit_config:/home/joonmo/ws_moveit/install/srdfdom:/home/joonmo/ws_moveit/install/moveit_resources_pr2_description:/home/joonmo/ws_moveit/install/moveit_resources_panda_description:/home/joonmo/ws_moveit/install/moveit_resources_fanuc_description:/home/joonmo/ws_moveit/install/moveit_common:/opt/ros/humble LD_LIBRARY_PATH=/home/joonmo/ws_moveit/install/moveit_ros_planning_interface/lib:/home/joonmo/ws_moveit/install/moveit_ros_move_group/lib:/home/joonmo/ws_moveit/install/moveit_ros_warehouse/lib:/home/joonmo/ws_moveit/install/moveit_planners_ompl/lib:/home/joonmo/ws_moveit/install/moveit_kinematics/lib:/home/joonmo/ws_moveit/install/moveit_ros_planning/lib:/home/joonmo/ws_moveit/install/moveit_simple_controller_manager/lib:/home/joonmo/ws_moveit/install/moveit_ros_occupancy_map_monitor/lib:/home/joonmo/ws_moveit/install/moveit_core/lib:/home/joonmo/ws_moveit/install/srdfdom/lib:${LD_LIBRARY_PATH} PATH=/home/joonmo/ws_moveit/install/moveit_core/bin:${PATH} PYTHONPATH=/home/joonmo/ws_moveit/install/moveit_configs_utils/lib/python3.10/site-packages:/home/joonmo/ws_moveit/install/srdfdom/local/lib/python3.10/dist-packages:/home/joonmo/ws_moveit/install/launch_param_builder/lib/python3.10/site-packages:${PYTHONPATH} /usr/bin/cmake --install /home/joonmo/ws_moveit/build/moveit_servo
[361.542s] -- Install configuration: "Release"
[361.542s] -- Installing: /home/joonmo/ws_moveit/install/moveit_servo/lib/libmoveit_servo_lib.so.2.5.7
[361.545s] -- Set runtime path of "/home/joonmo/ws_moveit/install/moveit_servo/lib/libmoveit_servo_lib.so.2.5.7" to ""
[361.545s] -- Installing: /home/joonmo/ws_moveit/install/moveit_servo/lib/libmoveit_servo_lib.so
[361.545s] -- Installing: /home/joonmo/ws_moveit/install/moveit_servo/lib/libmoveit_servo_lib_parameters.so.2.5.7
[361.545s] -- Set runtime path of "/home/joonmo/ws_moveit/install/moveit_servo/lib/libmoveit_servo_lib_parameters.so.2.5.7" to ""
[361.545s] -- Installing: /home/joonmo/ws_moveit/install/moveit_servo/lib/libmoveit_servo_lib_parameters.so
[361.545s] -- Installing: /home/joonmo/ws_moveit/install/moveit_servo/lib/libpose_tracking.so
[361.546s] -- Set runtime path of "/home/joonmo/ws_moveit/install/moveit_servo/lib/libpose_tracking.so" to ""
[361.547s] -- Installing: /home/joonmo/ws_moveit/install/moveit_servo/lib/libservo_node.so
[361.547s] -- Set runtime path of "/home/joonmo/ws_moveit/install/moveit_servo/lib/libservo_node.so" to ""
[361.547s] -- Installing: /home/joonmo/ws_moveit/install/moveit_servo/lib/libservo_controller_input.so
[361.548s] -- Set runtime path of "/home/joonmo/ws_moveit/install/moveit_servo/lib/libservo_controller_input.so" to ""
[361.548s] -- Installing: /home/joonmo/ws_moveit/install/moveit_servo/lib/moveit_servo/servo_node_main
[361.548s] -- Set runtime path of "/home/joonmo/ws_moveit/install/moveit_servo/lib/moveit_servo/servo_node_main" to ""
[361.549s] -- Installing: /home/joonmo/ws_moveit/install/moveit_servo/lib/moveit_servo/servo_pose_tracking_demo
[361.550s] -- Set runtime path of "/home/joonmo/ws_moveit/install/moveit_servo/lib/moveit_servo/servo_pose_tracking_demo" to ""
[361.550s] -- Installing: /home/joonmo/ws_moveit/install/moveit_servo/lib/moveit_servo/fake_command_publisher
[361.550s] -- Set runtime path of "/home/joonmo/ws_moveit/install/moveit_servo/lib/moveit_servo/fake_command_publisher" to ""
[361.550s] -- Installing: /home/joonmo/ws_moveit/install/moveit_servo/include
[361.550s] -- Installing: /home/joonmo/ws_moveit/install/moveit_servo/include/moveit_servo
[361.550s] -- Installing: /home/joonmo/ws_moveit/install/moveit_servo/include/moveit_servo/collision_check.h
[361.551s] -- Installing: /home/joonmo/ws_moveit/install/moveit_servo/include/moveit_servo/servo_node.h
[361.551s] -- Installing: /home/joonmo/ws_moveit/install/moveit_servo/include/moveit_servo/pose_tracking.h
[361.551s] -- Installing: /home/joonmo/ws_moveit/install/moveit_servo/include/moveit_servo/servo_calcs.h
[361.551s] -- Installing: /home/joonmo/ws_moveit/install/moveit_servo/include/moveit_servo/status_codes.h
[361.551s] -- Installing: /home/joonmo/ws_moveit/install/moveit_servo/include/moveit_servo/make_shared_from_pool.h
[361.551s] -- Installing: /home/joonmo/ws_moveit/install/moveit_servo/include/moveit_servo/servo.h
[361.551s] -- Installing: /home/joonmo/ws_moveit/install/moveit_servo/include/moveit_servo/servo_parameters.h
[361.551s] -- Installing: /home/joonmo/ws_moveit/install/moveit_servo/include/moveit_servo/servo_server.h
[361.552s] -- Installing: /home/joonmo/ws_moveit/install/moveit_servo/include/moveit_servo/utilities.h
[361.552s] -- Installing: /home/joonmo/ws_moveit/install/moveit_servo/include/moveit_servo/enforce_limits.hpp
[361.552s] -- Installing: /home/joonmo/ws_moveit/install/moveit_servo/include/moveit_servo/parameter_descriptor_builder.hpp
[361.552s] -- Installing: /home/joonmo/ws_moveit/install/moveit_servo/share/moveit_servo/launch
[361.552s] -- Installing: /home/joonmo/ws_moveit/install/moveit_servo/share/moveit_servo/launch/pose_tracking_example.launch.py
[361.552s] -- Installing: /home/joonmo/ws_moveit/install/moveit_servo/share/moveit_servo/launch/servo_example.launch.py
[361.552s] -- Installing: /home/joonmo/ws_moveit/install/moveit_servo/share/moveit_servo/config
[361.552s] -- Installing: /home/joonmo/ws_moveit/install/moveit_servo/share/moveit_servo/config/panda_simulated_config_pose_tracking.yaml
[361.553s] -- Installing: /home/joonmo/ws_moveit/install/moveit_servo/share/moveit_servo/config/panda_simulated_config.yaml
[361.553s] -- Installing: /home/joonmo/ws_moveit/install/moveit_servo/share/moveit_servo/config/pose_tracking_settings.yaml
[361.553s] -- Installing: /home/joonmo/ws_moveit/install/moveit_servo/share/moveit_servo/config/demo_rviz_pose_tracking.rviz
[361.553s] -- Installing: /home/joonmo/ws_moveit/install/moveit_servo/share/moveit_servo/config/demo_rviz_config.rviz
[361.553s] -- Installing: /home/joonmo/ws_moveit/install/moveit_servo/share/moveit_servo/environment/library_path.sh
[361.553s] -- Installing: /home/joonmo/ws_moveit/install/moveit_servo/share/moveit_servo/environment/library_path.dsv
[361.554s] -- Installing: /home/joonmo/ws_moveit/install/moveit_servo/share/ament_index/resource_index/package_run_dependencies/moveit_servo
[361.554s] -- Installing: /home/joonmo/ws_moveit/install/moveit_servo/share/ament_index/resource_index/parent_prefix_path/moveit_servo
[361.554s] -- Installing: /home/joonmo/ws_moveit/install/moveit_servo/share/moveit_servo/environment/ament_prefix_path.sh
[361.554s] -- Installing: /home/joonmo/ws_moveit/install/moveit_servo/share/moveit_servo/environment/ament_prefix_path.dsv
[361.554s] -- Installing: /home/joonmo/ws_moveit/install/moveit_servo/share/moveit_servo/environment/path.sh
[361.554s] -- Installing: /home/joonmo/ws_moveit/install/moveit_servo/share/moveit_servo/environment/path.dsv
[361.554s] -- Installing: /home/joonmo/ws_moveit/install/moveit_servo/share/moveit_servo/local_setup.bash
[361.555s] -- Installing: /home/joonmo/ws_moveit/install/moveit_servo/share/moveit_servo/local_setup.sh
[361.555s] -- Installing: /home/joonmo/ws_moveit/install/moveit_servo/share/moveit_servo/local_setup.zsh
[361.555s] -- Installing: /home/joonmo/ws_moveit/install/moveit_servo/share/moveit_servo/local_setup.dsv
[361.555s] -- Installing: /home/joonmo/ws_moveit/install/moveit_servo/share/moveit_servo/package.dsv
[361.555s] -- Installing: /home/joonmo/ws_moveit/install/moveit_servo/share/ament_index/resource_index/packages/moveit_servo
[361.555s] -- Installing: /home/joonmo/ws_moveit/install/moveit_servo/share/ament_index/resource_index/rclcpp_components/moveit_servo
[361.555s] -- Installing: /home/joonmo/ws_moveit/install/moveit_servo/share/moveit_servo/cmake/export_moveit_servoExport.cmake
[361.556s] -- Installing: /home/joonmo/ws_moveit/install/moveit_servo/share/moveit_servo/cmake/export_moveit_servoExport-release.cmake
[361.556s] -- Installing: /home/joonmo/ws_moveit/install/moveit_servo/share/moveit_servo/cmake/ament_cmake_export_targets-extras.cmake
[361.556s] -- Installing: /home/joonmo/ws_moveit/install/moveit_servo/share/moveit_servo/cmake/ament_cmake_export_dependencies-extras.cmake
[361.556s] -- Installing: /home/joonmo/ws_moveit/install/moveit_servo/share/moveit_servo/cmake/moveit_servoConfig.cmake
[361.556s] -- Installing: /home/joonmo/ws_moveit/install/moveit_servo/share/moveit_servo/cmake/moveit_servoConfig-version.cmake
[361.556s] -- Installing: /home/joonmo/ws_moveit/install/moveit_servo/share/moveit_servo/package.xml
[361.559s] Invoked command in '/home/joonmo/ws_moveit/build/moveit_servo' returned '0': AMENT_PREFIX_PATH=/home/joonmo/ws_moveit/install/moveit_ros_planning_interface:/home/joonmo/ws_moveit/install/moveit_ros_move_group:/home/joonmo/ws_moveit/install/moveit_ros_warehouse:/home/joonmo/ws_moveit/install/moveit_planners_ompl:/home/joonmo/ws_moveit/install/moveit_kinematics:/home/joonmo/ws_moveit/install/moveit_ros_planning:/home/joonmo/ws_moveit/install/moveit_simple_controller_manager:/home/joonmo/ws_moveit/install/moveit_ros_occupancy_map_monitor:/home/joonmo/ws_moveit/install/moveit_core:/home/joonmo/ws_moveit/install/moveit_resources_panda_moveit_config:/home/joonmo/ws_moveit/install/moveit_resources_fanuc_moveit_config:/home/joonmo/ws_moveit/install/moveit_configs_utils:/home/joonmo/ws_moveit/install/srdfdom:/home/joonmo/ws_moveit/install/moveit_resources_pr2_description:/home/joonmo/ws_moveit/install/moveit_resources_panda_description:/home/joonmo/ws_moveit/install/moveit_resources_fanuc_description:/home/joonmo/ws_moveit/install/moveit_common:/home/joonmo/ws_moveit/install/launch_param_builder:${AMENT_PREFIX_PATH} CMAKE_PREFIX_PATH=/home/joonmo/ws_moveit/install/moveit_ros_planning_interface:/home/joonmo/ws_moveit/install/moveit_ros_move_group:/home/joonmo/ws_moveit/install/moveit_ros_warehouse:/home/joonmo/ws_moveit/install/moveit_planners_ompl:/home/joonmo/ws_moveit/install/moveit_kinematics:/home/joonmo/ws_moveit/install/moveit_ros_planning:/home/joonmo/ws_moveit/install/moveit_simple_controller_manager:/home/joonmo/ws_moveit/install/moveit_ros_occupancy_map_monitor:/home/joonmo/ws_moveit/install/moveit_core:/home/joonmo/ws_moveit/install/moveit_resources_panda_moveit_config:/home/joonmo/ws_moveit/install/moveit_resources_fanuc_moveit_config:/home/joonmo/ws_moveit/install/srdfdom:/home/joonmo/ws_moveit/install/moveit_resources_pr2_description:/home/joonmo/ws_moveit/install/moveit_resources_panda_description:/home/joonmo/ws_moveit/install/moveit_resources_fanuc_description:/home/joonmo/ws_moveit/install/moveit_common:/opt/ros/humble LD_LIBRARY_PATH=/home/joonmo/ws_moveit/install/moveit_ros_planning_interface/lib:/home/joonmo/ws_moveit/install/moveit_ros_move_group/lib:/home/joonmo/ws_moveit/install/moveit_ros_warehouse/lib:/home/joonmo/ws_moveit/install/moveit_planners_ompl/lib:/home/joonmo/ws_moveit/install/moveit_kinematics/lib:/home/joonmo/ws_moveit/install/moveit_ros_planning/lib:/home/joonmo/ws_moveit/install/moveit_simple_controller_manager/lib:/home/joonmo/ws_moveit/install/moveit_ros_occupancy_map_monitor/lib:/home/joonmo/ws_moveit/install/moveit_core/lib:/home/joonmo/ws_moveit/install/srdfdom/lib:${LD_LIBRARY_PATH} PATH=/home/joonmo/ws_moveit/install/moveit_core/bin:${PATH} PYTHONPATH=/home/joonmo/ws_moveit/install/moveit_configs_utils/lib/python3.10/site-packages:/home/joonmo/ws_moveit/install/srdfdom/local/lib/python3.10/dist-packages:/home/joonmo/ws_moveit/install/launch_param_builder/lib/python3.10/site-packages:${PYTHONPATH} /usr/bin/cmake --install /home/joonmo/ws_moveit/build/moveit_servo
