[0.036s] Invoking command in '/home/joonmo/ws_moveit/build/pilz_industrial_motion_planner': AMENT_PREFIX_PATH=/home/joonmo/ws_moveit/install/moveit_resources_prbt_pg70_support:/home/joonmo/ws_moveit/install/moveit_ros_planning_interface:/home/joonmo/ws_moveit/install/moveit_resources_prbt_moveit_config:/home/joonmo/ws_moveit/install/moveit_ros_move_group:/home/joonmo/ws_moveit/install/moveit_ros_warehouse:/home/joonmo/ws_moveit/install/moveit_planners_ompl:/home/joonmo/ws_moveit/install/moveit_kinematics:/home/joonmo/ws_moveit/install/moveit_ros_planning:/home/joonmo/ws_moveit/install/pilz_industrial_motion_planner_testutils:/home/joonmo/ws_moveit/install/moveit_simple_controller_manager:/home/joonmo/ws_moveit/install/moveit_ros_occupancy_map_monitor:/home/joonmo/ws_moveit/install/moveit_resources_prbt_ikfast_manipulator_plugin:/home/joonmo/ws_moveit/install/moveit_core:/home/joonmo/ws_moveit/install/moveit_resources_panda_moveit_config:/home/joonmo/ws_moveit/install/moveit_resources_fanuc_moveit_config:/home/joonmo/ws_moveit/install/moveit_configs_utils:/home/joonmo/ws_moveit/install/srdfdom:/home/joonmo/ws_moveit/install/moveit_resources_prbt_support:/home/joonmo/ws_moveit/install/moveit_resources_pr2_description:/home/joonmo/ws_moveit/install/moveit_resources_panda_description:/home/joonmo/ws_moveit/install/moveit_resources_fanuc_description:/home/joonmo/ws_moveit/install/moveit_common:/home/joonmo/ws_moveit/install/launch_param_builder:${AMENT_PREFIX_PATH} CMAKE_PREFIX_PATH=/home/joonmo/ws_moveit/install/moveit_resources_prbt_pg70_support:/home/joonmo/ws_moveit/install/moveit_ros_planning_interface:/home/joonmo/ws_moveit/install/moveit_resources_prbt_moveit_config:/home/joonmo/ws_moveit/install/moveit_ros_move_group:/home/joonmo/ws_moveit/install/moveit_ros_warehouse:/home/joonmo/ws_moveit/install/moveit_planners_ompl:/home/joonmo/ws_moveit/install/moveit_kinematics:/home/joonmo/ws_moveit/install/moveit_ros_planning:/home/joonmo/ws_moveit/install/pilz_industrial_motion_planner_testutils:/home/joonmo/ws_moveit/install/moveit_simple_controller_manager:/home/joonmo/ws_moveit/install/moveit_ros_occupancy_map_monitor:/home/joonmo/ws_moveit/install/moveit_resources_prbt_ikfast_manipulator_plugin:/home/joonmo/ws_moveit/install/moveit_core:/home/joonmo/ws_moveit/install/moveit_resources_panda_moveit_config:/home/joonmo/ws_moveit/install/moveit_resources_fanuc_moveit_config:/home/joonmo/ws_moveit/install/srdfdom:/home/joonmo/ws_moveit/install/moveit_resources_prbt_support:/home/joonmo/ws_moveit/install/moveit_resources_pr2_description:/home/joonmo/ws_moveit/install/moveit_resources_panda_description:/home/joonmo/ws_moveit/install/moveit_resources_fanuc_description:/home/joonmo/ws_moveit/install/moveit_common:/opt/ros/humble LD_LIBRARY_PATH=/home/joonmo/ws_moveit/install/moveit_ros_planning_interface/lib:/home/joonmo/ws_moveit/install/moveit_ros_move_group/lib:/home/joonmo/ws_moveit/install/moveit_ros_warehouse/lib:/home/joonmo/ws_moveit/install/moveit_planners_ompl/lib:/home/joonmo/ws_moveit/install/moveit_kinematics/lib:/home/joonmo/ws_moveit/install/moveit_ros_planning/lib:/home/joonmo/ws_moveit/install/pilz_industrial_motion_planner_testutils/lib:/home/joonmo/ws_moveit/install/moveit_simple_controller_manager/lib:/home/joonmo/ws_moveit/install/moveit_ros_occupancy_map_monitor/lib:/home/joonmo/ws_moveit/install/moveit_resources_prbt_ikfast_manipulator_plugin/lib:/home/joonmo/ws_moveit/install/moveit_core/lib:/home/joonmo/ws_moveit/install/srdfdom/lib:${LD_LIBRARY_PATH} PATH=/home/joonmo/ws_moveit/install/moveit_core/bin:${PATH} PYTHONPATH=/home/joonmo/ws_moveit/install/moveit_configs_utils/lib/python3.10/site-packages:/home/joonmo/ws_moveit/install/srdfdom/local/lib/python3.10/dist-packages:/home/joonmo/ws_moveit/install/launch_param_builder/lib/python3.10/site-packages:${PYTHONPATH} /usr/bin/cmake /home/joonmo/ws_moveit/src/moveit2/moveit_planners/pilz_industrial_motion_planner -DCMAKE_BUILD_TYPE=Release -DCMAKE_INSTALL_PREFIX=/home/joonmo/ws_moveit/install/pilz_industrial_motion_planner
[0.095s] -- The C compiler identification is GNU 11.4.0
[0.142s] -- The CXX compiler identification is GNU 11.4.0
[0.147s] -- Detecting C compiler ABI info
[0.204s] -- Detecting C compiler ABI info - done
[0.210s] -- Check for working C compiler: /usr/bin/cc - skipped
[0.210s] -- Detecting C compile features
[0.210s] -- Detecting C compile features - done
[0.213s] -- Detecting CXX compiler ABI info
[0.280s] -- Detecting CXX compiler ABI info - done
[0.285s] -- Check for working CXX compiler: /usr/bin/c++ - skipped
[0.285s] -- Detecting CXX compile features
[0.286s] -- Detecting CXX compile features - done
[0.288s] -- Found moveit_common: 2.5.7 (/home/joonmo/ws_moveit/install/moveit_common/share/moveit_common/cmake)
[0.290s] -- Found ament_cmake: 1.3.11 (/opt/ros/humble/share/ament_cmake/cmake)
[0.420s] -- Found Python3: /usr/bin/python3 (found version "3.10.12") found components: Interpreter 
[0.593s] -- Found eigen3_cmake_module: 0.1.1 (/opt/ros/humble/share/eigen3_cmake_module/cmake)
[0.600s] -- Found Eigen3: TRUE (found version "3.4.0") 
[0.603s] -- Found geometry_msgs: 4.2.4 (/opt/ros/humble/share/geometry_msgs/cmake)
[0.654s] -- Found rosidl_generator_c: 3.1.6 (/opt/ros/humble/share/rosidl_generator_c/cmake)
[0.662s] -- Found rosidl_adapter: 3.1.6 (/opt/ros/humble/share/rosidl_adapter/cmake)
[0.673s] -- Found rosidl_generator_cpp: 3.1.6 (/opt/ros/humble/share/rosidl_generator_cpp/cmake)
[0.690s] -- Using all available rosidl_typesupport_c: rosidl_typesupport_fastrtps_c;rosidl_typesupport_introspection_c
[0.713s] -- Using all available rosidl_typesupport_cpp: rosidl_typesupport_fastrtps_cpp;rosidl_typesupport_introspection_cpp
[0.764s] -- Found moveit_core: 2.5.7 (/home/joonmo/ws_moveit/install/moveit_core/share/moveit_core/cmake)
[1.065s] -- Found Boost: /usr/lib/x86_64-linux-gnu/cmake/Boost-1.74.0/BoostConfig.cmake (found version "1.74.0") found components: chrono date_time filesystem iostreams program_options regex serialization system thread 
[1.122s] -- Found parameter_traits: 0.4.0 (/opt/ros/humble/share/parameter_traits/cmake)
[1.191s] -- Found rmw_implementation_cmake: 6.1.2 (/opt/ros/humble/share/rmw_implementation_cmake/cmake)
[1.197s] -- Found rmw_fastrtps_cpp: 6.2.7 (/opt/ros/humble/share/rmw_fastrtps_cpp/cmake)
[1.332s] -- Found OpenSSL: /usr/lib/x86_64-linux-gnu/libcrypto.so (found version "3.0.2")  
[1.373s] -- Found FastRTPS: /opt/ros/humble/include  
[1.428s] -- Using RMW implementation 'rmw_fastrtps_cpp' as default
[1.443s] -- Found Threads: TRUE  
[1.508s] -- Found rclcpp_lifecycle: 16.0.11 (/opt/ros/humble/share/rclcpp_lifecycle/cmake)
[1.541s] -- Found Boost: /usr/lib/x86_64-linux-gnu/cmake/Boost-1.74.0/BoostConfig.cmake (found version "1.74.0") found components: filesystem 
[1.665s] -- library: /usr/lib/x86_64-linux-gnu/libcurl.so
[1.766s] -- Ensuring Eigen3 include directory is part of orocos-kdl CMake target
[2.079s] -- Found moveit_ros_move_group: 2.5.7 (/home/joonmo/ws_moveit/install/moveit_ros_move_group/share/moveit_ros_move_group/cmake)
[2.085s] -- Found Boost: /usr/lib/x86_64-linux-gnu/cmake/Boost-1.74.0/BoostConfig.cmake (found version "1.74.0") found components: system filesystem date_time program_options thread 
[2.126s] -- Found Boost: /usr/lib/x86_64-linux-gnu/cmake/Boost-1.74.0/BoostConfig.cmake (found version "1.74.0") found components: system filesystem date_time program_options thread chrono 
[2.146s] -- Found moveit_ros_planning_interface: 2.5.7 (/home/joonmo/ws_moveit/install/moveit_ros_planning_interface/share/moveit_ros_planning_interface/cmake)
[2.152s] -- Found Boost: /usr/lib/x86_64-linux-gnu/cmake/Boost-1.74.0/BoostConfig.cmake (found version "1.74.0") found components: date_time filesystem program_options system thread 
[2.169s] -- Found Boost: /usr/lib/x86_64-linux-gnu/cmake/Boost-1.74.0/BoostConfig.cmake (found version "1.74.0") found components: thread system filesystem regex date_time program_options 
[2.203s] -- Found tf2_eigen_kdl: 0.25.11 (/opt/ros/humble/share/tf2_eigen_kdl/cmake)
[2.212s] -- Found Boost: /usr/lib/x86_64-linux-gnu/cmake/Boost-1.74.0/BoostConfig.cmake (found version "1.74.0")  
[2.351s] -- Found ament_cmake_gtest: 1.3.11 (/opt/ros/humble/share/ament_cmake_gtest/cmake)
[2.357s] -- Found ament_cmake_gmock: 1.3.11 (/opt/ros/humble/share/ament_cmake_gmock/cmake)
[2.362s] -- Found ros_testing: 0.4.0 (/opt/ros/humble/share/ros_testing/cmake)
[2.366s] -- Found launch_testing_ament_cmake: 1.0.7 (/opt/ros/humble/share/launch_testing_ament_cmake/cmake)
[2.372s] -- Found python_cmake_module: 0.10.0 (/opt/ros/humble/share/python_cmake_module/cmake)
[2.403s] -- Found PythonInterp: /usr/bin/python3 (found suitable version "3.10.12", minimum required is "3.6") 
[2.412s] -- Found PythonLibs: /usr/lib/x86_64-linux-gnu/libpython3.10.so (found suitable version "3.10.12", minimum required is "3.5") 
[2.412s] -- Using PYTHON_EXECUTABLE: /usr/bin/python3
[2.412s] -- Using PYTHON_INCLUDE_DIRS: /usr/include/python3.10
[2.412s] -- Using PYTHON_LIBRARIES: /usr/lib/x86_64-linux-gnu/libpython3.10.so
[2.439s] -- Found PythonExtra: .so  
[2.442s] -- Found moveit_resources_prbt_support: 2.5.7 (/home/joonmo/ws_moveit/install/moveit_resources_prbt_support/share/moveit_resources_prbt_support/cmake)
[2.443s] -- Found moveit_resources_prbt_moveit_config: 2.5.7 (/home/joonmo/ws_moveit/install/moveit_resources_prbt_moveit_config/share/moveit_resources_prbt_moveit_config/cmake)
[2.448s] -- Found Boost: /usr/lib/x86_64-linux-gnu/cmake/Boost-1.74.0/BoostConfig.cmake (found version "1.74.0") found components: thread 
[2.450s] -- Found pilz_industrial_motion_planner_testutils: 2.5.7 (/home/joonmo/ws_moveit/install/pilz_industrial_motion_planner_testutils/share/pilz_industrial_motion_planner_testutils/cmake)
[2.499s] -- Found gtest sources under '/opt/ros/humble/src/gtest_vendor': C++ tests using 'Google Test' will be built
[2.555s] -- Found gmock sources under '/opt/ros/humble/src/gmock_vendor': C++ tests using 'Google Mock' will be built
[2.563s] -- Found ament_lint_auto: 0.12.11 (/opt/ros/humble/share/ament_lint_auto/cmake)
[2.624s] -- Found launch_testing_ament_cmake: 1.0.7 (/opt/ros/humble/share/launch_testing_ament_cmake/cmake)
[2.625s] -- Found python_cmake_module: 0.10.0 (/opt/ros/humble/share/python_cmake_module/cmake)
[2.654s] -- Using PYTHON_EXECUTABLE: /usr/bin/python3
[2.654s] -- Using PYTHON_INCLUDE_DIRS: /usr/include/python3.10
[2.654s] -- Using PYTHON_LIBRARIES: /usr/lib/x86_64-linux-gnu/libpython3.10.so
[2.668s] -- Added test 'cppcheck' to perform static code analysis on C / C++ code
[2.670s] -- Configured cppcheck include dirs: /home/joonmo/ws_moveit/src/moveit2/moveit_planners/pilz_industrial_motion_planner/include
[2.670s] -- Configured cppcheck exclude dirs and/or files: 
[2.671s] -- Added test 'pep257' to check Python code against some of the docstring style conventions in PEP 257
[2.673s] -- Added test 'xmllint' to check XML markup files
[2.675s] -- Configuring done
[4.081s] -- Generating done
[4.843s] -- Build files have been written to: /home/joonmo/ws_moveit/build/pilz_industrial_motion_planner
[4.962s] Invoked command in '/home/joonmo/ws_moveit/build/pilz_industrial_motion_planner' returned '0': AMENT_PREFIX_PATH=/home/joonmo/ws_moveit/install/moveit_resources_prbt_pg70_support:/home/joonmo/ws_moveit/install/moveit_ros_planning_interface:/home/joonmo/ws_moveit/install/moveit_resources_prbt_moveit_config:/home/joonmo/ws_moveit/install/moveit_ros_move_group:/home/joonmo/ws_moveit/install/moveit_ros_warehouse:/home/joonmo/ws_moveit/install/moveit_planners_ompl:/home/joonmo/ws_moveit/install/moveit_kinematics:/home/joonmo/ws_moveit/install/moveit_ros_planning:/home/joonmo/ws_moveit/install/pilz_industrial_motion_planner_testutils:/home/joonmo/ws_moveit/install/moveit_simple_controller_manager:/home/joonmo/ws_moveit/install/moveit_ros_occupancy_map_monitor:/home/joonmo/ws_moveit/install/moveit_resources_prbt_ikfast_manipulator_plugin:/home/joonmo/ws_moveit/install/moveit_core:/home/joonmo/ws_moveit/install/moveit_resources_panda_moveit_config:/home/joonmo/ws_moveit/install/moveit_resources_fanuc_moveit_config:/home/joonmo/ws_moveit/install/moveit_configs_utils:/home/joonmo/ws_moveit/install/srdfdom:/home/joonmo/ws_moveit/install/moveit_resources_prbt_support:/home/joonmo/ws_moveit/install/moveit_resources_pr2_description:/home/joonmo/ws_moveit/install/moveit_resources_panda_description:/home/joonmo/ws_moveit/install/moveit_resources_fanuc_description:/home/joonmo/ws_moveit/install/moveit_common:/home/joonmo/ws_moveit/install/launch_param_builder:${AMENT_PREFIX_PATH} CMAKE_PREFIX_PATH=/home/joonmo/ws_moveit/install/moveit_resources_prbt_pg70_support:/home/joonmo/ws_moveit/install/moveit_ros_planning_interface:/home/joonmo/ws_moveit/install/moveit_resources_prbt_moveit_config:/home/joonmo/ws_moveit/install/moveit_ros_move_group:/home/joonmo/ws_moveit/install/moveit_ros_warehouse:/home/joonmo/ws_moveit/install/moveit_planners_ompl:/home/joonmo/ws_moveit/install/moveit_kinematics:/home/joonmo/ws_moveit/install/moveit_ros_planning:/home/joonmo/ws_moveit/install/pilz_industrial_motion_planner_testutils:/home/joonmo/ws_moveit/install/moveit_simple_controller_manager:/home/joonmo/ws_moveit/install/moveit_ros_occupancy_map_monitor:/home/joonmo/ws_moveit/install/moveit_resources_prbt_ikfast_manipulator_plugin:/home/joonmo/ws_moveit/install/moveit_core:/home/joonmo/ws_moveit/install/moveit_resources_panda_moveit_config:/home/joonmo/ws_moveit/install/moveit_resources_fanuc_moveit_config:/home/joonmo/ws_moveit/install/srdfdom:/home/joonmo/ws_moveit/install/moveit_resources_prbt_support:/home/joonmo/ws_moveit/install/moveit_resources_pr2_description:/home/joonmo/ws_moveit/install/moveit_resources_panda_description:/home/joonmo/ws_moveit/install/moveit_resources_fanuc_description:/home/joonmo/ws_moveit/install/moveit_common:/opt/ros/humble LD_LIBRARY_PATH=/home/joonmo/ws_moveit/install/moveit_ros_planning_interface/lib:/home/joonmo/ws_moveit/install/moveit_ros_move_group/lib:/home/joonmo/ws_moveit/install/moveit_ros_warehouse/lib:/home/joonmo/ws_moveit/install/moveit_planners_ompl/lib:/home/joonmo/ws_moveit/install/moveit_kinematics/lib:/home/joonmo/ws_moveit/install/moveit_ros_planning/lib:/home/joonmo/ws_moveit/install/pilz_industrial_motion_planner_testutils/lib:/home/joonmo/ws_moveit/install/moveit_simple_controller_manager/lib:/home/joonmo/ws_moveit/install/moveit_ros_occupancy_map_monitor/lib:/home/joonmo/ws_moveit/install/moveit_resources_prbt_ikfast_manipulator_plugin/lib:/home/joonmo/ws_moveit/install/moveit_core/lib:/home/joonmo/ws_moveit/install/srdfdom/lib:${LD_LIBRARY_PATH} PATH=/home/joonmo/ws_moveit/install/moveit_core/bin:${PATH} PYTHONPATH=/home/joonmo/ws_moveit/install/moveit_configs_utils/lib/python3.10/site-packages:/home/joonmo/ws_moveit/install/srdfdom/local/lib/python3.10/dist-packages:/home/joonmo/ws_moveit/install/launch_param_builder/lib/python3.10/site-packages:${PYTHONPATH} /usr/bin/cmake /home/joonmo/ws_moveit/src/moveit2/moveit_planners/pilz_industrial_motion_planner -DCMAKE_BUILD_TYPE=Release -DCMAKE_INSTALL_PREFIX=/home/joonmo/ws_moveit/install/pilz_industrial_motion_planner
[4.977s] Invoking command in '/home/joonmo/ws_moveit/build/pilz_industrial_motion_planner': AMENT_PREFIX_PATH=/home/joonmo/ws_moveit/install/moveit_resources_prbt_pg70_support:/home/joonmo/ws_moveit/install/moveit_ros_planning_interface:/home/joonmo/ws_moveit/install/moveit_resources_prbt_moveit_config:/home/joonmo/ws_moveit/install/moveit_ros_move_group:/home/joonmo/ws_moveit/install/moveit_ros_warehouse:/home/joonmo/ws_moveit/install/moveit_planners_ompl:/home/joonmo/ws_moveit/install/moveit_kinematics:/home/joonmo/ws_moveit/install/moveit_ros_planning:/home/joonmo/ws_moveit/install/pilz_industrial_motion_planner_testutils:/home/joonmo/ws_moveit/install/moveit_simple_controller_manager:/home/joonmo/ws_moveit/install/moveit_ros_occupancy_map_monitor:/home/joonmo/ws_moveit/install/moveit_resources_prbt_ikfast_manipulator_plugin:/home/joonmo/ws_moveit/install/moveit_core:/home/joonmo/ws_moveit/install/moveit_resources_panda_moveit_config:/home/joonmo/ws_moveit/install/moveit_resources_fanuc_moveit_config:/home/joonmo/ws_moveit/install/moveit_configs_utils:/home/joonmo/ws_moveit/install/srdfdom:/home/joonmo/ws_moveit/install/moveit_resources_prbt_support:/home/joonmo/ws_moveit/install/moveit_resources_pr2_description:/home/joonmo/ws_moveit/install/moveit_resources_panda_description:/home/joonmo/ws_moveit/install/moveit_resources_fanuc_description:/home/joonmo/ws_moveit/install/moveit_common:/home/joonmo/ws_moveit/install/launch_param_builder:${AMENT_PREFIX_PATH} CMAKE_PREFIX_PATH=/home/joonmo/ws_moveit/install/moveit_resources_prbt_pg70_support:/home/joonmo/ws_moveit/install/moveit_ros_planning_interface:/home/joonmo/ws_moveit/install/moveit_resources_prbt_moveit_config:/home/joonmo/ws_moveit/install/moveit_ros_move_group:/home/joonmo/ws_moveit/install/moveit_ros_warehouse:/home/joonmo/ws_moveit/install/moveit_planners_ompl:/home/joonmo/ws_moveit/install/moveit_kinematics:/home/joonmo/ws_moveit/install/moveit_ros_planning:/home/joonmo/ws_moveit/install/pilz_industrial_motion_planner_testutils:/home/joonmo/ws_moveit/install/moveit_simple_controller_manager:/home/joonmo/ws_moveit/install/moveit_ros_occupancy_map_monitor:/home/joonmo/ws_moveit/install/moveit_resources_prbt_ikfast_manipulator_plugin:/home/joonmo/ws_moveit/install/moveit_core:/home/joonmo/ws_moveit/install/moveit_resources_panda_moveit_config:/home/joonmo/ws_moveit/install/moveit_resources_fanuc_moveit_config:/home/joonmo/ws_moveit/install/srdfdom:/home/joonmo/ws_moveit/install/moveit_resources_prbt_support:/home/joonmo/ws_moveit/install/moveit_resources_pr2_description:/home/joonmo/ws_moveit/install/moveit_resources_panda_description:/home/joonmo/ws_moveit/install/moveit_resources_fanuc_description:/home/joonmo/ws_moveit/install/moveit_common:/opt/ros/humble LD_LIBRARY_PATH=/home/joonmo/ws_moveit/install/moveit_ros_planning_interface/lib:/home/joonmo/ws_moveit/install/moveit_ros_move_group/lib:/home/joonmo/ws_moveit/install/moveit_ros_warehouse/lib:/home/joonmo/ws_moveit/install/moveit_planners_ompl/lib:/home/joonmo/ws_moveit/install/moveit_kinematics/lib:/home/joonmo/ws_moveit/install/moveit_ros_planning/lib:/home/joonmo/ws_moveit/install/pilz_industrial_motion_planner_testutils/lib:/home/joonmo/ws_moveit/install/moveit_simple_controller_manager/lib:/home/joonmo/ws_moveit/install/moveit_ros_occupancy_map_monitor/lib:/home/joonmo/ws_moveit/install/moveit_resources_prbt_ikfast_manipulator_plugin/lib:/home/joonmo/ws_moveit/install/moveit_core/lib:/home/joonmo/ws_moveit/install/srdfdom/lib:${LD_LIBRARY_PATH} PATH=/home/joonmo/ws_moveit/install/moveit_core/bin:${PATH} PYTHONPATH=/home/joonmo/ws_moveit/install/moveit_configs_utils/lib/python3.10/site-packages:/home/joonmo/ws_moveit/install/srdfdom/local/lib/python3.10/dist-packages:/home/joonmo/ws_moveit/install/launch_param_builder/lib/python3.10/site-packages:${PYTHONPATH} /usr/bin/cmake --build /home/joonmo/ws_moveit/build/pilz_industrial_motion_planner -- -j8 -l8
[5.148s] [  1%] [32mBuilding CXX object CMakeFiles/planning_context_loader_base.dir/src/planning_context_loader.cpp.o[0m
[5.172s] [  2%] [32mBuilding CXX object CMakeFiles/trajectory_generation_common.dir/src/trajectory_functions.cpp.o[0m
[5.194s] [  3%] [32mBuilding CXX object gtest/CMakeFiles/gtest_main.dir/src/gtest_main.cc.o[0m
[5.195s] [  4%] [32mBuilding CXX object CMakeFiles/trajectory_generation_common.dir/src/trajectory_generator.cpp.o[0m
[5.203s] [  6%] [32mBuilding CXX object CMakeFiles/joint_limits_common.dir/src/joint_limits_aggregator.cpp.o[0m
[5.217s] [  7%] [32mBuilding CXX object gmock/CMakeFiles/gmock.dir/opt/ros/humble/src/gtest_vendor/src/gtest-all.cc.o[0m
[5.223s] [  8%] [32mBuilding CXX object gmock/CMakeFiles/gmock_main.dir/src/gmock_main.cc.o[0m
[5.228s] [  9%] [32mBuilding CXX object gtest/CMakeFiles/gtest.dir/src/gtest-all.cc.o[0m
[8.526s] [ 10%] [32m[1mLinking CXX static library libgtest_main.a[0m
[8.680s] [ 10%] Built target gtest_main
[8.719s] [ 12%] [32mBuilding CXX object CMakeFiles/trajectory_generation_common.dir/src/trajectory_blender_transition_window.cpp.o[0m
[11.381s] [ 13%] [32m[1mLinking CXX static library libgmock_main.a[0m
[11.523s] [ 13%] Built target gmock_main
[42.368s] [ 14%] [32mBuilding CXX object gmock/CMakeFiles/gmock.dir/src/gmock-all.cc.o[0m
[46.136s] [ 15%] [32m[1mLinking CXX shared library libplanning_context_loader_base.so[0m
[54.895s] [ 16%] [32m[1mLinking CXX static library libgtest.a[0m
[55.044s] [ 16%] Built target gtest
[59.708s] [ 18%] [32mBuilding CXX object CMakeFiles/joint_limits_common.dir/src/limits_container.cpp.o[0m
[59.767s] [ 19%] [32m[1mLinking CXX static library libgmock.a[0m
[59.927s] [ 19%] Built target gmock
[62.057s] [ 20%] [32mBuilding CXX object CMakeFiles/joint_limits_common.dir/src/cartesian_limits_aggregator.cpp.o[0m
[63.463s] [ 21%] [32m[1mLinking CXX shared library libtrajectory_generation_common.so[0m
[63.985s] [ 21%] Built target trajectory_generation_common
[68.914s] [ 22%] [32mBuilding CXX object CMakeFiles/joint_limits_common.dir/src/cartesian_limit.cpp.o[0m
[69.041s] [ 24%] [32mBuilding CXX object CMakeFiles/joint_limits_common.dir/src/joint_limits_validator.cpp.o[0m
[79.376s] [ 25%] [32mBuilding CXX object CMakeFiles/joint_limits_common.dir/src/joint_limits_container.cpp.o[0m
[80.700s] [ 26%] [32m[1mLinking CXX shared library libjoint_limits_common.so[0m
[82.238s] [ 26%] Built target planning_context_loader_base
[82.426s] [ 26%] Built target joint_limits_common
[82.461s] [ 27%] [32mBuilding CXX object CMakeFiles/command_list_manager.dir/src/command_list_manager.cpp.o[0m
[95.804s] [ 28%] [32mBuilding CXX object CMakeFiles/command_list_manager.dir/src/plan_components_builder.cpp.o[0m
[104.828s] [ 30%] [32m[1mLinking CXX shared library libcommand_list_manager.so[0m
[105.087s] [ 30%] Built target command_list_manager
[105.117s] [ 31%] [32mBuilding CXX object test/unit_tests/CMakeFiles/unittest_joint_limits_aggregator.dir/src/unittest_joint_limits_aggregator.cpp.o[0m
[115.130s] [ 32%] [32m[1mLinking CXX executable unittest_joint_limits_aggregator[0m
[115.523s] [ 32%] Built target unittest_joint_limits_aggregator
[115.552s] [ 33%] [32mBuilding CXX object test/unit_tests/CMakeFiles/unittest_joint_limits_container.dir/src/unittest_joint_limits_container.cpp.o[0m
[117.437s] [ 34%] [32m[1mLinking CXX executable unittest_joint_limits_container[0m
[117.719s] [ 34%] Built target unittest_joint_limits_container
[117.747s] [ 36%] [32mBuilding CXX object test/unit_tests/CMakeFiles/unittest_joint_limits_validator.dir/src/unittest_joint_limits_validator.cpp.o[0m
[120.234s] [ 37%] [32m[1mLinking CXX executable unittest_joint_limits_validator[0m
[120.520s] [ 37%] Built target unittest_joint_limits_validator
[120.550s] [ 38%] [32mBuilding CXX object test/unit_tests/CMakeFiles/unittest_cartesian_limits_aggregator.dir/src/unittest_cartesian_limits_aggregator.cpp.o[0m
[125.828s] [ 39%] [32m[1mLinking CXX executable unittest_cartesian_limits_aggregator[0m
[126.248s] [ 39%] Built target unittest_cartesian_limits_aggregator
[126.281s] [ 40%] [32mBuilding CXX object CMakeFiles/sequence_capability.dir/src/move_group_sequence_action.cpp.o[0m
[142.648s] [ 42%] [32mBuilding CXX object CMakeFiles/sequence_capability.dir/src/move_group_sequence_service.cpp.o[0m
[159.040s] [ 43%] [32m[1mLinking CXX shared library libsequence_capability.so[0m
[159.628s] [ 43%] Built target sequence_capability
[159.676s] [ 44%] [32mBuilding CXX object test/CMakeFiles/pilz_industrial_motion_planner_test_utils.dir/test_utils.cpp.o[0m
[159.701s] [ 45%] [32mBuilding CXX object test/unit_tests/CMakeFiles/unittest_joint_limit.dir/src/unittest_joint_limit.cpp.o[0m
[159.704s] [ 46%] [32mBuilding CXX object CMakeFiles/planning_context_loader_ptp.dir/src/planning_context_loader_ptp.cpp.o[0m
[159.708s] [ 48%] [32mBuilding CXX object CMakeFiles/planning_context_loader_circ.dir/src/planning_context_loader_circ.cpp.o[0m
[159.714s] [ 49%] [32mBuilding CXX object CMakeFiles/planning_context_loader_ptp.dir/src/trajectory_generator_ptp.cpp.o[0m
[159.714s] [ 50%] [32mBuilding CXX object CMakeFiles/planning_context_loader_ptp.dir/src/velocity_profile_atrap.cpp.o[0m
[159.714s] [ 51%] [32mBuilding CXX object CMakeFiles/planning_context_loader_lin.dir/src/planning_context_loader_lin.cpp.o[0m
[161.977s] [ 53%] [32mBuilding CXX object CMakeFiles/planning_context_loader_lin.dir/src/trajectory_generator_lin.cpp.o[0m
[175.338s] [ 54%] [32m[1mLinking CXX executable unittest_joint_limit[0m
[176.518s] [ 54%] Built target unittest_joint_limit
[182.730s] [ 55%] [32mBuilding CXX object CMakeFiles/planning_context_loader_circ.dir/src/path_circle_generator.cpp.o[0m
[185.098s] [ 56%] [32mBuilding CXX object CMakeFiles/planning_context_loader_circ.dir/src/trajectory_generator_circ.cpp.o[0m
[185.446s] [ 57%] [32mBuilding CXX object CMakeFiles/planning_context_loader_lin.dir/src/velocity_profile_atrap.cpp.o[0m
[186.618s] [ 59%] [32m[1mLinking CXX shared library libplanning_context_loader_lin.so[0m
[187.080s] [ 59%] Built target planning_context_loader_lin
[187.151s] [ 60%] [32m[1mLinking CXX shared library libplanning_context_loader_ptp.so[0m
[187.444s] [ 60%] Built target planning_context_loader_ptp
[192.443s] [ 61%] [32m[1mLinking CXX static library libpilz_industrial_motion_planner_test_utils.a[0m
[192.490s] [ 61%] Built target pilz_industrial_motion_planner_test_utils
[196.602s] [ 62%] [32m[1mLinking CXX shared library libplanning_context_loader_circ.so[0m
[196.860s] [ 62%] Built target planning_context_loader_circ
[196.884s] [ 65%] [32mBuilding CXX object test/unit_tests/CMakeFiles/unittest_trajectory_generator_lin.dir/src/unittest_trajectory_generator_lin.cpp.o[0m
[196.884s] [ 65%] [32mBuilding CXX object test/unit_tests/CMakeFiles/unittest_trajectory_generator_ptp.dir/src/unittest_trajectory_generator_ptp.cpp.o[0m
[211.206s] [ 66%] [32m[1mLinking CXX executable unittest_trajectory_generator_lin[0m
[211.690s] [ 66%] Built target unittest_trajectory_generator_lin
[211.733s] [ 67%] [32mBuilding CXX object test/unit_tests/CMakeFiles/unittest_trajectory_functions.dir/src/unittest_trajectory_functions.cpp.o[0m
[211.733s] [ 68%] [32mBuilding CXX object test/unit_tests/CMakeFiles/unittest_trajectory_blender_transition_window.dir/__/__/src/trajectory_blender_transition_window.cpp.o[0m
[211.736s] [ 69%] [32mBuilding CXX object CMakeFiles/pilz_industrial_motion_planner.dir/src/pilz_industrial_motion_planner.cpp.o[0m
[211.738s] [ 71%] [32mBuilding CXX object test/unit_tests/CMakeFiles/unittest_trajectory_generator_circ.dir/src/unittest_trajectory_generator_circ.cpp.o[0m
[211.740s] [ 72%] [32mBuilding CXX object test/unit_tests/CMakeFiles/unittest_trajectory_blender_transition_window.dir/src/unittest_trajectory_blender_transition_window.cpp.o[0m
[211.740s] [ 73%] [32mBuilding CXX object test/unit_tests/CMakeFiles/unittest_trajectory_generator_common.dir/src/unittest_trajectory_generator_common.cpp.o[0m
[215.187s] [ 74%] [32m[1mLinking CXX executable unittest_trajectory_generator_ptp[0m
[216.105s] [ 74%] Built target unittest_trajectory_generator_ptp
[239.651s] [ 75%] [32m[1mLinking CXX shared library libpilz_industrial_motion_planner.so[0m
[240.121s] [ 75%] Built target pilz_industrial_motion_planner
[240.169s] [ 77%] [32mBuilding CXX object test/unit_tests/CMakeFiles/unittest_trajectory_generator.dir/src/unittest_trajectory_generator.cpp.o[0m
[240.195s] [ 78%] [32mBuilding CXX object test/unit_tests/CMakeFiles/unittest_velocity_profile_atrap.dir/src/unittest_velocity_profile_atrap.cpp.o[0m
[240.213s] [ 79%] [32mBuilding CXX object test/unit_tests/CMakeFiles/unittest_pilz_industrial_motion_planner_direct.dir/src/unittest_pilz_industrial_motion_planner_direct.cpp.o[0m
[240.222s] [ 80%] [32m[1mLinking CXX executable unittest_trajectory_blender_transition_window[0m
[241.142s] [ 81%] [32m[1mLinking CXX executable unittest_trajectory_functions[0m
[241.215s] [ 81%] Built target unittest_trajectory_blender_transition_window
[241.248s] [ 83%] [32mBuilding CXX object test/unit_tests/CMakeFiles/unittest_pilz_industrial_motion_planner.dir/src/unittest_pilz_industrial_motion_planner.cpp.o[0m
[241.313s] [ 84%] [32mBuilding CXX object test/unit_tests/CMakeFiles/unittest_planning_context_loaders.dir/src/unittest_planning_context_loaders.cpp.o[0m
[242.377s] [ 84%] Built target unittest_trajectory_functions
[242.411s] [ 85%] [32mBuilding CXX object test/unit_tests/CMakeFiles/unittest_velocity_profile_atrap.dir/__/__/src/velocity_profile_atrap.cpp.o[0m
[243.941s] [ 86%] [32m[1mLinking CXX executable unittest_trajectory_generator_circ[0m
[244.687s] [ 87%] [32mBuilding CXX object test/unit_tests/CMakeFiles/unittest_trajectory_generator.dir/__/__/src/trajectory_generator.cpp.o[0m
[244.864s] [ 87%] Built target unittest_trajectory_generator_circ
[244.960s] [ 89%] [32mBuilding CXX object test/unit_tests/CMakeFiles/unittest_planning_context.dir/src/unittest_planning_context.cpp.o[0m
[251.063s] [ 90%] [32m[1mLinking CXX executable unittest_velocity_profile_atrap[0m
[252.649s] [ 91%] [32m[1mLinking CXX executable unittest_trajectory_generator_common[0m
[253.873s] [ 91%] Built target unittest_trajectory_generator_common
[259.474s] [ 91%] Built target unittest_velocity_profile_atrap
[269.337s] [ 92%] [32m[1mLinking CXX executable unittest_trajectory_generator[0m
[270.136s] [ 92%] Built target unittest_trajectory_generator
[278.053s] [ 93%] [32m[1mLinking CXX executable unittest_pilz_industrial_motion_planner_direct[0m
[278.632s] [ 93%] Built target unittest_pilz_industrial_motion_planner_direct
[280.941s] [ 95%] [32m[1mLinking CXX executable unittest_planning_context[0m
[281.432s] [ 95%] Built target unittest_planning_context
[282.358s] [ 96%] [32m[1mLinking CXX executable unittest_planning_context_loaders[0m
[282.813s] [ 96%] Built target unittest_planning_context_loaders
[283.167s] [ 97%] [32m[1mLinking CXX executable unittest_pilz_industrial_motion_planner[0m
[283.589s] [ 97%] Built target unittest_pilz_industrial_motion_planner
[283.618s] [ 98%] [32mBuilding CXX object test/unit_tests/CMakeFiles/unittest_get_solver_tip_frame.dir/src/unittest_get_solver_tip_frame.cpp.o[0m
[291.996s] [100%] [32m[1mLinking CXX executable unittest_get_solver_tip_frame[0m
[297.460s] [100%] Built target unittest_get_solver_tip_frame
[297.487s] Invoked command in '/home/joonmo/ws_moveit/build/pilz_industrial_motion_planner' returned '0': AMENT_PREFIX_PATH=/home/joonmo/ws_moveit/install/moveit_resources_prbt_pg70_support:/home/joonmo/ws_moveit/install/moveit_ros_planning_interface:/home/joonmo/ws_moveit/install/moveit_resources_prbt_moveit_config:/home/joonmo/ws_moveit/install/moveit_ros_move_group:/home/joonmo/ws_moveit/install/moveit_ros_warehouse:/home/joonmo/ws_moveit/install/moveit_planners_ompl:/home/joonmo/ws_moveit/install/moveit_kinematics:/home/joonmo/ws_moveit/install/moveit_ros_planning:/home/joonmo/ws_moveit/install/pilz_industrial_motion_planner_testutils:/home/joonmo/ws_moveit/install/moveit_simple_controller_manager:/home/joonmo/ws_moveit/install/moveit_ros_occupancy_map_monitor:/home/joonmo/ws_moveit/install/moveit_resources_prbt_ikfast_manipulator_plugin:/home/joonmo/ws_moveit/install/moveit_core:/home/joonmo/ws_moveit/install/moveit_resources_panda_moveit_config:/home/joonmo/ws_moveit/install/moveit_resources_fanuc_moveit_config:/home/joonmo/ws_moveit/install/moveit_configs_utils:/home/joonmo/ws_moveit/install/srdfdom:/home/joonmo/ws_moveit/install/moveit_resources_prbt_support:/home/joonmo/ws_moveit/install/moveit_resources_pr2_description:/home/joonmo/ws_moveit/install/moveit_resources_panda_description:/home/joonmo/ws_moveit/install/moveit_resources_fanuc_description:/home/joonmo/ws_moveit/install/moveit_common:/home/joonmo/ws_moveit/install/launch_param_builder:${AMENT_PREFIX_PATH} CMAKE_PREFIX_PATH=/home/joonmo/ws_moveit/install/moveit_resources_prbt_pg70_support:/home/joonmo/ws_moveit/install/moveit_ros_planning_interface:/home/joonmo/ws_moveit/install/moveit_resources_prbt_moveit_config:/home/joonmo/ws_moveit/install/moveit_ros_move_group:/home/joonmo/ws_moveit/install/moveit_ros_warehouse:/home/joonmo/ws_moveit/install/moveit_planners_ompl:/home/joonmo/ws_moveit/install/moveit_kinematics:/home/joonmo/ws_moveit/install/moveit_ros_planning:/home/joonmo/ws_moveit/install/pilz_industrial_motion_planner_testutils:/home/joonmo/ws_moveit/install/moveit_simple_controller_manager:/home/joonmo/ws_moveit/install/moveit_ros_occupancy_map_monitor:/home/joonmo/ws_moveit/install/moveit_resources_prbt_ikfast_manipulator_plugin:/home/joonmo/ws_moveit/install/moveit_core:/home/joonmo/ws_moveit/install/moveit_resources_panda_moveit_config:/home/joonmo/ws_moveit/install/moveit_resources_fanuc_moveit_config:/home/joonmo/ws_moveit/install/srdfdom:/home/joonmo/ws_moveit/install/moveit_resources_prbt_support:/home/joonmo/ws_moveit/install/moveit_resources_pr2_description:/home/joonmo/ws_moveit/install/moveit_resources_panda_description:/home/joonmo/ws_moveit/install/moveit_resources_fanuc_description:/home/joonmo/ws_moveit/install/moveit_common:/opt/ros/humble LD_LIBRARY_PATH=/home/joonmo/ws_moveit/install/moveit_ros_planning_interface/lib:/home/joonmo/ws_moveit/install/moveit_ros_move_group/lib:/home/joonmo/ws_moveit/install/moveit_ros_warehouse/lib:/home/joonmo/ws_moveit/install/moveit_planners_ompl/lib:/home/joonmo/ws_moveit/install/moveit_kinematics/lib:/home/joonmo/ws_moveit/install/moveit_ros_planning/lib:/home/joonmo/ws_moveit/install/pilz_industrial_motion_planner_testutils/lib:/home/joonmo/ws_moveit/install/moveit_simple_controller_manager/lib:/home/joonmo/ws_moveit/install/moveit_ros_occupancy_map_monitor/lib:/home/joonmo/ws_moveit/install/moveit_resources_prbt_ikfast_manipulator_plugin/lib:/home/joonmo/ws_moveit/install/moveit_core/lib:/home/joonmo/ws_moveit/install/srdfdom/lib:${LD_LIBRARY_PATH} PATH=/home/joonmo/ws_moveit/install/moveit_core/bin:${PATH} PYTHONPATH=/home/joonmo/ws_moveit/install/moveit_configs_utils/lib/python3.10/site-packages:/home/joonmo/ws_moveit/install/srdfdom/local/lib/python3.10/dist-packages:/home/joonmo/ws_moveit/install/launch_param_builder/lib/python3.10/site-packages:${PYTHONPATH} /usr/bin/cmake --build /home/joonmo/ws_moveit/build/pilz_industrial_motion_planner -- -j8 -l8
[297.498s] Invoking command in '/home/joonmo/ws_moveit/build/pilz_industrial_motion_planner': AMENT_PREFIX_PATH=/home/joonmo/ws_moveit/install/moveit_resources_prbt_pg70_support:/home/joonmo/ws_moveit/install/moveit_ros_planning_interface:/home/joonmo/ws_moveit/install/moveit_resources_prbt_moveit_config:/home/joonmo/ws_moveit/install/moveit_ros_move_group:/home/joonmo/ws_moveit/install/moveit_ros_warehouse:/home/joonmo/ws_moveit/install/moveit_planners_ompl:/home/joonmo/ws_moveit/install/moveit_kinematics:/home/joonmo/ws_moveit/install/moveit_ros_planning:/home/joonmo/ws_moveit/install/pilz_industrial_motion_planner_testutils:/home/joonmo/ws_moveit/install/moveit_simple_controller_manager:/home/joonmo/ws_moveit/install/moveit_ros_occupancy_map_monitor:/home/joonmo/ws_moveit/install/moveit_resources_prbt_ikfast_manipulator_plugin:/home/joonmo/ws_moveit/install/moveit_core:/home/joonmo/ws_moveit/install/moveit_resources_panda_moveit_config:/home/joonmo/ws_moveit/install/moveit_resources_fanuc_moveit_config:/home/joonmo/ws_moveit/install/moveit_configs_utils:/home/joonmo/ws_moveit/install/srdfdom:/home/joonmo/ws_moveit/install/moveit_resources_prbt_support:/home/joonmo/ws_moveit/install/moveit_resources_pr2_description:/home/joonmo/ws_moveit/install/moveit_resources_panda_description:/home/joonmo/ws_moveit/install/moveit_resources_fanuc_description:/home/joonmo/ws_moveit/install/moveit_common:/home/joonmo/ws_moveit/install/launch_param_builder:${AMENT_PREFIX_PATH} CMAKE_PREFIX_PATH=/home/joonmo/ws_moveit/install/moveit_resources_prbt_pg70_support:/home/joonmo/ws_moveit/install/moveit_ros_planning_interface:/home/joonmo/ws_moveit/install/moveit_resources_prbt_moveit_config:/home/joonmo/ws_moveit/install/moveit_ros_move_group:/home/joonmo/ws_moveit/install/moveit_ros_warehouse:/home/joonmo/ws_moveit/install/moveit_planners_ompl:/home/joonmo/ws_moveit/install/moveit_kinematics:/home/joonmo/ws_moveit/install/moveit_ros_planning:/home/joonmo/ws_moveit/install/pilz_industrial_motion_planner_testutils:/home/joonmo/ws_moveit/install/moveit_simple_controller_manager:/home/joonmo/ws_moveit/install/moveit_ros_occupancy_map_monitor:/home/joonmo/ws_moveit/install/moveit_resources_prbt_ikfast_manipulator_plugin:/home/joonmo/ws_moveit/install/moveit_core:/home/joonmo/ws_moveit/install/moveit_resources_panda_moveit_config:/home/joonmo/ws_moveit/install/moveit_resources_fanuc_moveit_config:/home/joonmo/ws_moveit/install/srdfdom:/home/joonmo/ws_moveit/install/moveit_resources_prbt_support:/home/joonmo/ws_moveit/install/moveit_resources_pr2_description:/home/joonmo/ws_moveit/install/moveit_resources_panda_description:/home/joonmo/ws_moveit/install/moveit_resources_fanuc_description:/home/joonmo/ws_moveit/install/moveit_common:/opt/ros/humble LD_LIBRARY_PATH=/home/joonmo/ws_moveit/install/moveit_ros_planning_interface/lib:/home/joonmo/ws_moveit/install/moveit_ros_move_group/lib:/home/joonmo/ws_moveit/install/moveit_ros_warehouse/lib:/home/joonmo/ws_moveit/install/moveit_planners_ompl/lib:/home/joonmo/ws_moveit/install/moveit_kinematics/lib:/home/joonmo/ws_moveit/install/moveit_ros_planning/lib:/home/joonmo/ws_moveit/install/pilz_industrial_motion_planner_testutils/lib:/home/joonmo/ws_moveit/install/moveit_simple_controller_manager/lib:/home/joonmo/ws_moveit/install/moveit_ros_occupancy_map_monitor/lib:/home/joonmo/ws_moveit/install/moveit_resources_prbt_ikfast_manipulator_plugin/lib:/home/joonmo/ws_moveit/install/moveit_core/lib:/home/joonmo/ws_moveit/install/srdfdom/lib:${LD_LIBRARY_PATH} PATH=/home/joonmo/ws_moveit/install/moveit_core/bin:${PATH} PYTHONPATH=/home/joonmo/ws_moveit/install/moveit_configs_utils/lib/python3.10/site-packages:/home/joonmo/ws_moveit/install/srdfdom/local/lib/python3.10/dist-packages:/home/joonmo/ws_moveit/install/launch_param_builder/lib/python3.10/site-packages:${PYTHONPATH} /usr/bin/cmake --install /home/joonmo/ws_moveit/build/pilz_industrial_motion_planner
[297.523s] -- Install configuration: "Release"
[297.524s] -- Installing: /home/joonmo/ws_moveit/install/pilz_industrial_motion_planner/share/pilz_industrial_motion_planner/plugins/pilz_industrial_motion_planner_plugin_description.xml
[297.524s] -- Installing: /home/joonmo/ws_moveit/install/pilz_industrial_motion_planner/share/pilz_industrial_motion_planner/plugins/sequence_capability_plugin_description.xml
[297.525s] -- Installing: /home/joonmo/ws_moveit/install/pilz_industrial_motion_planner/share/pilz_industrial_motion_planner/plugins/planning_context_plugin_description.xml
[297.526s] -- Installing: /home/joonmo/ws_moveit/install/pilz_industrial_motion_planner/lib/libpilz_industrial_motion_planner.so
[297.527s] -- Set runtime path of "/home/joonmo/ws_moveit/install/pilz_industrial_motion_planner/lib/libpilz_industrial_motion_planner.so" to ""
[297.533s] -- Installing: /home/joonmo/ws_moveit/install/pilz_industrial_motion_planner/lib/libjoint_limits_common.so
[297.533s] -- Set runtime path of "/home/joonmo/ws_moveit/install/pilz_industrial_motion_planner/lib/libjoint_limits_common.so" to ""
[297.533s] -- Installing: /home/joonmo/ws_moveit/install/pilz_industrial_motion_planner/lib/libplanning_context_loader_base.so
[297.534s] -- Set runtime path of "/home/joonmo/ws_moveit/install/pilz_industrial_motion_planner/lib/libplanning_context_loader_base.so" to ""
[297.534s] -- Installing: /home/joonmo/ws_moveit/install/pilz_industrial_motion_planner/lib/libplanning_context_loader_ptp.so
[297.534s] -- Set runtime path of "/home/joonmo/ws_moveit/install/pilz_industrial_motion_planner/lib/libplanning_context_loader_ptp.so" to ""
[297.535s] -- Installing: /home/joonmo/ws_moveit/install/pilz_industrial_motion_planner/lib/libplanning_context_loader_lin.so
[297.535s] -- Set runtime path of "/home/joonmo/ws_moveit/install/pilz_industrial_motion_planner/lib/libplanning_context_loader_lin.so" to ""
[297.538s] -- Installing: /home/joonmo/ws_moveit/install/pilz_industrial_motion_planner/lib/libplanning_context_loader_circ.so
[297.538s] -- Set runtime path of "/home/joonmo/ws_moveit/install/pilz_industrial_motion_planner/lib/libplanning_context_loader_circ.so" to ""
[297.538s] -- Installing: /home/joonmo/ws_moveit/install/pilz_industrial_motion_planner/lib/libcommand_list_manager.so
[297.538s] -- Set runtime path of "/home/joonmo/ws_moveit/install/pilz_industrial_motion_planner/lib/libcommand_list_manager.so" to ""
[297.542s] -- Installing: /home/joonmo/ws_moveit/install/pilz_industrial_motion_planner/lib/libsequence_capability.so
[297.543s] -- Set runtime path of "/home/joonmo/ws_moveit/install/pilz_industrial_motion_planner/lib/libsequence_capability.so" to ""
[297.543s] -- Installing: /home/joonmo/ws_moveit/install/pilz_industrial_motion_planner/lib/libtrajectory_generation_common.so
[297.544s] -- Set runtime path of "/home/joonmo/ws_moveit/install/pilz_industrial_motion_planner/lib/libtrajectory_generation_common.so" to ""
[297.544s] -- Installing: /home/joonmo/ws_moveit/install/pilz_industrial_motion_planner/include
[297.545s] -- Installing: /home/joonmo/ws_moveit/install/pilz_industrial_motion_planner/include/joint_limits_copy
[297.545s] -- Installing: /home/joonmo/ws_moveit/install/pilz_industrial_motion_planner/include/joint_limits_copy/joint_limits.hpp
[297.545s] -- Installing: /home/joonmo/ws_moveit/install/pilz_industrial_motion_planner/include/joint_limits_copy/joint_limits_rosparam.hpp
[297.545s] -- Installing: /home/joonmo/ws_moveit/install/pilz_industrial_motion_planner/include/pilz_industrial_motion_planner
[297.545s] -- Installing: /home/joonmo/ws_moveit/install/pilz_industrial_motion_planner/include/pilz_industrial_motion_planner/velocity_profile_atrap.h
[297.548s] -- Installing: /home/joonmo/ws_moveit/install/pilz_industrial_motion_planner/include/pilz_industrial_motion_planner/tip_frame_getter.h
[297.548s] -- Installing: /home/joonmo/ws_moveit/install/pilz_industrial_motion_planner/include/pilz_industrial_motion_planner/pilz_industrial_motion_planner.h
[297.548s] -- Installing: /home/joonmo/ws_moveit/install/pilz_industrial_motion_planner/include/pilz_industrial_motion_planner/trajectory_generator_ptp.h
[297.548s] -- Installing: /home/joonmo/ws_moveit/install/pilz_industrial_motion_planner/include/pilz_industrial_motion_planner/planning_context_lin.h
[297.548s] -- Installing: /home/joonmo/ws_moveit/install/pilz_industrial_motion_planner/include/pilz_industrial_motion_planner/planning_context_loader_ptp.h
[297.550s] -- Installing: /home/joonmo/ws_moveit/install/pilz_industrial_motion_planner/include/pilz_industrial_motion_planner/trajectory_generator_circ.h
[297.550s] -- Installing: /home/joonmo/ws_moveit/install/pilz_industrial_motion_planner/include/pilz_industrial_motion_planner/capability_names.h
[297.550s] -- Installing: /home/joonmo/ws_moveit/install/pilz_industrial_motion_planner/include/pilz_industrial_motion_planner/move_group_sequence_action.h
[297.551s] -- Installing: /home/joonmo/ws_moveit/install/pilz_industrial_motion_planner/include/pilz_industrial_motion_planner/joint_limits_container.h
[297.551s] -- Installing: /home/joonmo/ws_moveit/install/pilz_industrial_motion_planner/include/pilz_industrial_motion_planner/cartesian_trajectory_point.h
[297.551s] -- Installing: /home/joonmo/ws_moveit/install/pilz_industrial_motion_planner/include/pilz_industrial_motion_planner/trajectory_generator_lin.h
[297.551s] -- Installing: /home/joonmo/ws_moveit/install/pilz_industrial_motion_planner/include/pilz_industrial_motion_planner/planning_context_ptp.h
[297.551s] -- Installing: /home/joonmo/ws_moveit/install/pilz_industrial_motion_planner/include/pilz_industrial_motion_planner/plan_components_builder.h
[297.551s] -- Installing: /home/joonmo/ws_moveit/install/pilz_industrial_motion_planner/include/pilz_industrial_motion_planner/trajectory_generator.h
[297.551s] -- Installing: /home/joonmo/ws_moveit/install/pilz_industrial_motion_planner/include/pilz_industrial_motion_planner/joint_limits_aggregator.h
[297.552s] -- Installing: /home/joonmo/ws_moveit/install/pilz_industrial_motion_planner/include/pilz_industrial_motion_planner/cartesian_limit.h
[297.552s] -- Installing: /home/joonmo/ws_moveit/install/pilz_industrial_motion_planner/include/pilz_industrial_motion_planner/planning_context_loader_lin.h
[297.552s] -- Installing: /home/joonmo/ws_moveit/install/pilz_industrial_motion_planner/include/pilz_industrial_motion_planner/cartesian_trajectory.h
[297.552s] -- Installing: /home/joonmo/ws_moveit/install/pilz_industrial_motion_planner/include/pilz_industrial_motion_planner/joint_limits_validator.h
[297.552s] -- Installing: /home/joonmo/ws_moveit/install/pilz_industrial_motion_planner/include/pilz_industrial_motion_planner/trajectory_blender_transition_window.h
[297.555s] -- Installing: /home/joonmo/ws_moveit/install/pilz_industrial_motion_planner/include/pilz_industrial_motion_planner/limits_container.h
[297.555s] -- Installing: /home/joonmo/ws_moveit/install/pilz_industrial_motion_planner/include/pilz_industrial_motion_planner/planning_context_loader_circ.h
[297.555s] -- Installing: /home/joonmo/ws_moveit/install/pilz_industrial_motion_planner/include/pilz_industrial_motion_planner/move_group_sequence_service.h
[297.555s] -- Installing: /home/joonmo/ws_moveit/install/pilz_industrial_motion_planner/include/pilz_industrial_motion_planner/cartesian_limits_aggregator.h
[297.556s] -- Installing: /home/joonmo/ws_moveit/install/pilz_industrial_motion_planner/include/pilz_industrial_motion_planner/command_list_manager.h
[297.556s] -- Installing: /home/joonmo/ws_moveit/install/pilz_industrial_motion_planner/include/pilz_industrial_motion_planner/planning_context_loader.h
[297.556s] -- Installing: /home/joonmo/ws_moveit/install/pilz_industrial_motion_planner/include/pilz_industrial_motion_planner/trajectory_generation_exceptions.h
[297.556s] -- Installing: /home/joonmo/ws_moveit/install/pilz_industrial_motion_planner/include/pilz_industrial_motion_planner/trajectory_blend_request.h
[297.556s] -- Installing: /home/joonmo/ws_moveit/install/pilz_industrial_motion_planner/include/pilz_industrial_motion_planner/planning_exceptions.h
[297.556s] -- Installing: /home/joonmo/ws_moveit/install/pilz_industrial_motion_planner/include/pilz_industrial_motion_planner/joint_limits_extension.h
[297.556s] -- Installing: /home/joonmo/ws_moveit/install/pilz_industrial_motion_planner/include/pilz_industrial_motion_planner/path_circle_generator.h
[297.556s] -- Installing: /home/joonmo/ws_moveit/install/pilz_industrial_motion_planner/include/pilz_industrial_motion_planner/trajectory_functions.h
[297.556s] -- Installing: /home/joonmo/ws_moveit/install/pilz_industrial_motion_planner/include/pilz_industrial_motion_planner/planning_context_base.h
[297.558s] -- Installing: /home/joonmo/ws_moveit/install/pilz_industrial_motion_planner/include/pilz_industrial_motion_planner/planning_context_circ.h
[297.558s] -- Installing: /home/joonmo/ws_moveit/install/pilz_industrial_motion_planner/include/pilz_industrial_motion_planner/joint_limits_interface_extension.h
[297.558s] -- Installing: /home/joonmo/ws_moveit/install/pilz_industrial_motion_planner/include/pilz_industrial_motion_planner/trajectory_blend_response.h
[297.558s] -- Installing: /home/joonmo/ws_moveit/install/pilz_industrial_motion_planner/include/pilz_industrial_motion_planner/trajectory_blender.h
[297.559s] -- Installing: /home/joonmo/ws_moveit/install/pilz_industrial_motion_planner/share/pilz_industrial_motion_planner/environment/library_path.sh
[297.559s] -- Installing: /home/joonmo/ws_moveit/install/pilz_industrial_motion_planner/share/pilz_industrial_motion_planner/environment/library_path.dsv
[297.564s] -- Installing: /home/joonmo/ws_moveit/install/pilz_industrial_motion_planner/lib/pilz_industrial_motion_planner/unittest_pilz_industrial_motion_planner_direct
[297.566s] -- Set runtime path of "/home/joonmo/ws_moveit/install/pilz_industrial_motion_planner/lib/pilz_industrial_motion_planner/unittest_pilz_industrial_motion_planner_direct" to ""
[297.566s] -- Installing: /home/joonmo/ws_moveit/install/pilz_industrial_motion_planner/lib/pilz_industrial_motion_planner/unittest_velocity_profile_atrap
[297.567s] -- Set runtime path of "/home/joonmo/ws_moveit/install/pilz_industrial_motion_planner/lib/pilz_industrial_motion_planner/unittest_velocity_profile_atrap" to ""
[297.568s] -- Installing: /home/joonmo/ws_moveit/install/pilz_industrial_motion_planner/lib/pilz_industrial_motion_planner/unittest_trajectory_generator
[297.569s] -- Set runtime path of "/home/joonmo/ws_moveit/install/pilz_industrial_motion_planner/lib/pilz_industrial_motion_planner/unittest_trajectory_generator" to ""
[297.569s] -- Installing: /home/joonmo/ws_moveit/install/pilz_industrial_motion_planner/lib/pilz_industrial_motion_planner/unittest_trajectory_functions
[297.574s] -- Set runtime path of "/home/joonmo/ws_moveit/install/pilz_industrial_motion_planner/lib/pilz_industrial_motion_planner/unittest_trajectory_functions" to ""
[297.574s] -- Installing: /home/joonmo/ws_moveit/install/pilz_industrial_motion_planner/lib/pilz_industrial_motion_planner/unittest_trajectory_blender_transition_window
[297.576s] -- Set runtime path of "/home/joonmo/ws_moveit/install/pilz_industrial_motion_planner/lib/pilz_industrial_motion_planner/unittest_trajectory_blender_transition_window" to ""
[297.576s] -- Installing: /home/joonmo/ws_moveit/install/pilz_industrial_motion_planner/lib/pilz_industrial_motion_planner/unittest_trajectory_generator_common
[297.585s] -- Set runtime path of "/home/joonmo/ws_moveit/install/pilz_industrial_motion_planner/lib/pilz_industrial_motion_planner/unittest_trajectory_generator_common" to ""
[297.585s] -- Installing: /home/joonmo/ws_moveit/install/pilz_industrial_motion_planner/lib/pilz_industrial_motion_planner/unittest_trajectory_generator_circ
[297.587s] -- Set runtime path of "/home/joonmo/ws_moveit/install/pilz_industrial_motion_planner/lib/pilz_industrial_motion_planner/unittest_trajectory_generator_circ" to ""
[297.587s] -- Installing: /home/joonmo/ws_moveit/install/pilz_industrial_motion_planner/lib/pilz_industrial_motion_planner/unittest_trajectory_generator_lin
[297.589s] -- Set runtime path of "/home/joonmo/ws_moveit/install/pilz_industrial_motion_planner/lib/pilz_industrial_motion_planner/unittest_trajectory_generator_lin" to ""
[297.589s] -- Installing: /home/joonmo/ws_moveit/install/pilz_industrial_motion_planner/lib/pilz_industrial_motion_planner/unittest_trajectory_generator_ptp
[297.594s] -- Set runtime path of "/home/joonmo/ws_moveit/install/pilz_industrial_motion_planner/lib/pilz_industrial_motion_planner/unittest_trajectory_generator_ptp" to ""
[297.595s] -- Installing: /home/joonmo/ws_moveit/install/pilz_industrial_motion_planner/lib/pilz_industrial_motion_planner/unittest_pilz_industrial_motion_planner
[297.600s] -- Set runtime path of "/home/joonmo/ws_moveit/install/pilz_industrial_motion_planner/lib/pilz_industrial_motion_planner/unittest_pilz_industrial_motion_planner" to ""
[297.600s] -- Installing: /home/joonmo/ws_moveit/install/pilz_industrial_motion_planner/lib/pilz_industrial_motion_planner/unittest_joint_limit
[297.601s] -- Set runtime path of "/home/joonmo/ws_moveit/install/pilz_industrial_motion_planner/lib/pilz_industrial_motion_planner/unittest_joint_limit" to ""
[297.602s] -- Installing: /home/joonmo/ws_moveit/install/pilz_industrial_motion_planner/lib/pilz_industrial_motion_planner/unittest_joint_limits_aggregator
[297.610s] -- Set runtime path of "/home/joonmo/ws_moveit/install/pilz_industrial_motion_planner/lib/pilz_industrial_motion_planner/unittest_joint_limits_aggregator" to ""
[297.610s] -- Installing: /home/joonmo/ws_moveit/install/pilz_industrial_motion_planner/lib/pilz_industrial_motion_planner/unittest_joint_limits_container
[297.610s] -- Set runtime path of "/home/joonmo/ws_moveit/install/pilz_industrial_motion_planner/lib/pilz_industrial_motion_planner/unittest_joint_limits_container" to ""
[297.611s] -- Installing: /home/joonmo/ws_moveit/install/pilz_industrial_motion_planner/lib/pilz_industrial_motion_planner/unittest_joint_limits_validator
[297.613s] -- Set runtime path of "/home/joonmo/ws_moveit/install/pilz_industrial_motion_planner/lib/pilz_industrial_motion_planner/unittest_joint_limits_validator" to ""
[297.613s] -- Installing: /home/joonmo/ws_moveit/install/pilz_industrial_motion_planner/lib/pilz_industrial_motion_planner/unittest_cartesian_limits_aggregator
[297.614s] -- Set runtime path of "/home/joonmo/ws_moveit/install/pilz_industrial_motion_planner/lib/pilz_industrial_motion_planner/unittest_cartesian_limits_aggregator" to ""
[297.615s] -- Installing: /home/joonmo/ws_moveit/install/pilz_industrial_motion_planner/lib/pilz_industrial_motion_planner/unittest_planning_context_loaders
[297.616s] -- Set runtime path of "/home/joonmo/ws_moveit/install/pilz_industrial_motion_planner/lib/pilz_industrial_motion_planner/unittest_planning_context_loaders" to ""
[297.616s] -- Installing: /home/joonmo/ws_moveit/install/pilz_industrial_motion_planner/lib/pilz_industrial_motion_planner/unittest_planning_context
[297.622s] -- Set runtime path of "/home/joonmo/ws_moveit/install/pilz_industrial_motion_planner/lib/pilz_industrial_motion_planner/unittest_planning_context" to ""
[297.623s] -- Installing: /home/joonmo/ws_moveit/install/pilz_industrial_motion_planner/lib/pilz_industrial_motion_planner/unittest_get_solver_tip_frame
[297.624s] -- Set runtime path of "/home/joonmo/ws_moveit/install/pilz_industrial_motion_planner/lib/pilz_industrial_motion_planner/unittest_get_solver_tip_frame" to ""
[297.624s] -- Installing: /home/joonmo/ws_moveit/install/pilz_industrial_motion_planner/share/pilz_industrial_motion_planner/config
[297.624s] -- Installing: /home/joonmo/ws_moveit/install/pilz_industrial_motion_planner/share/pilz_industrial_motion_planner/config/unittest_trajectory_generator_common.yaml
[297.624s] -- Installing: /home/joonmo/ws_moveit/install/pilz_industrial_motion_planner/share/pilz_industrial_motion_planner/config/unittest_trajectory_generator_ptp.yaml
[297.624s] -- Installing: /home/joonmo/ws_moveit/install/pilz_industrial_motion_planner/share/pilz_industrial_motion_planner/config/unittest_trajectory_functions.yaml
[297.628s] -- Installing: /home/joonmo/ws_moveit/install/pilz_industrial_motion_planner/share/pilz_industrial_motion_planner/config/unittest_joint_limit_config.yaml
[297.628s] -- Installing: /home/joonmo/ws_moveit/install/pilz_industrial_motion_planner/share/pilz_industrial_motion_planner/config/unittest_trajectory_blender_transition_window.yaml
[297.629s] -- Installing: /home/joonmo/ws_moveit/install/pilz_industrial_motion_planner/share/pilz_industrial_motion_planner/config/unittest_trajectory_generator_lin.yaml
[297.629s] -- Installing: /home/joonmo/ws_moveit/install/pilz_industrial_motion_planner/share/pilz_industrial_motion_planner/config/unittest_cartesian_limits_aggregator.yaml
[297.629s] -- Installing: /home/joonmo/ws_moveit/install/pilz_industrial_motion_planner/share/pilz_industrial_motion_planner/config/unittest_trajectory_generator_circ.yaml
[297.629s] -- Installing: /home/joonmo/ws_moveit/install/pilz_industrial_motion_planner/share/pilz_industrial_motion_planner/config/unittest_joint_limits_aggregator.yaml
[297.630s] -- Installing: /home/joonmo/ws_moveit/install/pilz_industrial_motion_planner/share/pilz_industrial_motion_planner/launch
[297.630s] -- Installing: /home/joonmo/ws_moveit/install/pilz_industrial_motion_planner/share/pilz_industrial_motion_planner/launch/unittest_joint_limit.test.py
[297.630s] -- Installing: /home/joonmo/ws_moveit/install/pilz_industrial_motion_planner/share/pilz_industrial_motion_planner/launch/unittest_pilz_industrial_motion_planner.test.py
[297.630s] -- Installing: /home/joonmo/ws_moveit/install/pilz_industrial_motion_planner/share/pilz_industrial_motion_planner/launch/unittest_trajectory_generator_common.test.py
[297.631s] -- Installing: /home/joonmo/ws_moveit/install/pilz_industrial_motion_planner/share/pilz_industrial_motion_planner/launch/unittest_trajectory_generator_lin.test.py
[297.631s] -- Installing: /home/joonmo/ws_moveit/install/pilz_industrial_motion_planner/share/pilz_industrial_motion_planner/launch/unittest_trajectory_functions.test.py
[297.631s] -- Installing: /home/joonmo/ws_moveit/install/pilz_industrial_motion_planner/share/pilz_industrial_motion_planner/launch/unittest_trajectory_blender_transition_window.test.py
[297.631s] -- Installing: /home/joonmo/ws_moveit/install/pilz_industrial_motion_planner/share/pilz_industrial_motion_planner/launch/unittest_planning_context.test.py
[297.632s] -- Installing: /home/joonmo/ws_moveit/install/pilz_industrial_motion_planner/share/pilz_industrial_motion_planner/launch/unittest_trajectory_generator_ptp.test.py
[297.632s] -- Installing: /home/joonmo/ws_moveit/install/pilz_industrial_motion_planner/share/pilz_industrial_motion_planner/launch/unittest_trajectory_generator_circ.test.py
[297.635s] -- Installing: /home/joonmo/ws_moveit/install/pilz_industrial_motion_planner/share/pilz_industrial_motion_planner/launch/common_parameters.py
[297.635s] -- Installing: /home/joonmo/ws_moveit/install/pilz_industrial_motion_planner/share/pilz_industrial_motion_planner/launch/unittest_joint_limits_aggregator.test.py
[297.635s] -- Installing: /home/joonmo/ws_moveit/install/pilz_industrial_motion_planner/share/pilz_industrial_motion_planner/launch/unittest_cartesian_limits_aggregator.test.py
[297.635s] -- Installing: /home/joonmo/ws_moveit/install/pilz_industrial_motion_planner/share/pilz_industrial_motion_planner/launch/unittest_planning_context_loaders.test.py
[297.636s] -- Installing: /home/joonmo/ws_moveit/install/pilz_industrial_motion_planner/share/pilz_industrial_motion_planner/test_data
[297.636s] -- Installing: /home/joonmo/ws_moveit/install/pilz_industrial_motion_planner/share/pilz_industrial_motion_planner/test_data/frankaemika_panda
[297.640s] -- Installing: /home/joonmo/ws_moveit/install/pilz_industrial_motion_planner/share/pilz_industrial_motion_planner/test_data/frankaemika_panda/testdata_sequence.xml
[297.640s] -- Installing: /home/joonmo/ws_moveit/install/pilz_industrial_motion_planner/share/pilz_industrial_motion_planner/test_data/concept_testdata.png
[297.641s] -- Installing: /home/joonmo/ws_moveit/install/pilz_industrial_motion_planner/share/pilz_industrial_motion_planner/test_data/testpoints.py
[297.641s] -- Installing: /home/joonmo/ws_moveit/install/pilz_industrial_motion_planner/share/pilz_industrial_motion_planner/test_data/concept_testdata.odp
[297.641s] -- Installing: /home/joonmo/ws_moveit/install/pilz_industrial_motion_planner/share/pilz_industrial_motion_planner/test_data/prbt
[297.641s] -- Installing: /home/joonmo/ws_moveit/install/pilz_industrial_motion_planner/share/pilz_industrial_motion_planner/test_data/prbt/testdata_deprecated.xml
[297.641s] -- Installing: /home/joonmo/ws_moveit/install/pilz_industrial_motion_planner/share/pilz_industrial_motion_planner/test_data/prbt/testdata_with_gripper.xml
[297.641s] -- Installing: /home/joonmo/ws_moveit/install/pilz_industrial_motion_planner/share/pilz_industrial_motion_planner/test_data/prbt/testdata_sequence.xml
[297.641s] -- Installing: /home/joonmo/ws_moveit/install/pilz_industrial_motion_planner/share/ament_index/resource_index/package_run_dependencies/pilz_industrial_motion_planner
[297.642s] -- Installing: /home/joonmo/ws_moveit/install/pilz_industrial_motion_planner/share/ament_index/resource_index/parent_prefix_path/pilz_industrial_motion_planner
[297.642s] -- Installing: /home/joonmo/ws_moveit/install/pilz_industrial_motion_planner/share/pilz_industrial_motion_planner/environment/ament_prefix_path.sh
[297.645s] -- Installing: /home/joonmo/ws_moveit/install/pilz_industrial_motion_planner/share/pilz_industrial_motion_planner/environment/ament_prefix_path.dsv
[297.645s] -- Installing: /home/joonmo/ws_moveit/install/pilz_industrial_motion_planner/share/pilz_industrial_motion_planner/environment/path.sh
[297.646s] -- Installing: /home/joonmo/ws_moveit/install/pilz_industrial_motion_planner/share/pilz_industrial_motion_planner/environment/path.dsv
[297.646s] -- Installing: /home/joonmo/ws_moveit/install/pilz_industrial_motion_planner/share/pilz_industrial_motion_planner/local_setup.bash
[297.646s] -- Installing: /home/joonmo/ws_moveit/install/pilz_industrial_motion_planner/share/pilz_industrial_motion_planner/local_setup.sh
[297.646s] -- Installing: /home/joonmo/ws_moveit/install/pilz_industrial_motion_planner/share/pilz_industrial_motion_planner/local_setup.zsh
[297.646s] -- Installing: /home/joonmo/ws_moveit/install/pilz_industrial_motion_planner/share/pilz_industrial_motion_planner/local_setup.dsv
[297.647s] -- Installing: /home/joonmo/ws_moveit/install/pilz_industrial_motion_planner/share/pilz_industrial_motion_planner/package.dsv
[297.647s] -- Installing: /home/joonmo/ws_moveit/install/pilz_industrial_motion_planner/share/ament_index/resource_index/packages/pilz_industrial_motion_planner
[297.651s] -- Installing: /home/joonmo/ws_moveit/install/pilz_industrial_motion_planner/share/ament_index/resource_index/moveit_core__pluginlib__plugin/pilz_industrial_motion_planner
[297.651s] -- Installing: /home/joonmo/ws_moveit/install/pilz_industrial_motion_planner/share/ament_index/resource_index/moveit_ros_move_group__pluginlib__plugin/pilz_industrial_motion_planner
[297.651s] -- Installing: /home/joonmo/ws_moveit/install/pilz_industrial_motion_planner/share/ament_index/resource_index/pilz_industrial_motion_planner__pluginlib__plugin/pilz_industrial_motion_planner
[297.651s] -- Installing: /home/joonmo/ws_moveit/install/pilz_industrial_motion_planner/share/pilz_industrial_motion_planner/cmake/pilz_industrial_motion_plannerTargetsExport.cmake
[297.652s] -- Installing: /home/joonmo/ws_moveit/install/pilz_industrial_motion_planner/share/pilz_industrial_motion_planner/cmake/pilz_industrial_motion_plannerTargetsExport-release.cmake
[297.652s] -- Installing: /home/joonmo/ws_moveit/install/pilz_industrial_motion_planner/share/pilz_industrial_motion_planner/cmake/ament_cmake_export_include_directories-extras.cmake
[297.652s] -- Installing: /home/joonmo/ws_moveit/install/pilz_industrial_motion_planner/share/pilz_industrial_motion_planner/cmake/ament_cmake_export_targets-extras.cmake
[297.652s] -- Installing: /home/joonmo/ws_moveit/install/pilz_industrial_motion_planner/share/pilz_industrial_motion_planner/cmake/ament_cmake_export_dependencies-extras.cmake
[297.652s] -- Installing: /home/joonmo/ws_moveit/install/pilz_industrial_motion_planner/share/pilz_industrial_motion_planner/cmake/pilz_industrial_motion_plannerConfig.cmake
[297.652s] -- Installing: /home/joonmo/ws_moveit/install/pilz_industrial_motion_planner/share/pilz_industrial_motion_planner/cmake/pilz_industrial_motion_plannerConfig-version.cmake
[297.652s] -- Installing: /home/joonmo/ws_moveit/install/pilz_industrial_motion_planner/share/pilz_industrial_motion_planner/package.xml
[297.656s] Invoked command in '/home/joonmo/ws_moveit/build/pilz_industrial_motion_planner' returned '0': AMENT_PREFIX_PATH=/home/joonmo/ws_moveit/install/moveit_resources_prbt_pg70_support:/home/joonmo/ws_moveit/install/moveit_ros_planning_interface:/home/joonmo/ws_moveit/install/moveit_resources_prbt_moveit_config:/home/joonmo/ws_moveit/install/moveit_ros_move_group:/home/joonmo/ws_moveit/install/moveit_ros_warehouse:/home/joonmo/ws_moveit/install/moveit_planners_ompl:/home/joonmo/ws_moveit/install/moveit_kinematics:/home/joonmo/ws_moveit/install/moveit_ros_planning:/home/joonmo/ws_moveit/install/pilz_industrial_motion_planner_testutils:/home/joonmo/ws_moveit/install/moveit_simple_controller_manager:/home/joonmo/ws_moveit/install/moveit_ros_occupancy_map_monitor:/home/joonmo/ws_moveit/install/moveit_resources_prbt_ikfast_manipulator_plugin:/home/joonmo/ws_moveit/install/moveit_core:/home/joonmo/ws_moveit/install/moveit_resources_panda_moveit_config:/home/joonmo/ws_moveit/install/moveit_resources_fanuc_moveit_config:/home/joonmo/ws_moveit/install/moveit_configs_utils:/home/joonmo/ws_moveit/install/srdfdom:/home/joonmo/ws_moveit/install/moveit_resources_prbt_support:/home/joonmo/ws_moveit/install/moveit_resources_pr2_description:/home/joonmo/ws_moveit/install/moveit_resources_panda_description:/home/joonmo/ws_moveit/install/moveit_resources_fanuc_description:/home/joonmo/ws_moveit/install/moveit_common:/home/joonmo/ws_moveit/install/launch_param_builder:${AMENT_PREFIX_PATH} CMAKE_PREFIX_PATH=/home/joonmo/ws_moveit/install/moveit_resources_prbt_pg70_support:/home/joonmo/ws_moveit/install/moveit_ros_planning_interface:/home/joonmo/ws_moveit/install/moveit_resources_prbt_moveit_config:/home/joonmo/ws_moveit/install/moveit_ros_move_group:/home/joonmo/ws_moveit/install/moveit_ros_warehouse:/home/joonmo/ws_moveit/install/moveit_planners_ompl:/home/joonmo/ws_moveit/install/moveit_kinematics:/home/joonmo/ws_moveit/install/moveit_ros_planning:/home/joonmo/ws_moveit/install/pilz_industrial_motion_planner_testutils:/home/joonmo/ws_moveit/install/moveit_simple_controller_manager:/home/joonmo/ws_moveit/install/moveit_ros_occupancy_map_monitor:/home/joonmo/ws_moveit/install/moveit_resources_prbt_ikfast_manipulator_plugin:/home/joonmo/ws_moveit/install/moveit_core:/home/joonmo/ws_moveit/install/moveit_resources_panda_moveit_config:/home/joonmo/ws_moveit/install/moveit_resources_fanuc_moveit_config:/home/joonmo/ws_moveit/install/srdfdom:/home/joonmo/ws_moveit/install/moveit_resources_prbt_support:/home/joonmo/ws_moveit/install/moveit_resources_pr2_description:/home/joonmo/ws_moveit/install/moveit_resources_panda_description:/home/joonmo/ws_moveit/install/moveit_resources_fanuc_description:/home/joonmo/ws_moveit/install/moveit_common:/opt/ros/humble LD_LIBRARY_PATH=/home/joonmo/ws_moveit/install/moveit_ros_planning_interface/lib:/home/joonmo/ws_moveit/install/moveit_ros_move_group/lib:/home/joonmo/ws_moveit/install/moveit_ros_warehouse/lib:/home/joonmo/ws_moveit/install/moveit_planners_ompl/lib:/home/joonmo/ws_moveit/install/moveit_kinematics/lib:/home/joonmo/ws_moveit/install/moveit_ros_planning/lib:/home/joonmo/ws_moveit/install/pilz_industrial_motion_planner_testutils/lib:/home/joonmo/ws_moveit/install/moveit_simple_controller_manager/lib:/home/joonmo/ws_moveit/install/moveit_ros_occupancy_map_monitor/lib:/home/joonmo/ws_moveit/install/moveit_resources_prbt_ikfast_manipulator_plugin/lib:/home/joonmo/ws_moveit/install/moveit_core/lib:/home/joonmo/ws_moveit/install/srdfdom/lib:${LD_LIBRARY_PATH} PATH=/home/joonmo/ws_moveit/install/moveit_core/bin:${PATH} PYTHONPATH=/home/joonmo/ws_moveit/install/moveit_configs_utils/lib/python3.10/site-packages:/home/joonmo/ws_moveit/install/srdfdom/local/lib/python3.10/dist-packages:/home/joonmo/ws_moveit/install/launch_param_builder/lib/python3.10/site-packages:${PYTHONPATH} /usr/bin/cmake --install /home/joonmo/ws_moveit/build/pilz_industrial_motion_planner
