[0.034s] Invoking command in '/home/joonmo/ws_moveit/build/moveit_ros_move_group': AMENT_PREFIX_PATH=/home/joonmo/ws_moveit/install/moveit_kinematics:/home/joonmo/ws_moveit/install/moveit_ros_planning:/home/joonmo/ws_moveit/install/moveit_ros_occupancy_map_monitor:/home/joonmo/ws_moveit/install/moveit_core:/home/joonmo/ws_moveit/install/moveit_resources_panda_moveit_config:/home/joonmo/ws_moveit/install/moveit_resources_fanuc_moveit_config:/home/joonmo/ws_moveit/install/moveit_configs_utils:/home/joonmo/ws_moveit/install/srdfdom:/home/joonmo/ws_moveit/install/moveit_resources_pr2_description:/home/joonmo/ws_moveit/install/moveit_resources_panda_description:/home/joonmo/ws_moveit/install/moveit_resources_fanuc_description:/home/joonmo/ws_moveit/install/moveit_common:/home/joonmo/ws_moveit/install/launch_param_builder:${AMENT_PREFIX_PATH} CMAKE_PREFIX_PATH=/home/joonmo/ws_moveit/install/moveit_kinematics:/home/joonmo/ws_moveit/install/moveit_ros_planning:/home/joonmo/ws_moveit/install/moveit_ros_occupancy_map_monitor:/home/joonmo/ws_moveit/install/moveit_core:/home/joonmo/ws_moveit/install/moveit_resources_panda_moveit_config:/home/joonmo/ws_moveit/install/moveit_resources_fanuc_moveit_config:/home/joonmo/ws_moveit/install/srdfdom:/home/joonmo/ws_moveit/install/moveit_resources_pr2_description:/home/joonmo/ws_moveit/install/moveit_resources_panda_description:/home/joonmo/ws_moveit/install/moveit_resources_fanuc_description:/home/joonmo/ws_moveit/install/moveit_common:/opt/ros/humble LD_LIBRARY_PATH=/home/joonmo/ws_moveit/install/moveit_kinematics/lib:/home/joonmo/ws_moveit/install/moveit_ros_planning/lib:/home/joonmo/ws_moveit/install/moveit_ros_occupancy_map_monitor/lib:/home/joonmo/ws_moveit/install/moveit_core/lib:/home/joonmo/ws_moveit/install/srdfdom/lib:${LD_LIBRARY_PATH} PATH=/home/joonmo/ws_moveit/install/moveit_core/bin:${PATH} PYTHONPATH=/home/joonmo/ws_moveit/install/moveit_configs_utils/lib/python3.10/site-packages:/home/joonmo/ws_moveit/install/srdfdom/local/lib/python3.10/dist-packages:/home/joonmo/ws_moveit/install/launch_param_builder/lib/python3.10/site-packages:${PYTHONPATH} /usr/bin/cmake /home/joonmo/ws_moveit/src/moveit2/moveit_ros/move_group -DCMAKE_BUILD_TYPE=Release -DCMAKE_INSTALL_PREFIX=/home/joonmo/ws_moveit/install/moveit_ros_move_group
[0.101s] -- The C compiler identification is GNU 11.4.0
[0.167s] -- The CXX compiler identification is GNU 11.4.0
[0.177s] -- Detecting C compiler ABI info
[0.255s] -- Detecting C compiler ABI info - done
[0.264s] -- Check for working C compiler: /usr/bin/cc - skipped
[0.264s] -- Detecting C compile features
[0.265s] -- Detecting C compile features - done
[0.269s] -- Detecting CXX compiler ABI info
[0.359s] -- Detecting CXX compiler ABI info - done
[0.368s] -- Check for working CXX compiler: /usr/bin/c++ - skipped
[0.368s] -- Detecting CXX compile features
[0.368s] -- Detecting CXX compile features - done
[0.372s] -- Found moveit_common: 2.5.7 (/home/joonmo/ws_moveit/install/moveit_common/share/moveit_common/cmake)
[0.380s] -- Found ament_cmake: 1.3.11 (/opt/ros/humble/share/ament_cmake/cmake)
[0.569s] -- Found Python3: /usr/bin/python3 (found version "3.10.12") found components: Interpreter 
[0.784s] -- Found moveit_core: 2.5.7 (/home/joonmo/ws_moveit/install/moveit_core/share/moveit_core/cmake)
[1.076s] -- Found Boost: /usr/lib/x86_64-linux-gnu/cmake/Boost-1.74.0/BoostConfig.cmake (found version "1.74.0") found components: chrono date_time filesystem iostreams program_options regex serialization system thread 
[1.150s] -- Found parameter_traits: 0.4.0 (/opt/ros/humble/share/parameter_traits/cmake)
[1.216s] -- Found rosidl_generator_c: 3.1.6 (/opt/ros/humble/share/rosidl_generator_c/cmake)
[1.225s] -- Found rosidl_adapter: 3.1.6 (/opt/ros/humble/share/rosidl_adapter/cmake)
[1.239s] -- Found rosidl_generator_cpp: 3.1.6 (/opt/ros/humble/share/rosidl_generator_cpp/cmake)
[1.259s] -- Using all available rosidl_typesupport_c: rosidl_typesupport_fastrtps_c;rosidl_typesupport_introspection_c
[1.286s] -- Using all available rosidl_typesupport_cpp: rosidl_typesupport_fastrtps_cpp;rosidl_typesupport_introspection_cpp
[1.359s] -- Found rmw_implementation_cmake: 6.1.2 (/opt/ros/humble/share/rmw_implementation_cmake/cmake)
[1.364s] -- Found rmw_fastrtps_cpp: 6.2.7 (/opt/ros/humble/share/rmw_fastrtps_cpp/cmake)
[1.482s] -- Found OpenSSL: /usr/lib/x86_64-linux-gnu/libcrypto.so (found version "3.0.2")  
[1.510s] -- Found FastRTPS: /opt/ros/humble/include  
[1.558s] -- Using RMW implementation 'rmw_fastrtps_cpp' as default
[1.572s] -- Found Threads: TRUE  
[1.659s] -- Found Eigen3: TRUE (found version "3.4.0") 
[1.663s] -- Found rclcpp_lifecycle: 16.0.11 (/opt/ros/humble/share/rclcpp_lifecycle/cmake)
[1.701s] -- Found Boost: /usr/lib/x86_64-linux-gnu/cmake/Boost-1.74.0/BoostConfig.cmake (found version "1.74.0") found components: filesystem 
[1.833s] -- library: /usr/lib/x86_64-linux-gnu/libcurl.so
[1.927s] -- Ensuring Eigen3 include directory is part of orocos-kdl CMake target
[2.276s] -- Found moveit_ros_planning: 2.5.7 (/home/joonmo/ws_moveit/install/moveit_ros_planning/share/moveit_ros_planning/cmake)
[2.282s] -- Found Boost: /usr/lib/x86_64-linux-gnu/cmake/Boost-1.74.0/BoostConfig.cmake (found version "1.74.0") found components: system filesystem date_time program_options thread chrono 
[2.316s] -- Found std_srvs: 4.2.4 (/opt/ros/humble/share/std_srvs/cmake)
[2.337s] -- Found Boost: /usr/lib/x86_64-linux-gnu/cmake/Boost-1.74.0/BoostConfig.cmake (found version "1.74.0") found components: system filesystem date_time program_options thread 
[2.374s] -- Found ament_lint_auto: 0.12.11 (/opt/ros/humble/share/ament_lint_auto/cmake)
[2.401s] -- Added test 'cppcheck' to perform static code analysis on C / C++ code
[2.401s] -- Configured cppcheck include dirs: /home/joonmo/ws_moveit/src/moveit2/moveit_ros/move_group/include
[2.401s] -- Configured cppcheck exclude dirs and/or files: 
[2.402s] -- Added test 'lint_cmake' to check CMake code style
[2.403s] -- Added test 'pep257' to check Python code against some of the docstring style conventions in PEP 257
[2.404s] -- Added test 'xmllint' to check XML markup files
[2.407s] -- Configuring done
[2.487s] -- Generating done
[2.512s] -- Build files have been written to: /home/joonmo/ws_moveit/build/moveit_ros_move_group
[2.528s] Invoked command in '/home/joonmo/ws_moveit/build/moveit_ros_move_group' returned '0': AMENT_PREFIX_PATH=/home/joonmo/ws_moveit/install/moveit_kinematics:/home/joonmo/ws_moveit/install/moveit_ros_planning:/home/joonmo/ws_moveit/install/moveit_ros_occupancy_map_monitor:/home/joonmo/ws_moveit/install/moveit_core:/home/joonmo/ws_moveit/install/moveit_resources_panda_moveit_config:/home/joonmo/ws_moveit/install/moveit_resources_fanuc_moveit_config:/home/joonmo/ws_moveit/install/moveit_configs_utils:/home/joonmo/ws_moveit/install/srdfdom:/home/joonmo/ws_moveit/install/moveit_resources_pr2_description:/home/joonmo/ws_moveit/install/moveit_resources_panda_description:/home/joonmo/ws_moveit/install/moveit_resources_fanuc_description:/home/joonmo/ws_moveit/install/moveit_common:/home/joonmo/ws_moveit/install/launch_param_builder:${AMENT_PREFIX_PATH} CMAKE_PREFIX_PATH=/home/joonmo/ws_moveit/install/moveit_kinematics:/home/joonmo/ws_moveit/install/moveit_ros_planning:/home/joonmo/ws_moveit/install/moveit_ros_occupancy_map_monitor:/home/joonmo/ws_moveit/install/moveit_core:/home/joonmo/ws_moveit/install/moveit_resources_panda_moveit_config:/home/joonmo/ws_moveit/install/moveit_resources_fanuc_moveit_config:/home/joonmo/ws_moveit/install/srdfdom:/home/joonmo/ws_moveit/install/moveit_resources_pr2_description:/home/joonmo/ws_moveit/install/moveit_resources_panda_description:/home/joonmo/ws_moveit/install/moveit_resources_fanuc_description:/home/joonmo/ws_moveit/install/moveit_common:/opt/ros/humble LD_LIBRARY_PATH=/home/joonmo/ws_moveit/install/moveit_kinematics/lib:/home/joonmo/ws_moveit/install/moveit_ros_planning/lib:/home/joonmo/ws_moveit/install/moveit_ros_occupancy_map_monitor/lib:/home/joonmo/ws_moveit/install/moveit_core/lib:/home/joonmo/ws_moveit/install/srdfdom/lib:${LD_LIBRARY_PATH} PATH=/home/joonmo/ws_moveit/install/moveit_core/bin:${PATH} PYTHONPATH=/home/joonmo/ws_moveit/install/moveit_configs_utils/lib/python3.10/site-packages:/home/joonmo/ws_moveit/install/srdfdom/local/lib/python3.10/dist-packages:/home/joonmo/ws_moveit/install/launch_param_builder/lib/python3.10/site-packages:${PYTHONPATH} /usr/bin/cmake /home/joonmo/ws_moveit/src/moveit2/moveit_ros/move_group -DCMAKE_BUILD_TYPE=Release -DCMAKE_INSTALL_PREFIX=/home/joonmo/ws_moveit/install/moveit_ros_move_group
[2.530s] Invoking command in '/home/joonmo/ws_moveit/build/moveit_ros_move_group': AMENT_PREFIX_PATH=/home/joonmo/ws_moveit/install/moveit_kinematics:/home/joonmo/ws_moveit/install/moveit_ros_planning:/home/joonmo/ws_moveit/install/moveit_ros_occupancy_map_monitor:/home/joonmo/ws_moveit/install/moveit_core:/home/joonmo/ws_moveit/install/moveit_resources_panda_moveit_config:/home/joonmo/ws_moveit/install/moveit_resources_fanuc_moveit_config:/home/joonmo/ws_moveit/install/moveit_configs_utils:/home/joonmo/ws_moveit/install/srdfdom:/home/joonmo/ws_moveit/install/moveit_resources_pr2_description:/home/joonmo/ws_moveit/install/moveit_resources_panda_description:/home/joonmo/ws_moveit/install/moveit_resources_fanuc_description:/home/joonmo/ws_moveit/install/moveit_common:/home/joonmo/ws_moveit/install/launch_param_builder:${AMENT_PREFIX_PATH} CMAKE_PREFIX_PATH=/home/joonmo/ws_moveit/install/moveit_kinematics:/home/joonmo/ws_moveit/install/moveit_ros_planning:/home/joonmo/ws_moveit/install/moveit_ros_occupancy_map_monitor:/home/joonmo/ws_moveit/install/moveit_core:/home/joonmo/ws_moveit/install/moveit_resources_panda_moveit_config:/home/joonmo/ws_moveit/install/moveit_resources_fanuc_moveit_config:/home/joonmo/ws_moveit/install/srdfdom:/home/joonmo/ws_moveit/install/moveit_resources_pr2_description:/home/joonmo/ws_moveit/install/moveit_resources_panda_description:/home/joonmo/ws_moveit/install/moveit_resources_fanuc_description:/home/joonmo/ws_moveit/install/moveit_common:/opt/ros/humble LD_LIBRARY_PATH=/home/joonmo/ws_moveit/install/moveit_kinematics/lib:/home/joonmo/ws_moveit/install/moveit_ros_planning/lib:/home/joonmo/ws_moveit/install/moveit_ros_occupancy_map_monitor/lib:/home/joonmo/ws_moveit/install/moveit_core/lib:/home/joonmo/ws_moveit/install/srdfdom/lib:${LD_LIBRARY_PATH} PATH=/home/joonmo/ws_moveit/install/moveit_core/bin:${PATH} PYTHONPATH=/home/joonmo/ws_moveit/install/moveit_configs_utils/lib/python3.10/site-packages:/home/joonmo/ws_moveit/install/srdfdom/local/lib/python3.10/dist-packages:/home/joonmo/ws_moveit/install/launch_param_builder/lib/python3.10/site-packages:${PYTHONPATH} /usr/bin/cmake --build /home/joonmo/ws_moveit/build/moveit_ros_move_group -- -j8 -l8
[2.592s] [  5%] [32mBuilding CXX object CMakeFiles/moveit_move_group_capabilities_base.dir/src/move_group_context.cpp.o[0m
[14.497s] [ 10%] [32mBuilding CXX object CMakeFiles/moveit_move_group_capabilities_base.dir/src/move_group_capability.cpp.o[0m
[26.621s] [ 15%] [32m[1mLinking CXX shared library libmoveit_move_group_capabilities_base.so[0m
[26.855s] [ 15%] Built target moveit_move_group_capabilities_base
[26.877s] [ 21%] [32mBuilding CXX object CMakeFiles/list_move_group_capabilities.dir/src/list_capabilities.cpp.o[0m
[41.112s] [ 26%] [32m[1mLinking CXX executable list_move_group_capabilities[0m
[41.334s] [ 26%] Built target list_move_group_capabilities
[41.367s] [ 31%] [32mBuilding CXX object CMakeFiles/move_group.dir/src/move_group.cpp.o[0m
[41.368s] [ 42%] [32mBuilding CXX object CMakeFiles/moveit_move_group_default_capabilities.dir/src/default_capabilities/move_action_capability.cpp.o[0m
[41.368s] [ 42%] [32mBuilding CXX object CMakeFiles/moveit_move_group_default_capabilities.dir/src/default_capabilities/plan_service_capability.cpp.o[0m
[41.368s] [ 47%] [32mBuilding CXX object CMakeFiles/moveit_move_group_default_capabilities.dir/src/default_capabilities/execute_trajectory_action_capability.cpp.o[0m
[42.401s] [ 52%] [32mBuilding CXX object CMakeFiles/moveit_move_group_default_capabilities.dir/src/default_capabilities/cartesian_path_service_capability.cpp.o[0m
[43.431s] [ 57%] [32mBuilding CXX object CMakeFiles/moveit_move_group_default_capabilities.dir/src/default_capabilities/state_validation_service_capability.cpp.o[0m
[44.465s] [ 63%] [32mBuilding CXX object CMakeFiles/moveit_move_group_default_capabilities.dir/src/default_capabilities/kinematics_service_capability.cpp.o[0m
[45.506s] [ 68%] [32mBuilding CXX object CMakeFiles/moveit_move_group_default_capabilities.dir/src/default_capabilities/query_planners_service_capability.cpp.o[0m
[79.163s] [ 73%] [32mBuilding CXX object CMakeFiles/moveit_move_group_default_capabilities.dir/src/default_capabilities/tf_publisher_capability.cpp.o[0m
[81.264s] [ 78%] [32m[1mLinking CXX executable move_group[0m
[81.714s] [ 78%] Built target move_group
[93.313s] [ 84%] [32mBuilding CXX object CMakeFiles/moveit_move_group_default_capabilities.dir/src/default_capabilities/clear_octomap_service_capability.cpp.o[0m
[93.316s] [ 89%] [32mBuilding CXX object CMakeFiles/moveit_move_group_default_capabilities.dir/src/default_capabilities/apply_planning_scene_service_capability.cpp.o[0m
[114.443s] [ 94%] [32mBuilding CXX object CMakeFiles/moveit_move_group_default_capabilities.dir/src/default_capabilities/get_planning_scene_service_capability.cpp.o[0m
[131.621s] [100%] [32m[1mLinking CXX shared library libmoveit_move_group_default_capabilities.so[0m
[132.190s] [100%] Built target moveit_move_group_default_capabilities
[132.204s] Invoked command in '/home/joonmo/ws_moveit/build/moveit_ros_move_group' returned '0': AMENT_PREFIX_PATH=/home/joonmo/ws_moveit/install/moveit_kinematics:/home/joonmo/ws_moveit/install/moveit_ros_planning:/home/joonmo/ws_moveit/install/moveit_ros_occupancy_map_monitor:/home/joonmo/ws_moveit/install/moveit_core:/home/joonmo/ws_moveit/install/moveit_resources_panda_moveit_config:/home/joonmo/ws_moveit/install/moveit_resources_fanuc_moveit_config:/home/joonmo/ws_moveit/install/moveit_configs_utils:/home/joonmo/ws_moveit/install/srdfdom:/home/joonmo/ws_moveit/install/moveit_resources_pr2_description:/home/joonmo/ws_moveit/install/moveit_resources_panda_description:/home/joonmo/ws_moveit/install/moveit_resources_fanuc_description:/home/joonmo/ws_moveit/install/moveit_common:/home/joonmo/ws_moveit/install/launch_param_builder:${AMENT_PREFIX_PATH} CMAKE_PREFIX_PATH=/home/joonmo/ws_moveit/install/moveit_kinematics:/home/joonmo/ws_moveit/install/moveit_ros_planning:/home/joonmo/ws_moveit/install/moveit_ros_occupancy_map_monitor:/home/joonmo/ws_moveit/install/moveit_core:/home/joonmo/ws_moveit/install/moveit_resources_panda_moveit_config:/home/joonmo/ws_moveit/install/moveit_resources_fanuc_moveit_config:/home/joonmo/ws_moveit/install/srdfdom:/home/joonmo/ws_moveit/install/moveit_resources_pr2_description:/home/joonmo/ws_moveit/install/moveit_resources_panda_description:/home/joonmo/ws_moveit/install/moveit_resources_fanuc_description:/home/joonmo/ws_moveit/install/moveit_common:/opt/ros/humble LD_LIBRARY_PATH=/home/joonmo/ws_moveit/install/moveit_kinematics/lib:/home/joonmo/ws_moveit/install/moveit_ros_planning/lib:/home/joonmo/ws_moveit/install/moveit_ros_occupancy_map_monitor/lib:/home/joonmo/ws_moveit/install/moveit_core/lib:/home/joonmo/ws_moveit/install/srdfdom/lib:${LD_LIBRARY_PATH} PATH=/home/joonmo/ws_moveit/install/moveit_core/bin:${PATH} PYTHONPATH=/home/joonmo/ws_moveit/install/moveit_configs_utils/lib/python3.10/site-packages:/home/joonmo/ws_moveit/install/srdfdom/local/lib/python3.10/dist-packages:/home/joonmo/ws_moveit/install/launch_param_builder/lib/python3.10/site-packages:${PYTHONPATH} /usr/bin/cmake --build /home/joonmo/ws_moveit/build/moveit_ros_move_group -- -j8 -l8
[132.206s] Invoking command in '/home/joonmo/ws_moveit/build/moveit_ros_move_group': AMENT_PREFIX_PATH=/home/joonmo/ws_moveit/install/moveit_kinematics:/home/joonmo/ws_moveit/install/moveit_ros_planning:/home/joonmo/ws_moveit/install/moveit_ros_occupancy_map_monitor:/home/joonmo/ws_moveit/install/moveit_core:/home/joonmo/ws_moveit/install/moveit_resources_panda_moveit_config:/home/joonmo/ws_moveit/install/moveit_resources_fanuc_moveit_config:/home/joonmo/ws_moveit/install/moveit_configs_utils:/home/joonmo/ws_moveit/install/srdfdom:/home/joonmo/ws_moveit/install/moveit_resources_pr2_description:/home/joonmo/ws_moveit/install/moveit_resources_panda_description:/home/joonmo/ws_moveit/install/moveit_resources_fanuc_description:/home/joonmo/ws_moveit/install/moveit_common:/home/joonmo/ws_moveit/install/launch_param_builder:${AMENT_PREFIX_PATH} CMAKE_PREFIX_PATH=/home/joonmo/ws_moveit/install/moveit_kinematics:/home/joonmo/ws_moveit/install/moveit_ros_planning:/home/joonmo/ws_moveit/install/moveit_ros_occupancy_map_monitor:/home/joonmo/ws_moveit/install/moveit_core:/home/joonmo/ws_moveit/install/moveit_resources_panda_moveit_config:/home/joonmo/ws_moveit/install/moveit_resources_fanuc_moveit_config:/home/joonmo/ws_moveit/install/srdfdom:/home/joonmo/ws_moveit/install/moveit_resources_pr2_description:/home/joonmo/ws_moveit/install/moveit_resources_panda_description:/home/joonmo/ws_moveit/install/moveit_resources_fanuc_description:/home/joonmo/ws_moveit/install/moveit_common:/opt/ros/humble LD_LIBRARY_PATH=/home/joonmo/ws_moveit/install/moveit_kinematics/lib:/home/joonmo/ws_moveit/install/moveit_ros_planning/lib:/home/joonmo/ws_moveit/install/moveit_ros_occupancy_map_monitor/lib:/home/joonmo/ws_moveit/install/moveit_core/lib:/home/joonmo/ws_moveit/install/srdfdom/lib:${LD_LIBRARY_PATH} PATH=/home/joonmo/ws_moveit/install/moveit_core/bin:${PATH} PYTHONPATH=/home/joonmo/ws_moveit/install/moveit_configs_utils/lib/python3.10/site-packages:/home/joonmo/ws_moveit/install/srdfdom/local/lib/python3.10/dist-packages:/home/joonmo/ws_moveit/install/launch_param_builder/lib/python3.10/site-packages:${PYTHONPATH} /usr/bin/cmake --install /home/joonmo/ws_moveit/build/moveit_ros_move_group
[132.215s] -- Install configuration: "Release"
[132.216s] -- Installing: /home/joonmo/ws_moveit/install/moveit_ros_move_group/lib/moveit_ros_move_group/move_group
[132.216s] -- Set runtime path of "/home/joonmo/ws_moveit/install/moveit_ros_move_group/lib/moveit_ros_move_group/move_group" to ""
[132.217s] -- Installing: /home/joonmo/ws_moveit/install/moveit_ros_move_group/lib/moveit_ros_move_group/list_move_group_capabilities
[132.217s] -- Set runtime path of "/home/joonmo/ws_moveit/install/moveit_ros_move_group/lib/moveit_ros_move_group/list_move_group_capabilities" to ""
[132.217s] -- Installing: /home/joonmo/ws_moveit/install/moveit_ros_move_group/lib/libmoveit_move_group_default_capabilities.so.2.5.7
[132.219s] -- Set runtime path of "/home/joonmo/ws_moveit/install/moveit_ros_move_group/lib/libmoveit_move_group_default_capabilities.so.2.5.7" to ""
[132.219s] -- Installing: /home/joonmo/ws_moveit/install/moveit_ros_move_group/lib/libmoveit_move_group_default_capabilities.so
[132.219s] -- Installing: /home/joonmo/ws_moveit/install/moveit_ros_move_group/lib/libmoveit_move_group_capabilities_base.so.2.5.7
[132.220s] -- Set runtime path of "/home/joonmo/ws_moveit/install/moveit_ros_move_group/lib/libmoveit_move_group_capabilities_base.so.2.5.7" to ""
[132.220s] -- Installing: /home/joonmo/ws_moveit/install/moveit_ros_move_group/lib/libmoveit_move_group_capabilities_base.so
[132.220s] -- Installing: /home/joonmo/ws_moveit/install/moveit_ros_move_group/include
[132.220s] -- Installing: /home/joonmo/ws_moveit/install/moveit_ros_move_group/include/moveit
[132.220s] -- Installing: /home/joonmo/ws_moveit/install/moveit_ros_move_group/include/moveit/move_group
[132.220s] -- Installing: /home/joonmo/ws_moveit/install/moveit_ros_move_group/include/moveit/move_group/capability_names.h
[132.221s] -- Installing: /home/joonmo/ws_moveit/install/moveit_ros_move_group/include/moveit/move_group/move_group_capability.h
[132.221s] -- Installing: /home/joonmo/ws_moveit/install/moveit_ros_move_group/include/moveit/move_group/move_group_context.h
[132.221s] -- Installing: /home/joonmo/ws_moveit/install/moveit_ros_move_group/include/moveit/move_group/node_name.h
[132.221s] -- Installing: /home/joonmo/ws_moveit/install/moveit_ros_move_group/share/moveit_ros_move_group/environment/library_path.sh
[132.221s] -- Installing: /home/joonmo/ws_moveit/install/moveit_ros_move_group/share/moveit_ros_move_group/environment/library_path.dsv
[132.221s] -- Installing: /home/joonmo/ws_moveit/install/moveit_ros_move_group/lib/moveit_ros_move_group/load_map
[132.222s] -- Installing: /home/joonmo/ws_moveit/install/moveit_ros_move_group/lib/moveit_ros_move_group/save_map
[132.222s] -- Installing: /home/joonmo/ws_moveit/install/moveit_ros_move_group/share/moveit_ros_move_group/default_capabilities_plugin_description.xml
[132.222s] -- Installing: /home/joonmo/ws_moveit/install/moveit_ros_move_group/share/ament_index/resource_index/package_run_dependencies/moveit_ros_move_group
[132.223s] -- Installing: /home/joonmo/ws_moveit/install/moveit_ros_move_group/share/ament_index/resource_index/parent_prefix_path/moveit_ros_move_group
[132.223s] -- Installing: /home/joonmo/ws_moveit/install/moveit_ros_move_group/share/moveit_ros_move_group/environment/ament_prefix_path.sh
[132.223s] -- Installing: /home/joonmo/ws_moveit/install/moveit_ros_move_group/share/moveit_ros_move_group/environment/ament_prefix_path.dsv
[132.223s] -- Installing: /home/joonmo/ws_moveit/install/moveit_ros_move_group/share/moveit_ros_move_group/environment/path.sh
[132.223s] -- Installing: /home/joonmo/ws_moveit/install/moveit_ros_move_group/share/moveit_ros_move_group/environment/path.dsv
[132.223s] -- Installing: /home/joonmo/ws_moveit/install/moveit_ros_move_group/share/moveit_ros_move_group/local_setup.bash
[132.224s] -- Installing: /home/joonmo/ws_moveit/install/moveit_ros_move_group/share/moveit_ros_move_group/local_setup.sh
[132.224s] -- Installing: /home/joonmo/ws_moveit/install/moveit_ros_move_group/share/moveit_ros_move_group/local_setup.zsh
[132.224s] -- Installing: /home/joonmo/ws_moveit/install/moveit_ros_move_group/share/moveit_ros_move_group/local_setup.dsv
[132.224s] -- Installing: /home/joonmo/ws_moveit/install/moveit_ros_move_group/share/moveit_ros_move_group/package.dsv
[132.224s] -- Installing: /home/joonmo/ws_moveit/install/moveit_ros_move_group/share/ament_index/resource_index/packages/moveit_ros_move_group
[132.225s] -- Installing: /home/joonmo/ws_moveit/install/moveit_ros_move_group/share/ament_index/resource_index/moveit_ros_move_group__pluginlib__plugin/moveit_ros_move_group
[132.225s] -- Installing: /home/joonmo/ws_moveit/install/moveit_ros_move_group/share/moveit_ros_move_group/cmake/export_moveit_ros_move_groupExport.cmake
[132.225s] -- Installing: /home/joonmo/ws_moveit/install/moveit_ros_move_group/share/moveit_ros_move_group/cmake/export_moveit_ros_move_groupExport-release.cmake
[132.225s] -- Installing: /home/joonmo/ws_moveit/install/moveit_ros_move_group/share/moveit_ros_move_group/cmake/ConfigExtras.cmake
[132.225s] -- Installing: /home/joonmo/ws_moveit/install/moveit_ros_move_group/share/moveit_ros_move_group/cmake/ament_cmake_export_targets-extras.cmake
[132.226s] -- Installing: /home/joonmo/ws_moveit/install/moveit_ros_move_group/share/moveit_ros_move_group/cmake/ament_cmake_export_dependencies-extras.cmake
[132.226s] -- Installing: /home/joonmo/ws_moveit/install/moveit_ros_move_group/share/moveit_ros_move_group/cmake/moveit_ros_move_groupConfig.cmake
[132.226s] -- Installing: /home/joonmo/ws_moveit/install/moveit_ros_move_group/share/moveit_ros_move_group/cmake/moveit_ros_move_groupConfig-version.cmake
[132.226s] -- Installing: /home/joonmo/ws_moveit/install/moveit_ros_move_group/share/moveit_ros_move_group/package.xml
[132.229s] Invoked command in '/home/joonmo/ws_moveit/build/moveit_ros_move_group' returned '0': AMENT_PREFIX_PATH=/home/joonmo/ws_moveit/install/moveit_kinematics:/home/joonmo/ws_moveit/install/moveit_ros_planning:/home/joonmo/ws_moveit/install/moveit_ros_occupancy_map_monitor:/home/joonmo/ws_moveit/install/moveit_core:/home/joonmo/ws_moveit/install/moveit_resources_panda_moveit_config:/home/joonmo/ws_moveit/install/moveit_resources_fanuc_moveit_config:/home/joonmo/ws_moveit/install/moveit_configs_utils:/home/joonmo/ws_moveit/install/srdfdom:/home/joonmo/ws_moveit/install/moveit_resources_pr2_description:/home/joonmo/ws_moveit/install/moveit_resources_panda_description:/home/joonmo/ws_moveit/install/moveit_resources_fanuc_description:/home/joonmo/ws_moveit/install/moveit_common:/home/joonmo/ws_moveit/install/launch_param_builder:${AMENT_PREFIX_PATH} CMAKE_PREFIX_PATH=/home/joonmo/ws_moveit/install/moveit_kinematics:/home/joonmo/ws_moveit/install/moveit_ros_planning:/home/joonmo/ws_moveit/install/moveit_ros_occupancy_map_monitor:/home/joonmo/ws_moveit/install/moveit_core:/home/joonmo/ws_moveit/install/moveit_resources_panda_moveit_config:/home/joonmo/ws_moveit/install/moveit_resources_fanuc_moveit_config:/home/joonmo/ws_moveit/install/srdfdom:/home/joonmo/ws_moveit/install/moveit_resources_pr2_description:/home/joonmo/ws_moveit/install/moveit_resources_panda_description:/home/joonmo/ws_moveit/install/moveit_resources_fanuc_description:/home/joonmo/ws_moveit/install/moveit_common:/opt/ros/humble LD_LIBRARY_PATH=/home/joonmo/ws_moveit/install/moveit_kinematics/lib:/home/joonmo/ws_moveit/install/moveit_ros_planning/lib:/home/joonmo/ws_moveit/install/moveit_ros_occupancy_map_monitor/lib:/home/joonmo/ws_moveit/install/moveit_core/lib:/home/joonmo/ws_moveit/install/srdfdom/lib:${LD_LIBRARY_PATH} PATH=/home/joonmo/ws_moveit/install/moveit_core/bin:${PATH} PYTHONPATH=/home/joonmo/ws_moveit/install/moveit_configs_utils/lib/python3.10/site-packages:/home/joonmo/ws_moveit/install/srdfdom/local/lib/python3.10/dist-packages:/home/joonmo/ws_moveit/install/launch_param_builder/lib/python3.10/site-packages:${PYTHONPATH} /usr/bin/cmake --install /home/joonmo/ws_moveit/build/moveit_ros_move_group
