[0.023s] Invoking command in '/home/joonmo/ws_moveit/build/moveit_common': CMAKE_PREFIX_PATH=/opt/ros/humble /usr/bin/cmake /home/joonmo/ws_moveit/src/moveit2/moveit_common -DCMAKE_BUILD_TYPE=Release -DCMAKE_INSTALL_PREFIX=/home/joonmo/ws_moveit/install/moveit_common
[0.278s] -- Found ament_cmake: 1.3.11 (/opt/ros/humble/share/ament_cmake/cmake)
[0.278s] -- Found Python3: /usr/bin/python3 (found version "3.10.12") found components: Interpreter 
[0.314s] -- Found ament_lint_auto: 0.12.11 (/opt/ros/humble/share/ament_lint_auto/cmake)
[0.434s] -- Added test 'copyright' to check source files copyright and LICENSE
[0.435s] -- Added test 'lint_cmake' to check CMake code style
[0.437s] -- Added test 'xmllint' to check XML markup files
[0.440s] -- Configuring done
[0.444s] -- Generating done
[0.444s] -- Build files have been written to: /home/joonmo/ws_moveit/build/moveit_common
[0.448s] Invoked command in '/home/joonmo/ws_moveit/build/moveit_common' returned '0': CMAKE_PREFIX_PATH=/opt/ros/humble /usr/bin/cmake /home/joonmo/ws_moveit/src/moveit2/moveit_common -DCMAKE_BUILD_TYPE=Release -DCMAKE_INSTALL_PREFIX=/home/joonmo/ws_moveit/install/moveit_common
[0.452s] Invoking command in '/home/joonmo/ws_moveit/build/moveit_common': CMAKE_PREFIX_PATH=/opt/ros/humble /usr/bin/cmake --build /home/joonmo/ws_moveit/build/moveit_common -- -j8 -l8
[0.748s] Invoked command in '/home/joonmo/ws_moveit/build/moveit_common' returned '0': CMAKE_PREFIX_PATH=/opt/ros/humble /usr/bin/cmake --build /home/joonmo/ws_moveit/build/moveit_common -- -j8 -l8
[0.762s] Invoking command in '/home/joonmo/ws_moveit/build/moveit_common': CMAKE_PREFIX_PATH=/opt/ros/humble /usr/bin/cmake --install /home/joonmo/ws_moveit/build/moveit_common
[0.775s] -- Install configuration: "Release"
[0.776s] -- Installing: /home/joonmo/ws_moveit/install/moveit_common/share/ament_index/resource_index/package_run_dependencies/moveit_common
[0.776s] -- Installing: /home/joonmo/ws_moveit/install/moveit_common/share/ament_index/resource_index/parent_prefix_path/moveit_common
[0.776s] -- Installing: /home/joonmo/ws_moveit/install/moveit_common/share/moveit_common/environment/ament_prefix_path.sh
[0.776s] -- Installing: /home/joonmo/ws_moveit/install/moveit_common/share/moveit_common/environment/ament_prefix_path.dsv
[0.776s] -- Installing: /home/joonmo/ws_moveit/install/moveit_common/share/moveit_common/environment/path.sh
[0.776s] -- Installing: /home/joonmo/ws_moveit/install/moveit_common/share/moveit_common/environment/path.dsv
[0.776s] -- Installing: /home/joonmo/ws_moveit/install/moveit_common/share/moveit_common/local_setup.bash
[0.776s] -- Installing: /home/joonmo/ws_moveit/install/moveit_common/share/moveit_common/local_setup.sh
[0.776s] -- Installing: /home/joonmo/ws_moveit/install/moveit_common/share/moveit_common/local_setup.zsh
[0.776s] -- Installing: /home/joonmo/ws_moveit/install/moveit_common/share/moveit_common/local_setup.dsv
[0.776s] -- Installing: /home/joonmo/ws_moveit/install/moveit_common/share/moveit_common/package.dsv
[0.776s] -- Installing: /home/joonmo/ws_moveit/install/moveit_common/share/ament_index/resource_index/packages/moveit_common
[0.776s] -- Installing: /home/joonmo/ws_moveit/install/moveit_common/share/moveit_common/cmake/moveit_common-extras.cmake
[0.777s] -- Installing: /home/joonmo/ws_moveit/install/moveit_common/share/moveit_common/cmake/moveit_commonConfig.cmake
[0.777s] -- Installing: /home/joonmo/ws_moveit/install/moveit_common/share/moveit_common/cmake/moveit_commonConfig-version.cmake
[0.777s] -- Installing: /home/joonmo/ws_moveit/install/moveit_common/share/moveit_common/package.xml
[0.777s] -- Up-to-date: /home/joonmo/ws_moveit/install/moveit_common/share/moveit_common/cmake
[0.777s] -- Installing: /home/joonmo/ws_moveit/install/moveit_common/share/moveit_common/cmake/moveit_package.cmake
[0.777s] Invoked command in '/home/joonmo/ws_moveit/build/moveit_common' returned '0': CMAKE_PREFIX_PATH=/opt/ros/humble /usr/bin/cmake --install /home/joonmo/ws_moveit/build/moveit_common
