[0.023s] Invoking command in '/home/joonmo/ws_moveit/build/moveit_ros_perception': AMENT_PREFIX_PATH=/home/joonmo/ws_moveit/install/moveit_ros_planning:/home/joonmo/ws_moveit/install/moveit_ros_occupancy_map_monitor:/home/joonmo/ws_moveit/install/moveit_core:/home/joonmo/ws_moveit/install/moveit_resources_panda_moveit_config:/home/joonmo/ws_moveit/install/moveit_configs_utils:/home/joonmo/ws_moveit/install/srdfdom:/home/joonmo/ws_moveit/install/moveit_resources_pr2_description:/home/joonmo/ws_moveit/install/moveit_resources_panda_description:/home/joonmo/ws_moveit/install/moveit_common:/home/joonmo/ws_moveit/install/launch_param_builder:${AMENT_PREFIX_PATH} CMAKE_PREFIX_PATH=/home/joonmo/ws_moveit/install/moveit_ros_planning:/home/joonmo/ws_moveit/install/moveit_ros_occupancy_map_monitor:/home/joonmo/ws_moveit/install/moveit_core:/home/joonmo/ws_moveit/install/moveit_resources_panda_moveit_config:/home/joonmo/ws_moveit/install/srdfdom:/home/joonmo/ws_moveit/install/moveit_resources_pr2_description:/home/joonmo/ws_moveit/install/moveit_resources_panda_description:/home/joonmo/ws_moveit/install/moveit_common:/opt/ros/humble LD_LIBRARY_PATH=/home/joonmo/ws_moveit/install/moveit_ros_planning/lib:/home/joonmo/ws_moveit/install/moveit_ros_occupancy_map_monitor/lib:/home/joonmo/ws_moveit/install/moveit_core/lib:/home/joonmo/ws_moveit/install/srdfdom/lib:${LD_LIBRARY_PATH} PATH=/home/joonmo/ws_moveit/install/moveit_core/bin:${PATH} PYTHONPATH=/home/joonmo/ws_moveit/install/moveit_configs_utils/lib/python3.10/site-packages:/home/joonmo/ws_moveit/install/srdfdom/local/lib/python3.10/dist-packages:/home/joonmo/ws_moveit/install/launch_param_builder/lib/python3.10/site-packages:${PYTHONPATH} /usr/bin/cmake /home/joonmo/ws_moveit/src/moveit2/moveit_ros/perception -DCMAKE_BUILD_TYPE=Release -DCMAKE_INSTALL_PREFIX=/home/joonmo/ws_moveit/install/moveit_ros_perception
[0.086s] -- The C compiler identification is GNU 11.4.0
[0.158s] -- The CXX compiler identification is GNU 11.4.0
[0.167s] -- Detecting C compiler ABI info
[0.259s] -- Detecting C compiler ABI info - done
[0.271s] -- Check for working C compiler: /usr/bin/cc - skipped
[0.271s] -- Detecting C compile features
[0.272s] -- Detecting C compile features - done
[0.276s] -- Detecting CXX compiler ABI info
[0.388s] -- Detecting CXX compiler ABI info - done
[0.405s] -- Check for working CXX compiler: /usr/bin/c++ - skipped
[0.405s] -- Detecting CXX compile features
[0.406s] -- Detecting CXX compile features - done
[0.409s] -- Found moveit_common: 2.5.7 (/home/joonmo/ws_moveit/install/moveit_common/share/moveit_common/cmake)
[0.413s] -- Found ament_cmake: 1.3.11 (/opt/ros/humble/share/ament_cmake/cmake)
[0.644s] -- Found Python3: /usr/bin/python3 (found version "3.10.12") found components: Interpreter 
[0.919s] -- Found OpenGL: /usr/lib/x86_64-linux-gnu/libOpenGL.so   
[0.974s] -- Found GLEW: /usr/include (found version "2.2.0") 
[0.980s] -- Found PkgConfig: /usr/bin/pkg-config (found version "0.29.2") 
[0.981s] -- Checking for module 'glut'
[0.984s] --   No package 'glut' found
[0.988s] -- Found GLUT: /usr/lib/x86_64-linux-gnu/libglut.so  
[0.991s] -- Found cv_bridge: 3.2.1 (/opt/ros/humble/share/cv_bridge/cmake)
[1.053s] -- Found rosidl_generator_c: 3.1.6 (/opt/ros/humble/share/rosidl_generator_c/cmake)
[1.064s] -- Found rosidl_adapter: 3.1.6 (/opt/ros/humble/share/rosidl_adapter/cmake)
[1.079s] -- Found rosidl_generator_cpp: 3.1.6 (/opt/ros/humble/share/rosidl_generator_cpp/cmake)
[1.093s] -- Using all available rosidl_typesupport_c: rosidl_typesupport_fastrtps_c;rosidl_typesupport_introspection_c
[1.124s] -- Using all available rosidl_typesupport_cpp: rosidl_typesupport_fastrtps_cpp;rosidl_typesupport_introspection_cpp
[1.229s] -- Found moveit_core: 2.5.7 (/home/joonmo/ws_moveit/install/moveit_core/share/moveit_core/cmake)
[1.617s] -- Found Boost: /usr/lib/x86_64-linux-gnu/cmake/Boost-1.74.0/BoostConfig.cmake (found version "1.74.0") found components: chrono date_time filesystem iostreams program_options regex serialization system thread 
[1.684s] -- Found parameter_traits: 0.4.0 (/opt/ros/humble/share/parameter_traits/cmake)
[1.747s] -- Found rmw_implementation_cmake: 6.1.2 (/opt/ros/humble/share/rmw_implementation_cmake/cmake)
[1.750s] -- Found rmw_fastrtps_cpp: 6.2.7 (/opt/ros/humble/share/rmw_fastrtps_cpp/cmake)
[1.850s] -- Found OpenSSL: /usr/lib/x86_64-linux-gnu/libcrypto.so (found version "3.0.2")  
[1.876s] -- Found FastRTPS: /opt/ros/humble/include  
[1.922s] -- Using RMW implementation 'rmw_fastrtps_cpp' as default
[1.933s] -- Found Threads: TRUE  
[1.987s] -- Found Eigen3: TRUE (found version "3.4.0") 
[1.991s] -- Found rclcpp_lifecycle: 16.0.11 (/opt/ros/humble/share/rclcpp_lifecycle/cmake)
[2.025s] -- Found Boost: /usr/lib/x86_64-linux-gnu/cmake/Boost-1.74.0/BoostConfig.cmake (found version "1.74.0") found components: filesystem 
[2.149s] -- library: /usr/lib/x86_64-linux-gnu/libcurl.so
[2.223s] -- Ensuring Eigen3 include directory is part of orocos-kdl CMake target
[2.523s] -- Found image_transport: 3.1.10 (/opt/ros/humble/share/image_transport/cmake)
[2.528s] -- Found moveit_ros_occupancy_map_monitor: 2.5.7 (/home/joonmo/ws_moveit/install/moveit_ros_occupancy_map_monitor/share/moveit_ros_occupancy_map_monitor/cmake)
[2.976s] -- Found OpenMP_C: -fopenmp (found version "4.5") 
[3.163s] -- Found OpenMP_CXX: -fopenmp (found version "4.5") 
[3.163s] -- Found OpenMP: TRUE (found version "4.5")  
[3.170s] -- Found OpenCV: /usr (found version "4.5.4") 
[3.178s] -- Found Boost: /usr/lib/x86_64-linux-gnu/cmake/Boost-1.74.0/BoostConfig.cmake (found version "1.74.0") found components: thread 
[3.226s] -- Performing Test COMPILER_HAS_HIDDEN_VISIBILITY
[3.430s] -- Performing Test COMPILER_HAS_HIDDEN_VISIBILITY - Success
[3.431s] -- Performing Test COMPILER_HAS_HIDDEN_INLINE_VISIBILITY
[3.822s] -- Performing Test COMPILER_HAS_HIDDEN_INLINE_VISIBILITY - Success
[3.822s] -- Performing Test COMPILER_HAS_DEPRECATED_ATTR
[4.448s] -- Performing Test COMPILER_HAS_DEPRECATED_ATTR - Success
[4.689s] -- Found ament_lint_auto: 0.12.11 (/opt/ros/humble/share/ament_lint_auto/cmake)
[4.849s] -- Added test 'cppcheck' to perform static code analysis on C / C++ code
[4.850s] -- Configured cppcheck include dirs: /home/joonmo/ws_moveit/src/moveit2/moveit_ros/perception/depth_image_octomap_updater/include;/home/joonmo/ws_moveit/src/moveit2/moveit_ros/perception/lazy_free_space_updater/include;/home/joonmo/ws_moveit/src/moveit2/moveit_ros/perception/mesh_filter/include;/home/joonmo/ws_moveit/src/moveit2/moveit_ros/perception/point_containment_filter/include;/home/joonmo/ws_moveit/src/moveit2/moveit_ros/perception/pointcloud_octomap_updater/include;/home/joonmo/ws_moveit/src/moveit2/moveit_ros/perception/semantic_world/include
[4.850s] -- Configured cppcheck exclude dirs and/or files: 
[4.861s] -- Added test 'lint_cmake' to check CMake code style
[4.878s] -- Added test 'xmllint' to check XML markup files
[4.890s] -- Configuring done
[5.997s] -- Generating done
[6.341s] -- Build files have been written to: /home/joonmo/ws_moveit/build/moveit_ros_perception
[6.518s] Invoked command in '/home/joonmo/ws_moveit/build/moveit_ros_perception' returned '0': AMENT_PREFIX_PATH=/home/joonmo/ws_moveit/install/moveit_ros_planning:/home/joonmo/ws_moveit/install/moveit_ros_occupancy_map_monitor:/home/joonmo/ws_moveit/install/moveit_core:/home/joonmo/ws_moveit/install/moveit_resources_panda_moveit_config:/home/joonmo/ws_moveit/install/moveit_configs_utils:/home/joonmo/ws_moveit/install/srdfdom:/home/joonmo/ws_moveit/install/moveit_resources_pr2_description:/home/joonmo/ws_moveit/install/moveit_resources_panda_description:/home/joonmo/ws_moveit/install/moveit_common:/home/joonmo/ws_moveit/install/launch_param_builder:${AMENT_PREFIX_PATH} CMAKE_PREFIX_PATH=/home/joonmo/ws_moveit/install/moveit_ros_planning:/home/joonmo/ws_moveit/install/moveit_ros_occupancy_map_monitor:/home/joonmo/ws_moveit/install/moveit_core:/home/joonmo/ws_moveit/install/moveit_resources_panda_moveit_config:/home/joonmo/ws_moveit/install/srdfdom:/home/joonmo/ws_moveit/install/moveit_resources_pr2_description:/home/joonmo/ws_moveit/install/moveit_resources_panda_description:/home/joonmo/ws_moveit/install/moveit_common:/opt/ros/humble LD_LIBRARY_PATH=/home/joonmo/ws_moveit/install/moveit_ros_planning/lib:/home/joonmo/ws_moveit/install/moveit_ros_occupancy_map_monitor/lib:/home/joonmo/ws_moveit/install/moveit_core/lib:/home/joonmo/ws_moveit/install/srdfdom/lib:${LD_LIBRARY_PATH} PATH=/home/joonmo/ws_moveit/install/moveit_core/bin:${PATH} PYTHONPATH=/home/joonmo/ws_moveit/install/moveit_configs_utils/lib/python3.10/site-packages:/home/joonmo/ws_moveit/install/srdfdom/local/lib/python3.10/dist-packages:/home/joonmo/ws_moveit/install/launch_param_builder/lib/python3.10/site-packages:${PYTHONPATH} /usr/bin/cmake /home/joonmo/ws_moveit/src/moveit2/moveit_ros/perception -DCMAKE_BUILD_TYPE=Release -DCMAKE_INSTALL_PREFIX=/home/joonmo/ws_moveit/install/moveit_ros_perception
[6.519s] Invoking command in '/home/joonmo/ws_moveit/build/moveit_ros_perception': AMENT_PREFIX_PATH=/home/joonmo/ws_moveit/install/moveit_ros_planning:/home/joonmo/ws_moveit/install/moveit_ros_occupancy_map_monitor:/home/joonmo/ws_moveit/install/moveit_core:/home/joonmo/ws_moveit/install/moveit_resources_panda_moveit_config:/home/joonmo/ws_moveit/install/moveit_configs_utils:/home/joonmo/ws_moveit/install/srdfdom:/home/joonmo/ws_moveit/install/moveit_resources_pr2_description:/home/joonmo/ws_moveit/install/moveit_resources_panda_description:/home/joonmo/ws_moveit/install/moveit_common:/home/joonmo/ws_moveit/install/launch_param_builder:${AMENT_PREFIX_PATH} CMAKE_PREFIX_PATH=/home/joonmo/ws_moveit/install/moveit_ros_planning:/home/joonmo/ws_moveit/install/moveit_ros_occupancy_map_monitor:/home/joonmo/ws_moveit/install/moveit_core:/home/joonmo/ws_moveit/install/moveit_resources_panda_moveit_config:/home/joonmo/ws_moveit/install/srdfdom:/home/joonmo/ws_moveit/install/moveit_resources_pr2_description:/home/joonmo/ws_moveit/install/moveit_resources_panda_description:/home/joonmo/ws_moveit/install/moveit_common:/opt/ros/humble LD_LIBRARY_PATH=/home/joonmo/ws_moveit/install/moveit_ros_planning/lib:/home/joonmo/ws_moveit/install/moveit_ros_occupancy_map_monitor/lib:/home/joonmo/ws_moveit/install/moveit_core/lib:/home/joonmo/ws_moveit/install/srdfdom/lib:${LD_LIBRARY_PATH} PATH=/home/joonmo/ws_moveit/install/moveit_core/bin:${PATH} PYTHONPATH=/home/joonmo/ws_moveit/install/moveit_configs_utils/lib/python3.10/site-packages:/home/joonmo/ws_moveit/install/srdfdom/local/lib/python3.10/dist-packages:/home/joonmo/ws_moveit/install/launch_param_builder/lib/python3.10/site-packages:${PYTHONPATH} /usr/bin/cmake --build /home/joonmo/ws_moveit/build/moveit_ros_perception -- -j8 -l8
[6.892s] [  5%] [32mBuilding CXX object lazy_free_space_updater/CMakeFiles/moveit_lazy_free_space_updater.dir/src/lazy_free_space_updater.cpp.o[0m
[6.950s] [ 10%] [32mBuilding CXX object point_containment_filter/CMakeFiles/moveit_point_containment_filter.dir/src/shape_mask.cpp.o[0m
[6.965s] [ 15%] [32mBuilding CXX object mesh_filter/CMakeFiles/moveit_mesh_filter.dir/src/mesh_filter_base.cpp.o[0m
[6.970s] [ 20%] [32mBuilding CXX object semantic_world/CMakeFiles/moveit_semantic_world.dir/src/semantic_world.cpp.o[0m
[6.985s] [ 25%] [32mBuilding CXX object mesh_filter/CMakeFiles/moveit_mesh_filter.dir/src/sensor_model.cpp.o[0m
[6.985s] [ 30%] [32mBuilding CXX object mesh_filter/CMakeFiles/moveit_mesh_filter.dir/src/stereo_camera_model.cpp.o[0m
[7.004s] [ 35%] [32mBuilding CXX object mesh_filter/CMakeFiles/moveit_mesh_filter.dir/src/gl_renderer.cpp.o[0m
[7.013s] [ 40%] [32mBuilding CXX object mesh_filter/CMakeFiles/moveit_mesh_filter.dir/src/gl_mesh.cpp.o[0m
[26.192s] [ 45%] [32m[1mLinking CXX shared library libmoveit_lazy_free_space_updater.so[0m
[27.918s] [ 45%] Built target moveit_lazy_free_space_updater
[33.031s] [ 50%] [32m[1mLinking CXX shared library libmoveit_point_containment_filter.so[0m
[34.210s] [ 50%] Built target moveit_point_containment_filter
[39.695s] [ 55%] [32m[1mLinking CXX shared library libmoveit_mesh_filter.so[0m
[42.234s] [ 55%] Built target moveit_mesh_filter
[97.796s] [ 60%] [32m[1mLinking CXX shared library libmoveit_semantic_world.so[0m
[98.437s] [ 60%] Built target moveit_semantic_world
[98.477s] [ 65%] [32mBuilding CXX object depth_image_octomap_updater/CMakeFiles/moveit_depth_image_octomap_updater_core.dir/src/depth_image_octomap_updater.cpp.o[0m
[106.531s] [ 70%] [32m[1mLinking CXX shared library libmoveit_depth_image_octomap_updater_core.so[0m
[106.789s] [ 70%] Built target moveit_depth_image_octomap_updater_core
[106.820s] [ 75%] [32mBuilding CXX object pointcloud_octomap_updater/CMakeFiles/moveit_pointcloud_octomap_updater_core.dir/src/pointcloud_octomap_updater.cpp.o[0m
[125.603s] [ 80%] [32m[1mLinking CXX shared library libmoveit_pointcloud_octomap_updater_core.so[0m
[125.937s] [ 80%] Built target moveit_pointcloud_octomap_updater_core
[125.967s] [ 85%] [32mBuilding CXX object depth_image_octomap_updater/CMakeFiles/moveit_depth_image_octomap_updater.dir/src/updater_plugin.cpp.o[0m
[131.308s] [ 90%] [32m[1mLinking CXX shared library libmoveit_depth_image_octomap_updater.so[0m
[131.495s] [ 90%] Built target moveit_depth_image_octomap_updater
[131.526s] [ 95%] [32mBuilding CXX object pointcloud_octomap_updater/CMakeFiles/moveit_pointcloud_octomap_updater.dir/src/plugin_init.cpp.o[0m
[136.800s] [100%] [32m[1mLinking CXX shared library libmoveit_pointcloud_octomap_updater.so[0m
[136.996s] [100%] Built target moveit_pointcloud_octomap_updater
[137.009s] Invoked command in '/home/joonmo/ws_moveit/build/moveit_ros_perception' returned '0': AMENT_PREFIX_PATH=/home/joonmo/ws_moveit/install/moveit_ros_planning:/home/joonmo/ws_moveit/install/moveit_ros_occupancy_map_monitor:/home/joonmo/ws_moveit/install/moveit_core:/home/joonmo/ws_moveit/install/moveit_resources_panda_moveit_config:/home/joonmo/ws_moveit/install/moveit_configs_utils:/home/joonmo/ws_moveit/install/srdfdom:/home/joonmo/ws_moveit/install/moveit_resources_pr2_description:/home/joonmo/ws_moveit/install/moveit_resources_panda_description:/home/joonmo/ws_moveit/install/moveit_common:/home/joonmo/ws_moveit/install/launch_param_builder:${AMENT_PREFIX_PATH} CMAKE_PREFIX_PATH=/home/joonmo/ws_moveit/install/moveit_ros_planning:/home/joonmo/ws_moveit/install/moveit_ros_occupancy_map_monitor:/home/joonmo/ws_moveit/install/moveit_core:/home/joonmo/ws_moveit/install/moveit_resources_panda_moveit_config:/home/joonmo/ws_moveit/install/srdfdom:/home/joonmo/ws_moveit/install/moveit_resources_pr2_description:/home/joonmo/ws_moveit/install/moveit_resources_panda_description:/home/joonmo/ws_moveit/install/moveit_common:/opt/ros/humble LD_LIBRARY_PATH=/home/joonmo/ws_moveit/install/moveit_ros_planning/lib:/home/joonmo/ws_moveit/install/moveit_ros_occupancy_map_monitor/lib:/home/joonmo/ws_moveit/install/moveit_core/lib:/home/joonmo/ws_moveit/install/srdfdom/lib:${LD_LIBRARY_PATH} PATH=/home/joonmo/ws_moveit/install/moveit_core/bin:${PATH} PYTHONPATH=/home/joonmo/ws_moveit/install/moveit_configs_utils/lib/python3.10/site-packages:/home/joonmo/ws_moveit/install/srdfdom/local/lib/python3.10/dist-packages:/home/joonmo/ws_moveit/install/launch_param_builder/lib/python3.10/site-packages:${PYTHONPATH} /usr/bin/cmake --build /home/joonmo/ws_moveit/build/moveit_ros_perception -- -j8 -l8
[137.012s] Invoking command in '/home/joonmo/ws_moveit/build/moveit_ros_perception': AMENT_PREFIX_PATH=/home/joonmo/ws_moveit/install/moveit_ros_planning:/home/joonmo/ws_moveit/install/moveit_ros_occupancy_map_monitor:/home/joonmo/ws_moveit/install/moveit_core:/home/joonmo/ws_moveit/install/moveit_resources_panda_moveit_config:/home/joonmo/ws_moveit/install/moveit_configs_utils:/home/joonmo/ws_moveit/install/srdfdom:/home/joonmo/ws_moveit/install/moveit_resources_pr2_description:/home/joonmo/ws_moveit/install/moveit_resources_panda_description:/home/joonmo/ws_moveit/install/moveit_common:/home/joonmo/ws_moveit/install/launch_param_builder:${AMENT_PREFIX_PATH} CMAKE_PREFIX_PATH=/home/joonmo/ws_moveit/install/moveit_ros_planning:/home/joonmo/ws_moveit/install/moveit_ros_occupancy_map_monitor:/home/joonmo/ws_moveit/install/moveit_core:/home/joonmo/ws_moveit/install/moveit_resources_panda_moveit_config:/home/joonmo/ws_moveit/install/srdfdom:/home/joonmo/ws_moveit/install/moveit_resources_pr2_description:/home/joonmo/ws_moveit/install/moveit_resources_panda_description:/home/joonmo/ws_moveit/install/moveit_common:/opt/ros/humble LD_LIBRARY_PATH=/home/joonmo/ws_moveit/install/moveit_ros_planning/lib:/home/joonmo/ws_moveit/install/moveit_ros_occupancy_map_monitor/lib:/home/joonmo/ws_moveit/install/moveit_core/lib:/home/joonmo/ws_moveit/install/srdfdom/lib:${LD_LIBRARY_PATH} PATH=/home/joonmo/ws_moveit/install/moveit_core/bin:${PATH} PYTHONPATH=/home/joonmo/ws_moveit/install/moveit_configs_utils/lib/python3.10/site-packages:/home/joonmo/ws_moveit/install/srdfdom/local/lib/python3.10/dist-packages:/home/joonmo/ws_moveit/install/launch_param_builder/lib/python3.10/site-packages:${PYTHONPATH} /usr/bin/cmake --install /home/joonmo/ws_moveit/build/moveit_ros_perception
[137.021s] -- Install configuration: "Release"
[137.021s] -- Installing: /home/joonmo/ws_moveit/install/moveit_ros_perception/include
[137.021s] -- Installing: /home/joonmo/ws_moveit/install/moveit_ros_perception/include/moveit
[137.021s] -- Installing: /home/joonmo/ws_moveit/install/moveit_ros_perception/include/moveit/lazy_free_space_updater
[137.021s] -- Installing: /home/joonmo/ws_moveit/install/moveit_ros_perception/include/moveit/lazy_free_space_updater/lazy_free_space_updater.h
[137.022s] -- Up-to-date: /home/joonmo/ws_moveit/install/moveit_ros_perception/include
[137.022s] -- Up-to-date: /home/joonmo/ws_moveit/install/moveit_ros_perception/include/moveit
[137.022s] -- Installing: /home/joonmo/ws_moveit/install/moveit_ros_perception/include/moveit/point_containment_filter
[137.022s] -- Installing: /home/joonmo/ws_moveit/install/moveit_ros_perception/include/moveit/point_containment_filter/shape_mask.h
[137.022s] -- Up-to-date: /home/joonmo/ws_moveit/install/moveit_ros_perception/include
[137.022s] -- Up-to-date: /home/joonmo/ws_moveit/install/moveit_ros_perception/include/moveit
[137.022s] -- Installing: /home/joonmo/ws_moveit/install/moveit_ros_perception/include/moveit/pointcloud_octomap_updater
[137.022s] -- Installing: /home/joonmo/ws_moveit/install/moveit_ros_perception/include/moveit/pointcloud_octomap_updater/pointcloud_octomap_updater.h
[137.023s] -- Up-to-date: /home/joonmo/ws_moveit/install/moveit_ros_perception/include
[137.023s] -- Up-to-date: /home/joonmo/ws_moveit/install/moveit_ros_perception/include/moveit
[137.023s] -- Installing: /home/joonmo/ws_moveit/install/moveit_ros_perception/include/moveit/mesh_filter
[137.023s] -- Installing: /home/joonmo/ws_moveit/install/moveit_ros_perception/include/moveit/mesh_filter/transform_provider.h
[137.023s] -- Installing: /home/joonmo/ws_moveit/install/moveit_ros_perception/include/moveit/mesh_filter/mesh_filter.h
[137.023s] -- Installing: /home/joonmo/ws_moveit/install/moveit_ros_perception/include/moveit/mesh_filter/stereo_camera_model.h
[137.023s] -- Installing: /home/joonmo/ws_moveit/install/moveit_ros_perception/include/moveit/mesh_filter/depth_self_filter_nodelet.h
[137.024s] -- Installing: /home/joonmo/ws_moveit/install/moveit_ros_perception/include/moveit/mesh_filter/gl_mesh.h
[137.024s] -- Installing: /home/joonmo/ws_moveit/install/moveit_ros_perception/include/moveit/mesh_filter/sensor_model.h
[137.024s] -- Installing: /home/joonmo/ws_moveit/install/moveit_ros_perception/include/moveit/mesh_filter/mesh_filter_base.h
[137.024s] -- Installing: /home/joonmo/ws_moveit/install/moveit_ros_perception/include/moveit/mesh_filter/gl_renderer.h
[137.024s] -- Installing: /home/joonmo/ws_moveit/install/moveit_ros_perception/include/moveit/mesh_filter/filter_job.h
[137.024s] -- Installing: /home/joonmo/ws_moveit/install/moveit_ros_perception/include/moveit_mesh_filter_export.h
[137.024s] -- Up-to-date: /home/joonmo/ws_moveit/install/moveit_ros_perception/include
[137.025s] -- Up-to-date: /home/joonmo/ws_moveit/install/moveit_ros_perception/include/moveit
[137.025s] -- Installing: /home/joonmo/ws_moveit/install/moveit_ros_perception/include/moveit/depth_image_octomap_updater
[137.025s] -- Installing: /home/joonmo/ws_moveit/install/moveit_ros_perception/include/moveit/depth_image_octomap_updater/depth_image_octomap_updater.h
[137.025s] -- Up-to-date: /home/joonmo/ws_moveit/install/moveit_ros_perception/include
[137.025s] -- Up-to-date: /home/joonmo/ws_moveit/install/moveit_ros_perception/include/moveit
[137.025s] -- Installing: /home/joonmo/ws_moveit/install/moveit_ros_perception/include/moveit/semantic_world
[137.025s] -- Installing: /home/joonmo/ws_moveit/install/moveit_ros_perception/include/moveit/semantic_world/semantic_world.h
[137.026s] -- Installing: /home/joonmo/ws_moveit/install/moveit_ros_perception/lib/libmoveit_depth_image_octomap_updater.so.2.5.7
[137.026s] -- Set runtime path of "/home/joonmo/ws_moveit/install/moveit_ros_perception/lib/libmoveit_depth_image_octomap_updater.so.2.5.7" to ""
[137.026s] -- Installing: /home/joonmo/ws_moveit/install/moveit_ros_perception/lib/libmoveit_depth_image_octomap_updater.so
[137.026s] -- Installing: /home/joonmo/ws_moveit/install/moveit_ros_perception/lib/libmoveit_depth_image_octomap_updater_core.so.2.5.7
[137.026s] -- Set runtime path of "/home/joonmo/ws_moveit/install/moveit_ros_perception/lib/libmoveit_depth_image_octomap_updater_core.so.2.5.7" to ""
[137.026s] -- Installing: /home/joonmo/ws_moveit/install/moveit_ros_perception/lib/libmoveit_depth_image_octomap_updater_core.so
[137.027s] -- Installing: /home/joonmo/ws_moveit/install/moveit_ros_perception/lib/libmoveit_lazy_free_space_updater.so.2.5.7
[137.027s] -- Set runtime path of "/home/joonmo/ws_moveit/install/moveit_ros_perception/lib/libmoveit_lazy_free_space_updater.so.2.5.7" to ""
[137.027s] -- Installing: /home/joonmo/ws_moveit/install/moveit_ros_perception/lib/libmoveit_lazy_free_space_updater.so
[137.027s] -- Installing: /home/joonmo/ws_moveit/install/moveit_ros_perception/lib/libmoveit_mesh_filter.so.2.5.7
[137.027s] -- Set runtime path of "/home/joonmo/ws_moveit/install/moveit_ros_perception/lib/libmoveit_mesh_filter.so.2.5.7" to ""
[137.027s] -- Installing: /home/joonmo/ws_moveit/install/moveit_ros_perception/lib/libmoveit_mesh_filter.so
[137.028s] -- Installing: /home/joonmo/ws_moveit/install/moveit_ros_perception/lib/libmoveit_point_containment_filter.so.2.5.7
[137.028s] -- Set runtime path of "/home/joonmo/ws_moveit/install/moveit_ros_perception/lib/libmoveit_point_containment_filter.so.2.5.7" to ""
[137.028s] -- Installing: /home/joonmo/ws_moveit/install/moveit_ros_perception/lib/libmoveit_point_containment_filter.so
[137.028s] -- Installing: /home/joonmo/ws_moveit/install/moveit_ros_perception/lib/libmoveit_pointcloud_octomap_updater.so.2.5.7
[137.028s] -- Set runtime path of "/home/joonmo/ws_moveit/install/moveit_ros_perception/lib/libmoveit_pointcloud_octomap_updater.so.2.5.7" to ""
[137.028s] -- Installing: /home/joonmo/ws_moveit/install/moveit_ros_perception/lib/libmoveit_pointcloud_octomap_updater.so
[137.028s] -- Installing: /home/joonmo/ws_moveit/install/moveit_ros_perception/lib/libmoveit_pointcloud_octomap_updater_core.so.2.5.7
[137.030s] -- Set runtime path of "/home/joonmo/ws_moveit/install/moveit_ros_perception/lib/libmoveit_pointcloud_octomap_updater_core.so.2.5.7" to ""
[137.030s] -- Installing: /home/joonmo/ws_moveit/install/moveit_ros_perception/lib/libmoveit_pointcloud_octomap_updater_core.so
[137.030s] -- Installing: /home/joonmo/ws_moveit/install/moveit_ros_perception/lib/libmoveit_semantic_world.so.2.5.7
[137.031s] -- Set runtime path of "/home/joonmo/ws_moveit/install/moveit_ros_perception/lib/libmoveit_semantic_world.so.2.5.7" to ""
[137.031s] -- Installing: /home/joonmo/ws_moveit/install/moveit_ros_perception/lib/libmoveit_semantic_world.so
[137.031s] -- Installing: /home/joonmo/ws_moveit/install/moveit_ros_perception/share/moveit_ros_perception/environment/library_path.sh
[137.031s] -- Installing: /home/joonmo/ws_moveit/install/moveit_ros_perception/share/moveit_ros_perception/environment/library_path.dsv
[137.031s] -- Installing: /home/joonmo/ws_moveit/install/moveit_ros_perception/share/moveit_ros_perception/pointcloud_octomap_updater_plugin_description.xml
[137.031s] -- Installing: /home/joonmo/ws_moveit/install/moveit_ros_perception/share/moveit_ros_perception/depth_image_octomap_updater_plugin_description.xml
[137.032s] -- Installing: /home/joonmo/ws_moveit/install/moveit_ros_perception/share/ament_index/resource_index/package_run_dependencies/moveit_ros_perception
[137.032s] -- Installing: /home/joonmo/ws_moveit/install/moveit_ros_perception/share/ament_index/resource_index/parent_prefix_path/moveit_ros_perception
[137.032s] -- Installing: /home/joonmo/ws_moveit/install/moveit_ros_perception/share/moveit_ros_perception/environment/ament_prefix_path.sh
[137.032s] -- Installing: /home/joonmo/ws_moveit/install/moveit_ros_perception/share/moveit_ros_perception/environment/ament_prefix_path.dsv
[137.032s] -- Installing: /home/joonmo/ws_moveit/install/moveit_ros_perception/share/moveit_ros_perception/environment/path.sh
[137.033s] -- Installing: /home/joonmo/ws_moveit/install/moveit_ros_perception/share/moveit_ros_perception/environment/path.dsv
[137.033s] -- Installing: /home/joonmo/ws_moveit/install/moveit_ros_perception/share/moveit_ros_perception/local_setup.bash
[137.033s] -- Installing: /home/joonmo/ws_moveit/install/moveit_ros_perception/share/moveit_ros_perception/local_setup.sh
[137.033s] -- Installing: /home/joonmo/ws_moveit/install/moveit_ros_perception/share/moveit_ros_perception/local_setup.zsh
[137.033s] -- Installing: /home/joonmo/ws_moveit/install/moveit_ros_perception/share/moveit_ros_perception/local_setup.dsv
[137.034s] -- Installing: /home/joonmo/ws_moveit/install/moveit_ros_perception/share/moveit_ros_perception/package.dsv
[137.034s] -- Installing: /home/joonmo/ws_moveit/install/moveit_ros_perception/share/ament_index/resource_index/packages/moveit_ros_perception
[137.034s] -- Installing: /home/joonmo/ws_moveit/install/moveit_ros_perception/share/ament_index/resource_index/moveit_ros_occupancy_map_monitor__pluginlib__plugin/moveit_ros_perception
[137.034s] -- Installing: /home/joonmo/ws_moveit/install/moveit_ros_perception/share/moveit_ros_perception/cmake/export_moveit_ros_perceptionExport.cmake
[137.035s] -- Installing: /home/joonmo/ws_moveit/install/moveit_ros_perception/share/moveit_ros_perception/cmake/export_moveit_ros_perceptionExport-release.cmake
[137.035s] -- Installing: /home/joonmo/ws_moveit/install/moveit_ros_perception/share/moveit_ros_perception/cmake/ConfigExtras.cmake
[137.035s] -- Installing: /home/joonmo/ws_moveit/install/moveit_ros_perception/share/moveit_ros_perception/cmake/ament_cmake_export_targets-extras.cmake
[137.035s] -- Installing: /home/joonmo/ws_moveit/install/moveit_ros_perception/share/moveit_ros_perception/cmake/ament_cmake_export_dependencies-extras.cmake
[137.035s] -- Installing: /home/joonmo/ws_moveit/install/moveit_ros_perception/share/moveit_ros_perception/cmake/moveit_ros_perceptionConfig.cmake
[137.036s] -- Installing: /home/joonmo/ws_moveit/install/moveit_ros_perception/share/moveit_ros_perception/cmake/moveit_ros_perceptionConfig-version.cmake
[137.036s] -- Installing: /home/joonmo/ws_moveit/install/moveit_ros_perception/share/moveit_ros_perception/package.xml
[137.039s] Invoked command in '/home/joonmo/ws_moveit/build/moveit_ros_perception' returned '0': AMENT_PREFIX_PATH=/home/joonmo/ws_moveit/install/moveit_ros_planning:/home/joonmo/ws_moveit/install/moveit_ros_occupancy_map_monitor:/home/joonmo/ws_moveit/install/moveit_core:/home/joonmo/ws_moveit/install/moveit_resources_panda_moveit_config:/home/joonmo/ws_moveit/install/moveit_configs_utils:/home/joonmo/ws_moveit/install/srdfdom:/home/joonmo/ws_moveit/install/moveit_resources_pr2_description:/home/joonmo/ws_moveit/install/moveit_resources_panda_description:/home/joonmo/ws_moveit/install/moveit_common:/home/joonmo/ws_moveit/install/launch_param_builder:${AMENT_PREFIX_PATH} CMAKE_PREFIX_PATH=/home/joonmo/ws_moveit/install/moveit_ros_planning:/home/joonmo/ws_moveit/install/moveit_ros_occupancy_map_monitor:/home/joonmo/ws_moveit/install/moveit_core:/home/joonmo/ws_moveit/install/moveit_resources_panda_moveit_config:/home/joonmo/ws_moveit/install/srdfdom:/home/joonmo/ws_moveit/install/moveit_resources_pr2_description:/home/joonmo/ws_moveit/install/moveit_resources_panda_description:/home/joonmo/ws_moveit/install/moveit_common:/opt/ros/humble LD_LIBRARY_PATH=/home/joonmo/ws_moveit/install/moveit_ros_planning/lib:/home/joonmo/ws_moveit/install/moveit_ros_occupancy_map_monitor/lib:/home/joonmo/ws_moveit/install/moveit_core/lib:/home/joonmo/ws_moveit/install/srdfdom/lib:${LD_LIBRARY_PATH} PATH=/home/joonmo/ws_moveit/install/moveit_core/bin:${PATH} PYTHONPATH=/home/joonmo/ws_moveit/install/moveit_configs_utils/lib/python3.10/site-packages:/home/joonmo/ws_moveit/install/srdfdom/local/lib/python3.10/dist-packages:/home/joonmo/ws_moveit/install/launch_param_builder/lib/python3.10/site-packages:${PYTHONPATH} /usr/bin/cmake --install /home/joonmo/ws_moveit/build/moveit_ros_perception
