[0.023s] Invoking command in '/home/joonmo/ws_moveit/build/srdfdom': CMAKE_PREFIX_PATH=/opt/ros/humble /usr/bin/cmake /home/joonmo/ws_moveit/src/srdfdom -DCMAKE_BUILD_TYPE=Release -DCMAKE_INSTALL_PREFIX=/home/joonmo/ws_moveit/install/srdfdom
[0.274s] -- The CXX compiler identification is GNU 11.4.0
[0.274s] -- Detecting CXX compiler ABI info
[0.274s] -- Detecting CXX compiler ABI info - done
[0.274s] -- Check for working CXX compiler: /usr/bin/c++ - skipped
[0.274s] -- Detecting CXX compile features
[0.275s] -- Detecting CXX compile features - done
[0.275s] -- Found Boost: /usr/lib/x86_64-linux-gnu/cmake/Boost-1.74.0/BoostConfig.cmake (found version "1.74.0")  
[0.275s] -- Found ament_cmake: 1.3.11 (/opt/ros/humble/share/ament_cmake/cmake)
[0.463s] -- Found Python3: /usr/bin/python3 (found version "3.10.12") found components: Interpreter 
[0.566s] -- Found urdf: 2.6.1 (/opt/ros/humble/share/urdf/cmake)
[0.619s] -- Found TinyXML2 via Config file: TinyXML2_DIR-NOTFOUND
[0.728s] -- Found ament_cmake_gtest: 1.3.11 (/opt/ros/humble/share/ament_cmake_gtest/cmake)
[0.731s] -- Found ament_cmake_pytest: 1.3.11 (/opt/ros/humble/share/ament_cmake_pytest/cmake)
[1.297s] -- Found gtest sources under '/opt/ros/humble/src/gtest_vendor': C++ tests using 'Google Test' will be built
[1.341s] -- The C compiler identification is GNU 11.4.0
[1.349s] -- Detecting C compiler ABI info
[1.420s] -- Detecting C compiler ABI info - done
[1.427s] -- Check for working C compiler: /usr/bin/cc - skipped
[1.427s] -- Detecting C compile features
[1.427s] -- Detecting C compile features - done
[1.430s] -- Looking for C++ include pthread.h
[1.523s] -- Looking for C++ include pthread.h - found
[1.523s] -- Performing Test CMAKE_HAVE_LIBC_PTHREAD
[1.624s] -- Performing Test CMAKE_HAVE_LIBC_PTHREAD - Success
[1.626s] -- Found Threads: TRUE  
[1.630s] -- Found ament_lint_auto: 0.12.11 (/opt/ros/humble/share/ament_lint_auto/cmake)
[1.647s] -- Configuring done
[1.662s] -- Generating done
[1.669s] -- Build files have been written to: /home/joonmo/ws_moveit/build/srdfdom
[1.678s] Invoked command in '/home/joonmo/ws_moveit/build/srdfdom' returned '0': CMAKE_PREFIX_PATH=/opt/ros/humble /usr/bin/cmake /home/joonmo/ws_moveit/src/srdfdom -DCMAKE_BUILD_TYPE=Release -DCMAKE_INSTALL_PREFIX=/home/joonmo/ws_moveit/install/srdfdom
[1.679s] Invoking command in '/home/joonmo/ws_moveit/build/srdfdom': CMAKE_PREFIX_PATH=/opt/ros/humble /usr/bin/cmake --build /home/joonmo/ws_moveit/build/srdfdom -- -j8 -l8
[1.722s] [ 18%] [32mBuilding CXX object gtest/CMakeFiles/gtest.dir/src/gtest-all.cc.o[0m
[1.722s] [ 18%] [32mBuilding CXX object gtest/CMakeFiles/gtest_main.dir/src/gtest_main.cc.o[0m
[1.724s] [ 27%] [32mBuilding CXX object CMakeFiles/srdfdom.dir/src/model.cpp.o[0m
[1.729s] [ 36%] [32mBuilding CXX object CMakeFiles/srdfdom.dir/src/srdf_writer.cpp.o[0m
[1.731s] [ 36%] Built target ament_cmake_python_copy_srdfdom
[2.033s] running egg_info
[2.035s] creating srdfdom.egg-info
[2.035s] writing srdfdom.egg-info/PKG-INFO
[2.036s] writing dependency_links to srdfdom.egg-info/dependency_links.txt
[2.036s] writing top-level names to srdfdom.egg-info/top_level.txt
[2.036s] writing manifest file 'srdfdom.egg-info/SOURCES.txt'
[2.040s] reading manifest file 'srdfdom.egg-info/SOURCES.txt'
[2.041s] writing manifest file 'srdfdom.egg-info/SOURCES.txt'
[2.087s] [ 36%] Built target ament_cmake_python_build_srdfdom_egg
[3.149s] [ 45%] [32m[1mLinking CXX static library libgtest_main.a[0m
[3.214s] [ 45%] Built target gtest_main
[7.464s] [ 54%] [32m[1mLinking CXX shared library libsrdfdom.so[0m
[7.721s] [ 54%] Built target srdfdom
[19.540s] [ 63%] [32m[1mLinking CXX static library libgtest.a[0m
[19.666s] [ 63%] Built target gtest
[19.738s] [ 81%] [32mBuilding CXX object CMakeFiles/test_cpp_C.dir/test/test_parser.cpp.o[0m
[19.740s] [ 81%] [32mBuilding CXX object CMakeFiles/test_cpp_nl_NL.UTF-8.dir/test/test_parser.cpp.o[0m
[25.150s] [ 90%] [32m[1mLinking CXX executable test_cpp_nl_NL.UTF-8[0m
[25.268s] [ 90%] Built target test_cpp_nl_NL.UTF-8
[25.429s] [100%] [32m[1mLinking CXX executable test_cpp_C[0m
[25.546s] [100%] Built target test_cpp_C
[25.561s] Invoked command in '/home/joonmo/ws_moveit/build/srdfdom' returned '0': CMAKE_PREFIX_PATH=/opt/ros/humble /usr/bin/cmake --build /home/joonmo/ws_moveit/build/srdfdom -- -j8 -l8
[25.563s] Invoking command in '/home/joonmo/ws_moveit/build/srdfdom': CMAKE_PREFIX_PATH=/opt/ros/humble /usr/bin/cmake --install /home/joonmo/ws_moveit/build/srdfdom
[25.572s] -- Install configuration: "Release"
[25.572s] -- Installing: /home/joonmo/ws_moveit/install/srdfdom/lib/libsrdfdom.so.2.0.7
[25.574s] -- Set runtime path of "/home/joonmo/ws_moveit/install/srdfdom/lib/libsrdfdom.so.2.0.7" to ""
[25.574s] -- Installing: /home/joonmo/ws_moveit/install/srdfdom/lib/libsrdfdom.so
[25.574s] -- Installing: /home/joonmo/ws_moveit/install/srdfdom/include/srdfdom
[25.574s] -- Installing: /home/joonmo/ws_moveit/install/srdfdom/include/srdfdom/srdfdom
[25.574s] -- Installing: /home/joonmo/ws_moveit/install/srdfdom/include/srdfdom/srdfdom/visibility_control.h
[25.574s] -- Installing: /home/joonmo/ws_moveit/install/srdfdom/include/srdfdom/srdfdom/srdf_writer.h
[25.575s] -- Installing: /home/joonmo/ws_moveit/install/srdfdom/include/srdfdom/srdfdom/model.h
[25.575s] -- Installing: /home/joonmo/ws_moveit/install/srdfdom/lib/srdfdom/display_srdf
[25.575s] -- Installing: /home/joonmo/ws_moveit/install/srdfdom/share/srdfdom/environment/pythonpath.sh
[25.575s] -- Installing: /home/joonmo/ws_moveit/install/srdfdom/share/srdfdom/environment/pythonpath.dsv
[25.575s] -- Installing: /home/joonmo/ws_moveit/install/srdfdom/local/lib/python3.10/dist-packages/srdfdom-2.0.7-py3.10.egg-info
[25.575s] -- Installing: /home/joonmo/ws_moveit/install/srdfdom/local/lib/python3.10/dist-packages/srdfdom-2.0.7-py3.10.egg-info/SOURCES.txt
[25.575s] -- Installing: /home/joonmo/ws_moveit/install/srdfdom/local/lib/python3.10/dist-packages/srdfdom-2.0.7-py3.10.egg-info/dependency_links.txt
[25.576s] -- Installing: /home/joonmo/ws_moveit/install/srdfdom/local/lib/python3.10/dist-packages/srdfdom-2.0.7-py3.10.egg-info/PKG-INFO
[25.576s] -- Installing: /home/joonmo/ws_moveit/install/srdfdom/local/lib/python3.10/dist-packages/srdfdom-2.0.7-py3.10.egg-info/top_level.txt
[25.576s] -- Installing: /home/joonmo/ws_moveit/install/srdfdom/local/lib/python3.10/dist-packages/srdfdom
[25.577s] -- Installing: /home/joonmo/ws_moveit/install/srdfdom/local/lib/python3.10/dist-packages/srdfdom/srdf.py
[25.577s] -- Installing: /home/joonmo/ws_moveit/install/srdfdom/local/lib/python3.10/dist-packages/srdfdom/__init__.py
[25.621s] Listing '/home/joonmo/ws_moveit/install/srdfdom/local/lib/python3.10/dist-packages/srdfdom'...
[25.621s] Compiling '/home/joonmo/ws_moveit/install/srdfdom/local/lib/python3.10/dist-packages/srdfdom/__init__.py'...
[25.621s] Compiling '/home/joonmo/ws_moveit/install/srdfdom/local/lib/python3.10/dist-packages/srdfdom/srdf.py'...
[25.627s] -- Installing: /home/joonmo/ws_moveit/install/srdfdom/share/srdfdom/environment/library_path.sh
[25.627s] -- Installing: /home/joonmo/ws_moveit/install/srdfdom/share/srdfdom/environment/library_path.dsv
[25.628s] -- Installing: /home/joonmo/ws_moveit/install/srdfdom/share/ament_index/resource_index/package_run_dependencies/srdfdom
[25.628s] -- Installing: /home/joonmo/ws_moveit/install/srdfdom/share/ament_index/resource_index/parent_prefix_path/srdfdom
[25.628s] -- Installing: /home/joonmo/ws_moveit/install/srdfdom/share/srdfdom/environment/ament_prefix_path.sh
[25.628s] -- Installing: /home/joonmo/ws_moveit/install/srdfdom/share/srdfdom/environment/ament_prefix_path.dsv
[25.628s] -- Installing: /home/joonmo/ws_moveit/install/srdfdom/share/srdfdom/environment/path.sh
[25.628s] -- Installing: /home/joonmo/ws_moveit/install/srdfdom/share/srdfdom/environment/path.dsv
[25.629s] -- Installing: /home/joonmo/ws_moveit/install/srdfdom/share/srdfdom/local_setup.bash
[25.629s] -- Installing: /home/joonmo/ws_moveit/install/srdfdom/share/srdfdom/local_setup.sh
[25.629s] -- Installing: /home/joonmo/ws_moveit/install/srdfdom/share/srdfdom/local_setup.zsh
[25.629s] -- Installing: /home/joonmo/ws_moveit/install/srdfdom/share/srdfdom/local_setup.dsv
[25.629s] -- Installing: /home/joonmo/ws_moveit/install/srdfdom/share/srdfdom/package.dsv
[25.629s] -- Installing: /home/joonmo/ws_moveit/install/srdfdom/share/ament_index/resource_index/packages/srdfdom
[25.629s] -- Installing: /home/joonmo/ws_moveit/install/srdfdom/share/srdfdom/cmake/srdfdomTargetsExport.cmake
[25.630s] -- Installing: /home/joonmo/ws_moveit/install/srdfdom/share/srdfdom/cmake/srdfdomTargetsExport-release.cmake
[25.630s] -- Installing: /home/joonmo/ws_moveit/install/srdfdom/share/srdfdom/cmake/ament_cmake_export_targets-extras.cmake
[25.630s] -- Installing: /home/joonmo/ws_moveit/install/srdfdom/share/srdfdom/cmake/ament_cmake_export_dependencies-extras.cmake
[25.630s] -- Installing: /home/joonmo/ws_moveit/install/srdfdom/share/srdfdom/cmake/srdfdomConfig.cmake
[25.630s] -- Installing: /home/joonmo/ws_moveit/install/srdfdom/share/srdfdom/cmake/srdfdomConfig-version.cmake
[25.630s] -- Installing: /home/joonmo/ws_moveit/install/srdfdom/share/srdfdom/package.xml
[25.634s] Invoked command in '/home/joonmo/ws_moveit/build/srdfdom' returned '0': CMAKE_PREFIX_PATH=/opt/ros/humble /usr/bin/cmake --install /home/joonmo/ws_moveit/build/srdfdom
