Determining if the pthread_create exist failed with the following output:
Change Dir: /home/hjm/main_ws/build/CMakeFiles/CMakeTmp

Run Build Command:"/usr/bin/make" "cmTC_07550/fast"
/usr/bin/make -f CMakeFiles/cmTC_07550.dir/build.make CMakeFiles/cmTC_07550.dir/build
make[1]: Entering directory '/home/hjm/main_ws/build/CMakeFiles/CMakeTmp'
Building C object CMakeFiles/cmTC_07550.dir/CheckSymbolExists.c.o
/usr/bin/cc    -o CMakeFiles/cmTC_07550.dir/CheckSymbolExists.c.o   -c /home/hjm/main_ws/build/CMakeFiles/CMakeTmp/CheckSymbolExists.c
Linking C executable cmTC_07550
/usr/bin/cmake -E cmake_link_script CMakeFiles/cmTC_07550.dir/link.txt --verbose=1
/usr/bin/cc      -rdynamic CMakeFiles/cmTC_07550.dir/CheckSymbolExists.c.o  -o cmTC_07550 
CMakeFiles/cmTC_07550.dir/CheckSymbolExists.c.o: In function `main':
CheckSymbolExists.c:(.text+0x14): undefined reference to `pthread_create'
CheckSymbolExists.c:(.text+0x18): undefined reference to `pthread_create'
collect2: error: ld returned 1 exit status
CMakeFiles/cmTC_07550.dir/build.make:97: recipe for target 'cmTC_07550' failed
make[1]: *** [cmTC_07550] Error 1
make[1]: Leaving directory '/home/hjm/main_ws/build/CMakeFiles/CMakeTmp'
Makefile:126: recipe for target 'cmTC_07550/fast' failed
make: *** [cmTC_07550/fast] Error 2

File /home/hjm/main_ws/build/CMakeFiles/CMakeTmp/CheckSymbolExists.c:
/* */
#include <pthread.h>

int main(int argc, char** argv)
{
  (void)argv;
#ifndef pthread_create
  return ((int*)(&pthread_create))[argc];
#else
  (void)argc;
  return 0;
#endif
}

Determining if the function pthread_create exists in the pthreads failed with the following output:
Change Dir: /home/hjm/main_ws/build/CMakeFiles/CMakeTmp

Run Build Command:"/usr/bin/make" "cmTC_de7ea/fast"
/usr/bin/make -f CMakeFiles/cmTC_de7ea.dir/build.make CMakeFiles/cmTC_de7ea.dir/build
make[1]: Entering directory '/home/hjm/main_ws/build/CMakeFiles/CMakeTmp'
Building C object CMakeFiles/cmTC_de7ea.dir/CheckFunctionExists.c.o
/usr/bin/cc   -DCHECK_FUNCTION_EXISTS=pthread_create   -o CMakeFiles/cmTC_de7ea.dir/CheckFunctionExists.c.o   -c /usr/share/cmake-3.10/Modules/CheckFunctionExists.c
Linking C executable cmTC_de7ea
/usr/bin/cmake -E cmake_link_script CMakeFiles/cmTC_de7ea.dir/link.txt --verbose=1
/usr/bin/cc  -DCHECK_FUNCTION_EXISTS=pthread_create    -rdynamic CMakeFiles/cmTC_de7ea.dir/CheckFunctionExists.c.o  -o cmTC_de7ea -lpthreads 
/usr/bin/ld: cannot find -lpthreads
collect2: error: ld returned 1 exit status
CMakeFiles/cmTC_de7ea.dir/build.make:97: recipe for target 'cmTC_de7ea' failed
make[1]: *** [cmTC_de7ea] Error 1
make[1]: Leaving directory '/home/hjm/main_ws/build/CMakeFiles/CMakeTmp'
Makefile:126: recipe for target 'cmTC_de7ea/fast' failed
make: *** [cmTC_de7ea/fast] Error 2


